2017-04-21 19:46:43,660 - root - INFO - Nework Params: 
2017-04-21 19:46:43,660 - root - INFO -    qvalue_weight: <NDArray 4x74 @gpu(0)>
2017-04-21 19:46:43,660 - root - INFO -    fc2_weight: <NDArray 64x128 @gpu(0)>
2017-04-21 19:46:43,660 - root - INFO -    fc1_weight: <NDArray 128x74 @gpu(0)>
2017-04-21 19:46:43,660 - root - INFO -    data: <NDArray 32x74 @gpu(0)>
2017-04-21 19:46:43,660 - root - INFO -    dqn_action: <NDArray 32 @gpu(0)>
2017-04-21 19:46:43,660 - root - INFO -    fc2_bias: <NDArray 64 @gpu(0)>
2017-04-21 19:46:43,660 - root - INFO -    com: <NDArray 32x10 @gpu(0)>
2017-04-21 19:46:43,660 - root - INFO -    dqn_target: <NDArray 32 @gpu(0)>
2017-04-21 19:46:43,661 - root - INFO -    fc1_bias: <NDArray 128 @gpu(0)>
2017-04-21 19:46:43,661 - root - INFO -    qvalue_bias: <NDArray 4 @gpu(0)>
2017-04-21 19:46:43,661 - root - INFO - Nework Aux Params: 
2017-04-21 19:46:43,661 - root - INFO - Optimizer Params: <class 'mxnet.optimizer.Adam'>
2017-04-21 19:46:43,661 - root - INFO -    epsilon: 1e-08
2017-04-21 19:46:43,661 - root - INFO -    beta2: 0.999
2017-04-21 19:46:43,661 - root - INFO -    beta1: 0.9
2017-04-21 19:46:43,661 - root - INFO -    rescale_grad: 1
2017-04-21 19:46:43,661 - root - INFO -    wd: 0.0
2017-04-21 19:46:43,661 - root - INFO -    lr: 0.0002
2017-04-21 19:46:43,661 - root - INFO - Nework Params: 
2017-04-21 19:46:43,661 - root - INFO -    fc2_weight: <NDArray 64x128 @gpu(0)>
2017-04-21 19:46:43,661 - root - INFO -    fc1_weight: <NDArray 128x74 @gpu(0)>
2017-04-21 19:46:43,661 - root - INFO -    signal_bias: <NDArray 10 @gpu(0)>
2017-04-21 19:46:43,661 - root - INFO -    signal_weight: <NDArray 10x64 @gpu(0)>
2017-04-21 19:46:43,661 - root - INFO -    fc2_bias: <NDArray 64 @gpu(0)>
2017-04-21 19:46:43,661 - root - INFO -    data: <NDArray 32x74 @gpu(0)>
2017-04-21 19:46:43,661 - root - INFO -    fc1_bias: <NDArray 128 @gpu(0)>
2017-04-21 19:46:43,662 - root - INFO - Nework Aux Params: 
2017-04-21 19:46:43,662 - root - INFO - Optimizer Params: <class 'mxnet.optimizer.Adam'>
2017-04-21 19:46:43,662 - root - INFO -    epsilon: 1e-08
2017-04-21 19:46:43,662 - root - INFO -    beta2: 0.999
2017-04-21 19:46:43,662 - root - INFO -    beta1: 0.9
2017-04-21 19:46:43,662 - root - INFO -    rescale_grad: 1
2017-04-21 19:46:43,662 - root - INFO -    wd: 0.0
2017-04-21 19:46:43,662 - root - INFO -    lr: 0.0002
2017-04-21 19:46:45,947 - root - INFO - Epoch:0, Episode:1, Steps Left:95000/5000/100000, Reward:-177.000000, fps:2188.824798, Exploration:1.000000, Collision:0.041600/208 
2017-04-21 19:46:48,226 - root - INFO - Epoch:0, Episode:2, Steps Left:90000/5000/100000, Reward:-137.000000, fps:2193.262518, Exploration:1.000000, Collision:0.040400/202 
2017-04-21 19:46:50,537 - root - INFO - Epoch:0, Episode:3, Steps Left:85000/5000/100000, Reward:-138.000000, fps:2164.333563, Exploration:1.000000, Collision:0.038800/194 
2017-04-21 19:46:52,892 - root - INFO - Epoch:0, Episode:4, Steps Left:80000/5000/100000, Reward:-173.000000, fps:2122.938485, Exploration:1.000000, Collision:0.045200/226 
2017-04-21 19:46:55,253 - root - INFO - Epoch:0, Episode:5, Steps Left:75000/5000/100000, Reward:-146.000000, fps:2118.145148, Exploration:1.000000, Collision:0.040600/203 
2017-04-21 19:46:57,553 - root - INFO - Epoch:0, Episode:6, Steps Left:70000/5000/100000, Reward:-162.000000, fps:2174.281821, Exploration:1.000000, Collision:0.043800/219 
2017-04-21 19:46:59,860 - root - INFO - Epoch:0, Episode:7, Steps Left:65000/5000/100000, Reward:-170.000000, fps:2166.798539, Exploration:1.000000, Collision:0.041400/207 
2017-04-21 19:47:02,147 - root - INFO - Epoch:0, Episode:8, Steps Left:60000/5000/100000, Reward:-147.000000, fps:2186.348686, Exploration:1.000000, Collision:0.040000/200 
2017-04-21 19:47:04,437 - root - INFO - Epoch:0, Episode:9, Steps Left:55000/5000/100000, Reward:-150.000000, fps:2183.891588, Exploration:1.000000, Collision:0.037200/186 
2017-04-21 19:47:06,742 - root - INFO - Epoch:0, Episode:10, Steps Left:50000/5000/100000, Reward:-141.000000, fps:2169.598361, Exploration:1.000000, Collision:0.039400/197 
2017-04-21 19:47:12,961 - root - INFO - Epoch:0, Episode:11, Steps Left:45000/5000/100000, Reward:-134.000000, fps:803.940980, Exploration:0.995501, Collision:0.037800/189 , Avg Loss:0.866181/1000, Avg Q Value:0.035784/11 
2017-04-21 19:47:19,263 - root - INFO - Epoch:0, Episode:12, Steps Left:40000/5000/100000, Reward:-126.000000, fps:793.430764, Exploration:0.991001, Collision:0.036200/181 , Avg Loss:0.661758/1000, Avg Q Value:0.057191/35 
