2017-04-21 19:49:15,498 - root - INFO - Nework Params: 
2017-04-21 19:49:15,499 - root - INFO -    qvalue_weight: <NDArray 4x74 @gpu(0)>
2017-04-21 19:49:15,499 - root - INFO -    fc2_weight: <NDArray 64x128 @gpu(0)>
2017-04-21 19:49:15,499 - root - INFO -    fc1_weight: <NDArray 128x74 @gpu(0)>
2017-04-21 19:49:15,499 - root - INFO -    data: <NDArray 32x74 @gpu(0)>
2017-04-21 19:49:15,499 - root - INFO -    dqn_action: <NDArray 32 @gpu(0)>
2017-04-21 19:49:15,499 - root - INFO -    fc2_bias: <NDArray 64 @gpu(0)>
2017-04-21 19:49:15,499 - root - INFO -    com: <NDArray 32x10 @gpu(0)>
2017-04-21 19:49:15,499 - root - INFO -    dqn_target: <NDArray 32 @gpu(0)>
2017-04-21 19:49:15,499 - root - INFO -    fc1_bias: <NDArray 128 @gpu(0)>
2017-04-21 19:49:15,499 - root - INFO -    qvalue_bias: <NDArray 4 @gpu(0)>
2017-04-21 19:49:15,499 - root - INFO - Nework Aux Params: 
2017-04-21 19:49:15,499 - root - INFO - Optimizer Params: <class 'mxnet.optimizer.Adam'>
2017-04-21 19:49:15,499 - root - INFO -    epsilon: 1e-08
2017-04-21 19:49:15,499 - root - INFO -    beta2: 0.999
2017-04-21 19:49:15,499 - root - INFO -    beta1: 0.9
2017-04-21 19:49:15,499 - root - INFO -    rescale_grad: 1
2017-04-21 19:49:15,500 - root - INFO -    wd: 0.0
2017-04-21 19:49:15,500 - root - INFO -    lr: 0.0002
2017-04-21 19:49:15,500 - root - INFO - Nework Params: 
2017-04-21 19:49:15,500 - root - INFO -    fc2_weight: <NDArray 64x128 @gpu(0)>
2017-04-21 19:49:15,500 - root - INFO -    fc1_weight: <NDArray 128x74 @gpu(0)>
2017-04-21 19:49:15,500 - root - INFO -    signal_bias: <NDArray 10 @gpu(0)>
2017-04-21 19:49:15,500 - root - INFO -    signal_weight: <NDArray 10x64 @gpu(0)>
2017-04-21 19:49:15,500 - root - INFO -    fc2_bias: <NDArray 64 @gpu(0)>
2017-04-21 19:49:15,500 - root - INFO -    data: <NDArray 32x74 @gpu(0)>
2017-04-21 19:49:15,500 - root - INFO -    fc1_bias: <NDArray 128 @gpu(0)>
2017-04-21 19:49:15,500 - root - INFO - Nework Aux Params: 
2017-04-21 19:49:15,500 - root - INFO - Optimizer Params: <class 'mxnet.optimizer.Adam'>
2017-04-21 19:49:15,500 - root - INFO -    epsilon: 1e-08
2017-04-21 19:49:15,500 - root - INFO -    beta2: 0.999
2017-04-21 19:49:15,500 - root - INFO -    beta1: 0.9
2017-04-21 19:49:15,500 - root - INFO -    rescale_grad: 1
2017-04-21 19:49:15,500 - root - INFO -    wd: 0.0
2017-04-21 19:49:15,500 - root - INFO -    lr: 0.0002
2017-04-21 19:49:17,384 - root - INFO - Epoch:0, Episode:1, Steps Left:95000/5000/100000, Reward:-124.000000, fps:2654.715532, Exploration:1.000000, Collision:0.038200/191 
2017-04-21 19:49:19,235 - root - INFO - Epoch:0, Episode:2, Steps Left:90000/5000/100000, Reward:-192.000000, fps:2701.042769, Exploration:1.000000, Collision:0.049000/245 
2017-04-21 19:49:21,094 - root - INFO - Epoch:0, Episode:3, Steps Left:85000/5000/100000, Reward:-166.000000, fps:2689.885826, Exploration:1.000000, Collision:0.042400/212 
2017-04-21 19:49:22,948 - root - INFO - Epoch:0, Episode:4, Steps Left:80000/5000/100000, Reward:-158.000000, fps:2697.629834, Exploration:1.000000, Collision:0.046600/233 
2017-04-21 19:49:24,798 - root - INFO - Epoch:0, Episode:5, Steps Left:75000/5000/100000, Reward:-131.000000, fps:2702.071851, Exploration:1.000000, Collision:0.037200/186 
2017-04-21 19:49:26,639 - root - INFO - Epoch:0, Episode:6, Steps Left:70000/5000/100000, Reward:-146.000000, fps:2716.565991, Exploration:1.000000, Collision:0.039200/196 
2017-04-21 19:49:28,479 - root - INFO - Epoch:0, Episode:7, Steps Left:65000/5000/100000, Reward:-134.000000, fps:2717.632294, Exploration:1.000000, Collision:0.035000/175 
2017-04-21 19:49:30,376 - root - INFO - Epoch:0, Episode:8, Steps Left:60000/5000/100000, Reward:-150.000000, fps:2635.230822, Exploration:1.000000, Collision:0.044000/220 
