2017-04-19 00:08:35,510 - root - INFO - Nework Params: 
2017-04-19 00:08:35,510 - root - INFO -    qvalue_weight: <NDArray 4x74 @gpu(0)>
2017-04-19 00:08:35,510 - root - INFO -    fc2_weight: <NDArray 64x128 @gpu(0)>
2017-04-19 00:08:35,511 - root - INFO -    fc1_weight: <NDArray 128x74 @gpu(0)>
2017-04-19 00:08:35,511 - root - INFO -    data: <NDArray 32x74 @gpu(0)>
2017-04-19 00:08:35,511 - root - INFO -    dqn_action: <NDArray 32 @gpu(0)>
2017-04-19 00:08:35,511 - root - INFO -    fc2_bias: <NDArray 64 @gpu(0)>
2017-04-19 00:08:35,511 - root - INFO -    com: <NDArray 32x10 @gpu(0)>
2017-04-19 00:08:35,511 - root - INFO -    dqn_target: <NDArray 32 @gpu(0)>
2017-04-19 00:08:35,511 - root - INFO -    fc1_bias: <NDArray 128 @gpu(0)>
2017-04-19 00:08:35,511 - root - INFO -    qvalue_bias: <NDArray 4 @gpu(0)>
2017-04-19 00:08:35,511 - root - INFO - Nework Aux Params: 
2017-04-19 00:08:35,511 - root - INFO - Optimizer Params: <class 'mxnet.optimizer.Adam'>
2017-04-19 00:08:35,511 - root - INFO -    epsilon: 1e-08
2017-04-19 00:08:35,511 - root - INFO -    beta2: 0.999
2017-04-19 00:08:35,511 - root - INFO -    beta1: 0.9
2017-04-19 00:08:35,511 - root - INFO -    rescale_grad: 1
2017-04-19 00:08:35,512 - root - INFO -    wd: 0.0
2017-04-19 00:08:35,512 - root - INFO -    lr: 0.0002
2017-04-19 00:08:35,512 - root - INFO - Nework Params: 
2017-04-19 00:08:35,512 - root - INFO -    fc2_weight: <NDArray 64x128 @gpu(0)>
2017-04-19 00:08:35,512 - root - INFO -    fc1_weight: <NDArray 128x74 @gpu(0)>
2017-04-19 00:08:35,512 - root - INFO -    signal_bias: <NDArray 10 @gpu(0)>
2017-04-19 00:08:35,512 - root - INFO -    signal_weight: <NDArray 10x64 @gpu(0)>
2017-04-19 00:08:35,512 - root - INFO -    fc2_bias: <NDArray 64 @gpu(0)>
2017-04-19 00:08:35,512 - root - INFO -    data: <NDArray 32x74 @gpu(0)>
2017-04-19 00:08:35,512 - root - INFO -    fc1_bias: <NDArray 128 @gpu(0)>
2017-04-19 00:08:35,512 - root - INFO - Nework Aux Params: 
2017-04-19 00:08:35,512 - root - INFO - Optimizer Params: <class 'mxnet.optimizer.Adam'>
2017-04-19 00:08:35,512 - root - INFO -    epsilon: 1e-08
2017-04-19 00:08:35,512 - root - INFO -    beta2: 0.999
2017-04-19 00:08:35,513 - root - INFO -    beta1: 0.9
2017-04-19 00:08:35,513 - root - INFO -    rescale_grad: 1
2017-04-19 00:08:35,513 - root - INFO -    wd: 0.0
2017-04-19 00:08:35,513 - root - INFO -    lr: 0.0002
2017-04-19 00:08:42,702 - root - INFO - Nework Params: 
2017-04-19 00:08:42,702 - root - INFO -    qvalue_weight: <NDArray 4x74 @gpu(0)>
2017-04-19 00:08:42,703 - root - INFO -    fc2_weight: <NDArray 64x128 @gpu(0)>
2017-04-19 00:08:42,703 - root - INFO -    fc1_weight: <NDArray 128x74 @gpu(0)>
2017-04-19 00:08:42,703 - root - INFO -    data: <NDArray 32x74 @gpu(0)>
2017-04-19 00:08:42,703 - root - INFO -    dqn_action: <NDArray 32 @gpu(0)>
2017-04-19 00:08:42,703 - root - INFO -    fc2_bias: <NDArray 64 @gpu(0)>
2017-04-19 00:08:42,703 - root - INFO -    com: <NDArray 32x10 @gpu(0)>
2017-04-19 00:08:42,703 - root - INFO -    dqn_target: <NDArray 32 @gpu(0)>
2017-04-19 00:08:42,703 - root - INFO -    fc1_bias: <NDArray 128 @gpu(0)>
2017-04-19 00:08:42,703 - root - INFO -    qvalue_bias: <NDArray 4 @gpu(0)>
2017-04-19 00:08:42,703 - root - INFO - Nework Aux Params: 
2017-04-19 00:08:42,703 - root - INFO - Optimizer Params: <class 'mxnet.optimizer.Adam'>
2017-04-19 00:08:42,703 - root - INFO -    epsilon: 1e-08
2017-04-19 00:08:42,703 - root - INFO -    beta2: 0.999
2017-04-19 00:08:42,703 - root - INFO -    beta1: 0.9
2017-04-19 00:08:42,703 - root - INFO -    rescale_grad: 1
2017-04-19 00:08:42,703 - root - INFO -    wd: 0.0
2017-04-19 00:08:42,703 - root - INFO -    lr: 0.0002
2017-04-19 00:08:42,703 - root - INFO - Nework Params: 
2017-04-19 00:08:42,703 - root - INFO -    fc2_weight: <NDArray 64x128 @gpu(0)>
2017-04-19 00:08:42,704 - root - INFO -    fc1_weight: <NDArray 128x74 @gpu(0)>
2017-04-19 00:08:42,704 - root - INFO -    signal_bias: <NDArray 10 @gpu(0)>
2017-04-19 00:08:42,704 - root - INFO -    signal_weight: <NDArray 10x64 @gpu(0)>
2017-04-19 00:08:42,704 - root - INFO -    fc2_bias: <NDArray 64 @gpu(0)>
2017-04-19 00:08:42,704 - root - INFO -    data: <NDArray 32x74 @gpu(0)>
2017-04-19 00:08:42,704 - root - INFO -    fc1_bias: <NDArray 128 @gpu(0)>
2017-04-19 00:08:42,704 - root - INFO - Nework Aux Params: 
2017-04-19 00:08:42,704 - root - INFO - Optimizer Params: <class 'mxnet.optimizer.Adam'>
2017-04-19 00:08:42,704 - root - INFO -    epsilon: 1e-08
2017-04-19 00:08:42,704 - root - INFO -    beta2: 0.999
2017-04-19 00:08:42,704 - root - INFO -    beta1: 0.9
2017-04-19 00:08:42,704 - root - INFO -    rescale_grad: 1
2017-04-19 00:08:42,704 - root - INFO -    wd: 0.0
2017-04-19 00:08:42,704 - root - INFO -    lr: 0.0002
2017-04-19 00:08:45,964 - root - INFO - Epoch:0, Episode:1, Steps Left:95000/5000/100000, Reward:-149.000000, fps:1533.884356, Exploration:1.000000, Collision:0.043200/216 
2017-04-19 00:08:49,291 - root - INFO - Epoch:0, Episode:2, Steps Left:90000/5000/100000, Reward:-155.000000, fps:1503.004106, Exploration:1.000000, Collision:0.039800/199 
2017-04-19 00:08:52,551 - root - INFO - Epoch:0, Episode:3, Steps Left:85000/5000/100000, Reward:-116.000000, fps:1533.498182, Exploration:1.000000, Collision:0.039800/199 
2017-04-19 00:08:55,760 - root - INFO - Epoch:0, Episode:4, Steps Left:80000/5000/100000, Reward:-173.000000, fps:1558.393653, Exploration:1.000000, Collision:0.044000/220 
2017-04-19 00:08:58,998 - root - INFO - Epoch:0, Episode:5, Steps Left:75000/5000/100000, Reward:-178.000000, fps:1544.047139, Exploration:1.000000, Collision:0.044800/224 
2017-04-19 00:09:02,248 - root - INFO - Epoch:0, Episode:6, Steps Left:70000/5000/100000, Reward:-131.000000, fps:1538.588969, Exploration:1.000000, Collision:0.039400/197 
2017-04-19 00:09:05,455 - root - INFO - Epoch:0, Episode:7, Steps Left:65000/5000/100000, Reward:-158.000000, fps:1559.133761, Exploration:1.000000, Collision:0.044600/223 
2017-04-19 00:09:08,763 - root - INFO - Epoch:0, Episode:8, Steps Left:60000/5000/100000, Reward:-152.000000, fps:1511.879869, Exploration:1.000000, Collision:0.038800/194 
2017-04-19 00:09:12,091 - root - INFO - Epoch:0, Episode:9, Steps Left:55000/5000/100000, Reward:-186.000000, fps:1502.426418, Exploration:1.000000, Collision:0.044000/220 
