2017-04-21 17:54:57,779 - root - INFO - Nework Params: 
2017-04-21 17:54:57,779 - root - INFO -    qvalue_weight: <NDArray 4x74 @gpu(0)>
2017-04-21 17:54:57,780 - root - INFO -    fc2_weight: <NDArray 64x128 @gpu(0)>
2017-04-21 17:54:57,780 - root - INFO -    fc1_weight: <NDArray 128x74 @gpu(0)>
2017-04-21 17:54:57,780 - root - INFO -    data: <NDArray 32x74 @gpu(0)>
2017-04-21 17:54:57,780 - root - INFO -    dqn_action: <NDArray 32 @gpu(0)>
2017-04-21 17:54:57,780 - root - INFO -    fc2_bias: <NDArray 64 @gpu(0)>
2017-04-21 17:54:57,780 - root - INFO -    com: <NDArray 32x10 @gpu(0)>
2017-04-21 17:54:57,780 - root - INFO -    dqn_target: <NDArray 32 @gpu(0)>
2017-04-21 17:54:57,780 - root - INFO -    fc1_bias: <NDArray 128 @gpu(0)>
2017-04-21 17:54:57,780 - root - INFO -    qvalue_bias: <NDArray 4 @gpu(0)>
2017-04-21 17:54:57,780 - root - INFO - Nework Aux Params: 
2017-04-21 17:54:57,780 - root - INFO - Optimizer Params: <class 'mxnet.optimizer.Adam'>
2017-04-21 17:54:57,781 - root - INFO -    epsilon: 1e-08
2017-04-21 17:54:57,781 - root - INFO -    beta2: 0.999
2017-04-21 17:54:57,781 - root - INFO -    beta1: 0.9
2017-04-21 17:54:57,781 - root - INFO -    rescale_grad: 1
2017-04-21 17:54:57,781 - root - INFO -    wd: 0.0
2017-04-21 17:54:57,781 - root - INFO -    lr: 0.0002
2017-04-21 17:54:57,781 - root - INFO - Nework Params: 
2017-04-21 17:54:57,781 - root - INFO -    fc2_weight: <NDArray 64x128 @gpu(0)>
2017-04-21 17:54:57,782 - root - INFO -    fc1_weight: <NDArray 128x74 @gpu(0)>
2017-04-21 17:54:57,782 - root - INFO -    signal_bias: <NDArray 10 @gpu(0)>
2017-04-21 17:54:57,782 - root - INFO -    signal_weight: <NDArray 10x64 @gpu(0)>
2017-04-21 17:54:57,782 - root - INFO -    fc2_bias: <NDArray 64 @gpu(0)>
2017-04-21 17:54:57,782 - root - INFO -    data: <NDArray 32x74 @gpu(0)>
2017-04-21 17:54:57,782 - root - INFO -    fc1_bias: <NDArray 128 @gpu(0)>
2017-04-21 17:54:57,782 - root - INFO - Nework Aux Params: 
2017-04-21 17:54:57,782 - root - INFO - Optimizer Params: <class 'mxnet.optimizer.Adam'>
2017-04-21 17:54:57,782 - root - INFO -    epsilon: 1e-08
2017-04-21 17:54:57,782 - root - INFO -    beta2: 0.999
2017-04-21 17:54:57,783 - root - INFO -    beta1: 0.9
2017-04-21 17:54:57,783 - root - INFO -    rescale_grad: 1
2017-04-21 17:54:57,783 - root - INFO -    wd: 0.0
2017-04-21 17:54:57,783 - root - INFO -    lr: 0.0002
2017-04-21 17:55:01,029 - root - INFO - Epoch:0, Episode:1, Steps Left:95000/5000/100000, Reward:-151.000000, fps:1540.225882, Exploration:1.000000, Collision:0.044400/222 
2017-04-21 17:55:04,372 - root - INFO - Epoch:0, Episode:2, Steps Left:90000/5000/100000, Reward:-175.000000, fps:1495.779739, Exploration:1.000000, Collision:0.043600/218 
2017-04-21 17:55:07,462 - root - INFO - Epoch:0, Episode:3, Steps Left:85000/5000/100000, Reward:-173.000000, fps:1618.553624, Exploration:1.000000, Collision:0.040400/202 
2017-04-21 17:55:10,323 - root - INFO - Epoch:0, Episode:4, Steps Left:80000/5000/100000, Reward:-150.000000, fps:1747.647347, Exploration:1.000000, Collision:0.037600/188 
