2017-04-19 00:14:33,120 - root - INFO - Nework Params: 
2017-04-19 00:14:33,121 - root - INFO -    qvalue_weight: <NDArray 4x74 @gpu(0)>
2017-04-19 00:14:33,121 - root - INFO -    fc2_weight: <NDArray 64x128 @gpu(0)>
2017-04-19 00:14:33,121 - root - INFO -    fc1_weight: <NDArray 128x74 @gpu(0)>
2017-04-19 00:14:33,121 - root - INFO -    data: <NDArray 32x74 @gpu(0)>
2017-04-19 00:14:33,121 - root - INFO -    dqn_action: <NDArray 32 @gpu(0)>
2017-04-19 00:14:33,121 - root - INFO -    fc2_bias: <NDArray 64 @gpu(0)>
2017-04-19 00:14:33,121 - root - INFO -    com: <NDArray 32x10 @gpu(0)>
2017-04-19 00:14:33,121 - root - INFO -    dqn_target: <NDArray 32 @gpu(0)>
2017-04-19 00:14:33,121 - root - INFO -    fc1_bias: <NDArray 128 @gpu(0)>
2017-04-19 00:14:33,121 - root - INFO -    qvalue_bias: <NDArray 4 @gpu(0)>
2017-04-19 00:14:33,121 - root - INFO - Nework Aux Params: 
2017-04-19 00:14:33,121 - root - INFO - Optimizer Params: <class 'mxnet.optimizer.Adam'>
2017-04-19 00:14:33,121 - root - INFO -    epsilon: 1e-08
2017-04-19 00:14:33,121 - root - INFO -    beta2: 0.999
2017-04-19 00:14:33,121 - root - INFO -    beta1: 0.9
2017-04-19 00:14:33,121 - root - INFO -    rescale_grad: 1
2017-04-19 00:14:33,121 - root - INFO -    wd: 0.0
2017-04-19 00:14:33,121 - root - INFO -    lr: 0.0002
2017-04-19 00:14:33,121 - root - INFO - Nework Params: 
2017-04-19 00:14:33,121 - root - INFO -    fc2_weight: <NDArray 64x128 @gpu(0)>
2017-04-19 00:14:33,122 - root - INFO -    fc1_weight: <NDArray 128x74 @gpu(0)>
2017-04-19 00:14:33,122 - root - INFO -    signal_bias: <NDArray 10 @gpu(0)>
2017-04-19 00:14:33,122 - root - INFO -    signal_weight: <NDArray 10x64 @gpu(0)>
2017-04-19 00:14:33,122 - root - INFO -    fc2_bias: <NDArray 64 @gpu(0)>
2017-04-19 00:14:33,122 - root - INFO -    data: <NDArray 32x74 @gpu(0)>
2017-04-19 00:14:33,122 - root - INFO -    fc1_bias: <NDArray 128 @gpu(0)>
2017-04-19 00:14:33,122 - root - INFO - Nework Aux Params: 
2017-04-19 00:14:33,122 - root - INFO - Optimizer Params: <class 'mxnet.optimizer.Adam'>
2017-04-19 00:14:33,122 - root - INFO -    epsilon: 1e-08
2017-04-19 00:14:33,122 - root - INFO -    beta2: 0.999
2017-04-19 00:14:33,122 - root - INFO -    beta1: 0.9
2017-04-19 00:14:33,122 - root - INFO -    rescale_grad: 1
2017-04-19 00:14:33,122 - root - INFO -    wd: 0.0
2017-04-19 00:14:33,122 - root - INFO -    lr: 0.0002
2017-04-19 00:14:36,372 - root - INFO - Epoch:0, Episode:1, Steps Left:95000/5000/100000, Reward:-161.000000, fps:1538.747017, Exploration:1.000000, Collision:0.040000/200 
2017-04-19 00:14:39,613 - root - INFO - Epoch:0, Episode:2, Steps Left:90000/5000/100000, Reward:-160.000000, fps:1542.753728, Exploration:1.000000, Collision:0.041000/205 
2017-04-19 00:14:42,833 - root - INFO - Epoch:0, Episode:3, Steps Left:85000/5000/100000, Reward:-146.000000, fps:1552.673959, Exploration:1.000000, Collision:0.038200/191 
2017-04-19 00:14:53,621 - root - INFO - Nework Params: 
2017-04-19 00:14:53,621 - root - INFO -    qvalue_weight: <NDArray 4x74 @gpu(0)>
2017-04-19 00:14:53,621 - root - INFO -    fc2_weight: <NDArray 64x128 @gpu(0)>
2017-04-19 00:14:53,621 - root - INFO -    fc1_weight: <NDArray 128x74 @gpu(0)>
2017-04-19 00:14:53,622 - root - INFO -    data: <NDArray 32x74 @gpu(0)>
2017-04-19 00:14:53,622 - root - INFO -    dqn_action: <NDArray 32 @gpu(0)>
2017-04-19 00:14:53,622 - root - INFO -    fc2_bias: <NDArray 64 @gpu(0)>
2017-04-19 00:14:53,622 - root - INFO -    com: <NDArray 32x10 @gpu(0)>
2017-04-19 00:14:53,622 - root - INFO -    dqn_target: <NDArray 32 @gpu(0)>
2017-04-19 00:14:53,622 - root - INFO -    fc1_bias: <NDArray 128 @gpu(0)>
2017-04-19 00:14:53,622 - root - INFO -    qvalue_bias: <NDArray 4 @gpu(0)>
2017-04-19 00:14:53,622 - root - INFO - Nework Aux Params: 
2017-04-19 00:14:53,622 - root - INFO - Optimizer Params: <class 'mxnet.optimizer.Adam'>
2017-04-19 00:14:53,622 - root - INFO -    epsilon: 1e-08
2017-04-19 00:14:53,622 - root - INFO -    beta2: 0.999
2017-04-19 00:14:53,622 - root - INFO -    beta1: 0.9
2017-04-19 00:14:53,622 - root - INFO -    rescale_grad: 1
2017-04-19 00:14:53,622 - root - INFO -    wd: 0.0
2017-04-19 00:14:53,622 - root - INFO -    lr: 0.0002
2017-04-19 00:14:53,622 - root - INFO - Nework Params: 
2017-04-19 00:14:53,622 - root - INFO -    fc2_weight: <NDArray 64x128 @gpu(0)>
2017-04-19 00:14:53,622 - root - INFO -    fc1_weight: <NDArray 128x74 @gpu(0)>
2017-04-19 00:14:53,622 - root - INFO -    signal_bias: <NDArray 10 @gpu(0)>
2017-04-19 00:14:53,622 - root - INFO -    signal_weight: <NDArray 10x64 @gpu(0)>
2017-04-19 00:14:53,622 - root - INFO -    fc2_bias: <NDArray 64 @gpu(0)>
2017-04-19 00:14:53,622 - root - INFO -    data: <NDArray 32x74 @gpu(0)>
2017-04-19 00:14:53,623 - root - INFO -    fc1_bias: <NDArray 128 @gpu(0)>
2017-04-19 00:14:53,623 - root - INFO - Nework Aux Params: 
2017-04-19 00:14:53,623 - root - INFO - Optimizer Params: <class 'mxnet.optimizer.Adam'>
2017-04-19 00:14:53,623 - root - INFO -    epsilon: 1e-08
2017-04-19 00:14:53,623 - root - INFO -    beta2: 0.999
2017-04-19 00:14:53,623 - root - INFO -    beta1: 0.9
2017-04-19 00:14:53,623 - root - INFO -    rescale_grad: 1
2017-04-19 00:14:53,623 - root - INFO -    wd: 0.0
2017-04-19 00:14:53,623 - root - INFO -    lr: 0.0002
