2017-04-21 16:40:34,031 - root - INFO - Nework Params: 
2017-04-21 16:40:34,031 - root - INFO -    qvalue_weight: <NDArray 4x74 @gpu(0)>
2017-04-21 16:40:34,031 - root - INFO -    fc2_weight: <NDArray 64x128 @gpu(0)>
2017-04-21 16:40:34,032 - root - INFO -    fc1_weight: <NDArray 128x74 @gpu(0)>
2017-04-21 16:40:34,032 - root - INFO -    data: <NDArray 32x74 @gpu(0)>
2017-04-21 16:40:34,032 - root - INFO -    dqn_action: <NDArray 32 @gpu(0)>
2017-04-21 16:40:34,032 - root - INFO -    fc2_bias: <NDArray 64 @gpu(0)>
2017-04-21 16:40:34,033 - root - INFO -    com: <NDArray 32x10 @gpu(0)>
2017-04-21 16:40:34,033 - root - INFO -    dqn_target: <NDArray 32 @gpu(0)>
2017-04-21 16:40:34,033 - root - INFO -    fc1_bias: <NDArray 128 @gpu(0)>
2017-04-21 16:40:34,033 - root - INFO -    qvalue_bias: <NDArray 4 @gpu(0)>
2017-04-21 16:40:34,034 - root - INFO - Nework Aux Params: 
2017-04-21 16:40:34,034 - root - INFO - Optimizer Params: <class 'mxnet.optimizer.Adam'>
2017-04-21 16:40:34,034 - root - INFO -    epsilon: 1e-08
2017-04-21 16:40:34,034 - root - INFO -    beta2: 0.999
2017-04-21 16:40:34,034 - root - INFO -    beta1: 0.9
2017-04-21 16:40:34,035 - root - INFO -    rescale_grad: 1
2017-04-21 16:40:34,035 - root - INFO -    wd: 0.0
2017-04-21 16:40:34,035 - root - INFO -    lr: 0.0002
2017-04-21 16:40:34,035 - root - INFO - Nework Params: 
2017-04-21 16:40:34,036 - root - INFO -    fc2_weight: <NDArray 64x128 @gpu(0)>
2017-04-21 16:40:34,036 - root - INFO -    fc1_weight: <NDArray 128x74 @gpu(0)>
2017-04-21 16:40:34,036 - root - INFO -    signal_bias: <NDArray 10 @gpu(0)>
2017-04-21 16:40:34,036 - root - INFO -    signal_weight: <NDArray 10x64 @gpu(0)>
2017-04-21 16:40:34,037 - root - INFO -    fc2_bias: <NDArray 64 @gpu(0)>
2017-04-21 16:40:34,037 - root - INFO -    data: <NDArray 32x74 @gpu(0)>
2017-04-21 16:40:34,037 - root - INFO -    fc1_bias: <NDArray 128 @gpu(0)>
2017-04-21 16:40:34,037 - root - INFO - Nework Aux Params: 
2017-04-21 16:40:34,038 - root - INFO - Optimizer Params: <class 'mxnet.optimizer.Adam'>
2017-04-21 16:40:34,038 - root - INFO -    epsilon: 1e-08
2017-04-21 16:40:34,038 - root - INFO -    beta2: 0.999
2017-04-21 16:40:34,038 - root - INFO -    beta1: 0.9
2017-04-21 16:40:34,039 - root - INFO -    rescale_grad: 1
2017-04-21 16:40:34,039 - root - INFO -    wd: 0.0
2017-04-21 16:40:34,039 - root - INFO -    lr: 0.0002
2017-04-21 16:40:43,495 - root - INFO - Epoch:0, Episode:1, Steps Left:95000/5000/100000, Reward:-147.000000, fps:528.795626, Exploration:1.000000, Collision:0.038800/194 
2017-04-21 16:40:52,787 - root - INFO - Epoch:0, Episode:2, Steps Left:90000/5000/100000, Reward:-131.000000, fps:538.102559, Exploration:1.000000, Collision:0.038000/190 
2017-04-21 16:41:01,952 - root - INFO - Epoch:0, Episode:3, Steps Left:85000/5000/100000, Reward:-151.000000, fps:545.559445, Exploration:1.000000, Collision:0.038200/191 
2017-04-21 16:41:11,376 - root - INFO - Epoch:0, Episode:4, Steps Left:80000/5000/100000, Reward:-170.000000, fps:530.593212, Exploration:1.000000, Collision:0.042000/210 
