2017-04-19 00:16:09,139 - root - INFO - Nework Params: 
2017-04-19 00:16:09,140 - root - INFO -    qvalue_weight: <NDArray 4x74 @gpu(0)>
2017-04-19 00:16:09,140 - root - INFO -    fc2_weight: <NDArray 64x128 @gpu(0)>
2017-04-19 00:16:09,140 - root - INFO -    fc1_weight: <NDArray 128x74 @gpu(0)>
2017-04-19 00:16:09,140 - root - INFO -    data: <NDArray 32x74 @gpu(0)>
2017-04-19 00:16:09,140 - root - INFO -    dqn_action: <NDArray 32 @gpu(0)>
2017-04-19 00:16:09,140 - root - INFO -    fc2_bias: <NDArray 64 @gpu(0)>
2017-04-19 00:16:09,140 - root - INFO -    com: <NDArray 32x10 @gpu(0)>
2017-04-19 00:16:09,140 - root - INFO -    dqn_target: <NDArray 32 @gpu(0)>
2017-04-19 00:16:09,140 - root - INFO -    fc1_bias: <NDArray 128 @gpu(0)>
2017-04-19 00:16:09,140 - root - INFO -    qvalue_bias: <NDArray 4 @gpu(0)>
2017-04-19 00:16:09,140 - root - INFO - Nework Aux Params: 
2017-04-19 00:16:09,140 - root - INFO - Optimizer Params: <class 'mxnet.optimizer.Adam'>
2017-04-19 00:16:09,140 - root - INFO -    epsilon: 1e-08
2017-04-19 00:16:09,140 - root - INFO -    beta2: 0.999
2017-04-19 00:16:09,140 - root - INFO -    beta1: 0.9
2017-04-19 00:16:09,141 - root - INFO -    rescale_grad: 1
2017-04-19 00:16:09,141 - root - INFO -    wd: 0.0
2017-04-19 00:16:09,141 - root - INFO -    lr: 0.0002
2017-04-19 00:16:09,141 - root - INFO - Nework Params: 
2017-04-19 00:16:09,141 - root - INFO -    fc2_weight: <NDArray 64x128 @gpu(0)>
2017-04-19 00:16:09,141 - root - INFO -    fc1_weight: <NDArray 128x74 @gpu(0)>
2017-04-19 00:16:09,141 - root - INFO -    signal_bias: <NDArray 10 @gpu(0)>
2017-04-19 00:16:09,141 - root - INFO -    signal_weight: <NDArray 10x64 @gpu(0)>
2017-04-19 00:16:09,141 - root - INFO -    fc2_bias: <NDArray 64 @gpu(0)>
2017-04-19 00:16:09,141 - root - INFO -    data: <NDArray 32x74 @gpu(0)>
2017-04-19 00:16:09,141 - root - INFO -    fc1_bias: <NDArray 128 @gpu(0)>
2017-04-19 00:16:09,141 - root - INFO - Nework Aux Params: 
2017-04-19 00:16:09,142 - root - INFO - Optimizer Params: <class 'mxnet.optimizer.Adam'>
2017-04-19 00:16:09,142 - root - INFO -    epsilon: 1e-08
2017-04-19 00:16:09,142 - root - INFO -    beta2: 0.999
2017-04-19 00:16:09,142 - root - INFO -    beta1: 0.9
2017-04-19 00:16:09,142 - root - INFO -    rescale_grad: 1
2017-04-19 00:16:09,142 - root - INFO -    wd: 0.0
2017-04-19 00:16:09,142 - root - INFO -    lr: 0.0002
2017-04-19 00:16:12,125 - root - INFO - Epoch:0, Episode:1, Steps Left:95000/5000/100000, Reward:-139.000000, fps:1676.054797, Exploration:1.000000, Collision:0.039000/195 
2017-04-19 00:16:14,914 - root - INFO - Epoch:0, Episode:2, Steps Left:90000/5000/100000, Reward:-116.000000, fps:1792.845977, Exploration:1.000000, Collision:0.037800/189 
2017-04-19 00:16:18,434 - root - INFO - Epoch:0, Episode:3, Steps Left:85000/5000/100000, Reward:-170.000000, fps:1420.640168, Exploration:1.000000, Collision:0.041200/206 
2017-04-19 00:16:21,338 - root - INFO - Epoch:0, Episode:4, Steps Left:80000/5000/100000, Reward:-153.000000, fps:1721.850846, Exploration:1.000000, Collision:0.043000/215 
2017-04-19 00:16:24,172 - root - INFO - Epoch:0, Episode:5, Steps Left:75000/5000/100000, Reward:-171.000000, fps:1764.239629, Exploration:1.000000, Collision:0.043000/215 
2017-04-19 00:16:27,003 - root - INFO - Epoch:0, Episode:6, Steps Left:70000/5000/100000, Reward:-153.000000, fps:1766.730768, Exploration:1.000000, Collision:0.042200/211 
2017-04-19 00:16:29,847 - root - INFO - Epoch:0, Episode:7, Steps Left:65000/5000/100000, Reward:-163.000000, fps:1757.682957, Exploration:1.000000, Collision:0.043000/215 
2017-04-19 00:16:32,705 - root - INFO - Epoch:0, Episode:8, Steps Left:60000/5000/100000, Reward:-156.000000, fps:1749.720645, Exploration:1.000000, Collision:0.044800/224 
2017-04-19 00:16:35,638 - root - INFO - Epoch:0, Episode:9, Steps Left:55000/5000/100000, Reward:-160.000000, fps:1704.685774, Exploration:1.000000, Collision:0.042400/212 
2017-04-19 00:16:38,592 - root - INFO - Epoch:0, Episode:10, Steps Left:50000/5000/100000, Reward:-113.000000, fps:1692.812140, Exploration:1.000000, Collision:0.035800/179 
2017-04-19 00:16:46,324 - root - INFO - Epoch:0, Episode:11, Steps Left:45000/5000/100000, Reward:-163.000000, fps:646.722855, Exploration:0.991002, Collision:0.040400/202 , Avg Loss:0.798804/1000, Avg Q Value:0.040400/21 
2017-04-19 00:16:53,656 - root - INFO - Epoch:0, Episode:12, Steps Left:40000/5000/100000, Reward:-141.000000, fps:681.925805, Exploration:0.982002, Collision:0.044200/221 , Avg Loss:0.643832/1000, Avg Q Value:0.062524/67 
2017-04-19 00:17:00,566 - root - INFO - Epoch:0, Episode:13, Steps Left:35000/5000/100000, Reward:-113.000000, fps:723.594959, Exploration:0.973002, Collision:0.036000/180 , Avg Loss:0.614936/1000, Avg Q Value:0.078740/119 
2017-04-19 00:17:07,733 - root - INFO - Epoch:0, Episode:14, Steps Left:30000/5000/100000, Reward:-138.000000, fps:697.698039, Exploration:0.964002, Collision:0.040000/200 , Avg Loss:0.644983/1000, Avg Q Value:0.074981/176 
2017-04-19 00:17:14,673 - root - INFO - Epoch:0, Episode:15, Steps Left:25000/5000/100000, Reward:-176.000000, fps:720.390185, Exploration:0.955002, Collision:0.043800/219 , Avg Loss:0.632782/1000, Avg Q Value:0.067586/198 
2017-04-19 00:17:21,653 - root - INFO - Epoch:0, Episode:16, Steps Left:20000/5000/100000, Reward:-111.000000, fps:716.424535, Exploration:0.946002, Collision:0.033800/169 , Avg Loss:0.644344/1000, Avg Q Value:0.060290/261 
2017-04-19 00:17:28,774 - root - INFO - Epoch:0, Episode:17, Steps Left:15000/5000/100000, Reward:-162.000000, fps:702.104611, Exploration:0.937002, Collision:0.047800/239 , Avg Loss:0.608148/1000, Avg Q Value:0.029833/306 
2017-04-19 00:17:35,866 - root - INFO - Epoch:0, Episode:18, Steps Left:10000/5000/100000, Reward:-119.000000, fps:705.029481, Exploration:0.928002, Collision:0.037400/187 , Avg Loss:0.558955/1000, Avg Q Value:0.032419/365 
2017-04-19 00:17:43,430 - root - INFO - Epoch:0, Episode:19, Steps Left:5000/5000/100000, Reward:-114.000000, fps:661.031672, Exploration:0.919002, Collision:0.036200/181 , Avg Loss:0.647804/1000, Avg Q Value:0.012215/377 
2017-04-19 00:17:51,126 - root - INFO - Epoch:0, Episode:20, Steps Left:0/5000/100000, Reward:-145.000000, fps:649.757225, Exploration:0.910002, Collision:0.043000/215 , Avg Loss:0.518803/1000, Avg Q Value:-0.000523/440 
2017-04-19 00:17:51,127 - root - INFO - Epoch:0, FPS:980.548795, Avg Reward: -143.800000/20
2017-04-19 00:17:58,407 - root - INFO - Epoch:1, Episode:1, Steps Left:95000/5000/100000, Reward:-152.000000, fps:686.871699, Exploration:0.901002, Collision:0.038800/194 , Avg Loss:0.638144/1000, Avg Q Value:-0.137429/478 
2017-04-19 00:18:05,739 - root - INFO - Epoch:1, Episode:2, Steps Left:90000/5000/100000, Reward:-160.000000, fps:681.919663, Exploration:0.892002, Collision:0.040200/201 , Avg Loss:0.635828/1000, Avg Q Value:-0.170435/526 
2017-04-19 00:18:13,252 - root - INFO - Epoch:1, Episode:3, Steps Left:85000/5000/100000, Reward:-156.000000, fps:665.517629, Exploration:0.883002, Collision:0.037400/187 , Avg Loss:0.627902/1000, Avg Q Value:-0.400486/608 
2017-04-19 00:18:21,023 - root - INFO - Epoch:1, Episode:4, Steps Left:80000/5000/100000, Reward:-152.000000, fps:643.456023, Exploration:0.874002, Collision:0.040600/203 , Avg Loss:0.574312/1000, Avg Q Value:-0.401935/614 
2017-04-19 00:18:28,851 - root - INFO - Epoch:1, Episode:5, Steps Left:75000/5000/100000, Reward:-146.000000, fps:638.761717, Exploration:0.865002, Collision:0.038600/193 , Avg Loss:0.713249/1000, Avg Q Value:-0.510927/612 
2017-04-19 00:18:36,186 - root - INFO - Epoch:1, Episode:6, Steps Left:70000/5000/100000, Reward:-98.000000, fps:681.595506, Exploration:0.856002, Collision:0.036400/182 , Avg Loss:0.534509/1000, Avg Q Value:-0.534451/681 
2017-04-19 00:18:43,582 - root - INFO - Epoch:1, Episode:7, Steps Left:65000/5000/100000, Reward:-160.000000, fps:676.059832, Exploration:0.847002, Collision:0.041000/205 , Avg Loss:0.687808/1000, Avg Q Value:-0.911317/727 
2017-04-19 00:18:51,575 - root - INFO - Epoch:1, Episode:8, Steps Left:60000/5000/100000, Reward:-132.000000, fps:625.603390, Exploration:0.838002, Collision:0.037000/185 , Avg Loss:0.627544/1000, Avg Q Value:-0.848138/825 
