2017-04-21 16:41:25,145 - root - INFO - Nework Params: 
2017-04-21 16:41:25,145 - root - INFO -    qvalue_weight: <NDArray 4x74 @gpu(0)>
2017-04-21 16:41:25,146 - root - INFO -    fc2_weight: <NDArray 64x128 @gpu(0)>
2017-04-21 16:41:25,146 - root - INFO -    fc1_weight: <NDArray 128x74 @gpu(0)>
2017-04-21 16:41:25,146 - root - INFO -    data: <NDArray 32x74 @gpu(0)>
2017-04-21 16:41:25,146 - root - INFO -    dqn_action: <NDArray 32 @gpu(0)>
2017-04-21 16:41:25,147 - root - INFO -    fc2_bias: <NDArray 64 @gpu(0)>
2017-04-21 16:41:25,147 - root - INFO -    com: <NDArray 32x10 @gpu(0)>
2017-04-21 16:41:25,147 - root - INFO -    dqn_target: <NDArray 32 @gpu(0)>
2017-04-21 16:41:25,147 - root - INFO -    fc1_bias: <NDArray 128 @gpu(0)>
2017-04-21 16:41:25,148 - root - INFO -    qvalue_bias: <NDArray 4 @gpu(0)>
2017-04-21 16:41:25,148 - root - INFO - Nework Aux Params: 
2017-04-21 16:41:25,148 - root - INFO - Optimizer Params: <class 'mxnet.optimizer.Adam'>
2017-04-21 16:41:25,148 - root - INFO -    epsilon: 1e-08
2017-04-21 16:41:25,148 - root - INFO -    beta2: 0.999
2017-04-21 16:41:25,149 - root - INFO -    beta1: 0.9
2017-04-21 16:41:25,149 - root - INFO -    rescale_grad: 1
2017-04-21 16:41:25,149 - root - INFO -    wd: 0.0
2017-04-21 16:41:25,149 - root - INFO -    lr: 0.0002
2017-04-21 16:41:25,150 - root - INFO - Nework Params: 
2017-04-21 16:41:25,150 - root - INFO -    fc2_weight: <NDArray 64x128 @gpu(0)>
2017-04-21 16:41:25,150 - root - INFO -    fc1_weight: <NDArray 128x74 @gpu(0)>
2017-04-21 16:41:25,151 - root - INFO -    signal_bias: <NDArray 10 @gpu(0)>
2017-04-21 16:41:25,151 - root - INFO -    signal_weight: <NDArray 10x64 @gpu(0)>
2017-04-21 16:41:25,151 - root - INFO -    fc2_bias: <NDArray 64 @gpu(0)>
2017-04-21 16:41:25,151 - root - INFO -    data: <NDArray 32x74 @gpu(0)>
2017-04-21 16:41:25,152 - root - INFO -    fc1_bias: <NDArray 128 @gpu(0)>
2017-04-21 16:41:25,152 - root - INFO - Nework Aux Params: 
2017-04-21 16:41:25,152 - root - INFO - Optimizer Params: <class 'mxnet.optimizer.Adam'>
2017-04-21 16:41:25,152 - root - INFO -    epsilon: 1e-08
2017-04-21 16:41:25,153 - root - INFO -    beta2: 0.999
2017-04-21 16:41:25,153 - root - INFO -    beta1: 0.9
2017-04-21 16:41:25,153 - root - INFO -    rescale_grad: 1
2017-04-21 16:41:25,154 - root - INFO -    wd: 0.0
2017-04-21 16:41:25,154 - root - INFO -    lr: 0.0002
