2017-04-19 00:18:54,010 - root - INFO - Nework Params: 
2017-04-19 00:18:54,010 - root - INFO -    qvalue_weight: <NDArray 4x74 @gpu(0)>
2017-04-19 00:18:54,010 - root - INFO -    fc2_weight: <NDArray 64x128 @gpu(0)>
2017-04-19 00:18:54,010 - root - INFO -    fc1_weight: <NDArray 128x74 @gpu(0)>
2017-04-19 00:18:54,010 - root - INFO -    data: <NDArray 32x74 @gpu(0)>
2017-04-19 00:18:54,010 - root - INFO -    dqn_action: <NDArray 32 @gpu(0)>
2017-04-19 00:18:54,010 - root - INFO -    fc2_bias: <NDArray 64 @gpu(0)>
2017-04-19 00:18:54,010 - root - INFO -    com: <NDArray 32x10 @gpu(0)>
2017-04-19 00:18:54,011 - root - INFO -    dqn_target: <NDArray 32 @gpu(0)>
2017-04-19 00:18:54,011 - root - INFO -    fc1_bias: <NDArray 128 @gpu(0)>
2017-04-19 00:18:54,011 - root - INFO -    qvalue_bias: <NDArray 4 @gpu(0)>
2017-04-19 00:18:54,011 - root - INFO - Nework Aux Params: 
2017-04-19 00:18:54,011 - root - INFO - Optimizer Params: <class 'mxnet.optimizer.Adam'>
2017-04-19 00:18:54,011 - root - INFO -    epsilon: 1e-08
2017-04-19 00:18:54,011 - root - INFO -    beta2: 0.999
2017-04-19 00:18:54,011 - root - INFO -    beta1: 0.9
2017-04-19 00:18:54,011 - root - INFO -    rescale_grad: 1
2017-04-19 00:18:54,011 - root - INFO -    wd: 0.0
2017-04-19 00:18:54,011 - root - INFO -    lr: 0.0002
2017-04-19 00:18:54,011 - root - INFO - Nework Params: 
2017-04-19 00:18:54,011 - root - INFO -    fc2_weight: <NDArray 64x128 @gpu(0)>
2017-04-19 00:18:54,011 - root - INFO -    fc1_weight: <NDArray 128x74 @gpu(0)>
2017-04-19 00:18:54,012 - root - INFO -    signal_bias: <NDArray 10 @gpu(0)>
2017-04-19 00:18:54,012 - root - INFO -    signal_weight: <NDArray 10x64 @gpu(0)>
2017-04-19 00:18:54,012 - root - INFO -    fc2_bias: <NDArray 64 @gpu(0)>
2017-04-19 00:18:54,012 - root - INFO -    data: <NDArray 32x74 @gpu(0)>
2017-04-19 00:18:54,012 - root - INFO -    fc1_bias: <NDArray 128 @gpu(0)>
2017-04-19 00:18:54,012 - root - INFO - Nework Aux Params: 
2017-04-19 00:18:54,012 - root - INFO - Optimizer Params: <class 'mxnet.optimizer.Adam'>
2017-04-19 00:18:54,012 - root - INFO -    epsilon: 1e-08
2017-04-19 00:18:54,012 - root - INFO -    beta2: 0.999
2017-04-19 00:18:54,012 - root - INFO -    beta1: 0.9
2017-04-19 00:18:54,012 - root - INFO -    rescale_grad: 1
2017-04-19 00:18:54,012 - root - INFO -    wd: 0.0
2017-04-19 00:18:54,012 - root - INFO -    lr: 0.0002
2017-04-19 00:18:56,792 - root - INFO - Epoch:0, Episode:1, Steps Left:95000/5000/100000, Reward:-175.000000, fps:1799.117716, Exploration:1.000000, Collision:0.040800/204 
2017-04-19 00:18:59,578 - root - INFO - Epoch:0, Episode:2, Steps Left:90000/5000/100000, Reward:-174.000000, fps:1794.388890, Exploration:1.000000, Collision:0.042800/214 
2017-04-19 00:19:02,331 - root - INFO - Epoch:0, Episode:3, Steps Left:85000/5000/100000, Reward:-148.000000, fps:1816.838682, Exploration:1.000000, Collision:0.038800/194 
2017-04-19 00:19:05,042 - root - INFO - Epoch:0, Episode:4, Steps Left:80000/5000/100000, Reward:-124.000000, fps:1843.898449, Exploration:1.000000, Collision:0.036000/180 
2017-04-19 00:19:07,804 - root - INFO - Epoch:0, Episode:5, Steps Left:75000/5000/100000, Reward:-122.000000, fps:1810.380020, Exploration:1.000000, Collision:0.035400/177 
2017-04-19 00:19:10,567 - root - INFO - Epoch:0, Episode:6, Steps Left:70000/5000/100000, Reward:-126.000000, fps:1809.787592, Exploration:1.000000, Collision:0.037600/188 
2017-04-19 00:19:13,353 - root - INFO - Epoch:0, Episode:7, Steps Left:65000/5000/100000, Reward:-104.000000, fps:1795.094961, Exploration:1.000000, Collision:0.036600/183 
2017-04-19 00:19:16,133 - root - INFO - Epoch:0, Episode:8, Steps Left:60000/5000/100000, Reward:-131.000000, fps:1798.141404, Exploration:1.000000, Collision:0.039200/196 
2017-04-19 00:19:18,876 - root - INFO - Epoch:0, Episode:9, Steps Left:55000/5000/100000, Reward:-138.000000, fps:1823.110744, Exploration:1.000000, Collision:0.038800/194 
2017-04-19 00:19:21,634 - root - INFO - Epoch:0, Episode:10, Steps Left:50000/5000/100000, Reward:-123.000000, fps:1813.199830, Exploration:1.000000, Collision:0.038200/191 
2017-04-19 00:19:28,397 - root - INFO - Epoch:0, Episode:11, Steps Left:45000/5000/100000, Reward:-203.000000, fps:739.313377, Exploration:0.991002, Collision:0.044000/220 , Avg Loss:0.630064/1000, Avg Q Value:0.055688/24 
2017-04-19 00:19:35,157 - root - INFO - Epoch:0, Episode:12, Steps Left:40000/5000/100000, Reward:-116.000000, fps:739.646615, Exploration:0.982002, Collision:0.037600/188 , Avg Loss:0.663567/1000, Avg Q Value:0.066160/81 
2017-04-19 00:19:41,956 - root - INFO - Epoch:0, Episode:13, Steps Left:35000/5000/100000, Reward:-157.000000, fps:735.413841, Exploration:0.973002, Collision:0.041000/205 , Avg Loss:0.533222/1000, Avg Q Value:0.098809/100 
2017-04-19 00:19:48,998 - root - INFO - Epoch:0, Episode:14, Steps Left:30000/5000/100000, Reward:-155.000000, fps:710.031613, Exploration:0.964002, Collision:0.040600/203 , Avg Loss:0.657277/1000, Avg Q Value:0.093801/141 
2017-04-19 00:19:55,873 - root - INFO - Epoch:0, Episode:15, Steps Left:25000/5000/100000, Reward:-123.000000, fps:727.296108, Exploration:0.955002, Collision:0.036200/181 , Avg Loss:0.694205/1000, Avg Q Value:0.145136/209 
2017-04-19 00:20:02,855 - root - INFO - Epoch:0, Episode:16, Steps Left:20000/5000/100000, Reward:-176.000000, fps:716.130572, Exploration:0.946002, Collision:0.042000/210 , Avg Loss:0.564790/1000, Avg Q Value:0.117997/257 
2017-04-19 00:20:10,016 - root - INFO - Epoch:0, Episode:17, Steps Left:15000/5000/100000, Reward:-194.000000, fps:698.246891, Exploration:0.937002, Collision:0.044800/224 , Avg Loss:0.657039/1000, Avg Q Value:0.043157/287 
2017-04-19 00:20:17,007 - root - INFO - Epoch:0, Episode:18, Steps Left:10000/5000/100000, Reward:-123.000000, fps:715.263594, Exploration:0.928002, Collision:0.035400/177 , Avg Loss:0.543913/1000, Avg Q Value:0.055139/324 
2017-04-19 00:20:24,601 - root - INFO - Epoch:0, Episode:19, Steps Left:5000/5000/100000, Reward:-126.000000, fps:658.436917, Exploration:0.919002, Collision:0.039800/199 , Avg Loss:0.709494/1000, Avg Q Value:0.016510/357 
2017-04-19 00:20:31,933 - root - INFO - Epoch:0, Episode:20, Steps Left:0/5000/100000, Reward:-132.000000, fps:681.887468, Exploration:0.910002, Collision:0.041400/207 , Avg Loss:0.521188/1000, Avg Q Value:0.016302/435 
2017-04-19 00:20:31,935 - root - INFO - Epoch:0, FPS:1021.229993, Avg Reward: -143.500000/20
2017-04-19 00:20:39,165 - root - INFO - Epoch:1, Episode:1, Steps Left:95000/5000/100000, Reward:-129.000000, fps:691.564550, Exploration:0.901002, Collision:0.039200/196 , Avg Loss:0.664274/1000, Avg Q Value:-0.148455/480 
2017-04-19 00:20:47,174 - root - INFO - Epoch:1, Episode:2, Steps Left:90000/5000/100000, Reward:-155.000000, fps:624.338438, Exploration:0.892002, Collision:0.039600/198 , Avg Loss:0.524956/1000, Avg Q Value:-0.161118/469 
2017-04-19 00:20:54,268 - root - INFO - Epoch:1, Episode:3, Steps Left:85000/5000/100000, Reward:-163.000000, fps:704.805877, Exploration:0.883002, Collision:0.042600/213 , Avg Loss:0.749908/1000, Avg Q Value:-0.436712/557 
2017-04-19 00:21:01,425 - root - INFO - Epoch:1, Episode:4, Steps Left:80000/5000/100000, Reward:-129.000000, fps:698.591459, Exploration:0.874002, Collision:0.035400/177 , Avg Loss:0.557319/1000, Avg Q Value:-0.371404/550 
2017-04-19 00:21:08,772 - root - INFO - Epoch:1, Episode:5, Steps Left:75000/5000/100000, Reward:-147.000000, fps:680.577855, Exploration:0.865002, Collision:0.040200/201 , Avg Loss:0.683647/1000, Avg Q Value:-0.650856/653 
2017-04-19 00:21:16,093 - root - INFO - Epoch:1, Episode:6, Steps Left:70000/5000/100000, Reward:-165.000000, fps:683.048725, Exploration:0.856002, Collision:0.039400/197 , Avg Loss:0.627359/1000, Avg Q Value:-0.698079/696 
2017-04-19 00:21:23,713 - root - INFO - Epoch:1, Episode:7, Steps Left:65000/5000/100000, Reward:-146.000000, fps:656.151544, Exploration:0.847002, Collision:0.040000/200 , Avg Loss:0.703364/1000, Avg Q Value:-0.992192/721 
2017-04-19 00:21:31,306 - root - INFO - Epoch:1, Episode:8, Steps Left:60000/5000/100000, Reward:-131.000000, fps:658.488582, Exploration:0.838002, Collision:0.040200/201 , Avg Loss:0.586205/1000, Avg Q Value:-0.968301/796 
2017-04-19 00:21:39,151 - root - INFO - Epoch:1, Episode:9, Steps Left:55000/5000/100000, Reward:-119.000000, fps:637.411198, Exploration:0.829002, Collision:0.033800/169 , Avg Loss:0.848867/1000, Avg Q Value:-1.316586/837 
2017-04-19 00:21:46,912 - root - INFO - Epoch:1, Episode:10, Steps Left:50000/5000/100000, Reward:-123.000000, fps:644.214090, Exploration:0.820002, Collision:0.033600/168 , Avg Loss:0.735586/1000, Avg Q Value:-1.267912/865 
2017-04-19 00:21:54,250 - root - INFO - Epoch:1, Episode:11, Steps Left:45000/5000/100000, Reward:-150.000000, fps:681.393667, Exploration:0.811002, Collision:0.039200/196 , Avg Loss:0.752442/1000, Avg Q Value:-1.727169/916 
2017-04-19 00:22:01,758 - root - INFO - Epoch:1, Episode:12, Steps Left:40000/5000/100000, Reward:-94.000000, fps:665.978845, Exploration:0.802002, Collision:0.030600/153 , Avg Loss:0.781106/1000, Avg Q Value:-1.660927/964 
2017-04-19 00:22:09,457 - root - INFO - Epoch:1, Episode:13, Steps Left:35000/5000/100000, Reward:-79.000000, fps:649.484258, Exploration:0.793002, Collision:0.030200/151 , Avg Loss:0.820792/1000, Avg Q Value:-2.031208/1074 
2017-04-19 00:22:17,108 - root - INFO - Epoch:1, Episode:14, Steps Left:30000/5000/100000, Reward:-88.000000, fps:653.452735, Exploration:0.784002, Collision:0.034800/174 , Avg Loss:0.724311/1000, Avg Q Value:-1.916054/1075 
2017-04-19 00:22:24,929 - root - INFO - Epoch:1, Episode:15, Steps Left:25000/5000/100000, Reward:-160.000000, fps:639.365259, Exploration:0.775002, Collision:0.037800/189 , Avg Loss:1.061623/1000, Avg Q Value:-2.597798/1088 
2017-04-19 00:22:32,568 - root - INFO - Epoch:1, Episode:16, Steps Left:20000/5000/100000, Reward:-164.000000, fps:654.527196, Exploration:0.766002, Collision:0.038600/193 , Avg Loss:0.871902/1000, Avg Q Value:-2.674547/1151 
2017-04-19 00:22:40,317 - root - INFO - Epoch:1, Episode:17, Steps Left:15000/5000/100000, Reward:-110.000000, fps:645.252364, Exploration:0.757002, Collision:0.033600/168 , Avg Loss:1.183985/1000, Avg Q Value:-3.021786/1213 
2017-04-19 00:22:47,835 - root - INFO - Epoch:1, Episode:18, Steps Left:10000/5000/100000, Reward:-117.000000, fps:665.053424, Exploration:0.748002, Collision:0.035000/175 , Avg Loss:0.997235/1000, Avg Q Value:-2.998008/1243 
2017-04-19 00:22:55,487 - root - INFO - Epoch:1, Episode:19, Steps Left:5000/5000/100000, Reward:-110.000000, fps:653.450414, Exploration:0.739002, Collision:0.029000/145 , Avg Loss:1.300051/1000, Avg Q Value:-3.594815/1290 
2017-04-19 00:23:03,152 - root - INFO - Epoch:1, Episode:20, Steps Left:0/5000/100000, Reward:-143.000000, fps:652.375220, Exploration:0.730002, Collision:0.028800/144 , Avg Loss:1.325156/1000, Avg Q Value:-3.670756/1318 
2017-04-19 00:23:03,153 - root - INFO - Epoch:1, FPS:661.302311, Avg Reward: -131.100000/20
2017-04-19 00:23:10,932 - root - INFO - Epoch:2, Episode:1, Steps Left:95000/5000/100000, Reward:-51.000000, fps:642.761335, Exploration:0.721002, Collision:0.027600/138 , Avg Loss:1.657211/1000, Avg Q Value:-3.795513/1360 
2017-04-19 00:23:18,764 - root - INFO - Epoch:2, Episode:2, Steps Left:90000/5000/100000, Reward:-35.000000, fps:638.431063, Exploration:0.712002, Collision:0.026600/133 , Avg Loss:1.576479/1000, Avg Q Value:-3.713011/1440 
2017-04-19 00:23:26,407 - root - INFO - Epoch:2, Episode:3, Steps Left:85000/5000/100000, Reward:-161.000000, fps:654.189083, Exploration:0.703002, Collision:0.032400/162 , Avg Loss:2.164634/1000, Avg Q Value:-4.551742/1430 
2017-04-19 00:23:34,180 - root - INFO - Epoch:2, Episode:4, Steps Left:80000/5000/100000, Reward:-137.000000, fps:643.281091, Exploration:0.694002, Collision:0.028600/143 , Avg Loss:2.195716/1000, Avg Q Value:-4.440900/1469 
2017-04-19 00:23:42,118 - root - INFO - Epoch:2, Episode:5, Steps Left:75000/5000/100000, Reward:-113.000000, fps:629.868078, Exploration:0.685002, Collision:0.034000/170 , Avg Loss:2.936360/1000, Avg Q Value:-4.570060/1553 
2017-04-19 00:23:49,972 - root - INFO - Epoch:2, Episode:6, Steps Left:70000/5000/100000, Reward:-38.000000, fps:636.636926, Exploration:0.676002, Collision:0.027000/135 , Avg Loss:2.260290/1000, Avg Q Value:-4.493684/1585 
2017-04-19 00:23:57,997 - root - INFO - Epoch:2, Episode:7, Steps Left:65000/5000/100000, Reward:-51.000000, fps:623.116635, Exploration:0.667002, Collision:0.033600/168 , Avg Loss:4.141769/1000, Avg Q Value:-4.854544/1698 
2017-04-19 00:24:05,916 - root - INFO - Epoch:2, Episode:8, Steps Left:60000/5000/100000, Reward:-79.000000, fps:631.370601, Exploration:0.658002, Collision:0.033000/165 , Avg Loss:2.989561/1000, Avg Q Value:-5.093204/1684 
2017-04-19 00:24:14,030 - root - INFO - Epoch:2, Episode:9, Steps Left:55000/5000/100000, Reward:-42.000000, fps:616.259219, Exploration:0.649002, Collision:0.026400/132 , Avg Loss:5.227122/1000, Avg Q Value:-5.226883/1784 
2017-04-19 00:24:22,496 - root - INFO - Epoch:2, Episode:10, Steps Left:50000/5000/100000, Reward:-24.000000, fps:590.573680, Exploration:0.640002, Collision:0.026800/134 , Avg Loss:4.308170/1000, Avg Q Value:-5.225586/1780 
2017-04-19 00:24:31,439 - root - INFO - Epoch:2, Episode:11, Steps Left:45000/5000/100000, Reward:-129.000000, fps:559.086255, Exploration:0.631002, Collision:0.026800/134 , Avg Loss:4.993799/1000, Avg Q Value:-6.431462/1833 
2017-04-19 00:24:39,345 - root - INFO - Epoch:2, Episode:12, Steps Left:40000/5000/100000, Reward:-144.000000, fps:632.489134, Exploration:0.622002, Collision:0.031800/159 , Avg Loss:4.777718/1000, Avg Q Value:-6.350541/1874 
2017-04-19 00:24:47,843 - root - INFO - Epoch:2, Episode:13, Steps Left:35000/5000/100000, Reward:19.000000, fps:588.366396, Exploration:0.613002, Collision:0.024600/123 , Avg Loss:7.568316/1000, Avg Q Value:-5.297032/1930 
2017-04-19 00:24:55,852 - root - INFO - Epoch:2, Episode:14, Steps Left:30000/5000/100000, Reward:-45.000000, fps:624.348419, Exploration:0.604002, Collision:0.028600/143 , Avg Loss:6.741697/1000, Avg Q Value:-5.331916/1952 
2017-04-19 00:25:03,912 - root - INFO - Epoch:2, Episode:15, Steps Left:25000/5000/100000, Reward:-118.000000, fps:620.336866, Exploration:0.595002, Collision:0.026600/133 , Avg Loss:7.712924/1000, Avg Q Value:-6.851923/2018 
2017-04-19 00:25:12,069 - root - INFO - Epoch:2, Episode:16, Steps Left:20000/5000/100000, Reward:-128.000000, fps:612.948808, Exploration:0.586002, Collision:0.029800/149 , Avg Loss:8.125895/1000, Avg Q Value:-6.779827/2083 
2017-04-19 00:25:20,307 - root - INFO - Epoch:2, Episode:17, Steps Left:15000/5000/100000, Reward:30.000000, fps:606.986619, Exploration:0.577002, Collision:0.025200/126 , Avg Loss:7.206452/1000, Avg Q Value:-5.243095/2123 
2017-04-19 00:25:28,510 - root - INFO - Epoch:2, Episode:18, Steps Left:10000/5000/100000, Reward:-3.000000, fps:609.502871, Exploration:0.568002, Collision:0.028400/142 , Avg Loss:9.211485/1000, Avg Q Value:-5.225693/2186 
2017-04-19 00:25:36,602 - root - INFO - Epoch:2, Episode:19, Steps Left:5000/5000/100000, Reward:-7.000000, fps:617.916063, Exploration:0.559002, Collision:0.023000/115 , Avg Loss:8.984640/1000, Avg Q Value:-6.260929/2161 
2017-04-19 00:25:44,749 - root - INFO - Epoch:2, Episode:20, Steps Left:0/5000/100000, Reward:-9.000000, fps:613.732500, Exploration:0.550002, Collision:0.022200/111 , Avg Loss:10.473010/1000, Avg Q Value:-6.330048/2250 
2017-04-19 00:25:44,751 - root - INFO - Epoch:2, FPS:618.826532, Avg Reward: -63.250000/20
2017-04-19 00:25:53,253 - root - INFO - Epoch:3, Episode:1, Steps Left:95000/5000/100000, Reward:-106.000000, fps:588.075127, Exploration:0.541002, Collision:0.026600/133 , Avg Loss:14.324512/1000, Avg Q Value:-7.131036/2331 
2017-04-19 00:26:01,730 - root - INFO - Epoch:3, Episode:2, Steps Left:90000/5000/100000, Reward:-76.000000, fps:589.864771, Exploration:0.532002, Collision:0.024600/123 , Avg Loss:12.311925/1000, Avg Q Value:-6.952651/2312 
2017-04-19 00:26:09,985 - root - INFO - Epoch:3, Episode:3, Steps Left:85000/5000/100000, Reward:-28.000000, fps:605.658456, Exploration:0.523002, Collision:0.021800/109 , Avg Loss:12.780318/1000, Avg Q Value:-6.584485/2391 
2017-04-19 00:26:18,127 - root - INFO - Epoch:3, Episode:4, Steps Left:80000/5000/100000, Reward:-36.000000, fps:614.151113, Exploration:0.514002, Collision:0.023000/115 , Avg Loss:14.306053/1000, Avg Q Value:-6.566762/2413 
2017-04-19 00:26:26,383 - root - INFO - Epoch:3, Episode:5, Steps Left:75000/5000/100000, Reward:-29.000000, fps:605.646282, Exploration:0.505002, Collision:0.026000/130 , Avg Loss:17.093552/1000, Avg Q Value:-7.013933/2428 
2017-04-19 00:26:34,860 - root - INFO - Epoch:3, Episode:6, Steps Left:70000/5000/100000, Reward:-75.000000, fps:589.832918, Exploration:0.496002, Collision:0.028600/143 , Avg Loss:14.614723/1000, Avg Q Value:-6.153013/2486 
2017-04-19 00:26:43,314 - root - INFO - Epoch:3, Episode:7, Steps Left:65000/5000/100000, Reward:-115.000000, fps:591.454972, Exploration:0.487002, Collision:0.025400/127 , Avg Loss:17.680536/1000, Avg Q Value:-8.122717/2527 
2017-04-19 00:26:51,776 - root - INFO - Epoch:3, Episode:8, Steps Left:60000/5000/100000, Reward:-136.000000, fps:590.872524, Exploration:0.478002, Collision:0.027000/135 , Avg Loss:19.292810/1000, Avg Q Value:-8.442597/2517 
2017-04-19 00:27:00,298 - root - INFO - Epoch:3, Episode:9, Steps Left:55000/5000/100000, Reward:-119.000000, fps:586.741384, Exploration:0.469002, Collision:0.034600/173 , Avg Loss:21.021072/1000, Avg Q Value:-7.737715/2677 
2017-04-19 00:27:08,889 - root - INFO - Epoch:3, Episode:10, Steps Left:50000/5000/100000, Reward:-93.000000, fps:581.994662, Exploration:0.460002, Collision:0.036200/181 , Avg Loss:20.423071/1000, Avg Q Value:-7.436916/2716 
2017-04-19 00:27:17,345 - root - INFO - Epoch:3, Episode:11, Steps Left:45000/5000/100000, Reward:-97.000000, fps:591.285629, Exploration:0.451002, Collision:0.032600/163 , Avg Loss:23.536488/1000, Avg Q Value:-6.745144/2724 
2017-04-19 00:27:25,987 - root - INFO - Epoch:3, Episode:12, Steps Left:40000/5000/100000, Reward:-71.000000, fps:578.624277, Exploration:0.442002, Collision:0.029000/145 , Avg Loss:18.931837/1000, Avg Q Value:-6.734613/2764 
2017-04-19 00:27:34,711 - root - INFO - Epoch:3, Episode:13, Steps Left:35000/5000/100000, Reward:31.000000, fps:573.111748, Exploration:0.433002, Collision:0.031400/157 , Avg Loss:23.660151/1000, Avg Q Value:-4.657087/2819 
2017-04-19 00:27:43,421 - root - INFO - Epoch:3, Episode:14, Steps Left:30000/5000/100000, Reward:73.000000, fps:574.060589, Exploration:0.424002, Collision:0.028600/143 , Avg Loss:30.893793/1000, Avg Q Value:-5.079924/2900 
2017-04-19 00:27:51,953 - root - INFO - Epoch:3, Episode:15, Steps Left:25000/5000/100000, Reward:7.000000, fps:586.035859, Exploration:0.415002, Collision:0.029600/148 , Avg Loss:23.456911/1000, Avg Q Value:-6.352303/2933 
2017-04-19 00:28:00,434 - root - INFO - Epoch:3, Episode:16, Steps Left:20000/5000/100000, Reward:-74.000000, fps:589.548598, Exploration:0.406002, Collision:0.027200/136 , Avg Loss:26.526243/1000, Avg Q Value:-7.875275/2893 
2017-04-19 00:28:09,300 - root - INFO - Epoch:3, Episode:17, Steps Left:15000/5000/100000, Reward:180.000000, fps:563.953394, Exploration:0.397002, Collision:0.023000/115 , Avg Loss:30.358315/1000, Avg Q Value:-4.034193/3070 
2017-04-19 00:28:18,006 - root - INFO - Epoch:3, Episode:18, Steps Left:10000/5000/100000, Reward:100.000000, fps:574.376676, Exploration:0.388002, Collision:0.027800/139 , Avg Loss:30.007664/1000, Avg Q Value:-3.837653/3059 
2017-04-19 00:28:26,892 - root - INFO - Epoch:3, Episode:19, Steps Left:5000/5000/100000, Reward:35.000000, fps:562.662995, Exploration:0.379002, Collision:0.028600/143 , Avg Loss:35.522877/1000, Avg Q Value:-6.068678/3038 
2017-04-19 00:28:35,711 - root - INFO - Epoch:3, Episode:20, Steps Left:0/5000/100000, Reward:161.000000, fps:566.998279, Exploration:0.370002, Collision:0.024400/122 , Avg Loss:28.551218/1000, Avg Q Value:-3.883103/3106 
2017-04-19 00:28:35,712 - root - INFO - Epoch:3, FPS:584.932343, Avg Reward: -23.400000/20
2017-04-19 00:28:44,489 - root - INFO - Epoch:4, Episode:1, Steps Left:95000/5000/100000, Reward:158.000000, fps:569.680390, Exploration:0.361002, Collision:0.017400/87 , Avg Loss:39.769054/1000, Avg Q Value:-3.648074/3173 
2017-04-19 00:28:53,265 - root - INFO - Epoch:4, Episode:2, Steps Left:90000/5000/100000, Reward:112.000000, fps:569.771754, Exploration:0.352002, Collision:0.019200/96 , Avg Loss:44.014816/1000, Avg Q Value:-4.835822/3216 
2017-04-19 00:29:02,114 - root - INFO - Epoch:4, Episode:3, Steps Left:85000/5000/100000, Reward:248.000000, fps:564.995304, Exploration:0.343002, Collision:0.021600/108 , Avg Loss:42.890118/1000, Avg Q Value:-2.155189/3275 
2017-04-19 00:29:11,355 - root - INFO - Epoch:4, Episode:4, Steps Left:80000/5000/100000, Reward:240.000000, fps:541.092521, Exploration:0.334002, Collision:0.023000/115 , Avg Loss:44.300236/1000, Avg Q Value:-2.333285/3326 
2017-04-19 00:29:20,370 - root - INFO - Epoch:4, Episode:5, Steps Left:75000/5000/100000, Reward:126.000000, fps:554.668570, Exploration:0.325002, Collision:0.021200/106 , Avg Loss:42.163559/1000, Avg Q Value:-5.126756/3362 
2017-04-19 00:29:29,207 - root - INFO - Epoch:4, Episode:6, Steps Left:70000/5000/100000, Reward:38.000000, fps:565.773482, Exploration:0.316002, Collision:0.020600/103 , Avg Loss:44.315220/1000, Avg Q Value:-7.327136/3404 
2017-04-19 00:29:38,121 - root - INFO - Epoch:4, Episode:7, Steps Left:65000/5000/100000, Reward:190.000000, fps:560.959148, Exploration:0.307002, Collision:0.020400/102 , Avg Loss:53.754730/1000, Avg Q Value:-4.661534/3481 
2017-04-19 00:29:47,232 - root - INFO - Epoch:4, Episode:8, Steps Left:60000/5000/100000, Reward:97.000000, fps:548.789474, Exploration:0.298002, Collision:0.023200/116 , Avg Loss:51.535641/1000, Avg Q Value:-5.297918/3484 
2017-04-19 00:29:56,375 - root - INFO - Epoch:4, Episode:9, Steps Left:55000/5000/100000, Reward:251.000000, fps:546.837272, Exploration:0.289002, Collision:0.025000/125 , Avg Loss:49.385689/1000, Avg Q Value:-1.372817/3586 
2017-04-19 00:30:05,573 - root - INFO - Epoch:4, Episode:10, Steps Left:50000/5000/100000, Reward:268.000000, fps:543.632553, Exploration:0.280002, Collision:0.023000/115 , Avg Loss:54.886505/1000, Avg Q Value:-1.803719/3579 
2017-04-19 00:30:14,852 - root - INFO - Epoch:4, Episode:11, Steps Left:45000/5000/100000, Reward:487.000000, fps:538.874345, Exploration:0.271002, Collision:0.031000/155 , Avg Loss:62.505913/1000, Avg Q Value:0.058594/3619 
2017-04-19 00:30:24,252 - root - INFO - Epoch:4, Episode:12, Steps Left:40000/5000/100000, Reward:355.000000, fps:531.929783, Exploration:0.262002, Collision:0.030400/152 , Avg Loss:54.539719/1000, Avg Q Value:-0.174694/3658 
2017-04-19 00:30:33,272 - root - INFO - Epoch:4, Episode:13, Steps Left:35000/5000/100000, Reward:204.000000, fps:554.324898, Exploration:0.253002, Collision:0.022000/110 , Avg Loss:63.797955/1000, Avg Q Value:-4.145946/3657 
2017-04-19 00:30:42,462 - root - INFO - Epoch:4, Episode:14, Steps Left:30000/5000/100000, Reward:149.000000, fps:544.086392, Exploration:0.244002, Collision:0.019600/98 , Avg Loss:60.042801/1000, Avg Q Value:-5.896956/3722 
2017-04-19 00:30:51,730 - root - INFO - Epoch:4, Episode:15, Steps Left:25000/5000/100000, Reward:433.000000, fps:539.454646, Exploration:0.235002, Collision:0.026600/133 , Avg Loss:70.341232/1000, Avg Q Value:1.124651/3782 
2017-04-19 00:31:01,068 - root - INFO - Epoch:4, Episode:16, Steps Left:20000/5000/100000, Reward:547.000000, fps:535.459465, Exploration:0.226002, Collision:0.030400/152 , Avg Loss:63.044838/1000, Avg Q Value:1.059468/3876 
2017-04-19 00:31:10,422 - root - INFO - Epoch:4, Episode:17, Steps Left:15000/5000/100000, Reward:479.000000, fps:534.560516, Exploration:0.217002, Collision:0.026200/131 , Avg Loss:64.704422/1000, Avg Q Value:1.039023/3931 
2017-04-19 00:31:19,831 - root - INFO - Epoch:4, Episode:18, Steps Left:10000/5000/100000, Reward:504.000000, fps:531.418857, Exploration:0.208002, Collision:0.028600/143 , Avg Loss:86.138710/1000, Avg Q Value:1.566406/3951 
2017-04-19 00:31:29,539 - root - INFO - Epoch:4, Episode:19, Steps Left:5000/5000/100000, Reward:543.000000, fps:515.008424, Exploration:0.199002, Collision:0.029000/145 , Avg Loss:82.547745/1000, Avg Q Value:0.485380/4005 
2017-04-19 00:31:38,969 - root - INFO - Epoch:4, Episode:20, Steps Left:0/5000/100000, Reward:578.000000, fps:530.248269, Exploration:0.190002, Collision:0.026000/130 , Avg Loss:77.493996/1000, Avg Q Value:-0.077918/4113 
2017-04-19 00:31:38,971 - root - INFO - Epoch:4, FPS:545.681114, Avg Reward: 300.350000/20
2017-04-19 00:31:48,317 - root - INFO - Epoch:5, Episode:1, Steps Left:95000/5000/100000, Reward:503.000000, fps:534.989993, Exploration:0.181002, Collision:0.028000/140 , Avg Loss:74.077126/1000, Avg Q Value:-2.144509/4114 
2017-04-19 00:31:57,638 - root - INFO - Epoch:5, Episode:2, Steps Left:90000/5000/100000, Reward:387.000000, fps:536.409953, Exploration:0.172002, Collision:0.025800/129 , Avg Loss:73.494812/1000, Avg Q Value:-1.889749/4087 
2017-04-19 00:32:07,050 - root - INFO - Epoch:5, Episode:3, Steps Left:85000/5000/100000, Reward:583.000000, fps:531.230061, Exploration:0.163002, Collision:0.030000/150 , Avg Loss:89.433357/1000, Avg Q Value:1.359242/4207 
2017-04-19 00:32:16,828 - root - INFO - Epoch:5, Episode:4, Steps Left:80000/5000/100000, Reward:682.000000, fps:511.386274, Exploration:0.154002, Collision:0.031200/156 , Avg Loss:85.949699/1000, Avg Q Value:0.028641/4198 
2017-04-19 00:32:26,422 - root - INFO - Epoch:5, Episode:5, Steps Left:75000/5000/100000, Reward:589.000000, fps:521.159816, Exploration:0.145002, Collision:0.037200/186 , Avg Loss:83.117775/1000, Avg Q Value:2.008689/4234 
2017-04-19 00:32:36,099 - root - INFO - Epoch:5, Episode:6, Steps Left:70000/5000/100000, Reward:719.000000, fps:516.669883, Exploration:0.136002, Collision:0.028000/140 , Avg Loss:99.894844/1000, Avg Q Value:2.329781/4276 
2017-04-19 00:32:45,712 - root - INFO - Epoch:5, Episode:7, Steps Left:65000/5000/100000, Reward:513.000000, fps:520.170009, Exploration:0.127002, Collision:0.027800/139 , Avg Loss:109.842796/1000, Avg Q Value:0.742551/4321 
2017-04-19 00:32:55,310 - root - INFO - Epoch:5, Episode:8, Steps Left:60000/5000/100000, Reward:655.000000, fps:520.941977, Exploration:0.118002, Collision:0.027000/135 , Avg Loss:105.612259/1000, Avg Q Value:0.523354/4398 
2017-04-19 00:33:05,070 - root - INFO - Epoch:5, Episode:9, Steps Left:55000/5000/100000, Reward:479.000000, fps:512.289201, Exploration:0.109002, Collision:0.020600/103 , Avg Loss:134.983093/1000, Avg Q Value:2.890415/4423 
2017-04-19 00:33:15,011 - root - INFO - Epoch:5, Episode:10, Steps Left:50000/5000/100000, Reward:484.000000, fps:502.971200, Exploration:0.100002, Collision:0.028200/141 , Avg Loss:119.698303/1000, Avg Q Value:2.572076/4454 
2017-04-19 00:33:25,151 - root - INFO - Epoch:5, Episode:11, Steps Left:45000/5000/100000, Reward:530.000000, fps:493.135984, Exploration:0.100000, Collision:0.025600/128 , Avg Loss:123.175476/1000, Avg Q Value:2.094335/4505 
2017-04-19 00:33:35,858 - root - INFO - Epoch:5, Episode:12, Steps Left:40000/5000/100000, Reward:526.000000, fps:466.976063, Exploration:0.100000, Collision:0.028400/142 , Avg Loss:109.584808/1000, Avg Q Value:3.286993/4490 
2017-04-19 00:33:45,772 - root - INFO - Epoch:5, Episode:13, Steps Left:35000/5000/100000, Reward:273.000000, fps:504.332326, Exploration:0.100000, Collision:0.021400/107 , Avg Loss:129.124634/1000, Avg Q Value:-3.732411/4493 
2017-04-19 00:33:55,770 - root - INFO - Epoch:5, Episode:14, Steps Left:30000/5000/100000, Reward:-60.000000, fps:500.103769, Exploration:0.100000, Collision:0.011800/59 , Avg Loss:138.839233/1000, Avg Q Value:-10.285106/4485 
2017-04-19 00:34:06,176 - root - INFO - Epoch:5, Episode:15, Steps Left:25000/5000/100000, Reward:643.000000, fps:480.518947, Exploration:0.100000, Collision:0.028600/143 , Avg Loss:141.378906/1000, Avg Q Value:2.445578/4493 
2017-04-19 00:34:16,582 - root - INFO - Epoch:5, Episode:16, Steps Left:20000/5000/100000, Reward:661.000000, fps:480.481405, Exploration:0.100000, Collision:0.031000/155 , Avg Loss:146.989014/1000, Avg Q Value:5.351477/4497 
2017-04-19 00:34:26,902 - root - INFO - Epoch:5, Episode:17, Steps Left:15000/5000/100000, Reward:727.000000, fps:484.510063, Exploration:0.100000, Collision:0.036400/182 , Avg Loss:149.486267/1000, Avg Q Value:6.572643/4514 
2017-04-19 00:34:37,850 - root - INFO - Epoch:5, Episode:18, Steps Left:10000/5000/100000, Reward:715.000000, fps:456.723689, Exploration:0.100000, Collision:0.036800/184 , Avg Loss:153.674164/1000, Avg Q Value:6.874248/4489 
2017-04-19 00:34:47,503 - root - INFO - Epoch:5, Episode:19, Steps Left:5000/5000/100000, Reward:661.000000, fps:517.985860, Exploration:0.100000, Collision:0.031400/157 , Avg Loss:148.974960/1000, Avg Q Value:6.926146/4509 
2017-04-19 00:34:57,358 - root - INFO - Epoch:5, Episode:20, Steps Left:0/5000/100000, Reward:719.000000, fps:507.354768, Exploration:0.100000, Collision:0.032600/163 , Avg Loss:157.517609/1000, Avg Q Value:6.810576/4479 
2017-04-19 00:34:57,359 - root - INFO - Epoch:5, FPS:504.064283, Avg Reward: 549.450000/20
2017-04-19 00:35:08,403 - root - INFO - Epoch:6, Episode:1, Steps Left:95000/5000/100000, Reward:671.000000, fps:452.759728, Exploration:0.100000, Collision:0.029400/147 , Avg Loss:192.343750/1000, Avg Q Value:6.906263/4541 
2017-04-19 00:35:19,224 - root - INFO - Epoch:6, Episode:2, Steps Left:90000/5000/100000, Reward:809.000000, fps:462.068684, Exploration:0.100000, Collision:0.032600/163 , Avg Loss:157.007538/1000, Avg Q Value:7.662131/4487 
2017-04-19 00:35:30,125 - root - INFO - Epoch:6, Episode:3, Steps Left:85000/5000/100000, Reward:556.000000, fps:458.686727, Exploration:0.100000, Collision:0.028800/144 , Avg Loss:189.473923/1000, Avg Q Value:6.652673/4501 
2017-04-19 00:35:40,030 - root - INFO - Epoch:6, Episode:4, Steps Left:80000/5000/100000, Reward:635.000000, fps:504.806969, Exploration:0.100000, Collision:0.024600/123 , Avg Loss:192.081177/1000, Avg Q Value:5.853714/4511 
2017-04-19 00:35:50,296 - root - INFO - Epoch:6, Episode:5, Steps Left:75000/5000/100000, Reward:701.000000, fps:487.014254, Exploration:0.100000, Collision:0.036800/184 , Avg Loss:211.537460/1000, Avg Q Value:7.946006/4543 
2017-04-19 00:36:00,316 - root - INFO - Epoch:6, Episode:6, Steps Left:70000/5000/100000, Reward:703.000000, fps:499.032822, Exploration:0.100000, Collision:0.031000/155 , Avg Loss:165.187897/1000, Avg Q Value:6.305199/4477 
2017-04-19 00:36:10,123 - root - INFO - Epoch:6, Episode:7, Steps Left:65000/5000/100000, Reward:468.000000, fps:509.863676, Exploration:0.100000, Collision:0.022800/114 , Avg Loss:216.559235/1000, Avg Q Value:3.071823/4486 
2017-04-19 00:36:20,508 - root - INFO - Epoch:6, Episode:8, Steps Left:60000/5000/100000, Reward:620.000000, fps:481.463926, Exploration:0.100000, Collision:0.021800/109 , Avg Loss:198.712189/1000, Avg Q Value:4.243983/4518 
2017-04-19 00:36:31,646 - root - INFO - Epoch:6, Episode:9, Steps Left:55000/5000/100000, Reward:385.000000, fps:448.892508, Exploration:0.100000, Collision:0.027400/137 , Avg Loss:232.012192/1000, Avg Q Value:0.759160/4461 
2017-04-19 00:36:42,102 - root - INFO - Epoch:6, Episode:10, Steps Left:50000/5000/100000, Reward:775.000000, fps:478.198270, Exploration:0.100000, Collision:0.033200/166 , Avg Loss:232.369476/1000, Avg Q Value:10.004508/4528 
2017-04-19 00:36:52,051 - root - INFO - Epoch:6, Episode:11, Steps Left:45000/5000/100000, Reward:790.000000, fps:502.618435, Exploration:0.100000, Collision:0.034200/171 , Avg Loss:240.942947/1000, Avg Q Value:10.197453/4519 
2017-04-19 00:37:01,778 - root - INFO - Epoch:6, Episode:12, Steps Left:40000/5000/100000, Reward:772.000000, fps:513.992889, Exploration:0.100000, Collision:0.034200/171 , Avg Loss:228.634506/1000, Avg Q Value:10.002348/4482 
2017-04-19 00:37:11,692 - root - INFO - Epoch:6, Episode:13, Steps Left:35000/5000/100000, Reward:819.000000, fps:504.358925, Exploration:0.100000, Collision:0.027600/138 , Avg Loss:251.806488/1000, Avg Q Value:9.615147/4518 
2017-04-19 00:37:21,503 - root - INFO - Epoch:6, Episode:14, Steps Left:30000/5000/100000, Reward:669.000000, fps:509.646852, Exploration:0.100000, Collision:0.029600/148 , Avg Loss:247.496002/1000, Avg Q Value:8.681864/4487 
2017-04-19 00:37:31,242 - root - INFO - Epoch:6, Episode:15, Steps Left:25000/5000/100000, Reward:545.000000, fps:513.426099, Exploration:0.100000, Collision:0.020000/100 , Avg Loss:234.996536/1000, Avg Q Value:6.324899/4439 
2017-04-19 00:37:40,810 - root - INFO - Epoch:6, Episode:16, Steps Left:20000/5000/100000, Reward:525.000000, fps:522.587214, Exploration:0.100000, Collision:0.022000/110 , Avg Loss:257.989227/1000, Avg Q Value:7.058670/4514 
2017-04-19 00:37:50,632 - root - INFO - Epoch:6, Episode:17, Steps Left:15000/5000/100000, Reward:607.000000, fps:509.032475, Exploration:0.100000, Collision:0.030600/153 , Avg Loss:334.269257/1000, Avg Q Value:8.670943/4490 
2017-04-19 00:38:00,318 - root - INFO - Epoch:6, Episode:18, Steps Left:10000/5000/100000, Reward:694.000000, fps:516.257041, Exploration:0.100000, Collision:0.030600/153 , Avg Loss:317.562317/1000, Avg Q Value:9.722127/4513 
2017-04-19 00:38:10,173 - root - INFO - Epoch:6, Episode:19, Steps Left:5000/5000/100000, Reward:718.000000, fps:507.356008, Exploration:0.100000, Collision:0.035400/177 , Avg Loss:334.173248/1000, Avg Q Value:11.399629/4499 
2017-04-19 00:38:20,106 - root - INFO - Epoch:6, Episode:20, Steps Left:0/5000/100000, Reward:613.000000, fps:503.367022, Exploration:0.100000, Collision:0.028400/142 , Avg Loss:273.864136/1000, Avg Q Value:10.001435/4479 
2017-04-19 00:38:20,108 - root - INFO - Epoch:6, FPS:493.226265, Avg Reward: 653.750000/20
2017-04-19 00:38:29,550 - root - INFO - Epoch:7, Episode:1, Steps Left:95000/5000/100000, Reward:-49.000000, fps:529.528693, Exploration:0.100000, Collision:0.009800/49 , Avg Loss:331.038544/1000, Avg Q Value:-12.925774/4524 
2017-04-19 00:38:38,948 - root - INFO - Epoch:7, Episode:2, Steps Left:90000/5000/100000, Reward:-80.000000, fps:532.055667, Exploration:0.100000, Collision:0.016000/80 , Avg Loss:291.674133/1000, Avg Q Value:-13.022401/4506 
2017-04-19 00:38:48,596 - root - INFO - Epoch:7, Episode:3, Steps Left:85000/5000/100000, Reward:124.000000, fps:518.242763, Exploration:0.100000, Collision:0.018800/94 , Avg Loss:317.592255/1000, Avg Q Value:-2.057787/4503 
2017-04-19 00:38:58,113 - root - INFO - Epoch:7, Episode:4, Steps Left:80000/5000/100000, Reward:-92.000000, fps:525.387413, Exploration:0.100000, Collision:0.018200/91 , Avg Loss:307.240662/1000, Avg Q Value:-13.044799/4539 
2017-04-19 00:39:07,964 - root - INFO - Epoch:7, Episode:5, Steps Left:75000/5000/100000, Reward:604.000000, fps:507.542682, Exploration:0.100000, Collision:0.028000/140 , Avg Loss:326.748993/1000, Avg Q Value:9.766619/4504 
2017-04-19 00:39:17,693 - root - INFO - Epoch:7, Episode:6, Steps Left:70000/5000/100000, Reward:509.000000, fps:513.934154, Exploration:0.100000, Collision:0.030600/153 , Avg Loss:312.261902/1000, Avg Q Value:11.239373/4463 
2017-04-19 00:39:27,494 - root - INFO - Epoch:7, Episode:7, Steps Left:65000/5000/100000, Reward:593.000000, fps:510.159155, Exploration:0.100000, Collision:0.026200/131 , Avg Loss:311.950378/1000, Avg Q Value:10.725350/4506 
2017-04-19 00:39:37,219 - root - INFO - Epoch:7, Episode:8, Steps Left:60000/5000/100000, Reward:299.000000, fps:514.145427, Exploration:0.100000, Collision:0.022200/111 , Avg Loss:327.601715/1000, Avg Q Value:2.353702/4504 
2017-04-19 00:39:48,688 - root - INFO - Epoch:7, Episode:9, Steps Left:55000/5000/100000, Reward:561.000000, fps:435.993877, Exploration:0.100000, Collision:0.030800/154 , Avg Loss:403.847137/1000, Avg Q Value:11.169395/4491 
2017-04-19 00:39:59,545 - root - INFO - Epoch:7, Episode:10, Steps Left:50000/5000/100000, Reward:665.000000, fps:460.524705, Exploration:0.100000, Collision:0.026000/130 , Avg Loss:437.926178/1000, Avg Q Value:10.491144/4526 
2017-04-19 00:40:10,076 - root - INFO - Epoch:7, Episode:11, Steps Left:45000/5000/100000, Reward:767.000000, fps:474.807879, Exploration:0.100000, Collision:0.029800/149 , Avg Loss:390.166107/1000, Avg Q Value:11.736284/4523 
2017-04-19 00:40:20,923 - root - INFO - Epoch:7, Episode:12, Steps Left:40000/5000/100000, Reward:694.000000, fps:460.947468, Exploration:0.100000, Collision:0.031600/158 , Avg Loss:412.205688/1000, Avg Q Value:10.160990/4496 
2017-04-19 00:40:31,025 - root - INFO - Epoch:7, Episode:13, Steps Left:35000/5000/100000, Reward:782.000000, fps:494.981927, Exploration:0.100000, Collision:0.030400/152 , Avg Loss:432.854950/1000, Avg Q Value:11.259325/4477 
2017-04-19 00:40:41,071 - root - INFO - Epoch:7, Episode:14, Steps Left:30000/5000/100000, Reward:728.000000, fps:497.674165, Exploration:0.100000, Collision:0.032000/160 , Avg Loss:432.261719/1000, Avg Q Value:12.164995/4503 
2017-04-19 00:40:50,737 - root - INFO - Epoch:7, Episode:15, Steps Left:25000/5000/100000, Reward:436.000000, fps:517.296582, Exploration:0.100000, Collision:0.032800/164 , Avg Loss:406.455170/1000, Avg Q Value:7.226218/4531 
2017-04-19 00:41:00,498 - root - INFO - Epoch:7, Episode:16, Steps Left:20000/5000/100000, Reward:467.000000, fps:512.278126, Exploration:0.100000, Collision:0.026800/134 , Avg Loss:408.690674/1000, Avg Q Value:5.950547/4533 
2017-04-19 00:41:10,439 - root - INFO - Epoch:7, Episode:17, Steps Left:15000/5000/100000, Reward:691.000000, fps:502.974542, Exploration:0.100000, Collision:0.029400/147 , Avg Loss:409.768646/1000, Avg Q Value:12.814391/4479 
2017-04-19 00:41:20,354 - root - INFO - Epoch:7, Episode:18, Steps Left:10000/5000/100000, Reward:704.000000, fps:504.270722, Exploration:0.100000, Collision:0.032600/163 , Avg Loss:442.121887/1000, Avg Q Value:11.357250/4492 
2017-04-19 00:41:30,059 - root - INFO - Epoch:7, Episode:19, Steps Left:5000/5000/100000, Reward:615.000000, fps:515.237961, Exploration:0.100000, Collision:0.028200/141 , Avg Loss:477.544312/1000, Avg Q Value:13.987292/4501 
2017-04-19 00:41:39,634 - root - INFO - Epoch:7, Episode:20, Steps Left:0/5000/100000, Reward:272.000000, fps:522.165242, Exploration:0.100000, Collision:0.019200/96 , Avg Loss:499.701691/1000, Avg Q Value:-0.420665/4478 
2017-04-19 00:41:39,636 - root - INFO - Epoch:7, FPS:501.186280, Avg Reward: 464.500000/20
2017-04-19 00:41:49,439 - root - INFO - Epoch:8, Episode:1, Steps Left:95000/5000/100000, Reward:478.000000, fps:510.021364, Exploration:0.100000, Collision:0.024000/120 , Avg Loss:420.268158/1000, Avg Q Value:13.391988/4488 
2017-04-19 00:41:59,215 - root - INFO - Epoch:8, Episode:2, Steps Left:90000/5000/100000, Reward:455.000000, fps:511.470336, Exploration:0.100000, Collision:0.018800/94 , Avg Loss:432.504761/1000, Avg Q Value:12.683407/4467 
2017-04-19 00:42:09,018 - root - INFO - Epoch:8, Episode:3, Steps Left:85000/5000/100000, Reward:475.000000, fps:510.054707, Exploration:0.100000, Collision:0.015800/79 , Avg Loss:506.435272/1000, Avg Q Value:13.273196/4481 
2017-04-19 00:42:19,005 - root - INFO - Epoch:8, Episode:4, Steps Left:80000/5000/100000, Reward:481.000000, fps:500.668644, Exploration:0.100000, Collision:0.020000/100 , Avg Loss:501.979034/1000, Avg Q Value:13.897940/4522 
2017-04-19 00:42:29,023 - root - INFO - Epoch:8, Episode:5, Steps Left:75000/5000/100000, Reward:723.000000, fps:499.084626, Exploration:0.100000, Collision:0.034000/170 , Avg Loss:533.877747/1000, Avg Q Value:14.297570/4503 
2017-04-19 00:42:38,939 - root - INFO - Epoch:8, Episode:6, Steps Left:70000/5000/100000, Reward:652.000000, fps:504.287552, Exploration:0.100000, Collision:0.030400/152 , Avg Loss:503.304535/1000, Avg Q Value:14.798716/4522 
2017-04-19 00:42:48,733 - root - INFO - Epoch:8, Episode:7, Steps Left:65000/5000/100000, Reward:573.000000, fps:510.523831, Exploration:0.100000, Collision:0.032200/161 , Avg Loss:505.033569/1000, Avg Q Value:13.910077/4512 
2017-04-19 00:42:58,432 - root - INFO - Epoch:8, Episode:8, Steps Left:60000/5000/100000, Reward:573.000000, fps:515.515841, Exploration:0.100000, Collision:0.028200/141 , Avg Loss:560.415222/1000, Avg Q Value:15.249500/4518 
2017-04-19 00:43:08,525 - root - INFO - Epoch:8, Episode:9, Steps Left:55000/5000/100000, Reward:538.000000, fps:495.382880, Exploration:0.100000, Collision:0.022400/112 , Avg Loss:453.769501/1000, Avg Q Value:10.885281/4506 
2017-04-19 00:43:18,457 - root - INFO - Epoch:8, Episode:10, Steps Left:50000/5000/100000, Reward:631.000000, fps:503.452227, Exploration:0.100000, Collision:0.030000/150 , Avg Loss:432.625854/1000, Avg Q Value:14.130785/4488 
2017-04-19 00:43:28,274 - root - INFO - Epoch:8, Episode:11, Steps Left:45000/5000/100000, Reward:516.000000, fps:509.317454, Exploration:0.100000, Collision:0.029000/145 , Avg Loss:411.875305/1000, Avg Q Value:12.062499/4508 
2017-04-19 00:43:38,129 - root - INFO - Epoch:8, Episode:12, Steps Left:40000/5000/100000, Reward:586.000000, fps:507.348840, Exploration:0.100000, Collision:0.024200/121 , Avg Loss:528.851074/1000, Avg Q Value:10.305185/4516 
2017-04-19 00:43:47,935 - root - INFO - Epoch:8, Episode:13, Steps Left:35000/5000/100000, Reward:572.000000, fps:509.898982, Exploration:0.100000, Collision:0.032800/164 , Avg Loss:588.666626/1000, Avg Q Value:14.458666/4482 
2017-04-19 00:43:57,809 - root - INFO - Epoch:8, Episode:14, Steps Left:30000/5000/100000, Reward:674.000000, fps:506.406960, Exploration:0.100000, Collision:0.028600/143 , Avg Loss:650.486694/1000, Avg Q Value:16.610563/4510 
2017-04-19 00:44:07,627 - root - INFO - Epoch:8, Episode:15, Steps Left:25000/5000/100000, Reward:629.000000, fps:509.270875, Exploration:0.100000, Collision:0.028400/142 , Avg Loss:550.279846/1000, Avg Q Value:15.898401/4485 
2017-04-19 00:44:17,410 - root - INFO - Epoch:8, Episode:16, Steps Left:20000/5000/100000, Reward:683.000000, fps:511.067888, Exploration:0.100000, Collision:0.029800/149 , Avg Loss:594.752136/1000, Avg Q Value:17.236223/4540 
2017-04-19 00:44:27,172 - root - INFO - Epoch:8, Episode:17, Steps Left:15000/5000/100000, Reward:602.000000, fps:512.234195, Exploration:0.100000, Collision:0.024800/124 , Avg Loss:557.499573/1000, Avg Q Value:18.657316/4490 
2017-04-19 00:44:36,814 - root - INFO - Epoch:8, Episode:18, Steps Left:10000/5000/100000, Reward:233.000000, fps:518.545959, Exploration:0.100000, Collision:0.020600/103 , Avg Loss:606.322327/1000, Avg Q Value:1.522342/4505 
2017-04-19 00:44:46,511 - root - INFO - Epoch:8, Episode:19, Steps Left:5000/5000/100000, Reward:417.000000, fps:515.633644, Exploration:0.100000, Collision:0.020600/103 , Avg Loss:480.648010/1000, Avg Q Value:17.230507/4490 
2017-04-19 00:44:55,979 - root - INFO - Epoch:8, Episode:20, Steps Left:0/5000/100000, Reward:275.000000, fps:528.120903, Exploration:0.100000, Collision:0.021600/108 , Avg Loss:653.836975/1000, Avg Q Value:4.231952/4521 
2017-04-19 00:44:55,980 - root - INFO - Epoch:8, FPS:509.311970, Avg Reward: 538.300000/20
2017-04-19 00:45:05,582 - root - INFO - Epoch:9, Episode:1, Steps Left:95000/5000/100000, Reward:204.000000, fps:520.719807, Exploration:0.100000, Collision:0.025400/127 , Avg Loss:677.067017/1000, Avg Q Value:4.354040/4517 
2017-04-19 00:45:15,402 - root - INFO - Epoch:9, Episode:2, Steps Left:90000/5000/100000, Reward:372.000000, fps:509.184679, Exploration:0.100000, Collision:0.022600/113 , Avg Loss:575.234131/1000, Avg Q Value:11.640325/4514 
2017-04-19 00:45:25,317 - root - INFO - Epoch:9, Episode:3, Steps Left:85000/5000/100000, Reward:509.000000, fps:504.327026, Exploration:0.100000, Collision:0.038000/190 , Avg Loss:636.689819/1000, Avg Q Value:17.224303/4520 
2017-04-19 00:45:34,989 - root - INFO - Epoch:9, Episode:4, Steps Left:80000/5000/100000, Reward:510.000000, fps:516.927304, Exploration:0.100000, Collision:0.030800/154 , Avg Loss:652.177490/1000, Avg Q Value:15.409986/4503 
2017-04-19 00:45:44,755 - root - INFO - Epoch:9, Episode:5, Steps Left:75000/5000/100000, Reward:536.000000, fps:511.989825, Exploration:0.100000, Collision:0.033200/166 , Avg Loss:632.827881/1000, Avg Q Value:18.130990/4479 
2017-04-19 00:45:54,391 - root - INFO - Epoch:9, Episode:6, Steps Left:70000/5000/100000, Reward:572.000000, fps:518.891220, Exploration:0.100000, Collision:0.024800/124 , Avg Loss:515.526184/1000, Avg Q Value:16.862546/4516 
2017-04-19 00:46:04,211 - root - INFO - Epoch:9, Episode:7, Steps Left:65000/5000/100000, Reward:463.000000, fps:509.165640, Exploration:0.100000, Collision:0.031000/155 , Avg Loss:625.316406/1000, Avg Q Value:12.160345/4503 
2017-04-19 00:46:13,941 - root - INFO - Epoch:9, Episode:8, Steps Left:60000/5000/100000, Reward:377.000000, fps:513.891197, Exploration:0.100000, Collision:0.034800/174 , Avg Loss:659.755249/1000, Avg Q Value:13.853506/4488 
2017-04-19 00:46:23,726 - root - INFO - Epoch:9, Episode:9, Steps Left:55000/5000/100000, Reward:294.000000, fps:511.015136, Exploration:0.100000, Collision:0.024400/122 , Avg Loss:681.989502/1000, Avg Q Value:2.798879/4464 
2017-04-19 00:46:33,327 - root - INFO - Epoch:9, Episode:10, Steps Left:50000/5000/100000, Reward:315.000000, fps:520.760214, Exploration:0.100000, Collision:0.028200/141 , Avg Loss:705.447571/1000, Avg Q Value:6.171723/4466 
2017-04-19 00:46:42,725 - root - INFO - Epoch:9, Episode:11, Steps Left:45000/5000/100000, Reward:9.000000, fps:532.027011, Exploration:0.100000, Collision:0.014800/74 , Avg Loss:621.326538/1000, Avg Q Value:-10.927548/4498 
2017-04-19 00:46:52,141 - root - INFO - Epoch:9, Episode:12, Steps Left:40000/5000/100000, Reward:-64.000000, fps:531.025761, Exploration:0.100000, Collision:0.012400/62 , Avg Loss:790.009277/1000, Avg Q Value:-14.388784/4501 
2017-04-19 00:47:01,949 - root - INFO - Epoch:9, Episode:13, Steps Left:35000/5000/100000, Reward:527.000000, fps:509.835799, Exploration:0.100000, Collision:0.028000/140 , Avg Loss:669.012756/1000, Avg Q Value:21.000532/4529 
2017-04-19 00:47:11,872 - root - INFO - Epoch:9, Episode:14, Steps Left:30000/5000/100000, Reward:510.000000, fps:503.850380, Exploration:0.100000, Collision:0.027200/136 , Avg Loss:685.585022/1000, Avg Q Value:21.922079/4504 
2017-04-19 00:47:21,767 - root - INFO - Epoch:9, Episode:15, Steps Left:25000/5000/100000, Reward:457.000000, fps:505.331658, Exploration:0.100000, Collision:0.027400/137 , Avg Loss:803.891968/1000, Avg Q Value:16.262163/4514 
2017-04-19 00:47:31,649 - root - INFO - Epoch:9, Episode:16, Steps Left:20000/5000/100000, Reward:549.000000, fps:505.961957, Exploration:0.100000, Collision:0.028800/144 , Avg Loss:847.357239/1000, Avg Q Value:19.036799/4512 
2017-04-19 00:47:41,407 - root - INFO - Epoch:9, Episode:17, Steps Left:15000/5000/100000, Reward:256.000000, fps:512.445612, Exploration:0.100000, Collision:0.015800/79 , Avg Loss:815.162720/1000, Avg Q Value:16.948186/4496 
2017-04-19 00:47:51,292 - root - INFO - Epoch:9, Episode:18, Steps Left:10000/5000/100000, Reward:380.000000, fps:505.822373, Exploration:0.100000, Collision:0.018200/91 , Avg Loss:695.343933/1000, Avg Q Value:19.927642/4493 
2017-04-19 00:48:01,067 - root - INFO - Epoch:9, Episode:19, Steps Left:5000/5000/100000, Reward:544.000000, fps:511.496758, Exploration:0.100000, Collision:0.040400/202 , Avg Loss:674.392639/1000, Avg Q Value:22.064163/4526 
2017-04-19 00:48:10,730 - root - INFO - Epoch:9, Episode:20, Steps Left:0/5000/100000, Reward:619.000000, fps:517.431170, Exploration:0.100000, Collision:0.035400/177 , Avg Loss:719.068298/1000, Avg Q Value:21.026055/4499 
2017-04-19 00:48:10,732 - root - INFO - Epoch:9, FPS:513.478666, Avg Reward: 396.950000/20
2017-04-19 00:48:20,487 - root - INFO - Epoch:10, Episode:1, Steps Left:95000/5000/100000, Reward:667.000000, fps:512.565123, Exploration:0.100000, Collision:0.031400/157 , Avg Loss:795.602356/1000, Avg Q Value:19.651486/4490 
2017-04-19 00:48:30,298 - root - INFO - Epoch:10, Episode:2, Steps Left:90000/5000/100000, Reward:494.000000, fps:509.611829, Exploration:0.100000, Collision:0.035800/179 , Avg Loss:759.102478/1000, Avg Q Value:16.227707/4476 
2017-04-19 00:48:39,677 - root - INFO - Epoch:10, Episode:3, Steps Left:85000/5000/100000, Reward:-70.000000, fps:533.102287, Exploration:0.100000, Collision:0.014000/70 , Avg Loss:859.695801/1000, Avg Q Value:-15.037326/4481 
2017-04-19 00:48:49,126 - root - INFO - Epoch:10, Episode:4, Steps Left:80000/5000/100000, Reward:97.000000, fps:529.151765, Exploration:0.100000, Collision:0.020200/101 , Avg Loss:729.109009/1000, Avg Q Value:-4.396618/4520 
2017-04-19 00:48:58,596 - root - INFO - Epoch:10, Episode:5, Steps Left:75000/5000/100000, Reward:422.000000, fps:528.040374, Exploration:0.100000, Collision:0.022800/114 , Avg Loss:660.692200/1000, Avg Q Value:17.240979/4484 
2017-04-19 00:49:08,248 - root - INFO - Epoch:10, Episode:6, Steps Left:70000/5000/100000, Reward:430.000000, fps:518.005986, Exploration:0.100000, Collision:0.024600/123 , Avg Loss:857.742188/1000, Avg Q Value:16.708810/4500 
2017-04-19 00:49:17,874 - root - INFO - Epoch:10, Episode:7, Steps Left:65000/5000/100000, Reward:280.000000, fps:519.450835, Exploration:0.100000, Collision:0.023800/119 , Avg Loss:879.332886/1000, Avg Q Value:3.769574/4502 
2017-04-19 00:49:27,062 - root - INFO - Epoch:10, Episode:8, Steps Left:60000/5000/100000, Reward:-25.000000, fps:544.165989, Exploration:0.100000, Collision:0.014200/71 , Avg Loss:787.513123/1000, Avg Q Value:-11.720679/4514 
2017-04-19 00:49:36,707 - root - INFO - Epoch:10, Episode:9, Steps Left:55000/5000/100000, Reward:417.000000, fps:518.437831, Exploration:0.100000, Collision:0.025600/128 , Avg Loss:754.373657/1000, Avg Q Value:16.036555/4476 
2017-04-19 00:49:46,131 - root - INFO - Epoch:10, Episode:10, Steps Left:50000/5000/100000, Reward:-22.000000, fps:530.575089, Exploration:0.100000, Collision:0.022800/114 , Avg Loss:761.783386/1000, Avg Q Value:-10.813654/4502 
2017-04-19 00:49:55,876 - root - INFO - Epoch:10, Episode:11, Steps Left:45000/5000/100000, Reward:456.000000, fps:513.078580, Exploration:0.100000, Collision:0.032600/163 , Avg Loss:846.952637/1000, Avg Q Value:20.329920/4477 
2017-04-19 00:50:05,734 - root - INFO - Epoch:10, Episode:12, Steps Left:40000/5000/100000, Reward:271.000000, fps:507.218070, Exploration:0.100000, Collision:0.028400/142 , Avg Loss:729.709351/1000, Avg Q Value:8.034826/4453 
2017-04-19 00:50:15,239 - root - INFO - Epoch:10, Episode:13, Steps Left:35000/5000/100000, Reward:157.000000, fps:526.051825, Exploration:0.100000, Collision:0.018600/93 , Avg Loss:730.261108/1000, Avg Q Value:-2.420375/4490 
2017-04-19 00:50:24,910 - root - INFO - Epoch:10, Episode:14, Steps Left:30000/5000/100000, Reward:-36.000000, fps:516.994959, Exploration:0.100000, Collision:0.014800/74 , Avg Loss:971.334778/1000, Avg Q Value:-14.308204/4519 
2017-04-19 00:50:34,627 - root - INFO - Epoch:10, Episode:15, Steps Left:25000/5000/100000, Reward:506.000000, fps:514.580326, Exploration:0.100000, Collision:0.031400/157 , Avg Loss:855.894592/1000, Avg Q Value:22.536663/4475 
2017-04-19 00:50:44,318 - root - INFO - Epoch:10, Episode:16, Steps Left:20000/5000/100000, Reward:539.000000, fps:515.961313, Exploration:0.100000, Collision:0.029800/149 , Avg Loss:867.961792/1000, Avg Q Value:26.237190/4486 
2017-04-19 00:50:53,862 - root - INFO - Epoch:10, Episode:17, Steps Left:15000/5000/100000, Reward:282.000000, fps:523.869598, Exploration:0.100000, Collision:0.021800/109 , Avg Loss:757.171631/1000, Avg Q Value:16.818383/4514 
2017-04-19 00:51:03,340 - root - INFO - Epoch:10, Episode:18, Steps Left:10000/5000/100000, Reward:48.000000, fps:527.545581, Exploration:0.100000, Collision:0.026800/134 , Avg Loss:836.643616/1000, Avg Q Value:0.118192/4543 
2017-04-19 00:51:13,050 - root - INFO - Epoch:10, Episode:19, Steps Left:5000/5000/100000, Reward:475.000000, fps:514.954122, Exploration:0.100000, Collision:0.022200/111 , Avg Loss:920.656250/1000, Avg Q Value:19.630998/4513 
2017-04-19 00:51:22,637 - root - INFO - Epoch:10, Episode:20, Steps Left:0/5000/100000, Reward:465.000000, fps:521.570163, Exploration:0.100000, Collision:0.028000/140 , Avg Loss:919.528992/1000, Avg Q Value:20.888829/4488 
2017-04-19 00:51:22,638 - root - INFO - Epoch:10, FPS:521.090804, Avg Reward: 292.650000/20
2017-04-19 00:51:32,341 - root - INFO - Epoch:11, Episode:1, Steps Left:95000/5000/100000, Reward:537.000000, fps:515.300084, Exploration:0.100000, Collision:0.036200/181 , Avg Loss:848.287048/1000, Avg Q Value:23.798883/4509 
2017-04-19 00:51:42,080 - root - INFO - Epoch:11, Episode:2, Steps Left:90000/5000/100000, Reward:420.000000, fps:513.395041, Exploration:0.100000, Collision:0.035800/179 , Avg Loss:940.167236/1000, Avg Q Value:20.358694/4496 
2017-04-19 00:51:51,799 - root - INFO - Epoch:11, Episode:3, Steps Left:85000/5000/100000, Reward:512.000000, fps:514.457224, Exploration:0.100000, Collision:0.026800/134 , Avg Loss:853.265686/1000, Avg Q Value:28.300049/4466 
2017-04-19 00:52:01,435 - root - INFO - Epoch:11, Episode:4, Steps Left:80000/5000/100000, Reward:297.000000, fps:518.914061, Exploration:0.100000, Collision:0.025000/125 , Avg Loss:859.411194/1000, Avg Q Value:15.960015/4538 
2017-04-19 00:52:10,617 - root - INFO - Epoch:11, Episode:5, Steps Left:75000/5000/100000, Reward:-61.000000, fps:544.562653, Exploration:0.100000, Collision:0.012000/60 , Avg Loss:937.633850/1000, Avg Q Value:-17.012895/4492 
2017-04-19 00:52:19,784 - root - INFO - Epoch:11, Episode:6, Steps Left:70000/5000/100000, Reward:-54.000000, fps:545.419955, Exploration:0.100000, Collision:0.010600/53 , Avg Loss:919.790771/1000, Avg Q Value:-17.128033/4492 
2017-04-19 00:52:29,210 - root - INFO - Epoch:11, Episode:7, Steps Left:65000/5000/100000, Reward:-31.000000, fps:530.471829, Exploration:0.100000, Collision:0.016600/83 , Avg Loss:1010.651001/1000, Avg Q Value:-12.128533/4474 
2017-04-19 00:52:38,577 - root - INFO - Epoch:11, Episode:8, Steps Left:60000/5000/100000, Reward:17.000000, fps:533.815051, Exploration:0.100000, Collision:0.013200/66 , Avg Loss:970.502014/1000, Avg Q Value:-11.875563/4533 
2017-04-19 00:52:48,191 - root - INFO - Epoch:11, Episode:9, Steps Left:55000/5000/100000, Reward:266.000000, fps:520.089332, Exploration:0.100000, Collision:0.009800/49 , Avg Loss:966.723877/1000, Avg Q Value:26.334398/4495 
2017-04-19 00:52:57,946 - root - INFO - Epoch:11, Episode:10, Steps Left:50000/5000/100000, Reward:8.000000, fps:512.573003, Exploration:0.100000, Collision:0.013800/69 , Avg Loss:1037.574585/1000, Avg Q Value:-6.651841/4503 
2017-04-19 00:53:07,554 - root - INFO - Epoch:11, Episode:11, Steps Left:45000/5000/100000, Reward:178.000000, fps:520.388508, Exploration:0.100000, Collision:0.013000/65 , Avg Loss:1000.564941/1000, Avg Q Value:16.974425/4495 
2017-04-19 00:53:16,997 - root - INFO - Epoch:11, Episode:12, Steps Left:40000/5000/100000, Reward:138.000000, fps:529.513771, Exploration:0.100000, Collision:0.015400/77 , Avg Loss:1002.597656/1000, Avg Q Value:14.972548/4507 
2017-04-19 00:53:26,492 - root - INFO - Epoch:11, Episode:13, Steps Left:35000/5000/100000, Reward:292.000000, fps:526.585069, Exploration:0.100000, Collision:0.027400/137 , Avg Loss:1076.296753/1000, Avg Q Value:21.984453/4494 
2017-04-19 00:53:36,170 - root - INFO - Epoch:11, Episode:14, Steps Left:30000/5000/100000, Reward:337.000000, fps:516.625361, Exploration:0.100000, Collision:0.024200/121 , Avg Loss:1035.240112/1000, Avg Q Value:21.066107/4500 
2017-04-19 00:53:45,590 - root - INFO - Epoch:11, Episode:15, Steps Left:25000/5000/100000, Reward:-72.000000, fps:530.810292, Exploration:0.100000, Collision:0.014200/71 , Avg Loss:1003.523804/1000, Avg Q Value:-17.495633/4546 
2017-04-19 00:53:54,947 - root - INFO - Epoch:11, Episode:16, Steps Left:20000/5000/100000, Reward:-58.000000, fps:534.340345, Exploration:0.100000, Collision:0.011800/59 , Avg Loss:974.021423/1000, Avg Q Value:-17.229954/4502 
2017-04-19 00:54:04,212 - root - INFO - Epoch:11, Episode:17, Steps Left:15000/5000/100000, Reward:-14.000000, fps:539.724943, Exploration:0.100000, Collision:0.018600/93 , Avg Loss:1160.726074/1000, Avg Q Value:-12.650547/4486 
2017-04-19 00:54:13,755 - root - INFO - Epoch:11, Episode:18, Steps Left:10000/5000/100000, Reward:56.000000, fps:523.910863, Exploration:0.100000, Collision:0.019800/99 , Avg Loss:968.981323/1000, Avg Q Value:-6.812082/4512 
2017-04-19 00:54:23,336 - root - INFO - Epoch:11, Episode:19, Steps Left:5000/5000/100000, Reward:449.000000, fps:521.878292, Exploration:0.100000, Collision:0.020200/101 , Avg Loss:1089.592163/1000, Avg Q Value:27.964340/4477 
2017-04-19 00:54:33,123 - root - INFO - Epoch:11, Episode:20, Steps Left:0/5000/100000, Reward:387.000000, fps:510.880267, Exploration:0.100000, Collision:0.020400/102 , Avg Loss:1141.782715/1000, Avg Q Value:27.207474/4508 
2017-04-19 00:54:33,125 - root - INFO - Epoch:11, FPS:524.974080, Avg Reward: 180.200000/20
2017-04-19 00:54:42,469 - root - INFO - Epoch:12, Episode:1, Steps Left:95000/5000/100000, Reward:164.000000, fps:535.084357, Exploration:0.100000, Collision:0.007800/39 , Avg Loss:1233.243408/1000, Avg Q Value:25.392047/4503 
2017-04-19 00:54:51,988 - root - INFO - Epoch:12, Episode:2, Steps Left:90000/5000/100000, Reward:-57.000000, fps:525.272702, Exploration:0.100000, Collision:0.016000/80 , Avg Loss:1092.307129/1000, Avg Q Value:-13.441956/4535 
2017-04-19 00:55:01,493 - root - INFO - Epoch:12, Episode:3, Steps Left:85000/5000/100000, Reward:365.000000, fps:526.062672, Exploration:0.100000, Collision:0.019600/98 , Avg Loss:1367.860840/1000, Avg Q Value:21.617489/4489 
2017-04-19 00:55:11,117 - root - INFO - Epoch:12, Episode:4, Steps Left:80000/5000/100000, Reward:392.000000, fps:519.533361, Exploration:0.100000, Collision:0.024000/120 , Avg Loss:1146.321289/1000, Avg Q Value:26.098649/4513 
2017-04-19 00:55:20,654 - root - INFO - Epoch:12, Episode:5, Steps Left:75000/5000/100000, Reward:289.000000, fps:524.274762, Exploration:0.100000, Collision:0.016400/82 , Avg Loss:1194.868774/1000, Avg Q Value:29.330780/4510 
2017-04-19 00:55:30,039 - root - INFO - Epoch:12, Episode:6, Steps Left:70000/5000/100000, Reward:243.000000, fps:532.780887, Exploration:0.100000, Collision:0.013600/68 , Avg Loss:1013.956970/1000, Avg Q Value:28.034626/4507 
2017-04-19 00:55:39,639 - root - INFO - Epoch:12, Episode:7, Steps Left:65000/5000/100000, Reward:361.000000, fps:520.866493, Exploration:0.100000, Collision:0.018000/90 , Avg Loss:996.831238/1000, Avg Q Value:29.315473/4514 
2017-04-19 00:55:49,322 - root - INFO - Epoch:12, Episode:8, Steps Left:60000/5000/100000, Reward:369.000000, fps:516.333813, Exploration:0.100000, Collision:0.016400/82 , Avg Loss:943.801147/1000, Avg Q Value:26.648953/4488 
2017-04-19 00:55:58,613 - root - INFO - Epoch:12, Episode:9, Steps Left:55000/5000/100000, Reward:-57.000000, fps:538.195165, Exploration:0.100000, Collision:0.020800/104 , Avg Loss:1057.845581/1000, Avg Q Value:-14.128940/4496 
2017-04-19 00:56:07,966 - root - INFO - Epoch:12, Episode:10, Steps Left:50000/5000/100000, Reward:-91.000000, fps:534.580969, Exploration:0.100000, Collision:0.018200/91 , Avg Loss:1365.898438/1000, Avg Q Value:-17.925636/4532 
2017-04-19 00:56:17,478 - root - INFO - Epoch:12, Episode:11, Steps Left:45000/5000/100000, Reward:324.000000, fps:525.679763, Exploration:0.100000, Collision:0.022400/112 , Avg Loss:1227.505371/1000, Avg Q Value:29.752744/4476 
2017-04-19 00:56:27,040 - root - INFO - Epoch:12, Episode:12, Steps Left:40000/5000/100000, Reward:447.000000, fps:522.910158, Exploration:0.100000, Collision:0.021600/108 , Avg Loss:1034.276611/1000, Avg Q Value:29.430534/4463 
2017-04-19 00:56:36,652 - root - INFO - Epoch:12, Episode:13, Steps Left:35000/5000/100000, Reward:333.000000, fps:520.187157, Exploration:0.100000, Collision:0.024000/120 , Avg Loss:1439.100342/1000, Avg Q Value:18.872524/4524 
2017-04-19 00:56:46,344 - root - INFO - Epoch:12, Episode:14, Steps Left:30000/5000/100000, Reward:405.000000, fps:515.872406, Exploration:0.100000, Collision:0.024600/123 , Avg Loss:1266.628052/1000, Avg Q Value:22.413437/4481 
2017-04-19 00:56:56,181 - root - INFO - Epoch:12, Episode:15, Steps Left:25000/5000/100000, Reward:374.000000, fps:508.317195, Exploration:0.100000, Collision:0.025000/125 , Avg Loss:1304.983276/1000, Avg Q Value:26.498896/4523 
2017-04-19 00:57:05,947 - root - INFO - Epoch:12, Episode:16, Steps Left:20000/5000/100000, Reward:372.000000, fps:511.993863, Exploration:0.100000, Collision:0.026800/134 , Avg Loss:1243.704834/1000, Avg Q Value:25.887286/4527 
2017-04-19 00:57:15,643 - root - INFO - Epoch:12, Episode:17, Steps Left:15000/5000/100000, Reward:436.000000, fps:515.666951, Exploration:0.100000, Collision:0.025600/128 , Avg Loss:1249.458618/1000, Avg Q Value:31.731584/4475 
2017-04-19 00:57:25,295 - root - INFO - Epoch:12, Episode:18, Steps Left:10000/5000/100000, Reward:354.000000, fps:518.019472, Exploration:0.100000, Collision:0.023600/118 , Avg Loss:1235.309204/1000, Avg Q Value:32.017410/4525 
2017-04-19 00:57:34,552 - root - INFO - Epoch:12, Episode:19, Steps Left:5000/5000/100000, Reward:-21.000000, fps:540.185831, Exploration:0.100000, Collision:0.013200/66 , Avg Loss:1378.592651/1000, Avg Q Value:-13.027999/4494 
2017-04-19 00:57:43,963 - root - INFO - Epoch:12, Episode:20, Steps Left:0/5000/100000, Reward:57.000000, fps:531.279102, Exploration:0.100000, Collision:0.018400/92 , Avg Loss:1235.805054/1000, Avg Q Value:-4.377943/4512 
2017-04-19 00:57:43,964 - root - INFO - Epoch:12, FPS:524.003807, Avg Reward: 252.950000/20
2017-04-19 00:57:53,478 - root - INFO - Epoch:13, Episode:1, Steps Left:95000/5000/100000, Reward:334.000000, fps:525.587265, Exploration:0.100000, Collision:0.024000/120 , Avg Loss:1120.816528/1000, Avg Q Value:25.672451/4534 
2017-04-19 00:58:03,262 - root - INFO - Epoch:13, Episode:2, Steps Left:90000/5000/100000, Reward:343.000000, fps:511.006780, Exploration:0.100000, Collision:0.020800/104 , Avg Loss:1267.262939/1000, Avg Q Value:26.210073/4484 
2017-04-19 00:58:12,857 - root - INFO - Epoch:13, Episode:3, Steps Left:85000/5000/100000, Reward:299.000000, fps:521.155685, Exploration:0.100000, Collision:0.021400/107 , Avg Loss:1305.680420/1000, Avg Q Value:29.061753/4482 
2017-04-19 00:58:22,402 - root - INFO - Epoch:13, Episode:4, Steps Left:80000/5000/100000, Reward:359.000000, fps:523.795122, Exploration:0.100000, Collision:0.020200/101 , Avg Loss:1345.709351/1000, Avg Q Value:30.084230/4496 
2017-04-19 00:58:32,087 - root - INFO - Epoch:13, Episode:5, Steps Left:75000/5000/100000, Reward:330.000000, fps:516.314720, Exploration:0.100000, Collision:0.027600/138 , Avg Loss:1347.892822/1000, Avg Q Value:25.301639/4507 
2017-04-19 00:58:41,639 - root - INFO - Epoch:13, Episode:6, Steps Left:70000/5000/100000, Reward:333.000000, fps:523.414748, Exploration:0.100000, Collision:0.025400/127 , Avg Loss:1260.988770/1000, Avg Q Value:20.540587/4512 
2017-04-19 00:58:51,478 - root - INFO - Epoch:13, Episode:7, Steps Left:65000/5000/100000, Reward:295.000000, fps:508.187724, Exploration:0.100000, Collision:0.025400/127 , Avg Loss:1360.615479/1000, Avg Q Value:22.678723/4498 
2017-04-19 00:59:01,136 - root - INFO - Epoch:13, Episode:8, Steps Left:60000/5000/100000, Reward:292.000000, fps:517.716521, Exploration:0.100000, Collision:0.023000/115 , Avg Loss:1167.659546/1000, Avg Q Value:18.155342/4497 
2017-04-19 00:59:10,611 - root - INFO - Epoch:13, Episode:9, Steps Left:55000/5000/100000, Reward:97.000000, fps:527.733838, Exploration:0.100000, Collision:0.027600/138 , Avg Loss:1245.443604/1000, Avg Q Value:13.327863/4485 
2017-04-19 00:59:20,337 - root - INFO - Epoch:13, Episode:10, Steps Left:50000/5000/100000, Reward:191.000000, fps:514.110275, Exploration:0.100000, Collision:0.025400/127 , Avg Loss:1336.382935/1000, Avg Q Value:19.754092/4519 
2017-04-19 00:59:29,679 - root - INFO - Epoch:13, Episode:11, Steps Left:45000/5000/100000, Reward:-32.000000, fps:535.225138, Exploration:0.100000, Collision:0.015600/78 , Avg Loss:1159.003174/1000, Avg Q Value:-9.287505/4483 
2017-04-19 00:59:38,987 - root - INFO - Epoch:13, Episode:12, Steps Left:40000/5000/100000, Reward:-45.000000, fps:537.167545, Exploration:0.100000, Collision:0.013200/66 , Avg Loss:1529.577393/1000, Avg Q Value:-15.386710/4511 
2017-04-19 00:59:48,469 - root - INFO - Epoch:13, Episode:13, Steps Left:35000/5000/100000, Reward:272.000000, fps:527.312414, Exploration:0.100000, Collision:0.027000/135 , Avg Loss:1178.479736/1000, Avg Q Value:16.861836/4495 
2017-04-19 00:59:58,104 - root - INFO - Epoch:13, Episode:14, Steps Left:30000/5000/100000, Reward:373.000000, fps:518.935273, Exploration:0.100000, Collision:0.023800/119 , Avg Loss:1421.473877/1000, Avg Q Value:23.462786/4502 
2017-04-19 01:00:07,940 - root - INFO - Epoch:13, Episode:15, Steps Left:25000/5000/100000, Reward:507.000000, fps:508.338067, Exploration:0.100000, Collision:0.031000/155 , Avg Loss:1133.416504/1000, Avg Q Value:33.229060/4517 
2017-04-19 01:00:17,554 - root - INFO - Epoch:13, Episode:16, Steps Left:20000/5000/100000, Reward:444.000000, fps:520.082032, Exploration:0.100000, Collision:0.034800/174 , Avg Loss:1596.362061/1000, Avg Q Value:28.960670/4487 
2017-04-19 01:00:27,311 - root - INFO - Epoch:13, Episode:17, Steps Left:15000/5000/100000, Reward:400.000000, fps:512.492310, Exploration:0.100000, Collision:0.029600/148 , Avg Loss:1503.634644/1000, Avg Q Value:26.569003/4502 
2017-04-19 01:00:36,937 - root - INFO - Epoch:13, Episode:18, Steps Left:10000/5000/100000, Reward:439.000000, fps:519.407067, Exploration:0.100000, Collision:0.028000/140 , Avg Loss:1531.884888/1000, Avg Q Value:28.154433/4552 
2017-04-19 01:00:46,578 - root - INFO - Epoch:13, Episode:19, Steps Left:5000/5000/100000, Reward:282.000000, fps:518.633944, Exploration:0.100000, Collision:0.027000/135 , Avg Loss:1541.933472/1000, Avg Q Value:20.524903/4501 
2017-04-19 01:00:56,212 - root - INFO - Epoch:13, Episode:20, Steps Left:0/5000/100000, Reward:323.000000, fps:519.002068, Exploration:0.100000, Collision:0.029000/145 , Avg Loss:1273.419434/1000, Avg Q Value:20.469742/4484 
2017-04-19 01:00:56,213 - root - INFO - Epoch:13, FPS:520.161662, Avg Reward: 291.800000/20
2017-04-19 01:01:05,827 - root - INFO - Epoch:14, Episode:1, Steps Left:95000/5000/100000, Reward:311.000000, fps:520.112008, Exploration:0.100000, Collision:0.022200/111 , Avg Loss:1607.472046/1000, Avg Q Value:27.338290/4513 
2017-04-19 01:01:15,631 - root - INFO - Epoch:14, Episode:2, Steps Left:90000/5000/100000, Reward:297.000000, fps:510.017506, Exploration:0.100000, Collision:0.030600/153 , Avg Loss:1414.331421/1000, Avg Q Value:30.386506/4488 
2017-04-19 01:01:25,159 - root - INFO - Epoch:14, Episode:3, Steps Left:85000/5000/100000, Reward:159.000000, fps:524.752957, Exploration:0.100000, Collision:0.017800/89 , Avg Loss:1535.809204/1000, Avg Q Value:24.592360/4498 
2017-04-19 01:01:34,536 - root - INFO - Epoch:14, Episode:4, Steps Left:80000/5000/100000, Reward:159.000000, fps:533.248305, Exploration:0.100000, Collision:0.018600/93 , Avg Loss:1275.813354/1000, Avg Q Value:16.171893/4532 
2017-04-19 01:01:44,108 - root - INFO - Epoch:14, Episode:5, Steps Left:75000/5000/100000, Reward:373.000000, fps:522.371940, Exploration:0.100000, Collision:0.021800/109 , Avg Loss:1433.923706/1000, Avg Q Value:33.433389/4495 
2017-04-19 01:01:53,561 - root - INFO - Epoch:14, Episode:6, Steps Left:70000/5000/100000, Reward:335.000000, fps:528.902409, Exploration:0.100000, Collision:0.017800/89 , Avg Loss:1282.552124/1000, Avg Q Value:36.345137/4501 
2017-04-19 01:02:03,486 - root - INFO - Epoch:14, Episode:7, Steps Left:65000/5000/100000, Reward:416.000000, fps:503.780627, Exploration:0.100000, Collision:0.035200/176 , Avg Loss:1410.028564/1000, Avg Q Value:31.394511/4515 
2017-04-19 01:02:13,051 - root - INFO - Epoch:14, Episode:8, Steps Left:60000/5000/100000, Reward:477.000000, fps:522.780197, Exploration:0.100000, Collision:0.035400/177 , Avg Loss:1501.574341/1000, Avg Q Value:33.065044/4498 
2017-04-19 01:02:22,717 - root - INFO - Epoch:14, Episode:9, Steps Left:55000/5000/100000, Reward:489.000000, fps:517.256506, Exploration:0.100000, Collision:0.036400/182 , Avg Loss:1438.848633/1000, Avg Q Value:33.671735/4490 
2017-04-19 01:02:32,254 - root - INFO - Epoch:14, Episode:10, Steps Left:50000/5000/100000, Reward:594.000000, fps:524.287240, Exploration:0.100000, Collision:0.037400/187 , Avg Loss:1551.302612/1000, Avg Q Value:34.093847/4501 
2017-04-19 01:02:41,739 - root - INFO - Epoch:14, Episode:11, Steps Left:45000/5000/100000, Reward:248.000000, fps:527.187704, Exploration:0.100000, Collision:0.020000/100 , Avg Loss:1604.131226/1000, Avg Q Value:25.754727/4496 
2017-04-19 01:02:51,248 - root - INFO - Epoch:14, Episode:12, Steps Left:40000/5000/100000, Reward:318.000000, fps:525.809509, Exploration:0.100000, Collision:0.014200/71 , Avg Loss:1762.043579/1000, Avg Q Value:23.846325/4499 
2017-04-19 01:03:00,616 - root - INFO - Epoch:14, Episode:13, Steps Left:35000/5000/100000, Reward:158.000000, fps:533.720862, Exploration:0.100000, Collision:0.022400/112 , Avg Loss:1621.579102/1000, Avg Q Value:13.608432/4487 
2017-04-19 01:03:10,096 - root - INFO - Epoch:14, Episode:14, Steps Left:30000/5000/100000, Reward:278.000000, fps:527.431439, Exploration:0.100000, Collision:0.018400/92 , Avg Loss:1728.421997/1000, Avg Q Value:25.179234/4512 
2017-04-19 01:03:19,657 - root - INFO - Epoch:14, Episode:15, Steps Left:25000/5000/100000, Reward:311.000000, fps:523.008290, Exploration:0.100000, Collision:0.033800/169 , Avg Loss:1857.325684/1000, Avg Q Value:26.509549/4489 
2017-04-19 01:03:29,281 - root - INFO - Epoch:14, Episode:16, Steps Left:20000/5000/100000, Reward:385.000000, fps:519.514043, Exploration:0.100000, Collision:0.026800/134 , Avg Loss:1673.004883/1000, Avg Q Value:30.813299/4487 
2017-04-19 01:03:38,693 - root - INFO - Epoch:14, Episode:17, Steps Left:15000/5000/100000, Reward:107.000000, fps:531.266747, Exploration:0.100000, Collision:0.016800/84 , Avg Loss:1580.397949/1000, Avg Q Value:7.201934/4489 
2017-04-19 01:03:48,241 - root - INFO - Epoch:14, Episode:18, Steps Left:10000/5000/100000, Reward:248.000000, fps:523.684140, Exploration:0.100000, Collision:0.023600/118 , Avg Loss:1641.464111/1000, Avg Q Value:24.297569/4503 
2017-04-19 01:03:57,578 - root - INFO - Epoch:14, Episode:19, Steps Left:5000/5000/100000, Reward:68.000000, fps:535.473110, Exploration:0.100000, Collision:0.018000/90 , Avg Loss:1529.065186/1000, Avg Q Value:-3.090118/4501 
2017-04-19 01:04:07,281 - root - INFO - Epoch:14, Episode:20, Steps Left:0/5000/100000, Reward:200.000000, fps:515.339123, Exploration:0.100000, Collision:0.024000/120 , Avg Loss:1449.549805/1000, Avg Q Value:10.796515/4544 
2017-04-19 01:04:07,282 - root - INFO - Epoch:14, FPS:523.375828, Avg Reward: 296.550000/20
2017-04-19 01:04:16,903 - root - INFO - Epoch:15, Episode:1, Steps Left:95000/5000/100000, Reward:389.000000, fps:519.688445, Exploration:0.100000, Collision:0.028400/142 , Avg Loss:1744.329224/1000, Avg Q Value:27.670318/4486 
2017-04-19 01:04:26,630 - root - INFO - Epoch:15, Episode:2, Steps Left:90000/5000/100000, Reward:282.000000, fps:514.037803, Exploration:0.100000, Collision:0.029600/148 , Avg Loss:1600.112793/1000, Avg Q Value:28.049986/4490 
2017-04-19 01:04:36,232 - root - INFO - Epoch:15, Episode:3, Steps Left:85000/5000/100000, Reward:349.000000, fps:520.774258, Exploration:0.100000, Collision:0.014800/74 , Avg Loss:1705.998901/1000, Avg Q Value:29.283227/4496 
2017-04-19 01:04:45,866 - root - INFO - Epoch:15, Episode:4, Steps Left:80000/5000/100000, Reward:436.000000, fps:518.987362, Exploration:0.100000, Collision:0.015200/76 , Avg Loss:1691.655518/1000, Avg Q Value:31.766224/4522 
2017-04-19 01:04:55,438 - root - INFO - Epoch:15, Episode:5, Steps Left:75000/5000/100000, Reward:427.000000, fps:522.379734, Exploration:0.100000, Collision:0.026400/132 , Avg Loss:1594.205200/1000, Avg Q Value:29.222111/4459 
2017-04-19 01:05:05,140 - root - INFO - Epoch:15, Episode:6, Steps Left:70000/5000/100000, Reward:390.000000, fps:515.326207, Exploration:0.100000, Collision:0.027000/135 , Avg Loss:1681.694946/1000, Avg Q Value:30.219088/4528 
2017-04-19 01:05:14,515 - root - INFO - Epoch:15, Episode:7, Steps Left:65000/5000/100000, Reward:249.000000, fps:533.341648, Exploration:0.100000, Collision:0.020200/101 , Avg Loss:1660.856201/1000, Avg Q Value:32.355419/4464 
2017-04-19 01:05:24,020 - root - INFO - Epoch:15, Episode:8, Steps Left:60000/5000/100000, Reward:250.000000, fps:526.082758, Exploration:0.100000, Collision:0.017200/86 , Avg Loss:1524.499878/1000, Avg Q Value:30.328707/4536 
2017-04-19 01:05:33,615 - root - INFO - Epoch:15, Episode:9, Steps Left:55000/5000/100000, Reward:421.000000, fps:521.120538, Exploration:0.100000, Collision:0.017200/86 , Avg Loss:1748.900757/1000, Avg Q Value:36.287594/4497 
2017-04-19 01:05:44,400 - root - INFO - Epoch:15, Episode:10, Steps Left:50000/5000/100000, Reward:408.000000, fps:463.602348, Exploration:0.100000, Collision:0.024000/120 , Avg Loss:1518.277466/1000, Avg Q Value:37.760990/4529 
2017-04-19 01:05:55,976 - root - INFO - Epoch:15, Episode:11, Steps Left:45000/5000/100000, Reward:332.000000, fps:431.928769, Exploration:0.100000, Collision:0.023800/119 , Avg Loss:1530.166870/1000, Avg Q Value:38.443235/4480 
