2017-04-20 09:58:35,394 - root - INFO - Nework Params: 
2017-04-20 09:58:35,394 - root - INFO -    qvalue_weight: <NDArray 4x74 @gpu(0)>
2017-04-20 09:58:35,394 - root - INFO -    fc2_weight: <NDArray 64x128 @gpu(0)>
2017-04-20 09:58:35,394 - root - INFO -    fc1_weight: <NDArray 128x74 @gpu(0)>
2017-04-20 09:58:35,394 - root - INFO -    data: <NDArray 32x74 @gpu(0)>
2017-04-20 09:58:35,394 - root - INFO -    dqn_action: <NDArray 32 @gpu(0)>
2017-04-20 09:58:35,394 - root - INFO -    fc2_bias: <NDArray 64 @gpu(0)>
2017-04-20 09:58:35,394 - root - INFO -    com: <NDArray 32x10 @gpu(0)>
2017-04-20 09:58:35,394 - root - INFO -    dqn_target: <NDArray 32 @gpu(0)>
2017-04-20 09:58:35,394 - root - INFO -    fc1_bias: <NDArray 128 @gpu(0)>
2017-04-20 09:58:35,394 - root - INFO -    qvalue_bias: <NDArray 4 @gpu(0)>
2017-04-20 09:58:35,395 - root - INFO - Nework Aux Params: 
2017-04-20 09:58:35,395 - root - INFO - Optimizer Params: <class 'mxnet.optimizer.Adam'>
2017-04-20 09:58:35,395 - root - INFO -    epsilon: 1e-08
2017-04-20 09:58:35,395 - root - INFO -    beta2: 0.999
2017-04-20 09:58:35,395 - root - INFO -    beta1: 0.9
2017-04-20 09:58:35,395 - root - INFO -    rescale_grad: 1
2017-04-20 09:58:35,395 - root - INFO -    wd: 0.0
2017-04-20 09:58:35,395 - root - INFO -    lr: 0.0002
2017-04-20 09:58:35,395 - root - INFO - Nework Params: 
2017-04-20 09:58:35,395 - root - INFO -    fc2_weight: <NDArray 64x128 @gpu(0)>
2017-04-20 09:58:35,395 - root - INFO -    fc1_weight: <NDArray 128x74 @gpu(0)>
2017-04-20 09:58:35,395 - root - INFO -    signal_bias: <NDArray 10 @gpu(0)>
2017-04-20 09:58:35,395 - root - INFO -    signal_weight: <NDArray 10x64 @gpu(0)>
2017-04-20 09:58:35,395 - root - INFO -    fc2_bias: <NDArray 64 @gpu(0)>
2017-04-20 09:58:35,395 - root - INFO -    data: <NDArray 32x74 @gpu(0)>
2017-04-20 09:58:35,395 - root - INFO -    fc1_bias: <NDArray 128 @gpu(0)>
2017-04-20 09:58:35,395 - root - INFO - Nework Aux Params: 
2017-04-20 09:58:35,395 - root - INFO - Optimizer Params: <class 'mxnet.optimizer.Adam'>
2017-04-20 09:58:35,395 - root - INFO -    epsilon: 1e-08
2017-04-20 09:58:35,395 - root - INFO -    beta2: 0.999
2017-04-20 09:58:35,395 - root - INFO -    beta1: 0.9
2017-04-20 09:58:35,395 - root - INFO -    rescale_grad: 1
2017-04-20 09:58:35,395 - root - INFO -    wd: 0.0
2017-04-20 09:58:35,395 - root - INFO -    lr: 0.0002
2017-04-20 09:58:38,380 - root - INFO - Epoch:0, Episode:1, Steps Left:95000/5000/100000, Reward:-180.000000, fps:1675.435903, Exploration:1.000000, Collision:0.046800/234 
