2017-04-19 13:10:28,030 - root - INFO - Nework Params: 
2017-04-19 13:10:28,030 - root - INFO -    qvalue_weight: <NDArray 4x74 @gpu(0)>
2017-04-19 13:10:28,030 - root - INFO -    fc2_weight: <NDArray 64x128 @gpu(0)>
2017-04-19 13:10:28,030 - root - INFO -    fc1_weight: <NDArray 128x74 @gpu(0)>
2017-04-19 13:10:28,030 - root - INFO -    data: <NDArray 32x74 @gpu(0)>
2017-04-19 13:10:28,030 - root - INFO -    dqn_action: <NDArray 32 @gpu(0)>
2017-04-19 13:10:28,030 - root - INFO -    fc2_bias: <NDArray 64 @gpu(0)>
2017-04-19 13:10:28,030 - root - INFO -    com: <NDArray 32x10 @gpu(0)>
2017-04-19 13:10:28,030 - root - INFO -    dqn_target: <NDArray 32 @gpu(0)>
2017-04-19 13:10:28,030 - root - INFO -    fc1_bias: <NDArray 128 @gpu(0)>
2017-04-19 13:10:28,031 - root - INFO -    qvalue_bias: <NDArray 4 @gpu(0)>
2017-04-19 13:10:28,031 - root - INFO - Nework Aux Params: 
2017-04-19 13:10:28,031 - root - INFO - Optimizer Params: <class 'mxnet.optimizer.Adam'>
2017-04-19 13:10:28,031 - root - INFO -    epsilon: 1e-08
2017-04-19 13:10:28,031 - root - INFO -    beta2: 0.999
2017-04-19 13:10:28,031 - root - INFO -    beta1: 0.9
2017-04-19 13:10:28,031 - root - INFO -    rescale_grad: 1
2017-04-19 13:10:28,031 - root - INFO -    wd: 0.0
2017-04-19 13:10:28,031 - root - INFO -    lr: 0.0002
2017-04-19 13:10:28,031 - root - INFO - Nework Params: 
2017-04-19 13:10:28,031 - root - INFO -    fc2_weight: <NDArray 64x128 @gpu(0)>
2017-04-19 13:10:28,031 - root - INFO -    fc1_weight: <NDArray 128x74 @gpu(0)>
2017-04-19 13:10:28,031 - root - INFO -    signal_bias: <NDArray 10 @gpu(0)>
2017-04-19 13:10:28,031 - root - INFO -    signal_weight: <NDArray 10x64 @gpu(0)>
2017-04-19 13:10:28,031 - root - INFO -    fc2_bias: <NDArray 64 @gpu(0)>
2017-04-19 13:10:28,031 - root - INFO -    data: <NDArray 32x74 @gpu(0)>
2017-04-19 13:10:28,031 - root - INFO -    fc1_bias: <NDArray 128 @gpu(0)>
2017-04-19 13:10:28,031 - root - INFO - Nework Aux Params: 
2017-04-19 13:10:28,031 - root - INFO - Optimizer Params: <class 'mxnet.optimizer.Adam'>
2017-04-19 13:10:28,031 - root - INFO -    epsilon: 1e-08
2017-04-19 13:10:28,031 - root - INFO -    beta2: 0.999
2017-04-19 13:10:28,031 - root - INFO -    beta1: 0.9
2017-04-19 13:10:28,032 - root - INFO -    rescale_grad: 1
2017-04-19 13:10:28,032 - root - INFO -    wd: 0.0
2017-04-19 13:10:28,032 - root - INFO -    lr: 0.0002
2017-04-19 13:10:30,912 - root - INFO - Epoch:0, Episode:1, Steps Left:95000/5000/100000, Reward:-193.000000, fps:1735.690468, Exploration:1.000000, Collision:0.045600/228 
2017-04-19 13:10:33,707 - root - INFO - Epoch:0, Episode:2, Steps Left:90000/5000/100000, Reward:-178.000000, fps:1789.404948, Exploration:1.000000, Collision:0.040800/204 
2017-04-19 13:10:36,503 - root - INFO - Epoch:0, Episode:3, Steps Left:85000/5000/100000, Reward:-178.000000, fps:1788.405745, Exploration:1.000000, Collision:0.047200/236 
2017-04-19 13:10:39,264 - root - INFO - Epoch:0, Episode:4, Steps Left:80000/5000/100000, Reward:-166.000000, fps:1810.945313, Exploration:1.000000, Collision:0.042800/214 
2017-04-19 13:10:42,172 - root - INFO - Epoch:0, Episode:5, Steps Left:75000/5000/100000, Reward:-158.000000, fps:1719.363483, Exploration:1.000000, Collision:0.040800/204 
2017-04-19 13:10:45,033 - root - INFO - Epoch:0, Episode:6, Steps Left:70000/5000/100000, Reward:-125.000000, fps:1748.119636, Exploration:1.000000, Collision:0.039600/198 
2017-04-19 13:10:47,889 - root - INFO - Epoch:0, Episode:7, Steps Left:65000/5000/100000, Reward:-154.000000, fps:1750.636448, Exploration:1.000000, Collision:0.039600/198 
2017-04-19 13:10:50,732 - root - INFO - Epoch:0, Episode:8, Steps Left:60000/5000/100000, Reward:-156.000000, fps:1758.370899, Exploration:1.000000, Collision:0.041000/205 
2017-04-19 13:10:53,570 - root - INFO - Epoch:0, Episode:9, Steps Left:55000/5000/100000, Reward:-159.000000, fps:1762.336893, Exploration:1.000000, Collision:0.043200/216 
2017-04-19 13:10:56,409 - root - INFO - Epoch:0, Episode:10, Steps Left:50000/5000/100000, Reward:-142.000000, fps:1760.898263, Exploration:1.000000, Collision:0.039600/198 
2017-04-19 13:11:03,751 - root - INFO - Epoch:0, Episode:11, Steps Left:45000/5000/100000, Reward:-151.000000, fps:681.034047, Exploration:0.995501, Collision:0.040000/200 , Avg Loss:0.812741/1000, Avg Q Value:0.050550/14 
2017-04-19 13:11:10,640 - root - INFO - Epoch:0, Episode:12, Steps Left:40000/5000/100000, Reward:-130.000000, fps:725.846902, Exploration:0.991001, Collision:0.041000/205 , Avg Loss:0.683359/1000, Avg Q Value:0.069276/35 
2017-04-19 13:11:17,465 - root - INFO - Epoch:0, Episode:13, Steps Left:35000/5000/100000, Reward:-130.000000, fps:732.600292, Exploration:0.986501, Collision:0.038000/190 , Avg Loss:0.736000/1000, Avg Q Value:0.059250/55 
2017-04-19 13:11:24,358 - root - INFO - Epoch:0, Episode:14, Steps Left:30000/5000/100000, Reward:-159.000000, fps:725.366830, Exploration:0.982001, Collision:0.038800/194 , Avg Loss:0.605540/1000, Avg Q Value:0.067971/83 
2017-04-19 13:11:31,357 - root - INFO - Epoch:0, Episode:15, Steps Left:25000/5000/100000, Reward:-146.000000, fps:714.391753, Exploration:0.977501, Collision:0.040000/200 , Avg Loss:0.719939/1000, Avg Q Value:0.104592/90 
2017-04-19 13:11:38,422 - root - INFO - Epoch:0, Episode:16, Steps Left:20000/5000/100000, Reward:-129.000000, fps:707.792542, Exploration:0.973001, Collision:0.038600/193 , Avg Loss:0.739075/1000, Avg Q Value:0.103563/139 
2017-04-19 13:11:45,467 - root - INFO - Epoch:0, Episode:17, Steps Left:15000/5000/100000, Reward:-138.000000, fps:709.750703, Exploration:0.968501, Collision:0.040400/202 , Avg Loss:0.846635/1000, Avg Q Value:0.088096/156 
2017-04-19 13:11:52,501 - root - INFO - Epoch:0, Episode:18, Steps Left:10000/5000/100000, Reward:-142.000000, fps:710.787907, Exploration:0.964001, Collision:0.041800/209 , Avg Loss:0.764013/1000, Avg Q Value:0.075984/173 
2017-04-19 13:11:59,468 - root - INFO - Epoch:0, Episode:19, Steps Left:5000/5000/100000, Reward:-167.000000, fps:717.762545, Exploration:0.959501, Collision:0.041400/207 , Avg Loss:0.722123/1000, Avg Q Value:0.085943/178 
2017-04-19 13:12:06,611 - root - INFO - Epoch:0, Episode:20, Steps Left:0/5000/100000, Reward:-158.000000, fps:699.987764, Exploration:0.955001, Collision:0.041400/207 , Avg Loss:0.671604/1000, Avg Q Value:0.094175/215 
2017-04-19 13:12:06,612 - root - INFO - Epoch:0, FPS:1014.413888, Avg Reward: -152.950000/20
2017-04-19 13:12:13,758 - root - INFO - Epoch:1, Episode:1, Steps Left:95000/5000/100000, Reward:-137.000000, fps:699.694479, Exploration:0.950501, Collision:0.040000/200 , Avg Loss:0.764416/1000, Avg Q Value:0.104550/210 
2017-04-19 13:12:21,089 - root - INFO - Epoch:1, Episode:2, Steps Left:90000/5000/100000, Reward:-169.000000, fps:682.035384, Exploration:0.946001, Collision:0.046000/230 , Avg Loss:0.850744/1000, Avg Q Value:0.098226/257 
2017-04-19 13:12:28,128 - root - INFO - Epoch:1, Episode:3, Steps Left:85000/5000/100000, Reward:-183.000000, fps:710.389838, Exploration:0.941501, Collision:0.047400/237 , Avg Loss:0.698609/1000, Avg Q Value:0.104507/283 
2017-04-19 13:12:35,307 - root - INFO - Epoch:1, Episode:4, Steps Left:80000/5000/100000, Reward:-154.000000, fps:696.474177, Exploration:0.937001, Collision:0.041600/208 , Avg Loss:0.712076/1000, Avg Q Value:0.098281/307 
2017-04-19 13:12:42,351 - root - INFO - Epoch:1, Episode:5, Steps Left:75000/5000/100000, Reward:-159.000000, fps:709.877578, Exploration:0.932501, Collision:0.038000/190 , Avg Loss:0.704909/1000, Avg Q Value:0.109840/350 
2017-04-19 13:12:49,460 - root - INFO - Epoch:1, Episode:6, Steps Left:70000/5000/100000, Reward:-122.000000, fps:703.310548, Exploration:0.928001, Collision:0.036800/184 , Avg Loss:0.703444/1000, Avg Q Value:0.113483/327 
2017-04-19 13:12:56,865 - root - INFO - Epoch:1, Episode:7, Steps Left:65000/5000/100000, Reward:-148.000000, fps:675.238863, Exploration:0.923501, Collision:0.040600/203 , Avg Loss:0.745972/1000, Avg Q Value:0.128772/359 
2017-04-19 13:13:04,106 - root - INFO - Epoch:1, Episode:8, Steps Left:60000/5000/100000, Reward:-146.000000, fps:690.522666, Exploration:0.919001, Collision:0.037800/189 , Avg Loss:0.692137/1000, Avg Q Value:0.122593/386 
2017-04-19 13:13:11,356 - root - INFO - Epoch:1, Episode:9, Steps Left:55000/5000/100000, Reward:-147.000000, fps:689.625781, Exploration:0.914501, Collision:0.043800/219 , Avg Loss:0.754193/1000, Avg Q Value:0.121150/420 
2017-04-19 13:13:18,586 - root - INFO - Epoch:1, Episode:10, Steps Left:50000/5000/100000, Reward:-125.000000, fps:691.638880, Exploration:0.910001, Collision:0.038200/191 , Avg Loss:0.751770/1000, Avg Q Value:0.130270/462 
2017-04-19 13:13:26,014 - root - INFO - Epoch:1, Episode:11, Steps Left:45000/5000/100000, Reward:-157.000000, fps:673.073442, Exploration:0.905501, Collision:0.040400/202 , Avg Loss:0.753971/1000, Avg Q Value:0.108024/431 
2017-04-19 13:13:33,289 - root - INFO - Epoch:1, Episode:12, Steps Left:40000/5000/100000, Reward:-127.000000, fps:687.324431, Exploration:0.901001, Collision:0.035000/175 , Avg Loss:0.735221/1000, Avg Q Value:0.097642/494 
2017-04-19 13:13:40,638 - root - INFO - Epoch:1, Episode:13, Steps Left:35000/5000/100000, Reward:-141.000000, fps:680.445318, Exploration:0.896501, Collision:0.041800/209 , Avg Loss:0.791927/1000, Avg Q Value:0.128013/544 
2017-04-19 13:13:48,023 - root - INFO - Epoch:1, Episode:14, Steps Left:30000/5000/100000, Reward:-151.000000, fps:676.986000, Exploration:0.892001, Collision:0.037200/186 , Avg Loss:0.752078/1000, Avg Q Value:0.103669/523 
2017-04-19 13:13:55,225 - root - INFO - Epoch:1, Episode:15, Steps Left:25000/5000/100000, Reward:-138.000000, fps:694.334699, Exploration:0.887501, Collision:0.037800/189 , Avg Loss:0.784612/1000, Avg Q Value:0.140106/515 
2017-04-19 13:14:02,590 - root - INFO - Epoch:1, Episode:16, Steps Left:20000/5000/100000, Reward:-171.000000, fps:678.863682, Exploration:0.883001, Collision:0.042600/213 , Avg Loss:0.786502/1000, Avg Q Value:0.133045/545 
2017-04-19 13:14:09,938 - root - INFO - Epoch:1, Episode:17, Steps Left:15000/5000/100000, Reward:-148.000000, fps:680.490426, Exploration:0.878501, Collision:0.040400/202 , Avg Loss:0.805911/1000, Avg Q Value:0.139016/583 
2017-04-19 13:14:17,251 - root - INFO - Epoch:1, Episode:18, Steps Left:10000/5000/100000, Reward:-119.000000, fps:683.683468, Exploration:0.874001, Collision:0.037200/186 , Avg Loss:0.850940/1000, Avg Q Value:0.134172/601 
2017-04-19 13:14:24,729 - root - INFO - Epoch:1, Episode:19, Steps Left:5000/5000/100000, Reward:-161.000000, fps:668.622440, Exploration:0.869501, Collision:0.045400/227 , Avg Loss:0.752220/1000, Avg Q Value:0.141979/627 
2017-04-19 13:14:32,022 - root - INFO - Epoch:1, Episode:20, Steps Left:0/5000/100000, Reward:-163.000000, fps:685.621826, Exploration:0.865001, Collision:0.039400/197 , Avg Loss:0.817262/1000, Avg Q Value:0.142038/629 
2017-04-19 13:14:32,024 - root - INFO - Epoch:1, FPS:687.709264, Avg Reward: -148.300000/20
2017-04-19 13:14:39,563 - root - INFO - Epoch:2, Episode:1, Steps Left:95000/5000/100000, Reward:-117.000000, fps:663.210799, Exploration:0.860501, Collision:0.038200/191 , Avg Loss:0.877737/1000, Avg Q Value:0.141940/680 
2017-04-19 13:14:47,030 - root - INFO - Epoch:2, Episode:2, Steps Left:90000/5000/100000, Reward:-128.000000, fps:669.581578, Exploration:0.856001, Collision:0.038200/191 , Avg Loss:0.871256/1000, Avg Q Value:0.150816/721 
2017-04-19 13:14:54,574 - root - INFO - Epoch:2, Episode:3, Steps Left:85000/5000/100000, Reward:-166.000000, fps:662.840130, Exploration:0.851501, Collision:0.041600/208 , Avg Loss:0.799418/1000, Avg Q Value:0.133789/702 
2017-04-19 13:15:02,117 - root - INFO - Epoch:2, Episode:4, Steps Left:80000/5000/100000, Reward:-191.000000, fps:662.867387, Exploration:0.847001, Collision:0.044200/221 , Avg Loss:0.776577/1000, Avg Q Value:0.120274/761 
2017-04-19 13:15:09,725 - root - INFO - Epoch:2, Episode:5, Steps Left:75000/5000/100000, Reward:-125.000000, fps:657.181337, Exploration:0.842501, Collision:0.036600/183 , Avg Loss:0.806625/1000, Avg Q Value:0.156339/800 
2017-04-19 13:15:17,133 - root - INFO - Epoch:2, Episode:6, Steps Left:70000/5000/100000, Reward:-158.000000, fps:675.034579, Exploration:0.838001, Collision:0.038600/193 , Avg Loss:0.777665/1000, Avg Q Value:0.149242/760 
2017-04-19 13:15:24,583 - root - INFO - Epoch:2, Episode:7, Steps Left:65000/5000/100000, Reward:-164.000000, fps:671.092205, Exploration:0.833501, Collision:0.042800/214 , Avg Loss:0.830017/1000, Avg Q Value:0.149071/819 
2017-04-19 13:15:32,052 - root - INFO - Epoch:2, Episode:8, Steps Left:60000/5000/100000, Reward:-183.000000, fps:669.436343, Exploration:0.829001, Collision:0.046200/231 , Avg Loss:0.751153/1000, Avg Q Value:0.146336/867 
2017-04-19 13:15:39,837 - root - INFO - Epoch:2, Episode:9, Steps Left:55000/5000/100000, Reward:-153.000000, fps:642.313312, Exploration:0.824501, Collision:0.041800/209 , Avg Loss:0.866265/1000, Avg Q Value:0.176223/835 
2017-04-19 13:15:47,297 - root - INFO - Epoch:2, Episode:10, Steps Left:50000/5000/100000, Reward:-175.000000, fps:670.274701, Exploration:0.820001, Collision:0.043600/218 , Avg Loss:0.827656/1000, Avg Q Value:0.168462/868 
2017-04-19 13:15:54,788 - root - INFO - Epoch:2, Episode:11, Steps Left:45000/5000/100000, Reward:-150.000000, fps:667.415675, Exploration:0.815501, Collision:0.037200/186 , Avg Loss:0.878438/1000, Avg Q Value:0.211804/935 
2017-04-19 13:16:02,655 - root - INFO - Epoch:2, Episode:12, Steps Left:40000/5000/100000, Reward:-161.000000, fps:635.638597, Exploration:0.811001, Collision:0.044000/220 , Avg Loss:0.755583/1000, Avg Q Value:0.198985/1015 
2017-04-19 13:16:10,089 - root - INFO - Epoch:2, Episode:13, Steps Left:35000/5000/100000, Reward:-168.000000, fps:672.558649, Exploration:0.806501, Collision:0.043600/218 , Avg Loss:0.938578/1000, Avg Q Value:0.226370/891 
2017-04-19 13:16:17,742 - root - INFO - Epoch:2, Episode:14, Steps Left:30000/5000/100000, Reward:-133.000000, fps:653.348544, Exploration:0.802001, Collision:0.037000/185 , Avg Loss:0.896787/1000, Avg Q Value:0.244388/975 
2017-04-19 13:16:25,546 - root - INFO - Epoch:2, Episode:15, Steps Left:25000/5000/100000, Reward:-172.000000, fps:640.679255, Exploration:0.797501, Collision:0.044400/222 , Avg Loss:0.910726/1000, Avg Q Value:0.240339/1012 
2017-04-19 13:16:33,017 - root - INFO - Epoch:2, Episode:16, Steps Left:20000/5000/100000, Reward:-179.000000, fps:669.276838, Exploration:0.793001, Collision:0.041800/209 , Avg Loss:0.939226/1000, Avg Q Value:0.229170/1025 
2017-04-19 13:16:40,683 - root - INFO - Epoch:2, Episode:17, Steps Left:15000/5000/100000, Reward:-165.000000, fps:652.270440, Exploration:0.788501, Collision:0.038800/194 , Avg Loss:0.949887/1000, Avg Q Value:0.222777/1023 
2017-04-19 13:16:48,443 - root - INFO - Epoch:2, Episode:18, Steps Left:10000/5000/100000, Reward:-127.000000, fps:644.299333, Exploration:0.784001, Collision:0.034800/174 , Avg Loss:0.851541/1000, Avg Q Value:0.222160/1127 
2017-04-19 13:16:56,142 - root - INFO - Epoch:2, Episode:19, Steps Left:5000/5000/100000, Reward:-143.000000, fps:649.505017, Exploration:0.779501, Collision:0.040400/202 , Avg Loss:0.864452/1000, Avg Q Value:0.226014/1135 
2017-04-19 13:17:03,770 - root - INFO - Epoch:2, Episode:20, Steps Left:0/5000/100000, Reward:-149.000000, fps:655.464936, Exploration:0.775001, Collision:0.040000/200 , Avg Loss:0.911188/1000, Avg Q Value:0.221215/1165 
2017-04-19 13:17:03,772 - root - INFO - Epoch:2, FPS:658.993869, Avg Reward: -155.350000/20
2017-04-19 13:17:11,531 - root - INFO - Epoch:3, Episode:1, Steps Left:95000/5000/100000, Reward:-152.000000, fps:644.377630, Exploration:0.770501, Collision:0.040000/200 , Avg Loss:0.882444/1000, Avg Q Value:0.197728/1188 
2017-04-19 13:17:19,474 - root - INFO - Epoch:3, Episode:2, Steps Left:90000/5000/100000, Reward:-87.000000, fps:629.463366, Exploration:0.766001, Collision:0.033600/168 , Avg Loss:0.935670/1000, Avg Q Value:0.230581/1154 
2017-04-19 13:17:27,368 - root - INFO - Epoch:3, Episode:3, Steps Left:85000/5000/100000, Reward:-150.000000, fps:633.441709, Exploration:0.761501, Collision:0.040400/202 , Avg Loss:0.761425/1000, Avg Q Value:0.232614/1186 
2017-04-19 13:17:35,072 - root - INFO - Epoch:3, Episode:4, Steps Left:80000/5000/100000, Reward:-145.000000, fps:649.022599, Exploration:0.757001, Collision:0.040600/203 , Avg Loss:0.840284/1000, Avg Q Value:0.224409/1234 
2017-04-19 13:17:43,027 - root - INFO - Epoch:3, Episode:5, Steps Left:75000/5000/100000, Reward:-182.000000, fps:628.521221, Exploration:0.752501, Collision:0.041400/207 , Avg Loss:0.868300/1000, Avg Q Value:0.197891/1211 
2017-04-19 13:17:51,051 - root - INFO - Epoch:3, Episode:6, Steps Left:70000/5000/100000, Reward:-192.000000, fps:623.174961, Exploration:0.748001, Collision:0.043400/217 , Avg Loss:0.855163/1000, Avg Q Value:0.217374/1286 
2017-04-19 13:17:58,864 - root - INFO - Epoch:3, Episode:7, Steps Left:65000/5000/100000, Reward:-119.000000, fps:639.985743, Exploration:0.743501, Collision:0.038200/191 , Avg Loss:1.081073/1000, Avg Q Value:0.238103/1345 
2017-04-19 13:18:06,641 - root - INFO - Epoch:3, Episode:8, Steps Left:60000/5000/100000, Reward:-173.000000, fps:642.902577, Exploration:0.739001, Collision:0.044400/222 , Avg Loss:0.806376/1000, Avg Q Value:0.241414/1305 
2017-04-19 13:18:14,559 - root - INFO - Epoch:3, Episode:9, Steps Left:55000/5000/100000, Reward:-175.000000, fps:631.483187, Exploration:0.734501, Collision:0.043800/219 , Avg Loss:0.878571/1000, Avg Q Value:0.227742/1322 
2017-04-19 13:18:22,259 - root - INFO - Epoch:3, Episode:10, Steps Left:50000/5000/100000, Reward:-149.000000, fps:649.400734, Exploration:0.730001, Collision:0.039200/196 , Avg Loss:0.981642/1000, Avg Q Value:0.210796/1354 
2017-04-19 13:18:30,062 - root - INFO - Epoch:3, Episode:11, Steps Left:45000/5000/100000, Reward:-141.000000, fps:640.731558, Exploration:0.725501, Collision:0.036800/184 , Avg Loss:0.907658/1000, Avg Q Value:0.237183/1344 
2017-04-19 13:18:37,900 - root - INFO - Epoch:3, Episode:12, Steps Left:40000/5000/100000, Reward:-163.000000, fps:637.953887, Exploration:0.721001, Collision:0.043000/215 , Avg Loss:0.952783/1000, Avg Q Value:0.251715/1339 
2017-04-19 13:18:45,977 - root - INFO - Epoch:3, Episode:13, Steps Left:35000/5000/100000, Reward:-143.000000, fps:619.059803, Exploration:0.716501, Collision:0.037400/187 , Avg Loss:0.874743/1000, Avg Q Value:0.245748/1378 
2017-04-19 13:18:53,935 - root - INFO - Epoch:3, Episode:14, Steps Left:30000/5000/100000, Reward:-142.000000, fps:628.291080, Exploration:0.712001, Collision:0.039800/199 , Avg Loss:0.963471/1000, Avg Q Value:0.244298/1363 
2017-04-19 13:19:02,002 - root - INFO - Epoch:3, Episode:15, Steps Left:25000/5000/100000, Reward:-139.000000, fps:619.860346, Exploration:0.707501, Collision:0.036200/181 , Avg Loss:0.963636/1000, Avg Q Value:0.242845/1414 
2017-04-19 13:19:09,898 - root - INFO - Epoch:3, Episode:16, Steps Left:20000/5000/100000, Reward:-173.000000, fps:633.203000, Exploration:0.703001, Collision:0.041400/207 , Avg Loss:0.884667/1000, Avg Q Value:0.256778/1409 
2017-04-19 13:19:17,851 - root - INFO - Epoch:3, Episode:17, Steps Left:15000/5000/100000, Reward:-152.000000, fps:628.725121, Exploration:0.698501, Collision:0.040400/202 , Avg Loss:0.928490/1000, Avg Q Value:0.261926/1543 
2017-04-19 13:19:25,709 - root - INFO - Epoch:3, Episode:18, Steps Left:10000/5000/100000, Reward:-120.000000, fps:636.284991, Exploration:0.694001, Collision:0.038600/193 , Avg Loss:0.801443/1000, Avg Q Value:0.261427/1528 
2017-04-19 13:19:33,547 - root - INFO - Epoch:3, Episode:19, Steps Left:5000/5000/100000, Reward:-154.000000, fps:637.952198, Exploration:0.689501, Collision:0.038000/190 , Avg Loss:0.907643/1000, Avg Q Value:0.243810/1565 
2017-04-19 13:19:41,409 - root - INFO - Epoch:3, Episode:20, Steps Left:0/5000/100000, Reward:-163.000000, fps:635.976393, Exploration:0.685001, Collision:0.039600/198 , Avg Loss:0.949275/1000, Avg Q Value:0.266501/1547 
2017-04-19 13:19:41,410 - root - INFO - Epoch:3, FPS:634.366573, Avg Reward: -150.700000/20
2017-04-19 13:19:49,505 - root - INFO - Epoch:4, Episode:1, Steps Left:95000/5000/100000, Reward:-159.000000, fps:617.675920, Exploration:0.680501, Collision:0.041400/207 , Avg Loss:0.851490/1000, Avg Q Value:0.257232/1583 
2017-04-19 13:19:57,336 - root - INFO - Epoch:4, Episode:2, Steps Left:90000/5000/100000, Reward:-188.000000, fps:638.493204, Exploration:0.676001, Collision:0.043400/217 , Avg Loss:0.857649/1000, Avg Q Value:0.254927/1555 
2017-04-19 13:20:05,257 - root - INFO - Epoch:4, Episode:3, Steps Left:85000/5000/100000, Reward:-134.000000, fps:631.252563, Exploration:0.671501, Collision:0.037400/187 , Avg Loss:0.952013/1000, Avg Q Value:0.282572/1590 
2017-04-19 13:20:13,230 - root - INFO - Epoch:4, Episode:4, Steps Left:80000/5000/100000, Reward:-189.000000, fps:627.154360, Exploration:0.667001, Collision:0.043800/219 , Avg Loss:1.035971/1000, Avg Q Value:0.268153/1649 
2017-04-19 13:20:21,548 - root - INFO - Epoch:4, Episode:5, Steps Left:75000/5000/100000, Reward:-179.000000, fps:601.117005, Exploration:0.662501, Collision:0.036600/183 , Avg Loss:0.873361/1000, Avg Q Value:0.268947/1680 
2017-04-19 13:20:29,452 - root - INFO - Epoch:4, Episode:6, Steps Left:70000/5000/100000, Reward:-175.000000, fps:632.627824, Exploration:0.658001, Collision:0.035600/178 , Avg Loss:0.862936/1000, Avg Q Value:0.269074/1716 
2017-04-19 13:20:37,418 - root - INFO - Epoch:4, Episode:7, Steps Left:65000/5000/100000, Reward:-135.000000, fps:627.682403, Exploration:0.653501, Collision:0.034200/171 , Avg Loss:0.912735/1000, Avg Q Value:0.283911/1729 
2017-04-19 13:20:45,427 - root - INFO - Epoch:4, Episode:8, Steps Left:60000/5000/100000, Reward:-118.000000, fps:624.247003, Exploration:0.649001, Collision:0.034800/174 , Avg Loss:0.835398/1000, Avg Q Value:0.283731/1677 
2017-04-19 13:20:53,538 - root - INFO - Epoch:4, Episode:9, Steps Left:55000/5000/100000, Reward:-96.000000, fps:616.527604, Exploration:0.644501, Collision:0.029600/148 , Avg Loss:0.888134/1000, Avg Q Value:0.270970/1785 
2017-04-19 13:21:01,455 - root - INFO - Epoch:4, Episode:10, Steps Left:50000/5000/100000, Reward:-116.000000, fps:631.511520, Exploration:0.640001, Collision:0.032200/161 , Avg Loss:0.820641/1000, Avg Q Value:0.265213/1751 
2017-04-19 13:21:09,438 - root - INFO - Epoch:4, Episode:11, Steps Left:45000/5000/100000, Reward:-124.000000, fps:626.349002, Exploration:0.635501, Collision:0.030200/151 , Avg Loss:0.882107/1000, Avg Q Value:0.257107/1790 
2017-04-19 13:21:17,535 - root - INFO - Epoch:4, Episode:12, Steps Left:40000/5000/100000, Reward:-141.000000, fps:617.528306, Exploration:0.631001, Collision:0.036000/180 , Avg Loss:0.884242/1000, Avg Q Value:0.273878/1826 
2017-04-19 13:21:25,669 - root - INFO - Epoch:4, Episode:13, Steps Left:35000/5000/100000, Reward:-140.000000, fps:614.739548, Exploration:0.626501, Collision:0.033800/169 , Avg Loss:0.967730/1000, Avg Q Value:0.285539/1895 
2017-04-19 13:21:33,678 - root - INFO - Epoch:4, Episode:14, Steps Left:30000/5000/100000, Reward:-110.000000, fps:624.306953, Exploration:0.622001, Collision:0.032800/164 , Avg Loss:0.860953/1000, Avg Q Value:0.276820/1819 
2017-04-19 13:21:41,677 - root - INFO - Epoch:4, Episode:15, Steps Left:25000/5000/100000, Reward:-156.000000, fps:625.059536, Exploration:0.617501, Collision:0.032800/164 , Avg Loss:0.889856/1000, Avg Q Value:0.284549/1885 
2017-04-19 13:21:49,805 - root - INFO - Epoch:4, Episode:16, Steps Left:20000/5000/100000, Reward:-159.000000, fps:615.168594, Exploration:0.613001, Collision:0.034800/174 , Avg Loss:1.011203/1000, Avg Q Value:0.275153/1993 
2017-04-19 13:21:57,848 - root - INFO - Epoch:4, Episode:17, Steps Left:15000/5000/100000, Reward:-147.000000, fps:621.703332, Exploration:0.608501, Collision:0.034800/174 , Avg Loss:0.948627/1000, Avg Q Value:0.294430/1967 
2017-04-19 13:22:06,031 - root - INFO - Epoch:4, Episode:18, Steps Left:10000/5000/100000, Reward:-193.000000, fps:611.003673, Exploration:0.604001, Collision:0.042000/210 , Avg Loss:0.926485/1000, Avg Q Value:0.305370/1958 
2017-04-19 13:22:14,106 - root - INFO - Epoch:4, Episode:19, Steps Left:5000/5000/100000, Reward:-158.000000, fps:619.235467, Exploration:0.599501, Collision:0.035800/179 , Avg Loss:0.910682/1000, Avg Q Value:0.290239/2011 
2017-04-19 13:22:22,386 - root - INFO - Epoch:4, Episode:20, Steps Left:0/5000/100000, Reward:-137.000000, fps:603.847957, Exploration:0.595001, Collision:0.032400/162 , Avg Loss:0.950548/1000, Avg Q Value:0.275723/2013 
2017-04-19 13:22:22,388 - root - INFO - Epoch:4, FPS:621.211433, Avg Reward: -147.700000/20
2017-04-19 13:22:30,541 - root - INFO - Epoch:5, Episode:1, Steps Left:95000/5000/100000, Reward:-156.000000, fps:613.230186, Exploration:0.590501, Collision:0.037400/187 , Avg Loss:0.932385/1000, Avg Q Value:0.304990/2006 
2017-04-19 13:22:39,012 - root - INFO - Epoch:5, Episode:2, Steps Left:90000/5000/100000, Reward:-132.000000, fps:590.292002, Exploration:0.586001, Collision:0.034200/171 , Avg Loss:0.936599/1000, Avg Q Value:0.292738/2095 
2017-04-19 13:22:47,251 - root - INFO - Epoch:5, Episode:3, Steps Left:85000/5000/100000, Reward:-137.000000, fps:606.878822, Exploration:0.581501, Collision:0.034200/171 , Avg Loss:0.843581/1000, Avg Q Value:0.302519/2116 
2017-04-19 13:22:55,628 - root - INFO - Epoch:5, Episode:4, Steps Left:80000/5000/100000, Reward:-131.000000, fps:596.847394, Exploration:0.577001, Collision:0.030000/150 , Avg Loss:0.849138/1000, Avg Q Value:0.283213/2047 
2017-04-19 13:23:03,851 - root - INFO - Epoch:5, Episode:5, Steps Left:75000/5000/100000, Reward:-144.000000, fps:608.082762, Exploration:0.572501, Collision:0.029200/146 , Avg Loss:0.904049/1000, Avg Q Value:0.264848/2076 
2017-04-19 13:23:12,140 - root - INFO - Epoch:5, Episode:6, Steps Left:70000/5000/100000, Reward:-123.000000, fps:603.256318, Exploration:0.568001, Collision:0.030200/151 , Avg Loss:0.892750/1000, Avg Q Value:0.263821/2120 
2017-04-19 13:23:20,423 - root - INFO - Epoch:5, Episode:7, Steps Left:65000/5000/100000, Reward:-102.000000, fps:603.614696, Exploration:0.563501, Collision:0.029000/145 , Avg Loss:0.810295/1000, Avg Q Value:0.300704/2141 
2017-04-19 13:23:28,547 - root - INFO - Epoch:5, Episode:8, Steps Left:60000/5000/100000, Reward:-92.000000, fps:615.441954, Exploration:0.559001, Collision:0.027600/138 , Avg Loss:0.957537/1000, Avg Q Value:0.290186/2159 
2017-04-19 13:23:36,796 - root - INFO - Epoch:5, Episode:9, Steps Left:55000/5000/100000, Reward:-130.000000, fps:606.168393, Exploration:0.554501, Collision:0.027400/137 , Avg Loss:0.847479/1000, Avg Q Value:0.273786/2251 
2017-04-19 13:23:45,112 - root - INFO - Epoch:5, Episode:10, Steps Left:50000/5000/100000, Reward:-147.000000, fps:601.264203, Exploration:0.550001, Collision:0.030600/153 , Avg Loss:0.819163/1000, Avg Q Value:0.270654/2212 
2017-04-19 13:23:53,538 - root - INFO - Epoch:5, Episode:11, Steps Left:45000/5000/100000, Reward:-60.000000, fps:593.390035, Exploration:0.545501, Collision:0.028600/143 , Avg Loss:0.792465/1000, Avg Q Value:0.307902/2346 
2017-04-19 13:24:01,929 - root - INFO - Epoch:5, Episode:12, Steps Left:40000/5000/100000, Reward:-29.000000, fps:595.912174, Exploration:0.541001, Collision:0.024600/123 , Avg Loss:0.879781/1000, Avg Q Value:0.313968/2248 
2017-04-19 13:24:10,436 - root - INFO - Epoch:5, Episode:13, Steps Left:35000/5000/100000, Reward:-58.000000, fps:587.744973, Exploration:0.536501, Collision:0.028600/143 , Avg Loss:0.957919/1000, Avg Q Value:0.311687/2281 
2017-04-19 13:24:18,748 - root - INFO - Epoch:5, Episode:14, Steps Left:30000/5000/100000, Reward:-55.000000, fps:601.555866, Exploration:0.532001, Collision:0.026400/132 , Avg Loss:0.878531/1000, Avg Q Value:0.316953/2304 
2017-04-19 13:24:27,073 - root - INFO - Epoch:5, Episode:15, Steps Left:25000/5000/100000, Reward:-102.000000, fps:600.612930, Exploration:0.527501, Collision:0.030200/151 , Avg Loss:0.869617/1000, Avg Q Value:0.323974/2379 
2017-04-19 13:24:35,524 - root - INFO - Epoch:5, Episode:16, Steps Left:20000/5000/100000, Reward:-92.000000, fps:591.670114, Exploration:0.523001, Collision:0.027200/136 , Avg Loss:0.820433/1000, Avg Q Value:0.316318/2407 
2017-04-19 13:24:43,944 - root - INFO - Epoch:5, Episode:17, Steps Left:15000/5000/100000, Reward:-68.000000, fps:593.818304, Exploration:0.518501, Collision:0.024000/120 , Avg Loss:0.756712/1000, Avg Q Value:0.321620/2335 
2017-04-19 13:24:52,393 - root - INFO - Epoch:5, Episode:18, Steps Left:10000/5000/100000, Reward:-54.000000, fps:591.821741, Exploration:0.514001, Collision:0.022600/113 , Avg Loss:0.819295/1000, Avg Q Value:0.327892/2481 
2017-04-19 13:25:00,859 - root - INFO - Epoch:5, Episode:19, Steps Left:5000/5000/100000, Reward:-142.000000, fps:590.590843, Exploration:0.509501, Collision:0.029800/149 , Avg Loss:0.772729/1000, Avg Q Value:0.299363/2498 
2017-04-19 13:25:09,360 - root - INFO - Epoch:5, Episode:20, Steps Left:0/5000/100000, Reward:-168.000000, fps:588.160577, Exploration:0.505001, Collision:0.035400/177 , Avg Loss:0.825931/1000, Avg Q Value:0.293961/2438 
2017-04-19 13:25:09,362 - root - INFO - Epoch:5, FPS:598.899891, Avg Reward: -106.100000/20
2017-04-19 13:25:17,520 - root - INFO - Epoch:6, Episode:1, Steps Left:95000/5000/100000, Reward:-132.000000, fps:612.872033, Exploration:0.500501, Collision:0.028600/143 , Avg Loss:0.799096/1000, Avg Q Value:0.294593/2476 
2017-04-19 13:25:25,801 - root - INFO - Epoch:6, Episode:2, Steps Left:90000/5000/100000, Reward:-136.000000, fps:603.797365, Exploration:0.496001, Collision:0.028600/143 , Avg Loss:0.762164/1000, Avg Q Value:0.292127/2517 
2017-04-19 13:25:34,414 - root - INFO - Epoch:6, Episode:3, Steps Left:85000/5000/100000, Reward:-110.000000, fps:580.554147, Exploration:0.491501, Collision:0.028800/144 , Avg Loss:0.898007/1000, Avg Q Value:0.327686/2553 
2017-04-19 13:25:42,764 - root - INFO - Epoch:6, Episode:4, Steps Left:80000/5000/100000, Reward:-113.000000, fps:598.788690, Exploration:0.487001, Collision:0.029200/146 , Avg Loss:0.902030/1000, Avg Q Value:0.328799/2503 
2017-04-19 13:25:51,345 - root - INFO - Epoch:6, Episode:5, Steps Left:75000/5000/100000, Reward:-133.000000, fps:582.693658, Exploration:0.482501, Collision:0.030000/150 , Avg Loss:0.818713/1000, Avg Q Value:0.299813/2575 
2017-04-19 13:26:00,033 - root - INFO - Epoch:6, Episode:6, Steps Left:70000/5000/100000, Reward:-149.000000, fps:575.560371, Exploration:0.478001, Collision:0.033000/165 , Avg Loss:0.796583/1000, Avg Q Value:0.304015/2631 
2017-04-19 13:26:08,525 - root - INFO - Epoch:6, Episode:7, Steps Left:65000/5000/100000, Reward:-140.000000, fps:588.774614, Exploration:0.473501, Collision:0.028400/142 , Avg Loss:0.773285/1000, Avg Q Value:0.305559/2616 
2017-04-19 13:26:17,076 - root - INFO - Epoch:6, Episode:8, Steps Left:60000/5000/100000, Reward:-134.000000, fps:584.713605, Exploration:0.469001, Collision:0.028400/142 , Avg Loss:0.918578/1000, Avg Q Value:0.315654/2595 
2017-04-19 13:26:25,545 - root - INFO - Epoch:6, Episode:9, Steps Left:55000/5000/100000, Reward:-89.000000, fps:590.407566, Exploration:0.464501, Collision:0.025600/128 , Avg Loss:0.761815/1000, Avg Q Value:0.307389/2691 
2017-04-19 13:26:33,905 - root - INFO - Epoch:6, Episode:10, Steps Left:50000/5000/100000, Reward:-102.000000, fps:598.083045, Exploration:0.460001, Collision:0.026200/131 , Avg Loss:0.775244/1000, Avg Q Value:0.291985/2736 
2017-04-19 13:26:42,353 - root - INFO - Epoch:6, Episode:11, Steps Left:45000/5000/100000, Reward:-101.000000, fps:591.864616, Exploration:0.455501, Collision:0.020000/100 , Avg Loss:0.763524/1000, Avg Q Value:0.286167/2661 
2017-04-19 13:26:50,820 - root - INFO - Epoch:6, Episode:12, Steps Left:40000/5000/100000, Reward:-89.000000, fps:590.551096, Exploration:0.451001, Collision:0.018400/92 , Avg Loss:0.716374/1000, Avg Q Value:0.279062/2756 
2017-04-19 13:26:59,191 - root - INFO - Epoch:6, Episode:13, Steps Left:35000/5000/100000, Reward:-122.000000, fps:597.343311, Exploration:0.446501, Collision:0.024600/123 , Avg Loss:0.823110/1000, Avg Q Value:0.290868/2760 
2017-04-19 13:27:07,890 - root - INFO - Epoch:6, Episode:14, Steps Left:30000/5000/100000, Reward:-146.000000, fps:574.764304, Exploration:0.442001, Collision:0.027800/139 , Avg Loss:0.760316/1000, Avg Q Value:0.293035/2811 
2017-04-19 13:27:16,574 - root - INFO - Epoch:6, Episode:15, Steps Left:25000/5000/100000, Reward:-87.000000, fps:575.780496, Exploration:0.437501, Collision:0.023000/115 , Avg Loss:0.724347/1000, Avg Q Value:0.263939/2831 
2017-04-19 13:27:25,134 - root - INFO - Epoch:6, Episode:16, Steps Left:20000/5000/100000, Reward:-98.000000, fps:584.110510, Exploration:0.433001, Collision:0.029200/146 , Avg Loss:0.799455/1000, Avg Q Value:0.288779/2806 
2017-04-19 13:27:33,504 - root - INFO - Epoch:6, Episode:17, Steps Left:15000/5000/100000, Reward:-85.000000, fps:597.408960, Exploration:0.428501, Collision:0.016400/82 , Avg Loss:0.637095/1000, Avg Q Value:0.252238/2831 
2017-04-19 13:27:41,880 - root - INFO - Epoch:6, Episode:18, Steps Left:10000/5000/100000, Reward:-108.000000, fps:596.930893, Exploration:0.424001, Collision:0.021800/109 , Avg Loss:0.835366/1000, Avg Q Value:0.260941/2867 
2017-04-19 13:27:50,371 - root - INFO - Epoch:6, Episode:19, Steps Left:5000/5000/100000, Reward:-116.000000, fps:588.905543, Exploration:0.419501, Collision:0.024200/121 , Avg Loss:0.719702/1000, Avg Q Value:0.277926/2863 
2017-04-19 13:27:58,952 - root - INFO - Epoch:6, Episode:20, Steps Left:0/5000/100000, Reward:-98.000000, fps:582.654561, Exploration:0.415001, Collision:0.020600/103 , Avg Loss:0.764673/1000, Avg Q Value:0.267920/2902 
2017-04-19 13:27:58,954 - root - INFO - Epoch:6, FPS:589.655768, Avg Reward: -114.400000/20
2017-04-19 13:28:07,520 - root - INFO - Epoch:7, Episode:1, Steps Left:95000/5000/100000, Reward:-99.000000, fps:583.697018, Exploration:0.410501, Collision:0.020000/100 , Avg Loss:0.789972/1000, Avg Q Value:0.265617/2939 
2017-04-19 13:28:16,139 - root - INFO - Epoch:7, Episode:2, Steps Left:90000/5000/100000, Reward:-116.000000, fps:580.140762, Exploration:0.406001, Collision:0.023800/119 , Avg Loss:0.723953/1000, Avg Q Value:0.281108/2902 
2017-04-19 13:28:24,931 - root - INFO - Epoch:7, Episode:3, Steps Left:85000/5000/100000, Reward:-126.000000, fps:568.650964, Exploration:0.401501, Collision:0.026200/131 , Avg Loss:0.805140/1000, Avg Q Value:0.295862/3034 
2017-04-19 13:28:33,717 - root - INFO - Epoch:7, Episode:4, Steps Left:80000/5000/100000, Reward:-124.000000, fps:569.150274, Exploration:0.397001, Collision:0.025800/129 , Avg Loss:0.788169/1000, Avg Q Value:0.281142/2989 
2017-04-19 13:28:42,447 - root - INFO - Epoch:7, Episode:5, Steps Left:75000/5000/100000, Reward:-138.000000, fps:572.715256, Exploration:0.392501, Collision:0.027800/139 , Avg Loss:0.747880/1000, Avg Q Value:0.297786/3033 
2017-04-19 13:28:51,049 - root - INFO - Epoch:7, Episode:6, Steps Left:70000/5000/100000, Reward:-100.000000, fps:581.277266, Exploration:0.388001, Collision:0.020800/104 , Avg Loss:0.752096/1000, Avg Q Value:0.286987/3051 
2017-04-19 13:28:59,593 - root - INFO - Epoch:7, Episode:7, Steps Left:65000/5000/100000, Reward:-25.000000, fps:585.226608, Exploration:0.383501, Collision:0.019800/99 , Avg Loss:0.752445/1000, Avg Q Value:0.312461/3039 
2017-04-19 13:29:08,311 - root - INFO - Epoch:7, Episode:8, Steps Left:60000/5000/100000, Reward:-33.000000, fps:573.530513, Exploration:0.379001, Collision:0.021600/108 , Avg Loss:0.780210/1000, Avg Q Value:0.302472/3003 
2017-04-19 13:29:17,084 - root - INFO - Epoch:7, Episode:9, Steps Left:55000/5000/100000, Reward:-105.000000, fps:569.914624, Exploration:0.374501, Collision:0.021400/107 , Avg Loss:0.831945/1000, Avg Q Value:0.306437/3146 
2017-04-19 13:29:25,833 - root - INFO - Epoch:7, Episode:10, Steps Left:50000/5000/100000, Reward:-107.000000, fps:571.556213, Exploration:0.370001, Collision:0.022600/113 , Avg Loss:0.704830/1000, Avg Q Value:0.300530/3105 
2017-04-19 13:29:34,478 - root - INFO - Epoch:7, Episode:11, Steps Left:45000/5000/100000, Reward:-69.000000, fps:578.360706, Exploration:0.365501, Collision:0.022200/111 , Avg Loss:0.784585/1000, Avg Q Value:0.315424/3120 
2017-04-19 13:29:43,098 - root - INFO - Epoch:7, Episode:12, Steps Left:40000/5000/100000, Reward:-57.000000, fps:580.035165, Exploration:0.361001, Collision:0.016200/81 , Avg Loss:0.738293/1000, Avg Q Value:0.312542/3200 
2017-04-19 13:29:51,907 - root - INFO - Epoch:7, Episode:13, Steps Left:35000/5000/100000, Reward:-121.000000, fps:567.644426, Exploration:0.356501, Collision:0.025600/128 , Avg Loss:0.823154/1000, Avg Q Value:0.300970/3231 
2017-04-19 13:30:00,688 - root - INFO - Epoch:7, Episode:14, Steps Left:30000/5000/100000, Reward:-98.000000, fps:569.401186, Exploration:0.352001, Collision:0.025000/125 , Avg Loss:0.707034/1000, Avg Q Value:0.317876/3153 
2017-04-19 13:30:09,409 - root - INFO - Epoch:7, Episode:15, Steps Left:25000/5000/100000, Reward:-93.000000, fps:573.306133, Exploration:0.347501, Collision:0.017600/88 , Avg Loss:0.831553/1000, Avg Q Value:0.303183/3307 
2017-04-19 13:30:18,276 - root - INFO - Epoch:7, Episode:16, Steps Left:20000/5000/100000, Reward:-98.000000, fps:563.953637, Exploration:0.343001, Collision:0.019200/96 , Avg Loss:0.706640/1000, Avg Q Value:0.308955/3265 
2017-04-19 13:30:27,140 - root - INFO - Epoch:7, Episode:17, Steps Left:15000/5000/100000, Reward:-74.000000, fps:564.071725, Exploration:0.338501, Collision:0.018200/91 , Avg Loss:0.621409/1000, Avg Q Value:0.304975/3339 
2017-04-19 13:30:36,038 - root - INFO - Epoch:7, Episode:18, Steps Left:10000/5000/100000, Reward:-66.000000, fps:561.925037, Exploration:0.334001, Collision:0.016400/82 , Avg Loss:0.615404/1000, Avg Q Value:0.313705/3342 
2017-04-19 13:30:44,861 - root - INFO - Epoch:7, Episode:19, Steps Left:5000/5000/100000, Reward:-85.000000, fps:566.726936, Exploration:0.329501, Collision:0.017200/86 , Avg Loss:0.733294/1000, Avg Q Value:0.290136/3411 
2017-04-19 13:30:53,864 - root - INFO - Epoch:7, Episode:20, Steps Left:0/5000/100000, Reward:-101.000000, fps:555.391537, Exploration:0.325001, Collision:0.020600/103 , Avg Loss:0.743408/1000, Avg Q Value:0.298095/3310 
2017-04-19 13:30:53,865 - root - INFO - Epoch:7, FPS:571.722884, Avg Reward: -91.750000/20
2017-04-19 13:31:02,823 - root - INFO - Epoch:8, Episode:1, Steps Left:95000/5000/100000, Reward:-46.000000, fps:558.147977, Exploration:0.320501, Collision:0.021800/109 , Avg Loss:0.665718/1000, Avg Q Value:0.342010/3374 
2017-04-19 13:31:11,824 - root - INFO - Epoch:8, Episode:2, Steps Left:90000/5000/100000, Reward:-53.000000, fps:555.489513, Exploration:0.316001, Collision:0.025200/126 , Avg Loss:0.654005/1000, Avg Q Value:0.349061/3364 
2017-04-19 13:31:20,833 - root - INFO - Epoch:8, Episode:3, Steps Left:85000/5000/100000, Reward:-58.000000, fps:555.044794, Exploration:0.311501, Collision:0.018200/91 , Avg Loss:0.728016/1000, Avg Q Value:0.336618/3420 
2017-04-19 13:31:29,648 - root - INFO - Epoch:8, Episode:4, Steps Left:80000/5000/100000, Reward:-53.000000, fps:567.204815, Exploration:0.307001, Collision:0.016800/84 , Avg Loss:0.756158/1000, Avg Q Value:0.328967/3428 
2017-04-19 13:31:38,876 - root - INFO - Epoch:8, Episode:5, Steps Left:75000/5000/100000, Reward:-30.000000, fps:541.861685, Exploration:0.302501, Collision:0.023800/119 , Avg Loss:0.702170/1000, Avg Q Value:0.370211/3504 
2017-04-19 13:31:47,776 - root - INFO - Epoch:8, Episode:6, Steps Left:70000/5000/100000, Reward:-48.000000, fps:561.799267, Exploration:0.298001, Collision:0.022600/113 , Avg Loss:0.782239/1000, Avg Q Value:0.365817/3512 
2017-04-19 13:31:56,627 - root - INFO - Epoch:8, Episode:7, Steps Left:65000/5000/100000, Reward:-16.000000, fps:564.909392, Exploration:0.293501, Collision:0.017200/86 , Avg Loss:0.739774/1000, Avg Q Value:0.342261/3535 
2017-04-19 13:32:05,722 - root - INFO - Epoch:8, Episode:8, Steps Left:60000/5000/100000, Reward:-41.000000, fps:549.757697, Exploration:0.289001, Collision:0.018000/90 , Avg Loss:0.695984/1000, Avg Q Value:0.370700/3543 
2017-04-19 13:32:14,625 - root - INFO - Epoch:8, Episode:9, Steps Left:55000/5000/100000, Reward:-24.000000, fps:561.637212, Exploration:0.284501, Collision:0.016800/84 , Avg Loss:0.737214/1000, Avg Q Value:0.370509/3565 
2017-04-19 13:32:23,446 - root - INFO - Epoch:8, Episode:10, Steps Left:50000/5000/100000, Reward:-22.000000, fps:566.839707, Exploration:0.280001, Collision:0.015800/79 , Avg Loss:0.771847/1000, Avg Q Value:0.370183/3571 
2017-04-19 13:32:32,532 - root - INFO - Epoch:8, Episode:11, Steps Left:45000/5000/100000, Reward:-116.000000, fps:550.300253, Exploration:0.275501, Collision:0.028600/143 , Avg Loss:0.753152/1000, Avg Q Value:0.368379/3629 
2017-04-19 13:32:41,524 - root - INFO - Epoch:8, Episode:12, Steps Left:40000/5000/100000, Reward:-106.000000, fps:556.058854, Exploration:0.271001, Collision:0.024200/121 , Avg Loss:0.737597/1000, Avg Q Value:0.360120/3642 
2017-04-19 13:32:50,514 - root - INFO - Epoch:8, Episode:13, Steps Left:35000/5000/100000, Reward:-100.000000, fps:556.146431, Exploration:0.266501, Collision:0.021600/108 , Avg Loss:0.816936/1000, Avg Q Value:0.375077/3682 
2017-04-19 13:32:59,499 - root - INFO - Epoch:8, Episode:14, Steps Left:30000/5000/100000, Reward:-92.000000, fps:556.540688, Exploration:0.262001, Collision:0.020400/102 , Avg Loss:0.866612/1000, Avg Q Value:0.377063/3751 
2017-04-19 13:33:08,492 - root - INFO - Epoch:8, Episode:15, Steps Left:25000/5000/100000, Reward:-67.000000, fps:555.994298, Exploration:0.257501, Collision:0.018200/91 , Avg Loss:0.689419/1000, Avg Q Value:0.385290/3651 
2017-04-19 13:33:17,714 - root - INFO - Epoch:8, Episode:16, Steps Left:20000/5000/100000, Reward:-72.000000, fps:542.159109, Exploration:0.253001, Collision:0.023800/119 , Avg Loss:0.645638/1000, Avg Q Value:0.391991/3748 
2017-04-19 13:33:26,668 - root - INFO - Epoch:8, Episode:17, Steps Left:15000/5000/100000, Reward:-69.000000, fps:558.423567, Exploration:0.248501, Collision:0.021800/109 , Avg Loss:0.663534/1000, Avg Q Value:0.399499/3758 
2017-04-19 13:33:35,765 - root - INFO - Epoch:8, Episode:18, Steps Left:10000/5000/100000, Reward:-63.000000, fps:549.672465, Exploration:0.244001, Collision:0.020800/104 , Avg Loss:0.832671/1000, Avg Q Value:0.394425/3743 
2017-04-19 13:33:44,747 - root - INFO - Epoch:8, Episode:19, Steps Left:5000/5000/100000, Reward:-65.000000, fps:556.676821, Exploration:0.239501, Collision:0.018800/94 , Avg Loss:0.691497/1000, Avg Q Value:0.383978/3801 
2017-04-19 13:33:53,826 - root - INFO - Epoch:8, Episode:20, Steps Left:0/5000/100000, Reward:-75.000000, fps:550.681171, Exploration:0.235001, Collision:0.019000/95 , Avg Loss:0.736288/1000, Avg Q Value:0.383333/3830 
2017-04-19 13:33:53,828 - root - INFO - Epoch:8, FPS:555.674272, Avg Reward: -60.800000/20
2017-04-19 13:34:03,006 - root - INFO - Epoch:9, Episode:1, Steps Left:95000/5000/100000, Reward:-122.000000, fps:544.793524, Exploration:0.230501, Collision:0.024400/122 , Avg Loss:0.618554/1000, Avg Q Value:0.373748/3800 
2017-04-19 13:34:12,103 - root - INFO - Epoch:9, Episode:2, Steps Left:90000/5000/100000, Reward:-95.000000, fps:549.610421, Exploration:0.226001, Collision:0.020400/102 , Avg Loss:0.713485/1000, Avg Q Value:0.368898/3882 
2017-04-19 13:34:21,461 - root - INFO - Epoch:9, Episode:3, Steps Left:85000/5000/100000, Reward:6.000000, fps:534.308992, Exploration:0.221501, Collision:0.019600/98 , Avg Loss:0.724055/1000, Avg Q Value:0.423546/3857 
2017-04-19 13:34:30,605 - root - INFO - Epoch:9, Episode:4, Steps Left:80000/5000/100000, Reward:-23.000000, fps:546.796181, Exploration:0.217001, Collision:0.018800/94 , Avg Loss:0.600568/1000, Avg Q Value:0.415954/3945 
2017-04-19 13:34:39,667 - root - INFO - Epoch:9, Episode:5, Steps Left:75000/5000/100000, Reward:-42.000000, fps:551.770415, Exploration:0.212501, Collision:0.016400/82 , Avg Loss:0.710522/1000, Avg Q Value:0.435305/3925 
2017-04-19 13:34:48,610 - root - INFO - Epoch:9, Episode:6, Steps Left:70000/5000/100000, Reward:-37.000000, fps:559.122819, Exploration:0.208001, Collision:0.015200/76 , Avg Loss:0.702058/1000, Avg Q Value:0.418535/3930 
2017-04-19 13:34:57,577 - root - INFO - Epoch:9, Episode:7, Steps Left:65000/5000/100000, Reward:-63.000000, fps:557.586212, Exploration:0.203501, Collision:0.021000/105 , Avg Loss:0.818549/1000, Avg Q Value:0.403191/3938 
2017-04-19 13:35:06,699 - root - INFO - Epoch:9, Episode:8, Steps Left:60000/5000/100000, Reward:-60.000000, fps:548.189544, Exploration:0.199001, Collision:0.019600/98 , Avg Loss:0.664623/1000, Avg Q Value:0.408413/4026 
2017-04-19 13:35:15,922 - root - INFO - Epoch:9, Episode:9, Steps Left:55000/5000/100000, Reward:-85.000000, fps:542.114668, Exploration:0.194501, Collision:0.019600/98 , Avg Loss:0.737019/1000, Avg Q Value:0.384129/4019 
2017-04-19 13:35:25,066 - root - INFO - Epoch:9, Episode:10, Steps Left:50000/5000/100000, Reward:-81.000000, fps:546.787570, Exploration:0.190001, Collision:0.018600/93 , Avg Loss:0.697563/1000, Avg Q Value:0.384542/4058 
2017-04-19 13:35:34,399 - root - INFO - Epoch:9, Episode:11, Steps Left:45000/5000/100000, Reward:35.000000, fps:535.750804, Exploration:0.185501, Collision:0.017200/86 , Avg Loss:0.742179/1000, Avg Q Value:0.437872/4057 
2017-04-19 13:35:43,787 - root - INFO - Epoch:9, Episode:12, Steps Left:40000/5000/100000, Reward:25.000000, fps:532.603823, Exploration:0.181001, Collision:0.017800/89 , Avg Loss:0.605588/1000, Avg Q Value:0.456307/4021 
2017-04-19 13:35:52,812 - root - INFO - Epoch:9, Episode:13, Steps Left:35000/5000/100000, Reward:-64.000000, fps:554.017346, Exploration:0.176501, Collision:0.014000/70 , Avg Loss:0.677131/1000, Avg Q Value:0.420536/4104 
2017-04-19 13:36:02,053 - root - INFO - Epoch:9, Episode:14, Steps Left:30000/5000/100000, Reward:-74.000000, fps:541.075294, Exploration:0.172001, Collision:0.016600/83 , Avg Loss:0.718112/1000, Avg Q Value:0.420489/4179 
2017-04-19 13:36:11,276 - root - INFO - Epoch:9, Episode:15, Steps Left:25000/5000/100000, Reward:-102.000000, fps:542.135774, Exploration:0.167501, Collision:0.020000/100 , Avg Loss:0.715087/1000, Avg Q Value:0.413929/4112 
2017-04-19 13:36:20,355 - root - INFO - Epoch:9, Episode:16, Steps Left:20000/5000/100000, Reward:-78.000000, fps:550.728778, Exploration:0.163001, Collision:0.015800/79 , Avg Loss:0.704133/1000, Avg Q Value:0.407944/4160 
2017-04-19 13:36:29,617 - root - INFO - Epoch:9, Episode:17, Steps Left:15000/5000/100000, Reward:-2.000000, fps:539.864800, Exploration:0.158501, Collision:0.016200/81 , Avg Loss:0.699326/1000, Avg Q Value:0.441734/4253 
2017-04-19 13:36:38,873 - root - INFO - Epoch:9, Episode:18, Steps Left:10000/5000/100000, Reward:36.000000, fps:540.176439, Exploration:0.154001, Collision:0.020200/101 , Avg Loss:0.693093/1000, Avg Q Value:0.462676/4191 
2017-04-19 13:36:48,186 - root - INFO - Epoch:9, Episode:19, Steps Left:5000/5000/100000, Reward:-99.000000, fps:536.924395, Exploration:0.149501, Collision:0.021400/107 , Avg Loss:0.771340/1000, Avg Q Value:0.440615/4270 
2017-04-19 13:36:57,538 - root - INFO - Epoch:9, Episode:20, Steps Left:0/5000/100000, Reward:-75.000000, fps:534.660944, Exploration:0.145001, Collision:0.015600/78 , Avg Loss:0.749855/1000, Avg Q Value:0.436679/4232 
2017-04-19 13:36:57,539 - root - INFO - Epoch:9, FPS:544.336505, Avg Reward: -50.000000/20
2017-04-19 13:37:06,728 - root - INFO - Epoch:10, Episode:1, Steps Left:95000/5000/100000, Reward:-59.000000, fps:544.164619, Exploration:0.140501, Collision:0.017400/87 , Avg Loss:0.663966/1000, Avg Q Value:0.419013/4300 
2017-04-19 13:37:16,083 - root - INFO - Epoch:10, Episode:2, Steps Left:90000/5000/100000, Reward:-69.000000, fps:534.452416, Exploration:0.136001, Collision:0.019000/95 , Avg Loss:0.583078/1000, Avg Q Value:0.432110/4316 
2017-04-19 13:37:25,391 - root - INFO - Epoch:10, Episode:3, Steps Left:85000/5000/100000, Reward:-8.000000, fps:537.172320, Exploration:0.131501, Collision:0.013200/66 , Avg Loss:0.670152/1000, Avg Q Value:0.435690/4323 
2017-04-19 13:37:34,661 - root - INFO - Epoch:10, Episode:4, Steps Left:80000/5000/100000, Reward:-25.000000, fps:539.388352, Exploration:0.127001, Collision:0.013800/69 , Avg Loss:0.621510/1000, Avg Q Value:0.413836/4323 
2017-04-19 13:37:43,931 - root - INFO - Epoch:10, Episode:5, Steps Left:75000/5000/100000, Reward:-58.000000, fps:539.366586, Exploration:0.122501, Collision:0.015400/77 , Avg Loss:0.657813/1000, Avg Q Value:0.400935/4397 
2017-04-19 13:37:53,236 - root - INFO - Epoch:10, Episode:6, Steps Left:70000/5000/100000, Reward:-67.000000, fps:537.398756, Exploration:0.118001, Collision:0.014800/74 , Avg Loss:0.776094/1000, Avg Q Value:0.385309/4379 
2017-04-19 13:38:02,709 - root - INFO - Epoch:10, Episode:7, Steps Left:65000/5000/100000, Reward:-78.000000, fps:527.817795, Exploration:0.113501, Collision:0.016000/80 , Avg Loss:0.673194/1000, Avg Q Value:0.384202/4413 
2017-04-19 13:38:11,961 - root - INFO - Epoch:10, Episode:8, Steps Left:60000/5000/100000, Reward:-92.000000, fps:540.402784, Exploration:0.109001, Collision:0.018200/91 , Avg Loss:0.640789/1000, Avg Q Value:0.383732/4466 
2017-04-19 13:38:21,428 - root - INFO - Epoch:10, Episode:9, Steps Left:55000/5000/100000, Reward:-36.000000, fps:528.161191, Exploration:0.104501, Collision:0.021800/109 , Avg Loss:0.681847/1000, Avg Q Value:0.440516/4423 
2017-04-19 13:38:30,879 - root - INFO - Epoch:10, Episode:10, Steps Left:50000/5000/100000, Reward:-54.000000, fps:529.052488, Exploration:0.100001, Collision:0.022800/114 , Avg Loss:0.753712/1000, Avg Q Value:0.434197/4526 
2017-04-19 13:38:40,234 - root - INFO - Epoch:10, Episode:11, Steps Left:45000/5000/100000, Reward:27.000000, fps:534.509533, Exploration:0.100000, Collision:0.014000/70 , Avg Loss:0.640212/1000, Avg Q Value:0.471135/4494 
2017-04-19 13:38:49,612 - root - INFO - Epoch:10, Episode:12, Steps Left:40000/5000/100000, Reward:35.000000, fps:533.149301, Exploration:0.100000, Collision:0.012000/60 , Avg Loss:0.620659/1000, Avg Q Value:0.483586/4492 
2017-04-19 13:38:58,868 - root - INFO - Epoch:10, Episode:13, Steps Left:35000/5000/100000, Reward:-64.000000, fps:540.201708, Exploration:0.100000, Collision:0.013200/66 , Avg Loss:0.620183/1000, Avg Q Value:0.435764/4509 
2017-04-19 13:39:08,332 - root - INFO - Epoch:10, Episode:14, Steps Left:30000/5000/100000, Reward:-76.000000, fps:528.346360, Exploration:0.100000, Collision:0.014400/72 , Avg Loss:0.624423/1000, Avg Q Value:0.435429/4520 
2017-04-19 13:39:17,688 - root - INFO - Epoch:10, Episode:15, Steps Left:25000/5000/100000, Reward:-71.000000, fps:534.398472, Exploration:0.100000, Collision:0.014000/70 , Avg Loss:0.655300/1000, Avg Q Value:0.425840/4496 
2017-04-19 13:39:27,069 - root - INFO - Epoch:10, Episode:16, Steps Left:20000/5000/100000, Reward:-67.000000, fps:532.985971, Exploration:0.100000, Collision:0.013600/68 , Avg Loss:0.701294/1000, Avg Q Value:0.428378/4479 
2017-04-19 13:39:36,596 - root - INFO - Epoch:10, Episode:17, Steps Left:15000/5000/100000, Reward:-40.000000, fps:524.866823, Exploration:0.100000, Collision:0.020000/100 , Avg Loss:0.744924/1000, Avg Q Value:0.439244/4504 
2017-04-19 13:39:46,248 - root - INFO - Epoch:10, Episode:18, Steps Left:10000/5000/100000, Reward:-77.000000, fps:518.003197, Exploration:0.100000, Collision:0.022400/112 , Avg Loss:0.686664/1000, Avg Q Value:0.446874/4500 
2017-04-19 13:39:55,835 - root - INFO - Epoch:10, Episode:19, Steps Left:5000/5000/100000, Reward:-59.000000, fps:521.578491, Exploration:0.100000, Collision:0.018600/93 , Avg Loss:0.628657/1000, Avg Q Value:0.417050/4504 
2017-04-19 13:40:05,424 - root - INFO - Epoch:10, Episode:20, Steps Left:0/5000/100000, Reward:-55.000000, fps:521.411283, Exploration:0.100000, Collision:0.020000/100 , Avg Loss:0.667946/1000, Avg Q Value:0.416994/4495 
2017-04-19 13:40:05,426 - root - INFO - Epoch:10, FPS:532.239679, Avg Reward: -49.650000/20
2017-04-19 13:40:14,784 - root - INFO - Epoch:11, Episode:1, Steps Left:95000/5000/100000, Reward:18.000000, fps:534.299871, Exploration:0.100000, Collision:0.014400/72 , Avg Loss:0.654529/1000, Avg Q Value:0.454323/4493 
2017-04-19 13:40:24,183 - root - INFO - Epoch:11, Episode:2, Steps Left:90000/5000/100000, Reward:47.000000, fps:531.977036, Exploration:0.100000, Collision:0.010200/51 , Avg Loss:0.683453/1000, Avg Q Value:0.463824/4486 
2017-04-19 13:40:33,591 - root - INFO - Epoch:11, Episode:3, Steps Left:85000/5000/100000, Reward:-49.000000, fps:531.488850, Exploration:0.100000, Collision:0.015200/76 , Avg Loss:0.659667/1000, Avg Q Value:0.438822/4468 
2017-04-19 13:40:42,959 - root - INFO - Epoch:11, Episode:4, Steps Left:80000/5000/100000, Reward:-42.000000, fps:533.713568, Exploration:0.100000, Collision:0.014800/74 , Avg Loss:0.670687/1000, Avg Q Value:0.441472/4535 
2017-04-19 13:40:52,451 - root - INFO - Epoch:11, Episode:5, Steps Left:75000/5000/100000, Reward:-54.000000, fps:526.764597, Exploration:0.100000, Collision:0.021600/108 , Avg Loss:0.672254/1000, Avg Q Value:0.461267/4487 
2017-04-19 13:41:01,879 - root - INFO - Epoch:11, Episode:6, Steps Left:70000/5000/100000, Reward:-102.000000, fps:530.321950, Exploration:0.100000, Collision:0.022000/110 , Avg Loss:0.711817/1000, Avg Q Value:0.429418/4530 
2017-04-19 13:41:11,227 - root - INFO - Epoch:11, Episode:7, Steps Left:65000/5000/100000, Reward:-30.000000, fps:534.921613, Exploration:0.100000, Collision:0.019000/95 , Avg Loss:0.659649/1000, Avg Q Value:0.420181/4494 
2017-04-19 13:41:20,576 - root - INFO - Epoch:11, Episode:8, Steps Left:60000/5000/100000, Reward:-10.000000, fps:534.806548, Exploration:0.100000, Collision:0.015400/77 , Avg Loss:0.688290/1000, Avg Q Value:0.416903/4520 
2017-04-19 13:41:29,920 - root - INFO - Epoch:11, Episode:9, Steps Left:55000/5000/100000, Reward:-90.000000, fps:535.132801, Exploration:0.100000, Collision:0.019400/97 , Avg Loss:0.537265/1000, Avg Q Value:0.414081/4497 
2017-04-19 13:41:39,540 - root - INFO - Epoch:11, Episode:10, Steps Left:50000/5000/100000, Reward:-86.000000, fps:519.733072, Exploration:0.100000, Collision:0.019800/99 , Avg Loss:0.615903/1000, Avg Q Value:0.417612/4515 
2017-04-19 13:41:48,929 - root - INFO - Epoch:11, Episode:11, Steps Left:45000/5000/100000, Reward:-77.000000, fps:532.555255, Exploration:0.100000, Collision:0.020600/103 , Avg Loss:0.608825/1000, Avg Q Value:0.433437/4495 
2017-04-19 13:41:58,391 - root - INFO - Epoch:11, Episode:12, Steps Left:40000/5000/100000, Reward:-91.000000, fps:528.446211, Exploration:0.100000, Collision:0.019400/97 , Avg Loss:0.715467/1000, Avg Q Value:0.423623/4528 
2017-04-19 13:42:07,728 - root - INFO - Epoch:11, Episode:13, Steps Left:35000/5000/100000, Reward:-77.000000, fps:535.516126, Exploration:0.100000, Collision:0.015200/76 , Avg Loss:0.659307/1000, Avg Q Value:0.412879/4507 
2017-04-19 13:42:17,227 - root - INFO - Epoch:11, Episode:14, Steps Left:30000/5000/100000, Reward:-89.000000, fps:526.350650, Exploration:0.100000, Collision:0.017600/88 , Avg Loss:0.655142/1000, Avg Q Value:0.409613/4498 
2017-04-19 13:42:26,772 - root - INFO - Epoch:11, Episode:15, Steps Left:25000/5000/100000, Reward:-80.000000, fps:523.882986, Exploration:0.100000, Collision:0.021400/107 , Avg Loss:0.719808/1000, Avg Q Value:0.403324/4519 
2017-04-19 13:42:36,364 - root - INFO - Epoch:11, Episode:16, Steps Left:20000/5000/100000, Reward:-131.000000, fps:521.264522, Exploration:0.100000, Collision:0.026400/132 , Avg Loss:0.600227/1000, Avg Q Value:0.402324/4513 
2017-04-19 13:42:45,825 - root - INFO - Epoch:11, Episode:17, Steps Left:15000/5000/100000, Reward:-50.000000, fps:528.503289, Exploration:0.100000, Collision:0.013800/69 , Avg Loss:0.564491/1000, Avg Q Value:0.397692/4467 
2017-04-19 13:42:55,136 - root - INFO - Epoch:11, Episode:18, Steps Left:10000/5000/100000, Reward:-76.000000, fps:536.996547, Exploration:0.100000, Collision:0.018000/90 , Avg Loss:0.621657/1000, Avg Q Value:0.396999/4514 
2017-04-19 13:43:04,425 - root - INFO - Epoch:11, Episode:19, Steps Left:5000/5000/100000, Reward:-85.000000, fps:538.241991, Exploration:0.100000, Collision:0.017600/88 , Avg Loss:0.577352/1000, Avg Q Value:0.376282/4531 
2017-04-19 13:43:13,737 - root - INFO - Epoch:11, Episode:20, Steps Left:0/5000/100000, Reward:-71.000000, fps:536.981821, Exploration:0.100000, Collision:0.014000/70 , Avg Loss:0.615794/1000, Avg Q Value:0.370536/4465 
2017-04-19 13:43:13,738 - root - INFO - Epoch:11, FPS:531.035699, Avg Reward: -61.250000/20
2017-04-19 13:43:23,260 - root - INFO - Epoch:12, Episode:1, Steps Left:95000/5000/100000, Reward:-70.000000, fps:525.123866, Exploration:0.100000, Collision:0.020600/103 , Avg Loss:0.565168/1000, Avg Q Value:0.389064/4471 
2017-04-19 13:43:32,606 - root - INFO - Epoch:12, Episode:2, Steps Left:90000/5000/100000, Reward:-60.000000, fps:535.017591, Exploration:0.100000, Collision:0.019000/95 , Avg Loss:0.547307/1000, Avg Q Value:0.378504/4518 
2017-04-19 13:43:42,085 - root - INFO - Epoch:12, Episode:3, Steps Left:85000/5000/100000, Reward:-79.000000, fps:527.489253, Exploration:0.100000, Collision:0.022200/111 , Avg Loss:0.490486/1000, Avg Q Value:0.398685/4500 
2017-04-19 13:43:51,611 - root - INFO - Epoch:12, Episode:4, Steps Left:80000/5000/100000, Reward:-40.000000, fps:524.886659, Exploration:0.100000, Collision:0.020600/103 , Avg Loss:0.530756/1000, Avg Q Value:0.409444/4503 
2017-04-19 13:44:00,937 - root - INFO - Epoch:12, Episode:5, Steps Left:75000/5000/100000, Reward:-63.000000, fps:536.146406, Exploration:0.100000, Collision:0.012400/62 , Avg Loss:0.572740/1000, Avg Q Value:0.376762/4483 
2017-04-19 13:44:10,236 - root - INFO - Epoch:12, Episode:6, Steps Left:70000/5000/100000, Reward:-45.000000, fps:537.645052, Exploration:0.100000, Collision:0.008600/43 , Avg Loss:0.652042/1000, Avg Q Value:0.369856/4505 
2017-04-19 13:44:19,981 - root - INFO - Epoch:12, Episode:7, Steps Left:65000/5000/100000, Reward:-73.000000, fps:513.106436, Exploration:0.100000, Collision:0.017600/88 , Avg Loss:0.532529/1000, Avg Q Value:0.378374/4512 
2017-04-19 13:44:29,344 - root - INFO - Epoch:12, Episode:8, Steps Left:60000/5000/100000, Reward:-82.000000, fps:534.057433, Exploration:0.100000, Collision:0.017800/89 , Avg Loss:0.465655/1000, Avg Q Value:0.367169/4496 
2017-04-19 13:44:38,763 - root - INFO - Epoch:12, Episode:9, Steps Left:55000/5000/100000, Reward:-86.000000, fps:530.805280, Exploration:0.100000, Collision:0.019200/96 , Avg Loss:0.596687/1000, Avg Q Value:0.384763/4488 
2017-04-19 13:44:48,098 - root - INFO - Epoch:12, Episode:10, Steps Left:50000/5000/100000, Reward:-82.000000, fps:535.641142, Exploration:0.100000, Collision:0.016800/84 , Avg Loss:0.529054/1000, Avg Q Value:0.385337/4547 
2017-04-19 13:44:57,585 - root - INFO - Epoch:12, Episode:11, Steps Left:45000/5000/100000, Reward:-82.000000, fps:527.028721, Exploration:0.100000, Collision:0.023000/115 , Avg Loss:0.549597/1000, Avg Q Value:0.405381/4498 
2017-04-19 13:45:07,162 - root - INFO - Epoch:12, Episode:12, Steps Left:40000/5000/100000, Reward:-64.000000, fps:522.125422, Exploration:0.100000, Collision:0.017400/87 , Avg Loss:0.622801/1000, Avg Q Value:0.391685/4492 
2017-04-19 13:45:16,573 - root - INFO - Epoch:12, Episode:13, Steps Left:35000/5000/100000, Reward:-55.000000, fps:531.263705, Exploration:0.100000, Collision:0.018200/91 , Avg Loss:0.530719/1000, Avg Q Value:0.396416/4514 
2017-04-19 13:45:26,213 - root - INFO - Epoch:12, Episode:14, Steps Left:30000/5000/100000, Reward:-45.000000, fps:518.683867, Exploration:0.100000, Collision:0.019600/98 , Avg Loss:0.472388/1000, Avg Q Value:0.407327/4501 
2017-04-19 13:45:35,660 - root - INFO - Epoch:12, Episode:15, Steps Left:25000/5000/100000, Reward:-57.000000, fps:529.285086, Exploration:0.100000, Collision:0.015200/76 , Avg Loss:0.521989/1000, Avg Q Value:0.376021/4500 
2017-04-19 13:45:45,224 - root - INFO - Epoch:12, Episode:16, Steps Left:20000/5000/100000, Reward:-53.000000, fps:522.801623, Exploration:0.100000, Collision:0.019000/95 , Avg Loss:0.517632/1000, Avg Q Value:0.393708/4510 
2017-04-19 13:45:54,595 - root - INFO - Epoch:12, Episode:17, Steps Left:15000/5000/100000, Reward:20.000000, fps:533.576296, Exploration:0.100000, Collision:0.015200/76 , Avg Loss:0.614856/1000, Avg Q Value:0.409394/4512 
2017-04-19 13:46:03,924 - root - INFO - Epoch:12, Episode:18, Steps Left:10000/5000/100000, Reward:38.000000, fps:535.954743, Exploration:0.100000, Collision:0.014200/71 , Avg Loss:0.542741/1000, Avg Q Value:0.431050/4524 
2017-04-19 13:46:13,280 - root - INFO - Epoch:12, Episode:19, Steps Left:5000/5000/100000, Reward:-56.000000, fps:534.423216, Exploration:0.100000, Collision:0.017600/88 , Avg Loss:0.657613/1000, Avg Q Value:0.400966/4537 
2017-04-19 13:46:22,699 - root - INFO - Epoch:12, Episode:20, Steps Left:0/5000/100000, Reward:-81.000000, fps:530.883121, Exploration:0.100000, Collision:0.017800/89 , Avg Loss:0.593027/1000, Avg Q Value:0.392390/4474 
2017-04-19 13:46:22,700 - root - INFO - Epoch:12, FPS:529.210518, Avg Reward: -55.750000/20
2017-04-19 13:46:32,162 - root - INFO - Epoch:13, Episode:1, Steps Left:95000/5000/100000, Reward:-40.000000, fps:528.452683, Exploration:0.100000, Collision:0.022400/112 , Avg Loss:0.569223/1000, Avg Q Value:0.412776/4487 
2017-04-19 13:46:41,701 - root - INFO - Epoch:13, Episode:2, Steps Left:90000/5000/100000, Reward:-32.000000, fps:524.157367, Exploration:0.100000, Collision:0.018800/94 , Avg Loss:0.519482/1000, Avg Q Value:0.409484/4545 
2017-04-19 13:46:51,028 - root - INFO - Epoch:13, Episode:3, Steps Left:85000/5000/100000, Reward:-44.000000, fps:536.071330, Exploration:0.100000, Collision:0.014600/73 , Avg Loss:0.538582/1000, Avg Q Value:0.386187/4537 
2017-04-19 13:47:00,410 - root - INFO - Epoch:13, Episode:4, Steps Left:80000/5000/100000, Reward:-100.000000, fps:532.958136, Exploration:0.100000, Collision:0.022000/110 , Avg Loss:0.509555/1000, Avg Q Value:0.375502/4515 
2017-04-19 13:47:09,772 - root - INFO - Epoch:13, Episode:5, Steps Left:75000/5000/100000, Reward:34.000000, fps:534.119157, Exploration:0.100000, Collision:0.018800/94 , Avg Loss:0.530826/1000, Avg Q Value:0.416424/4462 
2017-04-19 13:47:19,234 - root - INFO - Epoch:13, Episode:6, Steps Left:70000/5000/100000, Reward:25.000000, fps:528.413376, Exploration:0.100000, Collision:0.018000/90 , Avg Loss:0.514468/1000, Avg Q Value:0.428361/4497 
2017-04-19 13:47:28,566 - root - INFO - Epoch:13, Episode:7, Steps Left:65000/5000/100000, Reward:-7.000000, fps:535.804214, Exploration:0.100000, Collision:0.013000/65 , Avg Loss:0.484671/1000, Avg Q Value:0.367830/4494 
2017-04-19 13:47:37,911 - root - INFO - Epoch:13, Episode:8, Steps Left:60000/5000/100000, Reward:-9.000000, fps:535.065230, Exploration:0.100000, Collision:0.012800/64 , Avg Loss:0.536824/1000, Avg Q Value:0.369588/4499 
2017-04-19 13:47:47,432 - root - INFO - Epoch:13, Episode:9, Steps Left:55000/5000/100000, Reward:-86.000000, fps:525.159055, Exploration:0.100000, Collision:0.020200/101 , Avg Loss:0.404872/1000, Avg Q Value:0.386394/4503 
2017-04-19 13:47:56,832 - root - INFO - Epoch:13, Episode:10, Steps Left:50000/5000/100000, Reward:-88.000000, fps:531.938607, Exploration:0.100000, Collision:0.023000/115 , Avg Loss:0.443451/1000, Avg Q Value:0.384535/4494 
2017-04-19 13:48:06,386 - root - INFO - Epoch:13, Episode:11, Steps Left:45000/5000/100000, Reward:-39.000000, fps:523.330162, Exploration:0.100000, Collision:0.018400/92 , Avg Loss:0.538230/1000, Avg Q Value:0.394503/4484 
2017-04-19 13:48:15,820 - root - INFO - Epoch:13, Episode:12, Steps Left:40000/5000/100000, Reward:-52.000000, fps:530.022258, Exploration:0.100000, Collision:0.019200/96 , Avg Loss:0.494062/1000, Avg Q Value:0.388589/4487 
2017-04-19 13:48:25,345 - root - INFO - Epoch:13, Episode:13, Steps Left:35000/5000/100000, Reward:-2.000000, fps:524.892348, Exploration:0.100000, Collision:0.012800/64 , Avg Loss:0.430880/1000, Avg Q Value:0.414934/4510 
2017-04-19 13:48:34,765 - root - INFO - Epoch:13, Episode:14, Steps Left:30000/5000/100000, Reward:-3.000000, fps:530.844393, Exploration:0.100000, Collision:0.013400/67 , Avg Loss:0.569785/1000, Avg Q Value:0.430263/4484 
2017-04-19 13:48:44,194 - root - INFO - Epoch:13, Episode:15, Steps Left:25000/5000/100000, Reward:-80.000000, fps:530.257828, Exploration:0.100000, Collision:0.019600/98 , Avg Loss:0.552442/1000, Avg Q Value:0.386845/4483 
2017-04-19 13:48:53,608 - root - INFO - Epoch:13, Episode:16, Steps Left:20000/5000/100000, Reward:-87.000000, fps:531.129613, Exploration:0.100000, Collision:0.022800/114 , Avg Loss:0.449475/1000, Avg Q Value:0.390100/4460 
2017-04-19 13:49:03,075 - root - INFO - Epoch:13, Episode:17, Steps Left:15000/5000/100000, Reward:-70.000000, fps:528.176861, Exploration:0.100000, Collision:0.013800/69 , Avg Loss:0.459587/1000, Avg Q Value:0.350740/4535 
2017-04-19 13:49:12,652 - root - INFO - Epoch:13, Episode:18, Steps Left:10000/5000/100000, Reward:-71.000000, fps:522.067867, Exploration:0.100000, Collision:0.014200/71 , Avg Loss:0.580930/1000, Avg Q Value:0.352429/4521 
2017-04-19 13:49:21,994 - root - INFO - Epoch:13, Episode:19, Steps Left:5000/5000/100000, Reward:-62.000000, fps:535.216150, Exploration:0.100000, Collision:0.015400/77 , Avg Loss:0.510750/1000, Avg Q Value:0.354316/4487 
2017-04-19 13:49:31,316 - root - INFO - Epoch:13, Episode:20, Steps Left:0/5000/100000, Reward:-66.000000, fps:536.393832, Exploration:0.100000, Collision:0.013600/68 , Avg Loss:0.596508/1000, Avg Q Value:0.348437/4515 
2017-04-19 13:49:31,317 - root - INFO - Epoch:13, FPS:530.178056, Avg Reward: -43.950000/20
2017-04-19 13:49:40,876 - root - INFO - Epoch:14, Episode:1, Steps Left:95000/5000/100000, Reward:-29.000000, fps:523.100379, Exploration:0.100000, Collision:0.017000/85 , Avg Loss:0.583706/1000, Avg Q Value:0.360411/4498 
2017-04-19 13:49:50,284 - root - INFO - Epoch:14, Episode:2, Steps Left:90000/5000/100000, Reward:14.000000, fps:531.461508, Exploration:0.100000, Collision:0.016200/81 , Avg Loss:0.505780/1000, Avg Q Value:0.382750/4496 
2017-04-19 13:49:59,548 - root - INFO - Epoch:14, Episode:3, Steps Left:85000/5000/100000, Reward:-26.000000, fps:539.754823, Exploration:0.100000, Collision:0.014200/71 , Avg Loss:0.538800/1000, Avg Q Value:0.336837/4524 
2017-04-19 13:50:08,859 - root - INFO - Epoch:14, Episode:4, Steps Left:80000/5000/100000, Reward:-17.000000, fps:537.011989, Exploration:0.100000, Collision:0.011000/55 , Avg Loss:0.478851/1000, Avg Q Value:0.339787/4535 
2017-04-19 13:50:18,267 - root - INFO - Epoch:14, Episode:5, Steps Left:75000/5000/100000, Reward:13.000000, fps:531.468741, Exploration:0.100000, Collision:0.014600/73 , Avg Loss:0.491333/1000, Avg Q Value:0.378673/4534 
2017-04-19 13:50:27,718 - root - INFO - Epoch:14, Episode:6, Steps Left:70000/5000/100000, Reward:15.000000, fps:529.052835, Exploration:0.100000, Collision:0.017000/85 , Avg Loss:0.485527/1000, Avg Q Value:0.380608/4518 
2017-04-19 13:50:37,166 - root - INFO - Epoch:14, Episode:7, Steps Left:65000/5000/100000, Reward:-84.000000, fps:529.195561, Exploration:0.100000, Collision:0.017800/89 , Avg Loss:0.505220/1000, Avg Q Value:0.360160/4474 
2017-04-19 13:50:46,767 - root - INFO - Epoch:14, Episode:8, Steps Left:60000/5000/100000, Reward:-53.000000, fps:520.776637, Exploration:0.100000, Collision:0.011000/55 , Avg Loss:0.497629/1000, Avg Q Value:0.348283/4498 
2017-04-19 13:50:56,361 - root - INFO - Epoch:14, Episode:9, Steps Left:55000/5000/100000, Reward:-76.000000, fps:521.187857, Exploration:0.100000, Collision:0.022600/113 , Avg Loss:0.453759/1000, Avg Q Value:0.372057/4524 
2017-04-19 13:51:05,924 - root - INFO - Epoch:14, Episode:10, Steps Left:50000/5000/100000, Reward:-73.000000, fps:522.856849, Exploration:0.100000, Collision:0.021600/108 , Avg Loss:0.427209/1000, Avg Q Value:0.359545/4515 
2017-04-19 13:51:15,344 - root - INFO - Epoch:14, Episode:11, Steps Left:45000/5000/100000, Reward:-88.000000, fps:530.784215, Exploration:0.100000, Collision:0.019600/98 , Avg Loss:0.528357/1000, Avg Q Value:0.343922/4503 
2017-04-19 13:51:24,614 - root - INFO - Epoch:14, Episode:12, Steps Left:40000/5000/100000, Reward:-80.000000, fps:539.376893, Exploration:0.100000, Collision:0.019800/99 , Avg Loss:0.480771/1000, Avg Q Value:0.335783/4545 
2017-04-19 13:51:33,979 - root - INFO - Epoch:14, Episode:13, Steps Left:35000/5000/100000, Reward:-38.000000, fps:533.903237, Exploration:0.100000, Collision:0.015000/75 , Avg Loss:0.543624/1000, Avg Q Value:0.349612/4470 
2017-04-19 13:51:43,365 - root - INFO - Epoch:14, Episode:14, Steps Left:30000/5000/100000, Reward:-55.000000, fps:532.754048, Exploration:0.100000, Collision:0.014000/70 , Avg Loss:0.554473/1000, Avg Q Value:0.361157/4530 
2017-04-19 13:51:52,686 - root - INFO - Epoch:14, Episode:15, Steps Left:25000/5000/100000, Reward:-67.000000, fps:536.404945, Exploration:0.100000, Collision:0.016800/84 , Avg Loss:0.554888/1000, Avg Q Value:0.330921/4492 
2017-04-19 13:52:02,087 - root - INFO - Epoch:14, Episode:16, Steps Left:20000/5000/100000, Reward:-81.000000, fps:531.888757, Exploration:0.100000, Collision:0.021800/109 , Avg Loss:0.600894/1000, Avg Q Value:0.333141/4529 
2017-04-19 13:52:11,473 - root - INFO - Epoch:14, Episode:17, Steps Left:15000/5000/100000, Reward:-10.000000, fps:532.691948, Exploration:0.100000, Collision:0.013800/69 , Avg Loss:0.485211/1000, Avg Q Value:0.347659/4525 
2017-04-19 13:52:21,029 - root - INFO - Epoch:14, Episode:18, Steps Left:10000/5000/100000, Reward:-32.000000, fps:523.232131, Exploration:0.100000, Collision:0.014800/74 , Avg Loss:0.467194/1000, Avg Q Value:0.350585/4512 
2017-04-19 13:52:30,316 - root - INFO - Epoch:14, Episode:19, Steps Left:5000/5000/100000, Reward:-66.000000, fps:538.398233, Exploration:0.100000, Collision:0.016600/83 , Avg Loss:0.507868/1000, Avg Q Value:0.350613/4502 
2017-04-19 13:52:39,729 - root - INFO - Epoch:14, Episode:20, Steps Left:0/5000/100000, Reward:-73.000000, fps:531.225540, Exploration:0.100000, Collision:0.017200/86 , Avg Loss:0.515899/1000, Avg Q Value:0.336481/4496 
2017-04-19 13:52:39,730 - root - INFO - Epoch:14, FPS:530.754030, Avg Reward: -45.300000/20
2017-04-19 13:52:49,028 - root - INFO - Epoch:15, Episode:1, Steps Left:95000/5000/100000, Reward:-79.000000, fps:537.745829, Exploration:0.100000, Collision:0.019800/99 , Avg Loss:0.502297/1000, Avg Q Value:0.324925/4533 
2017-04-19 13:52:58,616 - root - INFO - Epoch:15, Episode:2, Steps Left:90000/5000/100000, Reward:-73.000000, fps:521.492695, Exploration:0.100000, Collision:0.017400/87 , Avg Loss:0.550575/1000, Avg Q Value:0.324813/4518 
2017-04-19 13:53:08,018 - root - INFO - Epoch:15, Episode:3, Steps Left:85000/5000/100000, Reward:58.000000, fps:531.820574, Exploration:0.100000, Collision:0.021000/105 , Avg Loss:0.591280/1000, Avg Q Value:0.424135/4501 
2017-04-19 13:53:17,640 - root - INFO - Epoch:15, Episode:4, Steps Left:80000/5000/100000, Reward:15.000000, fps:519.661609, Exploration:0.100000, Collision:0.018200/91 , Avg Loss:0.625053/1000, Avg Q Value:0.416042/4513 
2017-04-19 13:53:26,966 - root - INFO - Epoch:15, Episode:5, Steps Left:75000/5000/100000, Reward:15.000000, fps:536.116801, Exploration:0.100000, Collision:0.013400/67 , Avg Loss:0.507829/1000, Avg Q Value:0.372402/4479 
2017-04-19 13:53:36,233 - root - INFO - Epoch:15, Episode:6, Steps Left:70000/5000/100000, Reward:-13.000000, fps:539.544914, Exploration:0.100000, Collision:0.012400/62 , Avg Loss:0.519092/1000, Avg Q Value:0.358412/4525 
2017-04-19 13:53:45,902 - root - INFO - Epoch:15, Episode:7, Steps Left:65000/5000/100000, Reward:100.000000, fps:517.132872, Exploration:0.100000, Collision:0.019000/95 , Avg Loss:0.449905/1000, Avg Q Value:0.462465/4503 
2017-04-19 13:53:55,363 - root - INFO - Epoch:15, Episode:8, Steps Left:60000/5000/100000, Reward:174.000000, fps:528.510548, Exploration:0.100000, Collision:0.021400/107 , Avg Loss:0.496621/1000, Avg Q Value:0.467668/4501 
2017-04-19 13:54:04,711 - root - INFO - Epoch:15, Episode:9, Steps Left:55000/5000/100000, Reward:59.000000, fps:534.858093, Exploration:0.100000, Collision:0.013000/65 , Avg Loss:0.531923/1000, Avg Q Value:0.435702/4508 
2017-04-19 13:54:14,162 - root - INFO - Epoch:15, Episode:10, Steps Left:50000/5000/100000, Reward:65.000000, fps:529.096949, Exploration:0.100000, Collision:0.012800/64 , Avg Loss:0.528817/1000, Avg Q Value:0.416812/4494 
2017-04-19 13:54:23,685 - root - INFO - Epoch:15, Episode:11, Steps Left:45000/5000/100000, Reward:58.000000, fps:525.006038, Exploration:0.100000, Collision:0.013200/66 , Avg Loss:0.512583/1000, Avg Q Value:0.400325/4478 
2017-04-19 13:54:33,044 - root - INFO - Epoch:15, Episode:12, Steps Left:40000/5000/100000, Reward:57.000000, fps:534.283754, Exploration:0.100000, Collision:0.016600/83 , Avg Loss:0.442450/1000, Avg Q Value:0.408694/4517 
2017-04-19 13:54:42,440 - root - INFO - Epoch:15, Episode:13, Steps Left:35000/5000/100000, Reward:-2.000000, fps:532.148026, Exploration:0.100000, Collision:0.014200/71 , Avg Loss:0.495695/1000, Avg Q Value:0.365619/4461 
2017-04-19 13:54:51,797 - root - INFO - Epoch:15, Episode:14, Steps Left:30000/5000/100000, Reward:-21.000000, fps:534.366677, Exploration:0.100000, Collision:0.009400/47 , Avg Loss:0.472071/1000, Avg Q Value:0.337463/4509 
2017-04-19 13:55:01,202 - root - INFO - Epoch:15, Episode:15, Steps Left:25000/5000/100000, Reward:54.000000, fps:531.664890, Exploration:0.100000, Collision:0.013800/69 , Avg Loss:0.573054/1000, Avg Q Value:0.426119/4528 
2017-04-19 13:55:10,657 - root - INFO - Epoch:15, Episode:16, Steps Left:20000/5000/100000, Reward:25.000000, fps:528.787786, Exploration:0.100000, Collision:0.016000/80 , Avg Loss:0.505869/1000, Avg Q Value:0.437508/4517 
2017-04-19 13:55:20,199 - root - INFO - Epoch:15, Episode:17, Steps Left:15000/5000/100000, Reward:-42.000000, fps:524.027768, Exploration:0.100000, Collision:0.019400/97 , Avg Loss:0.490015/1000, Avg Q Value:0.372564/4472 
2017-04-19 13:55:29,707 - root - INFO - Epoch:15, Episode:18, Steps Left:10000/5000/100000, Reward:-42.000000, fps:525.864924, Exploration:0.100000, Collision:0.018200/91 , Avg Loss:0.603009/1000, Avg Q Value:0.358554/4526 
2017-04-19 13:55:38,941 - root - INFO - Epoch:15, Episode:19, Steps Left:5000/5000/100000, Reward:-56.000000, fps:541.477501, Exploration:0.100000, Collision:0.015000/75 , Avg Loss:0.456570/1000, Avg Q Value:0.312305/4469 
2017-04-19 13:55:48,277 - root - INFO - Epoch:15, Episode:20, Steps Left:0/5000/100000, Reward:-53.000000, fps:535.612564, Exploration:0.100000, Collision:0.013200/66 , Avg Loss:0.579428/1000, Avg Q Value:0.300570/4479 
2017-04-19 13:55:48,278 - root - INFO - Epoch:15, FPS:530.372606, Avg Reward: 14.950000/20
2017-04-19 13:55:57,760 - root - INFO - Epoch:16, Episode:1, Steps Left:95000/5000/100000, Reward:38.000000, fps:527.323259, Exploration:0.100000, Collision:0.013600/68 , Avg Loss:0.494146/1000, Avg Q Value:0.388573/4469 
2017-04-19 13:56:07,265 - root - INFO - Epoch:16, Episode:2, Steps Left:90000/5000/100000, Reward:21.000000, fps:526.026148, Exploration:0.100000, Collision:0.013800/69 , Avg Loss:0.588452/1000, Avg Q Value:0.369941/4465 
2017-04-19 13:56:16,763 - root - INFO - Epoch:16, Episode:3, Steps Left:85000/5000/100000, Reward:-49.000000, fps:526.416090, Exploration:0.100000, Collision:0.015400/77 , Avg Loss:0.544814/1000, Avg Q Value:0.300079/4498 
2017-04-19 13:56:26,124 - root - INFO - Epoch:16, Episode:4, Steps Left:80000/5000/100000, Reward:-74.000000, fps:534.151168, Exploration:0.100000, Collision:0.016800/84 , Avg Loss:0.527071/1000, Avg Q Value:0.293129/4494 
2017-04-19 13:56:35,819 - root - INFO - Epoch:16, Episode:5, Steps Left:75000/5000/100000, Reward:-25.000000, fps:515.733008, Exploration:0.100000, Collision:0.020200/101 , Avg Loss:0.631323/1000, Avg Q Value:0.365926/4490 
2017-04-19 13:56:45,291 - root - INFO - Epoch:16, Episode:6, Steps Left:70000/5000/100000, Reward:-29.000000, fps:527.891905, Exploration:0.100000, Collision:0.019000/95 , Avg Loss:0.552922/1000, Avg Q Value:0.363879/4491 
2017-04-19 13:56:54,662 - root - INFO - Epoch:16, Episode:7, Steps Left:65000/5000/100000, Reward:-77.000000, fps:533.552105, Exploration:0.100000, Collision:0.018800/94 , Avg Loss:0.569588/1000, Avg Q Value:0.321935/4506 
2017-04-19 13:57:04,063 - root - INFO - Epoch:16, Episode:8, Steps Left:60000/5000/100000, Reward:-120.000000, fps:531.893951, Exploration:0.100000, Collision:0.025600/128 , Avg Loss:0.577761/1000, Avg Q Value:0.303259/4486 
2017-04-19 13:57:13,488 - root - INFO - Epoch:16, Episode:9, Steps Left:55000/5000/100000, Reward:42.000000, fps:530.504035, Exploration:0.100000, Collision:0.018200/91 , Avg Loss:0.565730/1000, Avg Q Value:0.377128/4498 
2017-04-19 13:57:22,867 - root - INFO - Epoch:16, Episode:10, Steps Left:50000/5000/100000, Reward:5.000000, fps:533.113657, Exploration:0.100000, Collision:0.018000/90 , Avg Loss:0.471646/1000, Avg Q Value:0.391180/4489 
2017-04-19 13:57:32,533 - root - INFO - Epoch:16, Episode:11, Steps Left:45000/5000/100000, Reward:-69.000000, fps:517.310452, Exploration:0.100000, Collision:0.014000/70 , Avg Loss:0.566987/1000, Avg Q Value:0.302113/4481 
2017-04-19 13:57:41,826 - root - INFO - Epoch:16, Episode:12, Steps Left:40000/5000/100000, Reward:-88.000000, fps:538.006438, Exploration:0.100000, Collision:0.016800/84 , Avg Loss:0.546358/1000, Avg Q Value:0.297498/4516 
2017-04-19 13:57:51,220 - root - INFO - Epoch:16, Episode:13, Steps Left:35000/5000/100000, Reward:76.000000, fps:532.297980, Exploration:0.100000, Collision:0.014200/71 , Avg Loss:0.601246/1000, Avg Q Value:0.431424/4498 
2017-04-19 13:58:00,828 - root - INFO - Epoch:16, Episode:14, Steps Left:30000/5000/100000, Reward:102.000000, fps:520.371282, Exploration:0.100000, Collision:0.014600/73 , Avg Loss:0.608292/1000, Avg Q Value:0.429829/4512 
2017-04-19 13:58:10,252 - root - INFO - Epoch:16, Episode:15, Steps Left:25000/5000/100000, Reward:-44.000000, fps:530.566069, Exploration:0.100000, Collision:0.012200/61 , Avg Loss:0.520859/1000, Avg Q Value:0.329912/4499 
2017-04-19 13:58:19,488 - root - INFO - Epoch:16, Episode:16, Steps Left:20000/5000/100000, Reward:-54.000000, fps:541.394943, Exploration:0.100000, Collision:0.014600/73 , Avg Loss:0.582977/1000, Avg Q Value:0.334745/4485 
2017-04-19 13:58:28,852 - root - INFO - Epoch:16, Episode:17, Steps Left:15000/5000/100000, Reward:-92.000000, fps:533.963893, Exploration:0.100000, Collision:0.018200/91 , Avg Loss:0.572895/1000, Avg Q Value:0.350067/4528 
2017-04-19 13:58:38,056 - root - INFO - Epoch:16, Episode:18, Steps Left:10000/5000/100000, Reward:-85.000000, fps:543.250273, Exploration:0.100000, Collision:0.017000/85 , Avg Loss:0.534256/1000, Avg Q Value:0.342772/4529 
2017-04-19 13:58:47,468 - root - INFO - Epoch:16, Episode:19, Steps Left:5000/5000/100000, Reward:-3.000000, fps:531.268214, Exploration:0.100000, Collision:0.023000/115 , Avg Loss:0.579361/1000, Avg Q Value:0.420137/4494 
2017-04-19 13:58:56,956 - root - INFO - Epoch:16, Episode:20, Steps Left:0/5000/100000, Reward:25.000000, fps:526.959566, Exploration:0.100000, Collision:0.024200/121 , Avg Loss:0.418258/1000, Avg Q Value:0.439933/4510 
2017-04-19 13:58:56,957 - root - INFO - Epoch:16, FPS:530.002378, Avg Reward: -25.000000/20
2017-04-19 13:59:06,346 - root - INFO - Epoch:17, Episode:1, Steps Left:95000/5000/100000, Reward:-91.000000, fps:532.588728, Exploration:0.100000, Collision:0.017600/88 , Avg Loss:0.524885/1000, Avg Q Value:0.346735/4471 
2017-04-19 13:59:15,791 - root - INFO - Epoch:17, Episode:2, Steps Left:90000/5000/100000, Reward:-95.000000, fps:529.399965, Exploration:0.100000, Collision:0.019000/95 , Avg Loss:0.597401/1000, Avg Q Value:0.349190/4524 
2017-04-19 13:59:25,277 - root - INFO - Epoch:17, Episode:3, Steps Left:85000/5000/100000, Reward:-51.000000, fps:527.071504, Exploration:0.100000, Collision:0.023800/119 , Avg Loss:0.600632/1000, Avg Q Value:0.369821/4464 
2017-04-19 13:59:34,892 - root - INFO - Epoch:17, Episode:4, Steps Left:80000/5000/100000, Reward:-56.000000, fps:520.020478, Exploration:0.100000, Collision:0.024600/123 , Avg Loss:0.579373/1000, Avg Q Value:0.367877/4503 
2017-04-19 13:59:44,399 - root - INFO - Epoch:17, Episode:5, Steps Left:75000/5000/100000, Reward:-68.000000, fps:525.949224, Exploration:0.100000, Collision:0.015800/79 , Avg Loss:0.613216/1000, Avg Q Value:0.340692/4476 
2017-04-19 13:59:53,849 - root - INFO - Epoch:17, Episode:6, Steps Left:70000/5000/100000, Reward:-40.000000, fps:529.110885, Exploration:0.100000, Collision:0.013800/69 , Avg Loss:0.611246/1000, Avg Q Value:0.363331/4473 
2017-04-19 14:00:03,176 - root - INFO - Epoch:17, Episode:7, Steps Left:65000/5000/100000, Reward:76.000000, fps:536.069946, Exploration:0.100000, Collision:0.012800/64 , Avg Loss:0.522605/1000, Avg Q Value:0.470481/4454 
2017-04-19 14:00:12,598 - root - INFO - Epoch:17, Episode:8, Steps Left:60000/5000/100000, Reward:56.000000, fps:530.697848, Exploration:0.100000, Collision:0.015400/77 , Avg Loss:0.681232/1000, Avg Q Value:0.473538/4482 
2017-04-19 14:00:22,285 - root - INFO - Epoch:17, Episode:9, Steps Left:55000/5000/100000, Reward:54.000000, fps:516.158389, Exploration:0.100000, Collision:0.016000/80 , Avg Loss:0.637556/1000, Avg Q Value:0.472276/4466 
2017-04-19 14:00:31,783 - root - INFO - Epoch:17, Episode:10, Steps Left:50000/5000/100000, Reward:74.000000, fps:526.418019, Exploration:0.100000, Collision:0.018800/94 , Avg Loss:0.522094/1000, Avg Q Value:0.481434/4471 
2017-04-19 14:00:41,337 - root - INFO - Epoch:17, Episode:11, Steps Left:45000/5000/100000, Reward:2.000000, fps:523.361545, Exploration:0.100000, Collision:0.011600/58 , Avg Loss:0.563082/1000, Avg Q Value:0.421468/4487 
2017-04-19 14:00:50,742 - root - INFO - Epoch:17, Episode:12, Steps Left:40000/5000/100000, Reward:-23.000000, fps:531.666481, Exploration:0.100000, Collision:0.014400/72 , Avg Loss:0.504494/1000, Avg Q Value:0.411508/4465 
2017-04-19 14:01:00,258 - root - INFO - Epoch:17, Episode:13, Steps Left:35000/5000/100000, Reward:-41.000000, fps:525.390163, Exploration:0.100000, Collision:0.016600/83 , Avg Loss:0.594576/1000, Avg Q Value:0.387654/4529 
2017-04-19 14:01:09,719 - root - INFO - Epoch:17, Episode:14, Steps Left:30000/5000/100000, Reward:-24.000000, fps:528.545087, Exploration:0.100000, Collision:0.016000/80 , Avg Loss:0.635297/1000, Avg Q Value:0.399453/4490 
2017-04-19 14:01:19,303 - root - INFO - Epoch:17, Episode:15, Steps Left:25000/5000/100000, Reward:12.000000, fps:521.693306, Exploration:0.100000, Collision:0.019200/96 , Avg Loss:0.710097/1000, Avg Q Value:0.434565/4486 
2017-04-19 14:01:28,738 - root - INFO - Epoch:17, Episode:16, Steps Left:20000/5000/100000, Reward:-41.000000, fps:529.947990, Exploration:0.100000, Collision:0.017600/88 , Avg Loss:0.675717/1000, Avg Q Value:0.408896/4484 
2017-04-19 14:01:38,025 - root - INFO - Epoch:17, Episode:17, Steps Left:15000/5000/100000, Reward:-25.000000, fps:538.410936, Exploration:0.100000, Collision:0.015400/77 , Avg Loss:0.655114/1000, Avg Q Value:0.382644/4516 
2017-04-19 14:01:47,359 - root - INFO - Epoch:17, Episode:18, Steps Left:10000/5000/100000, Reward:18.000000, fps:535.664154, Exploration:0.100000, Collision:0.013200/66 , Avg Loss:0.711581/1000, Avg Q Value:0.384826/4512 
2017-04-19 14:01:56,718 - root - INFO - Epoch:17, Episode:19, Steps Left:5000/5000/100000, Reward:-32.000000, fps:534.254028, Exploration:0.100000, Collision:0.013600/68 , Avg Loss:0.562002/1000, Avg Q Value:0.396227/4526 
2017-04-19 14:02:06,148 - root - INFO - Epoch:17, Episode:20, Steps Left:0/5000/100000, Reward:-8.000000, fps:530.223816, Exploration:0.100000, Collision:0.012000/60 , Avg Loss:0.563055/1000, Avg Q Value:0.406920/4498 
2017-04-19 14:02:06,149 - root - INFO - Epoch:17, FPS:528.567473, Avg Reward: -15.150000/20
2017-04-19 14:02:15,385 - root - INFO - Epoch:18, Episode:1, Steps Left:95000/5000/100000, Reward:-56.000000, fps:541.415350, Exploration:0.100000, Collision:0.012200/61 , Avg Loss:0.700494/1000, Avg Q Value:0.346759/4502 
2017-04-19 14:02:24,685 - root - INFO - Epoch:18, Episode:2, Steps Left:90000/5000/100000, Reward:-70.000000, fps:537.638395, Exploration:0.100000, Collision:0.017200/86 , Avg Loss:0.653533/1000, Avg Q Value:0.358271/4482 
2017-04-19 14:02:34,016 - root - INFO - Epoch:18, Episode:3, Steps Left:85000/5000/100000, Reward:-96.000000, fps:535.853760, Exploration:0.100000, Collision:0.024200/121 , Avg Loss:0.635867/1000, Avg Q Value:0.394378/4495 
2017-04-19 14:02:43,433 - root - INFO - Epoch:18, Episode:4, Steps Left:80000/5000/100000, Reward:-96.000000, fps:530.923697, Exploration:0.100000, Collision:0.023400/117 , Avg Loss:0.612486/1000, Avg Q Value:0.384093/4530 
2017-04-19 14:02:52,846 - root - INFO - Epoch:18, Episode:5, Steps Left:75000/5000/100000, Reward:-39.000000, fps:531.210362, Exploration:0.100000, Collision:0.019400/97 , Avg Loss:0.682482/1000, Avg Q Value:0.405354/4490 
2017-04-19 14:03:02,510 - root - INFO - Epoch:18, Episode:6, Steps Left:70000/5000/100000, Reward:-50.000000, fps:517.412430, Exploration:0.100000, Collision:0.017000/85 , Avg Loss:0.714714/1000, Avg Q Value:0.408201/4519 
2017-04-19 14:03:11,992 - root - INFO - Epoch:18, Episode:7, Steps Left:65000/5000/100000, Reward:-12.000000, fps:527.319918, Exploration:0.100000, Collision:0.016000/80 , Avg Loss:0.746735/1000, Avg Q Value:0.418568/4510 
2017-04-19 14:03:21,397 - root - INFO - Epoch:18, Episode:8, Steps Left:60000/5000/100000, Reward:-11.000000, fps:531.639349, Exploration:0.100000, Collision:0.017200/86 , Avg Loss:0.572976/1000, Avg Q Value:0.422205/4496 
2017-04-19 14:03:31,025 - root - INFO - Epoch:18, Episode:9, Steps Left:55000/5000/100000, Reward:-78.000000, fps:519.323938, Exploration:0.100000, Collision:0.020600/103 , Avg Loss:0.692071/1000, Avg Q Value:0.426444/4510 
2017-04-19 14:03:40,656 - root - INFO - Epoch:18, Episode:10, Steps Left:50000/5000/100000, Reward:-72.000000, fps:519.170587, Exploration:0.100000, Collision:0.022600/113 , Avg Loss:0.624006/1000, Avg Q Value:0.424172/4479 
2017-04-19 14:03:49,901 - root - INFO - Epoch:18, Episode:11, Steps Left:45000/5000/100000, Reward:-61.000000, fps:540.823810, Exploration:0.100000, Collision:0.015600/78 , Avg Loss:0.646448/1000, Avg Q Value:0.381250/4510 
2017-04-19 14:03:59,286 - root - INFO - Epoch:18, Episode:12, Steps Left:40000/5000/100000, Reward:-66.000000, fps:532.771128, Exploration:0.100000, Collision:0.014000/70 , Avg Loss:0.620100/1000, Avg Q Value:0.375376/4527 
2017-04-19 14:04:08,665 - root - INFO - Epoch:18, Episode:13, Steps Left:35000/5000/100000, Reward:79.000000, fps:533.113372, Exploration:0.100000, Collision:0.012600/63 , Avg Loss:0.723652/1000, Avg Q Value:0.479875/4523 
2017-04-19 14:04:18,034 - root - INFO - Epoch:18, Episode:14, Steps Left:30000/5000/100000, Reward:76.000000, fps:533.662801, Exploration:0.100000, Collision:0.012200/61 , Avg Loss:0.697872/1000, Avg Q Value:0.515283/4487 
2017-04-19 14:04:27,440 - root - INFO - Epoch:18, Episode:15, Steps Left:25000/5000/100000, Reward:16.000000, fps:531.625616, Exploration:0.100000, Collision:0.020400/102 , Avg Loss:0.751838/1000, Avg Q Value:0.482309/4494 
2017-04-19 14:04:36,916 - root - INFO - Epoch:18, Episode:16, Steps Left:20000/5000/100000, Reward:15.000000, fps:527.608982, Exploration:0.100000, Collision:0.014400/72 , Avg Loss:0.788509/1000, Avg Q Value:0.479305/4495 
2017-04-19 14:04:46,193 - root - INFO - Epoch:18, Episode:17, Steps Left:15000/5000/100000, Reward:-43.000000, fps:538.995683, Exploration:0.100000, Collision:0.014000/70 , Avg Loss:0.760918/1000, Avg Q Value:0.374865/4503 
2017-04-19 14:04:55,884 - root - INFO - Epoch:18, Episode:18, Steps Left:10000/5000/100000, Reward:-42.000000, fps:515.932080, Exploration:0.100000, Collision:0.014000/70 , Avg Loss:0.762549/1000, Avg Q Value:0.381821/4511 
2017-04-19 14:05:05,256 - root - INFO - Epoch:18, Episode:19, Steps Left:5000/5000/100000, Reward:-18.000000, fps:533.514425, Exploration:0.100000, Collision:0.016800/84 , Avg Loss:0.842670/1000, Avg Q Value:0.443061/4496 
2017-04-19 14:05:14,549 - root - INFO - Epoch:18, Episode:20, Steps Left:0/5000/100000, Reward:-22.000000, fps:538.041001, Exploration:0.100000, Collision:0.017000/85 , Avg Loss:0.770887/1000, Avg Q Value:0.443991/4500 
2017-04-19 14:05:14,551 - root - INFO - Epoch:18, FPS:530.785104, Avg Reward: -32.300000/20
2017-04-19 14:05:24,062 - root - INFO - Epoch:19, Episode:1, Steps Left:95000/5000/100000, Reward:42.000000, fps:525.691267, Exploration:0.100000, Collision:0.012200/61 , Avg Loss:0.790421/1000, Avg Q Value:0.472044/4486 
2017-04-19 14:05:33,331 - root - INFO - Epoch:19, Episode:2, Steps Left:90000/5000/100000, Reward:3.000000, fps:539.447583, Exploration:0.100000, Collision:0.016000/80 , Avg Loss:0.854520/1000, Avg Q Value:0.456034/4483 
2017-04-19 14:05:42,819 - root - INFO - Epoch:19, Episode:3, Steps Left:85000/5000/100000, Reward:-66.000000, fps:526.985163, Exploration:0.100000, Collision:0.019200/96 , Avg Loss:0.828761/1000, Avg Q Value:0.411792/4549 
2017-04-19 14:05:52,274 - root - INFO - Epoch:19, Episode:4, Steps Left:80000/5000/100000, Reward:-69.000000, fps:528.816307, Exploration:0.100000, Collision:0.020400/102 , Avg Loss:0.785040/1000, Avg Q Value:0.421494/4492 
2017-04-19 14:06:01,690 - root - INFO - Epoch:19, Episode:5, Steps Left:75000/5000/100000, Reward:-26.000000, fps:531.018487, Exploration:0.100000, Collision:0.016200/81 , Avg Loss:0.674754/1000, Avg Q Value:0.430600/4505 
2017-04-19 14:06:11,004 - root - INFO - Epoch:19, Episode:6, Steps Left:70000/5000/100000, Reward:5.000000, fps:536.830714, Exploration:0.100000, Collision:0.015800/79 , Avg Loss:0.857609/1000, Avg Q Value:0.444112/4503 
2017-04-19 14:06:20,543 - root - INFO - Epoch:19, Episode:7, Steps Left:65000/5000/100000, Reward:-63.000000, fps:524.167966, Exploration:0.100000, Collision:0.017000/85 , Avg Loss:0.721923/1000, Avg Q Value:0.414060/4471 
2017-04-19 14:06:29,847 - root - INFO - Epoch:19, Episode:8, Steps Left:60000/5000/100000, Reward:-38.000000, fps:537.439604, Exploration:0.100000, Collision:0.013000/65 , Avg Loss:0.790203/1000, Avg Q Value:0.416830/4508 
2017-04-19 14:06:39,147 - root - INFO - Epoch:19, Episode:9, Steps Left:55000/5000/100000, Reward:11.000000, fps:537.669781, Exploration:0.100000, Collision:0.016600/83 , Avg Loss:0.812963/1000, Avg Q Value:0.466721/4501 
2017-04-19 14:06:48,454 - root - INFO - Epoch:19, Episode:10, Steps Left:50000/5000/100000, Reward:51.000000, fps:537.182199, Exploration:0.100000, Collision:0.017600/88 , Avg Loss:0.818678/1000, Avg Q Value:0.497187/4507 
2017-04-19 14:06:58,028 - root - INFO - Epoch:19, Episode:11, Steps Left:45000/5000/100000, Reward:45.000000, fps:522.300555, Exploration:0.100000, Collision:0.015200/76 , Avg Loss:0.822030/1000, Avg Q Value:0.468499/4485 
2017-04-19 14:07:07,437 - root - INFO - Epoch:19, Episode:12, Steps Left:40000/5000/100000, Reward:15.000000, fps:531.409094, Exploration:0.100000, Collision:0.017600/88 , Avg Loss:0.800893/1000, Avg Q Value:0.474029/4510 
2017-04-19 14:07:16,725 - root - INFO - Epoch:19, Episode:13, Steps Left:35000/5000/100000, Reward:-37.000000, fps:538.346184, Exploration:0.100000, Collision:0.014800/74 , Avg Loss:0.794160/1000, Avg Q Value:0.436713/4512 
2017-04-19 14:07:26,102 - root - INFO - Epoch:19, Episode:14, Steps Left:30000/5000/100000, Reward:-78.000000, fps:533.176587, Exploration:0.100000, Collision:0.016400/82 , Avg Loss:0.756283/1000, Avg Q Value:0.426941/4514 
2017-04-19 14:07:35,661 - root - INFO - Epoch:19, Episode:15, Steps Left:25000/5000/100000, Reward:-38.000000, fps:523.075302, Exploration:0.100000, Collision:0.022000/110 , Avg Loss:0.762565/1000, Avg Q Value:0.436604/4490 
2017-04-19 14:07:45,295 - root - INFO - Epoch:19, Episode:16, Steps Left:20000/5000/100000, Reward:-50.000000, fps:519.020603, Exploration:0.100000, Collision:0.021400/107 , Avg Loss:0.741026/1000, Avg Q Value:0.428773/4499 
2017-04-19 14:07:54,804 - root - INFO - Epoch:19, Episode:17, Steps Left:15000/5000/100000, Reward:-46.000000, fps:525.817366, Exploration:0.100000, Collision:0.015800/79 , Avg Loss:0.834415/1000, Avg Q Value:0.433503/4492 
2017-04-19 14:08:04,008 - root - INFO - Epoch:19, Episode:18, Steps Left:10000/5000/100000, Reward:-45.000000, fps:543.246136, Exploration:0.100000, Collision:0.014600/73 , Avg Loss:0.988240/1000, Avg Q Value:0.434609/4523 
2017-04-19 14:08:13,318 - root - INFO - Epoch:19, Episode:19, Steps Left:5000/5000/100000, Reward:-70.000000, fps:537.108443, Exploration:0.100000, Collision:0.018400/92 , Avg Loss:0.761857/1000, Avg Q Value:0.408099/4504 
2017-04-19 14:08:22,692 - root - INFO - Epoch:19, Episode:20, Steps Left:0/5000/100000, Reward:-61.000000, fps:533.402977, Exploration:0.100000, Collision:0.016600/83 , Avg Loss:0.858051/1000, Avg Q Value:0.410816/4535 
2017-04-19 14:08:22,693 - root - INFO - Epoch:19, FPS:531.516570, Avg Reward: -25.750000/20
