2017-04-15 18:56:23,716 - root - INFO - Nework Params: 
2017-04-15 18:56:23,716 - root - INFO -    fc2_weight: <NDArray 64x256 @gpu(0)>
2017-04-15 18:56:23,716 - root - INFO -    qvalue_weight: <NDArray 4x64 @gpu(0)>
2017-04-15 18:56:23,716 - root - INFO -    fc1_weight: <NDArray 256x74 @gpu(0)>
2017-04-15 18:56:23,716 - root - INFO -    fc2_bias: <NDArray 64 @gpu(0)>
2017-04-15 18:56:23,716 - root - INFO -    fc1_bias: <NDArray 256 @gpu(0)>
2017-04-15 18:56:23,717 - root - INFO -    qvalue_bias: <NDArray 4 @gpu(0)>
2017-04-15 18:56:23,717 - root - INFO - Optimizer Params: <class 'mxnet.optimizer.Adam'>
2017-04-15 18:56:23,717 - root - INFO -    epsilon: 1e-08
2017-04-15 18:56:23,717 - root - INFO -    beta2: 0.999
2017-04-15 18:56:23,717 - root - INFO -    beta1: 0.9
2017-04-15 18:56:23,717 - root - INFO -    rescale_grad: 0.03125
2017-04-15 18:56:23,717 - root - INFO -    wd: 0.0
2017-04-15 18:56:23,717 - root - INFO -    lr: 0.0001
2017-04-15 18:56:25,828 - root - INFO - Epoch:0, Episode:1, Steps Left:95000/5000/100000, Reward:174.000000, fps:2368.848768, Exploration:1.000000, Collision:0.025000/125 
2017-04-15 18:56:27,896 - root - INFO - Epoch:0, Episode:2, Steps Left:90000/5000/100000, Reward:159.000000, fps:2417.743591, Exploration:1.000000, Collision:0.023600/118 
2017-04-15 18:56:29,950 - root - INFO - Epoch:0, Episode:3, Steps Left:85000/5000/100000, Reward:158.000000, fps:2434.209434, Exploration:1.000000, Collision:0.020800/104 
2017-04-15 18:56:32,056 - root - INFO - Epoch:0, Episode:4, Steps Left:80000/5000/100000, Reward:117.000000, fps:2374.344895, Exploration:1.000000, Collision:0.028600/143 
2017-04-15 18:56:34,093 - root - INFO - Epoch:0, Episode:5, Steps Left:75000/5000/100000, Reward:137.000000, fps:2454.530973, Exploration:1.000000, Collision:0.025400/127 
2017-04-15 18:56:36,136 - root - INFO - Epoch:0, Episode:6, Steps Left:70000/5000/100000, Reward:120.000000, fps:2447.712961, Exploration:1.000000, Collision:0.027600/138 
2017-04-15 18:56:38,155 - root - INFO - Epoch:0, Episode:7, Steps Left:65000/5000/100000, Reward:114.000000, fps:2477.598966, Exploration:1.000000, Collision:0.027200/136 
2017-04-15 18:56:40,192 - root - INFO - Epoch:0, Episode:8, Steps Left:60000/5000/100000, Reward:109.000000, fps:2454.740707, Exploration:1.000000, Collision:0.029400/147 
2017-04-15 18:56:42,216 - root - INFO - Epoch:0, Episode:9, Steps Left:55000/5000/100000, Reward:99.000000, fps:2470.383753, Exploration:1.000000, Collision:0.027800/139 
2017-04-15 18:56:44,271 - root - INFO - Epoch:0, Episode:10, Steps Left:50000/5000/100000, Reward:147.000000, fps:2432.435505, Exploration:1.000000, Collision:0.028200/141 
2017-04-15 18:56:48,043 - root - INFO - Epoch:0, Episode:11, Steps Left:45000/5000/100000, Reward:141.000000, fps:1325.673766, Exploration:0.991002, Collision:0.023600/118 , Avg Loss:2.295599/1000, Avg Q Value:0.047509/18 
2017-04-15 18:56:51,824 - root - INFO - Epoch:0, Episode:12, Steps Left:40000/5000/100000, Reward:113.000000, fps:1322.513014, Exploration:0.982002, Collision:0.024800/124 , Avg Loss:1.790968/1000, Avg Q Value:0.043708/71 
2017-04-15 18:56:55,950 - root - INFO - Epoch:0, Episode:13, Steps Left:35000/5000/100000, Reward:135.000000, fps:1211.840062, Exploration:0.973002, Collision:0.026200/131 , Avg Loss:1.142668/1000, Avg Q Value:0.071698/104 
2017-04-15 18:56:59,790 - root - INFO - Epoch:0, Episode:14, Steps Left:30000/5000/100000, Reward:152.000000, fps:1302.350607, Exploration:0.964002, Collision:0.023000/115 , Avg Loss:1.202234/1000, Avg Q Value:0.088258/170 
2017-04-15 18:57:03,567 - root - INFO - Epoch:0, Episode:15, Steps Left:25000/5000/100000, Reward:146.000000, fps:1323.567873, Exploration:0.955002, Collision:0.023800/119 , Avg Loss:1.486055/1000, Avg Q Value:0.156435/207 
2017-04-15 18:57:07,295 - root - INFO - Epoch:0, Episode:16, Steps Left:20000/5000/100000, Reward:141.000000, fps:1341.385583, Exploration:0.946002, Collision:0.022800/114 , Avg Loss:1.162226/1000, Avg Q Value:0.120077/238 
2017-04-15 18:57:11,049 - root - INFO - Epoch:0, Episode:17, Steps Left:15000/5000/100000, Reward:191.000000, fps:1332.020083, Exploration:0.937002, Collision:0.021000/105 , Avg Loss:1.795450/1000, Avg Q Value:0.222580/264 
2017-04-15 18:57:15,140 - root - INFO - Epoch:0, Episode:18, Steps Left:10000/5000/100000, Reward:162.000000, fps:1222.100384, Exploration:0.928002, Collision:0.027200/136 , Avg Loss:1.963683/1000, Avg Q Value:0.207387/347 
2017-04-15 18:57:18,881 - root - INFO - Epoch:0, Episode:19, Steps Left:5000/5000/100000, Reward:158.000000, fps:1336.629988, Exploration:0.919002, Collision:0.023000/115 , Avg Loss:1.824392/1000, Avg Q Value:0.327371/358 
2017-04-15 18:57:22,718 - root - INFO - Epoch:0, Episode:20, Steps Left:0/5000/100000, Reward:195.000000, fps:1303.160124, Exploration:0.910002, Collision:0.022400/112 , Avg Loss:1.904599/1000, Avg Q Value:0.347271/412 
2017-04-15 18:57:22,719 - root - INFO - Epoch:0, FPS:1694.877366, Avg Reward: 143.400000/20
2017-04-15 18:57:26,576 - root - INFO - Epoch:1, Episode:1, Steps Left:95000/5000/100000, Reward:171.000000, fps:1296.247238, Exploration:0.901002, Collision:0.022200/111 , Avg Loss:2.354432/1000, Avg Q Value:0.404140/473 
2017-04-15 18:57:30,344 - root - INFO - Epoch:1, Episode:2, Steps Left:90000/5000/100000, Reward:197.000000, fps:1327.070588, Exploration:0.892002, Collision:0.024400/122 , Avg Loss:2.134454/1000, Avg Q Value:0.445454/546 
2017-04-15 18:57:34,074 - root - INFO - Epoch:1, Episode:3, Steps Left:85000/5000/100000, Reward:233.000000, fps:1340.380955, Exploration:0.883002, Collision:0.022600/113 , Avg Loss:2.392385/1000, Avg Q Value:0.527956/559 
2017-04-15 18:57:37,865 - root - INFO - Epoch:1, Episode:4, Steps Left:80000/5000/100000, Reward:171.000000, fps:1319.093108, Exploration:0.874002, Collision:0.023000/115 , Avg Loss:2.409815/1000, Avg Q Value:0.559923/616 
2017-04-15 18:57:41,648 - root - INFO - Epoch:1, Episode:5, Steps Left:75000/5000/100000, Reward:208.000000, fps:1321.693276, Exploration:0.865002, Collision:0.019600/98 , Avg Loss:2.797222/1000, Avg Q Value:0.654404/625 
2017-04-15 18:57:45,434 - root - INFO - Epoch:1, Episode:6, Steps Left:70000/5000/100000, Reward:205.000000, fps:1320.904504, Exploration:0.856002, Collision:0.022200/111 , Avg Loss:2.399390/1000, Avg Q Value:0.674305/700 
2017-04-15 18:57:49,223 - root - INFO - Epoch:1, Episode:7, Steps Left:65000/5000/100000, Reward:196.000000, fps:1319.618102, Exploration:0.847002, Collision:0.023600/118 , Avg Loss:3.110510/1000, Avg Q Value:0.811276/722 
2017-04-15 18:57:53,036 - root - INFO - Epoch:1, Episode:8, Steps Left:60000/5000/100000, Reward:243.000000, fps:1311.355680, Exploration:0.838002, Collision:0.024400/122 , Avg Loss:3.043413/1000, Avg Q Value:0.818464/795 
2017-04-15 18:57:56,841 - root - INFO - Epoch:1, Episode:9, Steps Left:55000/5000/100000, Reward:232.000000, fps:1314.059353, Exploration:0.829002, Collision:0.025400/127 , Avg Loss:3.902679/1000, Avg Q Value:0.951258/800 
2017-04-15 18:58:00,657 - root - INFO - Epoch:1, Episode:10, Steps Left:50000/5000/100000, Reward:200.000000, fps:1310.298985, Exploration:0.820002, Collision:0.025400/127 , Avg Loss:3.076833/1000, Avg Q Value:0.926876/889 
2017-04-15 18:58:04,514 - root - INFO - Epoch:1, Episode:11, Steps Left:45000/5000/100000, Reward:233.000000, fps:1296.390990, Exploration:0.811002, Collision:0.023000/115 , Avg Loss:3.498867/1000, Avg Q Value:1.117249/869 
2017-04-15 18:58:08,453 - root - INFO - Epoch:1, Episode:12, Steps Left:40000/5000/100000, Reward:247.000000, fps:1269.368343, Exploration:0.802002, Collision:0.021800/109 , Avg Loss:3.144557/1000, Avg Q Value:1.184742/986 
2017-04-15 18:58:12,358 - root - INFO - Epoch:1, Episode:13, Steps Left:35000/5000/100000, Reward:256.000000, fps:1280.650487, Exploration:0.793002, Collision:0.028200/141 , Avg Loss:3.542085/1000, Avg Q Value:1.332611/979 
2017-04-15 18:58:16,254 - root - INFO - Epoch:1, Episode:14, Steps Left:30000/5000/100000, Reward:240.000000, fps:1283.319131, Exploration:0.784002, Collision:0.027200/136 , Avg Loss:3.727718/1000, Avg Q Value:1.346048/1039 
2017-04-15 18:58:20,100 - root - INFO - Epoch:1, Episode:15, Steps Left:25000/5000/100000, Reward:260.000000, fps:1300.005034, Exploration:0.775002, Collision:0.022600/113 , Avg Loss:3.571859/1000, Avg Q Value:1.408011/1142 
2017-04-15 18:58:24,063 - root - INFO - Epoch:1, Episode:16, Steps Left:20000/5000/100000, Reward:283.000000, fps:1261.781869, Exploration:0.766002, Collision:0.023400/117 , Avg Loss:3.731478/1000, Avg Q Value:1.433742/1158 
2017-04-15 18:58:28,151 - root - INFO - Epoch:1, Episode:17, Steps Left:15000/5000/100000, Reward:295.000000, fps:1223.073127, Exploration:0.757002, Collision:0.026200/131 , Avg Loss:3.827498/1000, Avg Q Value:1.685975/1201 
2017-04-15 18:58:32,306 - root - INFO - Epoch:1, Episode:18, Steps Left:10000/5000/100000, Reward:274.000000, fps:1203.435183, Exploration:0.748002, Collision:0.025800/129 , Avg Loss:3.794189/1000, Avg Q Value:1.680295/1248 
2017-04-15 18:58:36,326 - root - INFO - Epoch:1, Episode:19, Steps Left:5000/5000/100000, Reward:279.000000, fps:1243.748570, Exploration:0.739002, Collision:0.023200/116 , Avg Loss:3.948941/1000, Avg Q Value:1.749852/1293 
2017-04-15 18:58:40,246 - root - INFO - Epoch:1, Episode:20, Steps Left:0/5000/100000, Reward:244.000000, fps:1275.701282, Exploration:0.730002, Collision:0.021000/105 , Avg Loss:4.149570/1000, Avg Q Value:1.759669/1318 
2017-04-15 18:58:40,246 - root - INFO - Epoch:1, FPS:1289.868581, Avg Reward: 233.350000/20
2017-04-15 18:58:44,268 - root - INFO - Epoch:2, Episode:1, Steps Left:95000/5000/100000, Reward:306.000000, fps:1243.477331, Exploration:0.721002, Collision:0.022000/110 , Avg Loss:4.289179/1000, Avg Q Value:1.954095/1344 
2017-04-15 18:58:48,187 - root - INFO - Epoch:2, Episode:2, Steps Left:90000/5000/100000, Reward:262.000000, fps:1275.715251, Exploration:0.712002, Collision:0.027200/136 , Avg Loss:4.394129/1000, Avg Q Value:1.917121/1422 
2017-04-15 18:58:52,177 - root - INFO - Epoch:2, Episode:3, Steps Left:85000/5000/100000, Reward:325.000000, fps:1253.197828, Exploration:0.703002, Collision:0.020600/103 , Avg Loss:4.580574/1000, Avg Q Value:2.130605/1474 
2017-04-15 18:58:56,216 - root - INFO - Epoch:2, Episode:4, Steps Left:80000/5000/100000, Reward:317.000000, fps:1237.853886, Exploration:0.694002, Collision:0.025000/125 , Avg Loss:4.408396/1000, Avg Q Value:2.164853/1474 
2017-04-15 18:59:00,320 - root - INFO - Epoch:2, Episode:5, Steps Left:75000/5000/100000, Reward:339.000000, fps:1218.457769, Exploration:0.685002, Collision:0.022800/114 , Avg Loss:4.663567/1000, Avg Q Value:2.370899/1613 
2017-04-15 18:59:04,296 - root - INFO - Epoch:2, Episode:6, Steps Left:70000/5000/100000, Reward:291.000000, fps:1257.657240, Exploration:0.676002, Collision:0.020800/104 , Avg Loss:5.259674/1000, Avg Q Value:2.342980/1567 
2017-04-15 18:59:08,380 - root - INFO - Epoch:2, Episode:7, Steps Left:65000/5000/100000, Reward:337.000000, fps:1224.330333, Exploration:0.667002, Collision:0.022200/111 , Avg Loss:4.881629/1000, Avg Q Value:2.486780/1645 
2017-04-15 18:59:12,478 - root - INFO - Epoch:2, Episode:8, Steps Left:60000/5000/100000, Reward:302.000000, fps:1220.087124, Exploration:0.658002, Collision:0.023400/117 , Avg Loss:4.246542/1000, Avg Q Value:2.437615/1669 
2017-04-15 18:59:16,520 - root - INFO - Epoch:2, Episode:9, Steps Left:55000/5000/100000, Reward:309.000000, fps:1237.107540, Exploration:0.649002, Collision:0.022600/113 , Avg Loss:4.828393/1000, Avg Q Value:2.657271/1690 
2017-04-15 18:59:20,511 - root - INFO - Epoch:2, Episode:10, Steps Left:50000/5000/100000, Reward:295.000000, fps:1252.985857, Exploration:0.640002, Collision:0.028600/143 , Avg Loss:4.951036/1000, Avg Q Value:2.597031/1788 
2017-04-15 18:59:24,651 - root - INFO - Epoch:2, Episode:11, Steps Left:45000/5000/100000, Reward:359.000000, fps:1207.797185, Exploration:0.631002, Collision:0.026000/130 , Avg Loss:4.747229/1000, Avg Q Value:2.814397/1825 
2017-04-15 18:59:28,728 - root - INFO - Epoch:2, Episode:12, Steps Left:40000/5000/100000, Reward:347.000000, fps:1226.323354, Exploration:0.622002, Collision:0.023400/117 , Avg Loss:4.872035/1000, Avg Q Value:2.815547/1893 
2017-04-15 18:59:32,748 - root - INFO - Epoch:2, Episode:13, Steps Left:35000/5000/100000, Reward:278.000000, fps:1243.961854, Exploration:0.613002, Collision:0.025200/126 , Avg Loss:4.563456/1000, Avg Q Value:2.903354/1875 
2017-04-15 18:59:36,847 - root - INFO - Epoch:2, Episode:14, Steps Left:30000/5000/100000, Reward:296.000000, fps:1219.785026, Exploration:0.604002, Collision:0.025800/129 , Avg Loss:4.682017/1000, Avg Q Value:2.933353/1924 
2017-04-15 18:59:40,972 - root - INFO - Epoch:2, Episode:15, Steps Left:25000/5000/100000, Reward:347.000000, fps:1212.150918, Exploration:0.595002, Collision:0.025400/127 , Avg Loss:4.165154/1000, Avg Q Value:3.120518/2067 
2017-04-15 18:59:45,050 - root - INFO - Epoch:2, Episode:16, Steps Left:20000/5000/100000, Reward:352.000000, fps:1226.069911, Exploration:0.586002, Collision:0.022200/111 , Avg Loss:3.972705/1000, Avg Q Value:3.107418/1988 
2017-04-15 18:59:49,122 - root - INFO - Epoch:2, Episode:17, Steps Left:15000/5000/100000, Reward:386.000000, fps:1228.011794, Exploration:0.577002, Collision:0.019800/99 , Avg Loss:4.060056/1000, Avg Q Value:3.269985/2022 
2017-04-15 18:59:53,570 - root - INFO - Epoch:2, Episode:18, Steps Left:10000/5000/100000, Reward:353.000000, fps:1123.984454, Exploration:0.568002, Collision:0.021400/107 , Avg Loss:3.948380/1000, Avg Q Value:3.290139/2114 
2017-04-15 18:59:57,696 - root - INFO - Epoch:2, Episode:19, Steps Left:5000/5000/100000, Reward:368.000000, fps:1211.856168, Exploration:0.559002, Collision:0.020600/103 , Avg Loss:4.108746/1000, Avg Q Value:3.397366/2108 
2017-04-15 19:00:01,809 - root - INFO - Epoch:2, Episode:20, Steps Left:0/5000/100000, Reward:437.000000, fps:1215.905724, Exploration:0.550002, Collision:0.021800/109 , Avg Loss:4.423394/1000, Avg Q Value:3.441546/2218 
2017-04-15 19:00:01,809 - root - INFO - Epoch:2, FPS:1226.055113, Avg Reward: 330.300000/20
2017-04-15 19:00:05,977 - root - INFO - Epoch:3, Episode:1, Steps Left:95000/5000/100000, Reward:383.000000, fps:1199.696419, Exploration:0.541002, Collision:0.022000/110 , Avg Loss:4.025544/1000, Avg Q Value:3.585259/2318 
2017-04-15 19:00:10,232 - root - INFO - Epoch:3, Episode:2, Steps Left:90000/5000/100000, Reward:343.000000, fps:1175.110751, Exploration:0.532002, Collision:0.026400/132 , Avg Loss:4.075133/1000, Avg Q Value:3.610052/2330 
2017-04-15 19:00:14,379 - root - INFO - Epoch:3, Episode:3, Steps Left:85000/5000/100000, Reward:413.000000, fps:1205.918520, Exploration:0.523002, Collision:0.025600/128 , Avg Loss:4.146103/1000, Avg Q Value:3.695399/2287 
2017-04-15 19:00:18,576 - root - INFO - Epoch:3, Episode:4, Steps Left:80000/5000/100000, Reward:389.000000, fps:1191.304122, Exploration:0.514002, Collision:0.023000/115 , Avg Loss:3.956046/1000, Avg Q Value:3.712612/2401 
2017-04-15 19:00:22,820 - root - INFO - Epoch:3, Episode:5, Steps Left:75000/5000/100000, Reward:408.000000, fps:1178.174950, Exploration:0.505002, Collision:0.023200/116 , Avg Loss:4.122586/1000, Avg Q Value:3.877359/2487 
2017-04-15 19:00:27,053 - root - INFO - Epoch:3, Episode:6, Steps Left:70000/5000/100000, Reward:380.000000, fps:1181.085130, Exploration:0.496002, Collision:0.024200/121 , Avg Loss:4.159221/1000, Avg Q Value:3.839398/2493 
2017-04-15 19:00:31,359 - root - INFO - Epoch:3, Episode:7, Steps Left:65000/5000/100000, Reward:430.000000, fps:1161.181777, Exploration:0.487002, Collision:0.026200/131 , Avg Loss:4.468699/1000, Avg Q Value:4.047599/2524 
2017-04-15 19:00:35,664 - root - INFO - Epoch:3, Episode:8, Steps Left:60000/5000/100000, Reward:450.000000, fps:1161.670360, Exploration:0.478002, Collision:0.026200/131 , Avg Loss:4.085636/1000, Avg Q Value:4.050284/2567 
2017-04-15 19:00:39,990 - root - INFO - Epoch:3, Episode:9, Steps Left:55000/5000/100000, Reward:442.000000, fps:1155.762832, Exploration:0.469002, Collision:0.024400/122 , Avg Loss:4.118054/1000, Avg Q Value:4.174133/2634 
2017-04-15 19:00:44,454 - root - INFO - Epoch:3, Episode:10, Steps Left:50000/5000/100000, Reward:424.000000, fps:1120.157539, Exploration:0.460002, Collision:0.027400/137 , Avg Loss:4.307371/1000, Avg Q Value:4.195434/2685 
2017-04-15 19:00:48,757 - root - INFO - Epoch:3, Episode:11, Steps Left:45000/5000/100000, Reward:427.000000, fps:1162.021614, Exploration:0.451002, Collision:0.026800/134 , Avg Loss:4.521871/1000, Avg Q Value:4.308562/2700 
2017-04-15 19:00:53,178 - root - INFO - Epoch:3, Episode:12, Steps Left:40000/5000/100000, Reward:417.000000, fps:1130.981214, Exploration:0.442002, Collision:0.026200/131 , Avg Loss:4.239207/1000, Avg Q Value:4.304314/2787 
2017-04-15 19:00:57,572 - root - INFO - Epoch:3, Episode:13, Steps Left:35000/5000/100000, Reward:475.000000, fps:1138.044569, Exploration:0.433002, Collision:0.025400/127 , Avg Loss:4.605433/1000, Avg Q Value:4.511687/2764 
2017-04-15 19:01:01,876 - root - INFO - Epoch:3, Episode:14, Steps Left:30000/5000/100000, Reward:409.000000, fps:1161.689536, Exploration:0.424002, Collision:0.027600/138 , Avg Loss:4.570642/1000, Avg Q Value:4.458408/2821 
2017-04-15 19:01:06,315 - root - INFO - Epoch:3, Episode:15, Steps Left:25000/5000/100000, Reward:468.000000, fps:1126.301685, Exploration:0.415002, Collision:0.027600/138 , Avg Loss:4.515543/1000, Avg Q Value:4.667751/2941 
2017-04-15 19:01:10,651 - root - INFO - Epoch:3, Episode:16, Steps Left:20000/5000/100000, Reward:440.000000, fps:1153.147954, Exploration:0.406002, Collision:0.024000/120 , Avg Loss:4.526888/1000, Avg Q Value:4.631750/2956 
2017-04-15 19:01:14,984 - root - INFO - Epoch:3, Episode:17, Steps Left:15000/5000/100000, Reward:460.000000, fps:1154.036659, Exploration:0.397002, Collision:0.027600/138 , Avg Loss:4.682906/1000, Avg Q Value:4.769980/3016 
2017-04-15 19:01:19,348 - root - INFO - Epoch:3, Episode:18, Steps Left:10000/5000/100000, Reward:438.000000, fps:1145.839998, Exploration:0.388002, Collision:0.025400/127 , Avg Loss:4.436195/1000, Avg Q Value:4.715469/3061 
2017-04-15 19:01:23,677 - root - INFO - Epoch:3, Episode:19, Steps Left:5000/5000/100000, Reward:483.000000, fps:1154.938947, Exploration:0.379002, Collision:0.024000/120 , Avg Loss:4.461329/1000, Avg Q Value:4.859465/3037 
2017-04-15 19:01:28,072 - root - INFO - Epoch:3, Episode:20, Steps Left:0/5000/100000, Reward:414.000000, fps:1137.791605, Exploration:0.370002, Collision:0.020400/102 , Avg Loss:4.523606/1000, Avg Q Value:4.769834/3136 
2017-04-15 19:01:28,072 - root - INFO - Epoch:3, FPS:1159.249299, Avg Reward: 424.650000/20
2017-04-15 19:01:32,548 - root - INFO - Epoch:4, Episode:1, Steps Left:95000/5000/100000, Reward:451.000000, fps:1117.256256, Exploration:0.361002, Collision:0.026400/132 , Avg Loss:4.620584/1000, Avg Q Value:5.008339/3214 
2017-04-15 19:01:36,991 - root - INFO - Epoch:4, Episode:2, Steps Left:90000/5000/100000, Reward:445.000000, fps:1125.426237, Exploration:0.352002, Collision:0.024800/124 , Avg Loss:4.677446/1000, Avg Q Value:4.946625/3238 
2017-04-15 19:01:41,483 - root - INFO - Epoch:4, Episode:3, Steps Left:85000/5000/100000, Reward:516.000000, fps:1113.143676, Exploration:0.343002, Collision:0.019600/98 , Avg Loss:4.605458/1000, Avg Q Value:5.065605/3266 
2017-04-15 19:01:45,902 - root - INFO - Epoch:4, Episode:4, Steps Left:80000/5000/100000, Reward:487.000000, fps:1131.528404, Exploration:0.334002, Collision:0.021000/105 , Avg Loss:4.693441/1000, Avg Q Value:5.070721/3295 
2017-04-15 19:01:50,483 - root - INFO - Epoch:4, Episode:5, Steps Left:75000/5000/100000, Reward:536.000000, fps:1091.362768, Exploration:0.325002, Collision:0.022600/113 , Avg Loss:4.794797/1000, Avg Q Value:5.202020/3365 
2017-04-15 19:01:54,915 - root - INFO - Epoch:4, Episode:6, Steps Left:70000/5000/100000, Reward:557.000000, fps:1128.383155, Exploration:0.316002, Collision:0.022000/110 , Avg Loss:4.514752/1000, Avg Q Value:5.197038/3456 
2017-04-15 19:01:59,329 - root - INFO - Epoch:4, Episode:7, Steps Left:65000/5000/100000, Reward:509.000000, fps:1132.732962, Exploration:0.307002, Collision:0.025400/127 , Avg Loss:4.668321/1000, Avg Q Value:5.383286/3424 
2017-04-15 19:02:03,787 - root - INFO - Epoch:4, Episode:8, Steps Left:60000/5000/100000, Reward:529.000000, fps:1121.528634, Exploration:0.298002, Collision:0.024000/120 , Avg Loss:4.693001/1000, Avg Q Value:5.399337/3459 
2017-04-15 19:02:08,267 - root - INFO - Epoch:4, Episode:9, Steps Left:55000/5000/100000, Reward:504.000000, fps:1116.089599, Exploration:0.289002, Collision:0.023600/118 , Avg Loss:4.465684/1000, Avg Q Value:5.481816/3484 
2017-04-15 19:02:12,706 - root - INFO - Epoch:4, Episode:10, Steps Left:50000/5000/100000, Reward:511.000000, fps:1126.587933, Exploration:0.280002, Collision:0.021200/106 , Avg Loss:5.217942/1000, Avg Q Value:5.434867/3532 
2017-04-15 19:02:17,157 - root - INFO - Epoch:4, Episode:11, Steps Left:45000/5000/100000, Reward:487.000000, fps:1123.381165, Exploration:0.271002, Collision:0.021400/107 , Avg Loss:4.338329/1000, Avg Q Value:5.545440/3584 
2017-04-15 19:02:21,660 - root - INFO - Epoch:4, Episode:12, Steps Left:40000/5000/100000, Reward:468.000000, fps:1110.342993, Exploration:0.262002, Collision:0.020400/102 , Avg Loss:4.511197/1000, Avg Q Value:5.511111/3646 
2017-04-15 19:02:26,214 - root - INFO - Epoch:4, Episode:13, Steps Left:35000/5000/100000, Reward:527.000000, fps:1097.850552, Exploration:0.253002, Collision:0.022800/114 , Avg Loss:4.522984/1000, Avg Q Value:5.755201/3675 
2017-04-15 19:02:30,774 - root - INFO - Epoch:4, Episode:14, Steps Left:30000/5000/100000, Reward:526.000000, fps:1096.704091, Exploration:0.244002, Collision:0.019400/97 , Avg Loss:4.242891/1000, Avg Q Value:5.707230/3763 
2017-04-15 19:02:35,428 - root - INFO - Epoch:4, Episode:15, Steps Left:25000/5000/100000, Reward:526.000000, fps:1074.280470, Exploration:0.235002, Collision:0.020800/104 , Avg Loss:4.553049/1000, Avg Q Value:5.845113/3784 
2017-04-15 19:02:40,082 - root - INFO - Epoch:4, Episode:16, Steps Left:20000/5000/100000, Reward:529.000000, fps:1074.322735, Exploration:0.226002, Collision:0.024600/123 , Avg Loss:4.575441/1000, Avg Q Value:5.879436/3856 
2017-04-15 19:02:44,682 - root - INFO - Epoch:4, Episode:17, Steps Left:15000/5000/100000, Reward:523.000000, fps:1087.071879, Exploration:0.217002, Collision:0.019800/99 , Avg Loss:4.246374/1000, Avg Q Value:5.932227/3888 
2017-04-15 19:02:49,354 - root - INFO - Epoch:4, Episode:18, Steps Left:10000/5000/100000, Reward:518.000000, fps:1070.200908, Exploration:0.208002, Collision:0.021600/108 , Avg Loss:4.354472/1000, Avg Q Value:5.948594/3964 
2017-04-15 19:02:54,152 - root - INFO - Epoch:4, Episode:19, Steps Left:5000/5000/100000, Reward:568.000000, fps:1042.060258, Exploration:0.199002, Collision:0.019000/95 , Avg Loss:4.386920/1000, Avg Q Value:6.097327/3982 
2017-04-15 19:02:58,887 - root - INFO - Epoch:4, Episode:20, Steps Left:0/5000/100000, Reward:554.000000, fps:1056.126566, Exploration:0.190002, Collision:0.025000/125 , Avg Loss:4.229018/1000, Avg Q Value:6.084671/4017 
2017-04-15 19:02:58,887 - root - INFO - Epoch:4, FPS:1101.145912, Avg Reward: 513.550000/20
2017-04-15 19:03:03,505 - root - INFO - Epoch:5, Episode:1, Steps Left:95000/5000/100000, Reward:600.000000, fps:1082.949186, Exploration:0.181002, Collision:0.022400/112 , Avg Loss:4.716079/1000, Avg Q Value:6.221814/4058 
2017-04-15 19:03:08,148 - root - INFO - Epoch:5, Episode:2, Steps Left:90000/5000/100000, Reward:549.000000, fps:1076.931941, Exploration:0.172002, Collision:0.026000/130 , Avg Loss:4.355267/1000, Avg Q Value:6.197885/4106 
2017-04-15 19:03:12,784 - root - INFO - Epoch:5, Episode:3, Steps Left:85000/5000/100000, Reward:581.000000, fps:1078.425025, Exploration:0.163002, Collision:0.022200/111 , Avg Loss:4.850870/1000, Avg Q Value:6.217774/4114 
2017-04-15 19:03:17,427 - root - INFO - Epoch:5, Episode:4, Steps Left:80000/5000/100000, Reward:519.000000, fps:1076.995266, Exploration:0.154002, Collision:0.020800/104 , Avg Loss:4.733401/1000, Avg Q Value:6.125088/4187 
2017-04-15 19:03:22,110 - root - INFO - Epoch:5, Episode:5, Steps Left:75000/5000/100000, Reward:620.000000, fps:1067.748220, Exploration:0.145002, Collision:0.019200/96 , Avg Loss:4.525811/1000, Avg Q Value:6.361872/4257 
2017-04-15 19:03:26,832 - root - INFO - Epoch:5, Episode:6, Steps Left:70000/5000/100000, Reward:623.000000, fps:1058.771119, Exploration:0.136002, Collision:0.018400/92 , Avg Loss:4.761875/1000, Avg Q Value:6.356650/4335 
2017-04-15 19:03:31,731 - root - INFO - Epoch:5, Episode:7, Steps Left:65000/5000/100000, Reward:566.000000, fps:1020.630822, Exploration:0.127002, Collision:0.021600/108 , Avg Loss:5.010525/1000, Avg Q Value:6.362111/4390 
2017-04-15 19:03:36,507 - root - INFO - Epoch:5, Episode:8, Steps Left:60000/5000/100000, Reward:589.000000, fps:1046.958867, Exploration:0.118002, Collision:0.026400/132 , Avg Loss:4.088099/1000, Avg Q Value:6.443839/4410 
2017-04-15 19:03:41,219 - root - INFO - Epoch:5, Episode:9, Steps Left:55000/5000/100000, Reward:566.000000, fps:1061.324202, Exploration:0.109002, Collision:0.020600/103 , Avg Loss:4.668059/1000, Avg Q Value:6.493793/4448 
2017-04-15 19:03:45,922 - root - INFO - Epoch:5, Episode:10, Steps Left:50000/5000/100000, Reward:625.000000, fps:1063.084283, Exploration:0.100002, Collision:0.023600/118 , Avg Loss:4.462763/1000, Avg Q Value:6.510731/4489 
2017-04-15 19:03:50,662 - root - INFO - Epoch:5, Episode:11, Steps Left:45000/5000/100000, Reward:608.000000, fps:1054.814012, Exploration:0.100000, Collision:0.020400/102 , Avg Loss:4.425838/1000, Avg Q Value:6.646398/4504 
2017-04-15 19:03:55,392 - root - INFO - Epoch:5, Episode:12, Steps Left:40000/5000/100000, Reward:577.000000, fps:1057.155291, Exploration:0.100000, Collision:0.021800/109 , Avg Loss:4.395637/1000, Avg Q Value:6.572724/4532 
2017-04-15 19:04:00,098 - root - INFO - Epoch:5, Episode:13, Steps Left:35000/5000/100000, Reward:636.000000, fps:1062.500117, Exploration:0.100000, Collision:0.021800/109 , Avg Loss:4.124081/1000, Avg Q Value:6.731852/4512 
2017-04-15 19:04:04,920 - root - INFO - Epoch:5, Episode:14, Steps Left:30000/5000/100000, Reward:568.000000, fps:1037.016891, Exploration:0.100000, Collision:0.021600/108 , Avg Loss:4.233796/1000, Avg Q Value:6.664960/4499 
2017-04-15 19:04:09,722 - root - INFO - Epoch:5, Episode:15, Steps Left:25000/5000/100000, Reward:602.000000, fps:1041.344487, Exploration:0.100000, Collision:0.021000/105 , Avg Loss:4.906957/1000, Avg Q Value:6.754559/4507 
2017-04-15 19:04:14,454 - root - INFO - Epoch:5, Episode:16, Steps Left:20000/5000/100000, Reward:615.000000, fps:1056.643526, Exploration:0.100000, Collision:0.022000/110 , Avg Loss:4.226588/1000, Avg Q Value:6.795299/4490 
2017-04-15 19:04:19,329 - root - INFO - Epoch:5, Episode:17, Steps Left:15000/5000/100000, Reward:646.000000, fps:1025.660137, Exploration:0.100000, Collision:0.023200/116 , Avg Loss:4.077466/1000, Avg Q Value:6.940564/4542 
2017-04-15 19:04:24,096 - root - INFO - Epoch:5, Episode:18, Steps Left:10000/5000/100000, Reward:606.000000, fps:1048.770599, Exploration:0.100000, Collision:0.019200/96 , Avg Loss:4.415130/1000, Avg Q Value:6.898750/4509 
2017-04-15 19:04:28,902 - root - INFO - Epoch:5, Episode:19, Steps Left:5000/5000/100000, Reward:608.000000, fps:1040.561285, Exploration:0.100000, Collision:0.019800/99 , Avg Loss:4.539279/1000, Avg Q Value:6.977242/4475 
2017-04-15 19:04:33,685 - root - INFO - Epoch:5, Episode:20, Steps Left:0/5000/100000, Reward:667.000000, fps:1045.367506, Exploration:0.100000, Collision:0.020200/101 , Avg Loss:4.154699/1000, Avg Q Value:7.036937/4502 
2017-04-15 19:04:33,685 - root - INFO - Epoch:5, FPS:1054.880026, Avg Reward: 598.550000/20
2017-04-15 19:04:38,492 - root - INFO - Epoch:6, Episode:1, Steps Left:95000/5000/100000, Reward:593.000000, fps:1040.327658, Exploration:0.100000, Collision:0.019600/98 , Avg Loss:4.433199/1000, Avg Q Value:7.011110/4490 
2017-04-15 19:04:43,483 - root - INFO - Epoch:6, Episode:2, Steps Left:90000/5000/100000, Reward:503.000000, fps:1001.823885, Exploration:0.100000, Collision:0.019000/95 , Avg Loss:4.377450/1000, Avg Q Value:6.918787/4520 
2017-04-15 19:04:48,201 - root - INFO - Epoch:6, Episode:3, Steps Left:85000/5000/100000, Reward:547.000000, fps:1059.852673, Exploration:0.100000, Collision:0.020600/103 , Avg Loss:4.411257/1000, Avg Q Value:7.065744/4460 
2017-04-15 19:04:52,963 - root - INFO - Epoch:6, Episode:4, Steps Left:80000/5000/100000, Reward:630.000000, fps:1050.003059, Exploration:0.100000, Collision:0.018200/91 , Avg Loss:4.203665/1000, Avg Q Value:7.121418/4483 
2017-04-15 19:04:57,877 - root - INFO - Epoch:6, Episode:5, Steps Left:75000/5000/100000, Reward:609.000000, fps:1017.402680, Exploration:0.100000, Collision:0.019000/95 , Avg Loss:4.387799/1000, Avg Q Value:7.236880/4525 
2017-04-15 19:05:02,752 - root - INFO - Epoch:6, Episode:6, Steps Left:70000/5000/100000, Reward:593.000000, fps:1025.672577, Exploration:0.100000, Collision:0.022400/112 , Avg Loss:4.048203/1000, Avg Q Value:7.240019/4554 
2017-04-15 19:05:07,602 - root - INFO - Epoch:6, Episode:7, Steps Left:65000/5000/100000, Reward:609.000000, fps:1030.973924, Exploration:0.100000, Collision:0.025600/128 , Avg Loss:3.981229/1000, Avg Q Value:7.374112/4516 
2017-04-15 19:05:12,561 - root - INFO - Epoch:6, Episode:8, Steps Left:60000/5000/100000, Reward:619.000000, fps:1008.384904, Exploration:0.100000, Collision:0.025000/125 , Avg Loss:3.979718/1000, Avg Q Value:7.353205/4513 
2017-04-15 19:05:17,303 - root - INFO - Epoch:6, Episode:9, Steps Left:55000/5000/100000, Reward:580.000000, fps:1054.299158, Exploration:0.100000, Collision:0.020800/104 , Avg Loss:4.544368/1000, Avg Q Value:7.358533/4516 
2017-04-15 19:05:22,035 - root - INFO - Epoch:6, Episode:10, Steps Left:50000/5000/100000, Reward:661.000000, fps:1056.717640, Exploration:0.100000, Collision:0.021600/108 , Avg Loss:4.512486/1000, Avg Q Value:7.438814/4496 
2017-04-15 19:05:26,757 - root - INFO - Epoch:6, Episode:11, Steps Left:45000/5000/100000, Reward:613.000000, fps:1058.987970, Exploration:0.100000, Collision:0.021600/108 , Avg Loss:4.160305/1000, Avg Q Value:7.496076/4459 
2017-04-15 19:05:31,495 - root - INFO - Epoch:6, Episode:12, Steps Left:40000/5000/100000, Reward:609.000000, fps:1055.300268, Exploration:0.100000, Collision:0.019600/98 , Avg Loss:4.016518/1000, Avg Q Value:7.516639/4501 
2017-04-15 19:05:36,247 - root - INFO - Epoch:6, Episode:13, Steps Left:35000/5000/100000, Reward:685.000000, fps:1052.145350, Exploration:0.100000, Collision:0.019000/95 , Avg Loss:4.271723/1000, Avg Q Value:7.669623/4485 
2017-04-15 19:05:40,953 - root - INFO - Epoch:6, Episode:14, Steps Left:30000/5000/100000, Reward:570.000000, fps:1062.618396, Exploration:0.100000, Collision:0.018800/94 , Avg Loss:4.046245/1000, Avg Q Value:7.541326/4526 
2017-04-15 19:05:45,775 - root - INFO - Epoch:6, Episode:15, Steps Left:25000/5000/100000, Reward:606.000000, fps:1037.039762, Exploration:0.100000, Collision:0.020200/101 , Avg Loss:4.474843/1000, Avg Q Value:7.729884/4508 
2017-04-15 19:05:50,612 - root - INFO - Epoch:6, Episode:16, Steps Left:20000/5000/100000, Reward:610.000000, fps:1033.569297, Exploration:0.100000, Collision:0.016800/84 , Avg Loss:4.643812/1000, Avg Q Value:7.698758/4476 
2017-04-15 19:05:55,621 - root - INFO - Epoch:6, Episode:17, Steps Left:15000/5000/100000, Reward:618.000000, fps:998.385228, Exploration:0.100000, Collision:0.024800/124 , Avg Loss:4.690810/1000, Avg Q Value:7.866964/4516 
2017-04-15 19:06:00,371 - root - INFO - Epoch:6, Episode:18, Steps Left:10000/5000/100000, Reward:620.000000, fps:1052.511921, Exploration:0.100000, Collision:0.023000/115 , Avg Loss:4.644650/1000, Avg Q Value:7.856878/4543 
2017-04-15 19:06:05,077 - root - INFO - Epoch:6, Episode:19, Steps Left:5000/5000/100000, Reward:656.000000, fps:1062.494896, Exploration:0.100000, Collision:0.021600/108 , Avg Loss:4.460416/1000, Avg Q Value:7.918624/4508 
2017-04-15 19:06:09,871 - root - INFO - Epoch:6, Episode:20, Steps Left:0/5000/100000, Reward:650.000000, fps:1043.122244, Exploration:0.100000, Collision:0.018600/93 , Avg Loss:4.217957/1000, Avg Q Value:7.926796/4517 
2017-04-15 19:06:09,871 - root - INFO - Epoch:6, FPS:1039.659735, Avg Reward: 609.050000/20
2017-04-15 19:06:14,640 - root - INFO - Epoch:7, Episode:1, Steps Left:95000/5000/100000, Reward:638.000000, fps:1048.460879, Exploration:0.100000, Collision:0.021400/107 , Avg Loss:4.797491/1000, Avg Q Value:7.983403/4521 
2017-04-15 19:06:19,497 - root - INFO - Epoch:7, Episode:2, Steps Left:90000/5000/100000, Reward:638.000000, fps:1029.577717, Exploration:0.100000, Collision:0.022400/112 , Avg Loss:4.578962/1000, Avg Q Value:8.008397/4488 
2017-04-15 19:06:24,216 - root - INFO - Epoch:7, Episode:3, Steps Left:85000/5000/100000, Reward:649.000000, fps:1059.449983, Exploration:0.100000, Collision:0.020800/104 , Avg Loss:4.833042/1000, Avg Q Value:8.037445/4485 
2017-04-15 19:06:28,992 - root - INFO - Epoch:7, Episode:4, Steps Left:80000/5000/100000, Reward:678.000000, fps:1046.931219, Exploration:0.100000, Collision:0.020000/100 , Avg Loss:4.499602/1000, Avg Q Value:8.050203/4506 
2017-04-15 19:06:33,682 - root - INFO - Epoch:7, Episode:5, Steps Left:75000/5000/100000, Reward:658.000000, fps:1066.110587, Exploration:0.100000, Collision:0.021000/105 , Avg Loss:4.587896/1000, Avg Q Value:8.057597/4498 
2017-04-15 19:06:38,403 - root - INFO - Epoch:7, Episode:6, Steps Left:70000/5000/100000, Reward:617.000000, fps:1059.352100, Exploration:0.100000, Collision:0.019000/95 , Avg Loss:4.282296/1000, Avg Q Value:8.038841/4480 
2017-04-15 19:06:43,349 - root - INFO - Epoch:7, Episode:7, Steps Left:65000/5000/100000, Reward:715.000000, fps:1010.848018, Exploration:0.100000, Collision:0.021200/106 , Avg Loss:4.657818/1000, Avg Q Value:8.238037/4493 
2017-04-15 19:06:48,245 - root - INFO - Epoch:7, Episode:8, Steps Left:60000/5000/100000, Reward:645.000000, fps:1021.292080, Exploration:0.100000, Collision:0.021000/105 , Avg Loss:4.516135/1000, Avg Q Value:8.201807/4502 
2017-04-15 19:06:53,024 - root - INFO - Epoch:7, Episode:9, Steps Left:55000/5000/100000, Reward:664.000000, fps:1046.247472, Exploration:0.100000, Collision:0.016800/84 , Avg Loss:4.586502/1000, Avg Q Value:8.208218/4446 
2017-04-15 19:06:57,775 - root - INFO - Epoch:7, Episode:10, Steps Left:50000/5000/100000, Reward:625.000000, fps:1052.532522, Exploration:0.100000, Collision:0.019400/97 , Avg Loss:4.335562/1000, Avg Q Value:8.159843/4523 
2017-04-15 19:07:02,508 - root - INFO - Epoch:7, Episode:11, Steps Left:45000/5000/100000, Reward:569.000000, fps:1056.457490, Exploration:0.100000, Collision:0.020200/101 , Avg Loss:4.842697/1000, Avg Q Value:8.164897/4511 
2017-04-15 19:07:07,268 - root - INFO - Epoch:7, Episode:12, Steps Left:40000/5000/100000, Reward:551.000000, fps:1050.415751, Exploration:0.100000, Collision:0.023600/118 , Avg Loss:4.816273/1000, Avg Q Value:8.147976/4492 
2017-04-15 19:07:11,989 - root - INFO - Epoch:7, Episode:13, Steps Left:35000/5000/100000, Reward:603.000000, fps:1059.118091, Exploration:0.100000, Collision:0.017600/88 , Avg Loss:4.727240/1000, Avg Q Value:8.282329/4515 
2017-04-15 19:07:16,818 - root - INFO - Epoch:7, Episode:14, Steps Left:30000/5000/100000, Reward:503.000000, fps:1035.360861, Exploration:0.100000, Collision:0.022200/111 , Avg Loss:4.588679/1000, Avg Q Value:8.183274/4485 
2017-04-15 19:07:21,573 - root - INFO - Epoch:7, Episode:15, Steps Left:25000/5000/100000, Reward:630.000000, fps:1051.693957, Exploration:0.100000, Collision:0.022800/114 , Avg Loss:4.937863/1000, Avg Q Value:8.458034/4504 
2017-04-15 19:07:26,332 - root - INFO - Epoch:7, Episode:16, Steps Left:20000/5000/100000, Reward:641.000000, fps:1050.508463, Exploration:0.100000, Collision:0.021800/109 , Avg Loss:4.802248/1000, Avg Q Value:8.439847/4477 
2017-04-15 19:07:31,119 - root - INFO - Epoch:7, Episode:17, Steps Left:15000/5000/100000, Reward:670.000000, fps:1044.668366, Exploration:0.100000, Collision:0.025800/129 , Avg Loss:5.462367/1000, Avg Q Value:8.596896/4486 
2017-04-15 19:07:35,819 - root - INFO - Epoch:7, Episode:18, Steps Left:10000/5000/100000, Reward:674.000000, fps:1063.934803, Exploration:0.100000, Collision:0.018800/94 , Avg Loss:5.254849/1000, Avg Q Value:8.532620/4495 
2017-04-15 19:07:40,558 - root - INFO - Epoch:7, Episode:19, Steps Left:5000/5000/100000, Reward:639.000000, fps:1055.087366, Exploration:0.100000, Collision:0.019200/96 , Avg Loss:5.051145/1000, Avg Q Value:8.574416/4485 
2017-04-15 19:07:45,306 - root - INFO - Epoch:7, Episode:20, Steps Left:0/5000/100000, Reward:587.000000, fps:1053.082773, Exploration:0.100000, Collision:0.020200/101 , Avg Loss:4.632063/1000, Avg Q Value:8.451842/4563 
2017-04-15 19:07:45,306 - root - INFO - Epoch:7, FPS:1047.838500, Avg Reward: 629.700000/20
2017-04-15 19:07:50,099 - root - INFO - Epoch:8, Episode:1, Steps Left:95000/5000/100000, Reward:691.000000, fps:1043.315551, Exploration:0.100000, Collision:0.020200/101 , Avg Loss:4.798277/1000, Avg Q Value:8.667538/4531 
2017-04-15 19:07:54,990 - root - INFO - Epoch:8, Episode:2, Steps Left:90000/5000/100000, Reward:654.000000, fps:1022.240479, Exploration:0.100000, Collision:0.024200/121 , Avg Loss:4.954205/1000, Avg Q Value:8.681902/4558 
2017-04-15 19:07:59,738 - root - INFO - Epoch:8, Episode:3, Steps Left:85000/5000/100000, Reward:628.000000, fps:1053.131320, Exploration:0.100000, Collision:0.018800/94 , Avg Loss:4.835036/1000, Avg Q Value:8.697264/4511 
2017-04-15 19:08:04,709 - root - INFO - Epoch:8, Episode:4, Steps Left:80000/5000/100000, Reward:605.000000, fps:1005.922087, Exploration:0.100000, Collision:0.020800/104 , Avg Loss:4.616144/1000, Avg Q Value:8.681970/4504 
2017-04-15 19:08:09,515 - root - INFO - Epoch:8, Episode:5, Steps Left:75000/5000/100000, Reward:680.000000, fps:1040.265991, Exploration:0.100000, Collision:0.021800/109 , Avg Loss:5.204518/1000, Avg Q Value:8.846268/4497 
2017-04-15 19:08:14,378 - root - INFO - Epoch:8, Episode:6, Steps Left:70000/5000/100000, Reward:552.000000, fps:1028.291359, Exploration:0.100000, Collision:0.022200/111 , Avg Loss:4.861171/1000, Avg Q Value:8.735470/4491 
2017-04-15 19:08:19,165 - root - INFO - Epoch:8, Episode:7, Steps Left:65000/5000/100000, Reward:602.000000, fps:1044.523874, Exploration:0.100000, Collision:0.018800/94 , Avg Loss:5.104048/1000, Avg Q Value:8.862846/4485 
2017-04-15 19:08:23,887 - root - INFO - Epoch:8, Episode:8, Steps Left:60000/5000/100000, Reward:595.000000, fps:1058.859912, Exploration:0.100000, Collision:0.023200/116 , Avg Loss:5.144428/1000, Avg Q Value:8.872597/4501 
2017-04-15 19:08:28,614 - root - INFO - Epoch:8, Episode:9, Steps Left:55000/5000/100000, Reward:655.000000, fps:1057.807059, Exploration:0.100000, Collision:0.021400/107 , Avg Loss:4.958015/1000, Avg Q Value:9.024720/4459 
2017-04-15 19:08:33,613 - root - INFO - Epoch:8, Episode:10, Steps Left:50000/5000/100000, Reward:651.000000, fps:1000.175841, Exploration:0.100000, Collision:0.022000/110 , Avg Loss:4.741336/1000, Avg Q Value:9.022045/4513 
2017-04-15 19:08:38,507 - root - INFO - Epoch:8, Episode:11, Steps Left:45000/5000/100000, Reward:644.000000, fps:1021.684846, Exploration:0.100000, Collision:0.020200/101 , Avg Loss:4.356617/1000, Avg Q Value:9.091783/4461 
2017-04-15 19:08:43,240 - root - INFO - Epoch:8, Episode:12, Steps Left:40000/5000/100000, Reward:703.000000, fps:1056.605089, Exploration:0.100000, Collision:0.018200/91 , Avg Loss:4.689146/1000, Avg Q Value:9.128920/4524 
2017-04-15 19:08:48,103 - root - INFO - Epoch:8, Episode:13, Steps Left:35000/5000/100000, Reward:680.000000, fps:1028.201922, Exploration:0.100000, Collision:0.021400/107 , Avg Loss:4.494004/1000, Avg Q Value:9.162946/4480 
2017-04-15 19:08:52,840 - root - INFO - Epoch:8, Episode:14, Steps Left:30000/5000/100000, Reward:691.000000, fps:1055.460877, Exploration:0.100000, Collision:0.023200/116 , Avg Loss:4.905469/1000, Avg Q Value:9.202078/4474 
2017-04-15 19:08:57,649 - root - INFO - Epoch:8, Episode:15, Steps Left:25000/5000/100000, Reward:631.000000, fps:1039.838497, Exploration:0.100000, Collision:0.024800/124 , Avg Loss:4.672781/1000, Avg Q Value:9.155867/4495 
2017-04-15 19:09:02,508 - root - INFO - Epoch:8, Episode:16, Steps Left:20000/5000/100000, Reward:697.000000, fps:1029.016001, Exploration:0.100000, Collision:0.019400/97 , Avg Loss:4.389235/1000, Avg Q Value:9.216491/4522 
2017-04-15 19:09:07,379 - root - INFO - Epoch:8, Episode:17, Steps Left:15000/5000/100000, Reward:636.000000, fps:1026.493155, Exploration:0.100000, Collision:0.019800/99 , Avg Loss:4.280103/1000, Avg Q Value:9.155495/4550 
2017-04-15 19:09:12,110 - root - INFO - Epoch:8, Episode:18, Steps Left:10000/5000/100000, Reward:621.000000, fps:1056.831758, Exploration:0.100000, Collision:0.019400/97 , Avg Loss:4.193218/1000, Avg Q Value:9.210619/4496 
2017-04-15 19:09:16,930 - root - INFO - Epoch:8, Episode:19, Steps Left:5000/5000/100000, Reward:578.000000, fps:1037.399063, Exploration:0.100000, Collision:0.020000/100 , Avg Loss:5.119052/1000, Avg Q Value:9.196277/4509 
2017-04-15 19:09:21,728 - root - INFO - Epoch:8, Episode:20, Steps Left:0/5000/100000, Reward:526.000000, fps:1042.136690, Exploration:0.100000, Collision:0.021400/107 , Avg Loss:4.813214/1000, Avg Q Value:9.130175/4487 
2017-04-15 19:09:21,734 - root - INFO - Epoch:8, FPS:1037.107304, Avg Reward: 636.000000/20
2017-04-15 19:09:26,504 - root - INFO - Epoch:9, Episode:1, Steps Left:95000/5000/100000, Reward:667.000000, fps:1048.361138, Exploration:0.100000, Collision:0.018600/93 , Avg Loss:3.941936/1000, Avg Q Value:9.343422/4499 
2017-04-15 19:09:31,382 - root - INFO - Epoch:9, Episode:2, Steps Left:90000/5000/100000, Reward:643.000000, fps:1025.060698, Exploration:0.100000, Collision:0.022600/113 , Avg Loss:4.190875/1000, Avg Q Value:9.392779/4497 
2017-04-15 19:09:36,250 - root - INFO - Epoch:9, Episode:3, Steps Left:85000/5000/100000, Reward:710.000000, fps:1027.131900, Exploration:0.100000, Collision:0.023000/115 , Avg Loss:4.855851/1000, Avg Q Value:9.403384/4470 
2017-04-15 19:09:40,996 - root - INFO - Epoch:9, Episode:4, Steps Left:80000/5000/100000, Reward:653.000000, fps:1053.388934, Exploration:0.100000, Collision:0.021600/108 , Avg Loss:4.870984/1000, Avg Q Value:9.375689/4501 
2017-04-15 19:09:45,750 - root - INFO - Epoch:9, Episode:5, Steps Left:75000/5000/100000, Reward:745.000000, fps:1051.808312, Exploration:0.100000, Collision:0.020800/104 , Avg Loss:4.718577/1000, Avg Q Value:9.503213/4478 
2017-04-15 19:09:50,622 - root - INFO - Epoch:9, Episode:6, Steps Left:70000/5000/100000, Reward:690.000000, fps:1026.308643, Exploration:0.100000, Collision:0.021200/106 , Avg Loss:4.599607/1000, Avg Q Value:9.474215/4496 
2017-04-15 19:09:55,614 - root - INFO - Epoch:9, Episode:7, Steps Left:65000/5000/100000, Reward:696.000000, fps:1001.628854, Exploration:0.100000, Collision:0.022600/113 , Avg Loss:5.160707/1000, Avg Q Value:9.567464/4501 
2017-04-15 19:10:00,624 - root - INFO - Epoch:9, Episode:8, Steps Left:60000/5000/100000, Reward:645.000000, fps:998.093670, Exploration:0.100000, Collision:0.024200/121 , Avg Loss:5.070162/1000, Avg Q Value:9.555437/4519 
2017-04-15 19:10:05,493 - root - INFO - Epoch:9, Episode:9, Steps Left:55000/5000/100000, Reward:634.000000, fps:1026.897526, Exploration:0.100000, Collision:0.019000/95 , Avg Loss:5.561551/1000, Avg Q Value:9.441089/4485 
2017-04-15 19:10:10,218 - root - INFO - Epoch:9, Episode:10, Steps Left:50000/5000/100000, Reward:617.000000, fps:1058.238725, Exploration:0.100000, Collision:0.018600/93 , Avg Loss:5.188784/1000, Avg Q Value:9.406022/4504 
2017-04-15 19:10:14,980 - root - INFO - Epoch:9, Episode:11, Steps Left:45000/5000/100000, Reward:676.000000, fps:1050.108003, Exploration:0.100000, Collision:0.019800/99 , Avg Loss:5.194301/1000, Avg Q Value:9.568611/4475 
2017-04-15 19:10:19,732 - root - INFO - Epoch:9, Episode:12, Steps Left:40000/5000/100000, Reward:689.000000, fps:1052.192808, Exploration:0.100000, Collision:0.017600/88 , Avg Loss:5.012182/1000, Avg Q Value:9.537719/4489 
2017-04-15 19:10:24,577 - root - INFO - Epoch:9, Episode:13, Steps Left:35000/5000/100000, Reward:714.000000, fps:1032.082293, Exploration:0.100000, Collision:0.022200/111 , Avg Loss:4.804435/1000, Avg Q Value:9.648917/4492 
2017-04-15 19:10:29,387 - root - INFO - Epoch:9, Episode:14, Steps Left:30000/5000/100000, Reward:689.000000, fps:1039.537121, Exploration:0.100000, Collision:0.018600/93 , Avg Loss:4.918370/1000, Avg Q Value:9.581756/4529 
2017-04-15 19:10:34,218 - root - INFO - Epoch:9, Episode:15, Steps Left:25000/5000/100000, Reward:698.000000, fps:1034.841225, Exploration:0.100000, Collision:0.018600/93 , Avg Loss:4.957883/1000, Avg Q Value:9.570410/4532 
2017-04-15 19:10:39,156 - root - INFO - Epoch:9, Episode:16, Steps Left:20000/5000/100000, Reward:645.000000, fps:1012.699255, Exploration:0.100000, Collision:0.021000/105 , Avg Loss:4.926005/1000, Avg Q Value:9.541203/4505 
2017-04-15 19:10:43,930 - root - INFO - Epoch:9, Episode:17, Steps Left:15000/5000/100000, Reward:714.000000, fps:1047.452502, Exploration:0.100000, Collision:0.021600/108 , Avg Loss:5.175855/1000, Avg Q Value:9.680548/4497 
2017-04-15 19:10:48,679 - root - INFO - Epoch:9, Episode:18, Steps Left:10000/5000/100000, Reward:731.000000, fps:1052.733561, Exploration:0.100000, Collision:0.022800/114 , Avg Loss:4.900352/1000, Avg Q Value:9.687597/4485 
2017-04-15 19:10:53,418 - root - INFO - Epoch:9, Episode:19, Steps Left:5000/5000/100000, Reward:697.000000, fps:1055.078926, Exploration:0.100000, Collision:0.017600/88 , Avg Loss:5.190380/1000, Avg Q Value:9.753676/4504 
2017-04-15 19:10:58,241 - root - INFO - Epoch:9, Episode:20, Steps Left:0/5000/100000, Reward:713.000000, fps:1036.894963, Exploration:0.100000, Collision:0.022200/111 , Avg Loss:5.175570/1000, Avg Q Value:9.750213/4484 
2017-04-15 19:10:58,241 - root - INFO - Epoch:9, FPS:1036.199117, Avg Reward: 683.300000/20
2017-04-15 19:11:03,003 - root - INFO - Epoch:10, Episode:1, Steps Left:95000/5000/100000, Reward:662.000000, fps:1050.130508, Exploration:0.100000, Collision:0.024000/120 , Avg Loss:5.018155/1000, Avg Q Value:9.753916/4488 
2017-04-15 19:11:07,898 - root - INFO - Epoch:10, Episode:2, Steps Left:90000/5000/100000, Reward:740.000000, fps:1021.325703, Exploration:0.100000, Collision:0.019800/99 , Avg Loss:4.901532/1000, Avg Q Value:9.823034/4495 
2017-04-15 19:11:12,601 - root - INFO - Epoch:10, Episode:3, Steps Left:85000/5000/100000, Reward:654.000000, fps:1063.296112, Exploration:0.100000, Collision:0.019800/99 , Avg Loss:5.299877/1000, Avg Q Value:9.837599/4517 
2017-04-15 19:11:17,308 - root - INFO - Epoch:10, Episode:4, Steps Left:80000/5000/100000, Reward:664.000000, fps:1062.329663, Exploration:0.100000, Collision:0.016600/83 , Avg Loss:5.000008/1000, Avg Q Value:9.781433/4502 
2017-04-15 19:11:22,056 - root - INFO - Epoch:10, Episode:5, Steps Left:75000/5000/100000, Reward:701.000000, fps:1053.052156, Exploration:0.100000, Collision:0.022000/110 , Avg Loss:5.054866/1000, Avg Q Value:9.924614/4507 
2017-04-15 19:11:26,817 - root - INFO - Epoch:10, Episode:6, Steps Left:70000/5000/100000, Reward:668.000000, fps:1050.308063, Exploration:0.100000, Collision:0.020400/102 , Avg Loss:4.946573/1000, Avg Q Value:9.939857/4456 
2017-04-15 19:11:31,556 - root - INFO - Epoch:10, Episode:7, Steps Left:65000/5000/100000, Reward:716.000000, fps:1055.023725, Exploration:0.100000, Collision:0.019200/96 , Avg Loss:5.116754/1000, Avg Q Value:9.999787/4520 
2017-04-15 19:11:36,302 - root - INFO - Epoch:10, Episode:8, Steps Left:60000/5000/100000, Reward:657.000000, fps:1053.556054, Exploration:0.100000, Collision:0.022600/113 , Avg Loss:5.360942/1000, Avg Q Value:9.953514/4516 
2017-04-15 19:11:41,010 - root - INFO - Epoch:10, Episode:9, Steps Left:55000/5000/100000, Reward:630.000000, fps:1062.000698, Exploration:0.100000, Collision:0.022400/112 , Avg Loss:5.196342/1000, Avg Q Value:10.038868/4530 
2017-04-15 19:11:45,786 - root - INFO - Epoch:10, Episode:10, Steps Left:50000/5000/100000, Reward:697.000000, fps:1046.947421, Exploration:0.100000, Collision:0.023400/117 , Avg Loss:6.188566/1000, Avg Q Value:10.065365/4497 
2017-04-15 19:11:50,555 - root - INFO - Epoch:10, Episode:11, Steps Left:45000/5000/100000, Reward:692.000000, fps:1048.492173, Exploration:0.100000, Collision:0.019600/98 , Avg Loss:5.164756/1000, Avg Q Value:10.062198/4493 
2017-04-15 19:11:55,487 - root - INFO - Epoch:10, Episode:12, Steps Left:40000/5000/100000, Reward:653.000000, fps:1013.844035, Exploration:0.100000, Collision:0.018600/93 , Avg Loss:4.957627/1000, Avg Q Value:10.053493/4504 
2017-04-15 19:12:00,326 - root - INFO - Epoch:10, Episode:13, Steps Left:35000/5000/100000, Reward:674.000000, fps:1033.215190, Exploration:0.100000, Collision:0.021600/108 , Avg Loss:5.209394/1000, Avg Q Value:10.077900/4509 
2017-04-15 19:12:05,119 - root - INFO - Epoch:10, Episode:14, Steps Left:30000/5000/100000, Reward:647.000000, fps:1043.261314, Exploration:0.100000, Collision:0.019400/97 , Avg Loss:5.087954/1000, Avg Q Value:10.053973/4491 
2017-04-15 19:12:09,893 - root - INFO - Epoch:10, Episode:15, Steps Left:25000/5000/100000, Reward:703.000000, fps:1047.458676, Exploration:0.100000, Collision:0.020600/103 , Avg Loss:5.064164/1000, Avg Q Value:10.267459/4482 
2017-04-15 19:12:14,665 - root - INFO - Epoch:10, Episode:16, Steps Left:20000/5000/100000, Reward:669.000000, fps:1047.767281, Exploration:0.100000, Collision:0.019200/96 , Avg Loss:5.515539/1000, Avg Q Value:10.171632/4537 
2017-04-15 19:12:19,433 - root - INFO - Epoch:10, Episode:17, Steps Left:15000/5000/100000, Reward:730.000000, fps:1048.800915, Exploration:0.100000, Collision:0.020400/102 , Avg Loss:4.844769/1000, Avg Q Value:10.291995/4512 
2017-04-15 19:12:24,333 - root - INFO - Epoch:10, Episode:18, Steps Left:10000/5000/100000, Reward:702.000000, fps:1020.413804, Exploration:0.100000, Collision:0.025600/128 , Avg Loss:5.006141/1000, Avg Q Value:10.307957/4472 
2017-04-15 19:12:29,121 - root - INFO - Epoch:10, Episode:19, Steps Left:5000/5000/100000, Reward:643.000000, fps:1044.207350, Exploration:0.100000, Collision:0.020800/104 , Avg Loss:5.148904/1000, Avg Q Value:10.322160/4516 
2017-04-15 19:12:33,901 - root - INFO - Epoch:10, Episode:20, Steps Left:0/5000/100000, Reward:708.000000, fps:1046.059912, Exploration:0.100000, Collision:0.020400/102 , Avg Loss:5.560872/1000, Avg Q Value:10.394422/4479 
2017-04-15 19:12:33,902 - root - INFO - Epoch:10, FPS:1045.369004, Avg Reward: 680.500000/20
2017-04-15 19:12:38,782 - root - INFO - Epoch:11, Episode:1, Steps Left:95000/5000/100000, Reward:691.000000, fps:1024.512506, Exploration:0.100000, Collision:0.022000/110 , Avg Loss:5.367674/1000, Avg Q Value:10.383251/4501 
2017-04-15 19:12:43,773 - root - INFO - Epoch:11, Episode:2, Steps Left:90000/5000/100000, Reward:693.000000, fps:1001.805651, Exploration:0.100000, Collision:0.021000/105 , Avg Loss:5.052993/1000, Avg Q Value:10.381355/4496 
2017-04-15 19:12:48,554 - root - INFO - Epoch:11, Episode:3, Steps Left:85000/5000/100000, Reward:639.000000, fps:1045.993338, Exploration:0.100000, Collision:0.016800/84 , Avg Loss:5.293457/1000, Avg Q Value:10.381826/4499 
2017-04-15 19:12:53,343 - root - INFO - Epoch:11, Episode:4, Steps Left:80000/5000/100000, Reward:603.000000, fps:1044.040999, Exploration:0.100000, Collision:0.017800/89 , Avg Loss:5.057421/1000, Avg Q Value:10.344230/4484 
2017-04-15 19:12:58,205 - root - INFO - Epoch:11, Episode:5, Steps Left:75000/5000/100000, Reward:715.000000, fps:1028.287779, Exploration:0.100000, Collision:0.020400/102 , Avg Loss:5.325751/1000, Avg Q Value:10.532414/4504 
2017-04-15 19:13:03,038 - root - INFO - Epoch:11, Episode:6, Steps Left:70000/5000/100000, Reward:666.000000, fps:1034.688361, Exploration:0.100000, Collision:0.023000/115 , Avg Loss:5.095540/1000, Avg Q Value:10.441477/4520 
2017-04-15 19:13:07,751 - root - INFO - Epoch:11, Episode:7, Steps Left:65000/5000/100000, Reward:612.000000, fps:1060.978252, Exploration:0.100000, Collision:0.019400/97 , Avg Loss:4.633043/1000, Avg Q Value:10.424405/4520 
2017-04-15 19:13:12,457 - root - INFO - Epoch:11, Episode:8, Steps Left:60000/5000/100000, Reward:693.000000, fps:1062.403446, Exploration:0.100000, Collision:0.014400/72 , Avg Loss:5.103098/1000, Avg Q Value:10.466182/4524 
2017-04-15 19:13:17,134 - root - INFO - Epoch:11, Episode:9, Steps Left:55000/5000/100000, Reward:638.000000, fps:1069.230104, Exploration:0.100000, Collision:0.018400/92 , Avg Loss:4.860253/1000, Avg Q Value:10.480842/4467 
2017-04-15 19:13:21,903 - root - INFO - Epoch:11, Episode:10, Steps Left:50000/5000/100000, Reward:688.000000, fps:1048.362187, Exploration:0.100000, Collision:0.018400/92 , Avg Loss:4.984851/1000, Avg Q Value:10.490771/4521 
2017-04-15 19:13:26,593 - root - INFO - Epoch:11, Episode:11, Steps Left:45000/5000/100000, Reward:632.000000, fps:1066.086253, Exploration:0.100000, Collision:0.012800/64 , Avg Loss:5.263655/1000, Avg Q Value:10.447991/4506 
2017-04-15 19:13:31,486 - root - INFO - Epoch:11, Episode:12, Steps Left:40000/5000/100000, Reward:693.000000, fps:1021.895335, Exploration:0.100000, Collision:0.020000/100 , Avg Loss:5.117179/1000, Avg Q Value:10.544857/4515 
2017-04-15 19:13:36,272 - root - INFO - Epoch:11, Episode:13, Steps Left:35000/5000/100000, Reward:626.000000, fps:1044.889473, Exploration:0.100000, Collision:0.017000/85 , Avg Loss:5.011399/1000, Avg Q Value:10.534144/4477 
2017-04-15 19:13:41,057 - root - INFO - Epoch:11, Episode:14, Steps Left:30000/5000/100000, Reward:595.000000, fps:1044.805194, Exploration:0.100000, Collision:0.016200/81 , Avg Loss:5.145167/1000, Avg Q Value:10.445187/4518 
2017-04-15 19:13:45,765 - root - INFO - Epoch:11, Episode:15, Steps Left:25000/5000/100000, Reward:683.000000, fps:1062.089980, Exploration:0.100000, Collision:0.021400/107 , Avg Loss:5.164274/1000, Avg Q Value:10.717340/4487 
2017-04-15 19:13:50,510 - root - INFO - Epoch:11, Episode:16, Steps Left:20000/5000/100000, Reward:679.000000, fps:1053.750071, Exploration:0.100000, Collision:0.019800/99 , Avg Loss:5.435769/1000, Avg Q Value:10.694603/4529 
2017-04-15 19:13:55,526 - root - INFO - Epoch:11, Episode:17, Steps Left:15000/5000/100000, Reward:653.000000, fps:996.835029, Exploration:0.100000, Collision:0.019800/99 , Avg Loss:4.955095/1000, Avg Q Value:10.757451/4506 
2017-04-15 19:14:00,324 - root - INFO - Epoch:11, Episode:18, Steps Left:10000/5000/100000, Reward:630.000000, fps:1042.329217, Exploration:0.100000, Collision:0.019800/99 , Avg Loss:4.787010/1000, Avg Q Value:10.723248/4548 
2017-04-15 19:14:05,082 - root - INFO - Epoch:11, Episode:19, Steps Left:5000/5000/100000, Reward:703.000000, fps:1050.768060, Exploration:0.100000, Collision:0.023400/117 , Avg Loss:4.980084/1000, Avg Q Value:10.887091/4512 
2017-04-15 19:14:09,797 - root - INFO - Epoch:11, Episode:20, Steps Left:0/5000/100000, Reward:746.000000, fps:1060.446961, Exploration:0.100000, Collision:0.018200/91 , Avg Loss:4.691915/1000, Avg Q Value:10.915303/4485 
2017-04-15 19:14:09,798 - root - INFO - Epoch:11, FPS:1042.799527, Avg Reward: 663.900000/20
2017-04-15 19:14:14,644 - root - INFO - Epoch:12, Episode:1, Steps Left:95000/5000/100000, Reward:633.000000, fps:1031.861393, Exploration:0.100000, Collision:0.021200/106 , Avg Loss:5.286807/1000, Avg Q Value:10.908316/4494 
2017-04-15 19:14:19,462 - root - INFO - Epoch:12, Episode:2, Steps Left:90000/5000/100000, Reward:656.000000, fps:1037.792197, Exploration:0.100000, Collision:0.018200/91 , Avg Loss:5.449308/1000, Avg Q Value:10.850950/4504 
2017-04-15 19:14:24,227 - root - INFO - Epoch:12, Episode:3, Steps Left:85000/5000/100000, Reward:636.000000, fps:1049.356669, Exploration:0.100000, Collision:0.022800/114 , Avg Loss:5.114684/1000, Avg Q Value:10.927051/4493 
2017-04-15 19:14:29,071 - root - INFO - Epoch:12, Episode:4, Steps Left:80000/5000/100000, Reward:647.000000, fps:1032.175404, Exploration:0.100000, Collision:0.021400/107 , Avg Loss:5.387746/1000, Avg Q Value:10.915180/4502 
2017-04-15 19:14:34,064 - root - INFO - Epoch:12, Episode:5, Steps Left:75000/5000/100000, Reward:685.000000, fps:1001.323542, Exploration:0.100000, Collision:0.021000/105 , Avg Loss:5.041408/1000, Avg Q Value:11.038301/4482 
2017-04-15 19:14:38,711 - root - INFO - Epoch:12, Episode:6, Steps Left:70000/5000/100000, Reward:591.000000, fps:1076.141803, Exploration:0.100000, Collision:0.023800/119 , Avg Loss:4.662153/1000, Avg Q Value:10.975545/4482 
2017-04-15 19:14:43,566 - root - INFO - Epoch:12, Episode:7, Steps Left:65000/5000/100000, Reward:675.000000, fps:1029.865709, Exploration:0.100000, Collision:0.020800/104 , Avg Loss:5.204939/1000, Avg Q Value:11.180570/4481 
2017-04-15 19:14:48,297 - root - INFO - Epoch:12, Episode:8, Steps Left:60000/5000/100000, Reward:690.000000, fps:1056.979889, Exploration:0.100000, Collision:0.021400/107 , Avg Loss:4.863630/1000, Avg Q Value:11.156021/4543 
2017-04-15 19:14:53,049 - root - INFO - Epoch:12, Episode:9, Steps Left:55000/5000/100000, Reward:667.000000, fps:1052.097792, Exploration:0.100000, Collision:0.018600/93 , Avg Loss:4.985201/1000, Avg Q Value:11.198839/4469 
2017-04-15 19:14:57,773 - root - INFO - Epoch:12, Episode:10, Steps Left:50000/5000/100000, Reward:706.000000, fps:1058.511133, Exploration:0.100000, Collision:0.018400/92 , Avg Loss:5.110527/1000, Avg Q Value:11.183142/4503 
2017-04-15 19:15:02,512 - root - INFO - Epoch:12, Episode:11, Steps Left:45000/5000/100000, Reward:668.000000, fps:1055.183347, Exploration:0.100000, Collision:0.025200/126 , Avg Loss:5.366134/1000, Avg Q Value:11.275862/4473 
2017-04-15 19:15:07,236 - root - INFO - Epoch:12, Episode:12, Steps Left:40000/5000/100000, Reward:654.000000, fps:1058.454450, Exploration:0.100000, Collision:0.019600/98 , Avg Loss:5.171596/1000, Avg Q Value:11.222361/4507 
2017-04-15 19:15:12,039 - root - INFO - Epoch:12, Episode:13, Steps Left:35000/5000/100000, Reward:773.000000, fps:1041.021877, Exploration:0.100000, Collision:0.018200/91 , Avg Loss:5.496890/1000, Avg Q Value:11.390217/4536 
2017-04-15 19:15:16,783 - root - INFO - Epoch:12, Episode:14, Steps Left:30000/5000/100000, Reward:683.000000, fps:1053.843161, Exploration:0.100000, Collision:0.021600/108 , Avg Loss:5.093044/1000, Avg Q Value:11.325685/4525 
2017-04-15 19:15:21,534 - root - INFO - Epoch:12, Episode:15, Steps Left:25000/5000/100000, Reward:708.000000, fps:1052.573728, Exploration:0.100000, Collision:0.019600/98 , Avg Loss:4.717432/1000, Avg Q Value:11.419849/4517 
2017-04-15 19:15:26,283 - root - INFO - Epoch:12, Episode:16, Steps Left:20000/5000/100000, Reward:704.000000, fps:1052.805330, Exploration:0.100000, Collision:0.019400/97 , Avg Loss:4.792432/1000, Avg Q Value:11.393698/4478 
2017-04-15 19:15:31,016 - root - INFO - Epoch:12, Episode:17, Steps Left:15000/5000/100000, Reward:658.000000, fps:1056.385648, Exploration:0.100000, Collision:0.018800/94 , Avg Loss:5.197333/1000, Avg Q Value:11.303372/4512 
2017-04-15 19:15:35,740 - root - INFO - Epoch:12, Episode:18, Steps Left:10000/5000/100000, Reward:637.000000, fps:1058.459097, Exploration:0.100000, Collision:0.016600/83 , Avg Loss:4.652578/1000, Avg Q Value:11.329372/4489 
2017-04-15 19:15:40,561 - root - INFO - Epoch:12, Episode:19, Steps Left:5000/5000/100000, Reward:663.000000, fps:1037.353187, Exploration:0.100000, Collision:0.020400/102 , Avg Loss:4.688245/1000, Avg Q Value:11.376154/4522 
2017-04-15 19:15:45,483 - root - INFO - Epoch:12, Episode:20, Steps Left:0/5000/100000, Reward:618.000000, fps:1015.771900, Exploration:0.100000, Collision:0.022000/110 , Avg Loss:5.198866/1000, Avg Q Value:11.344585/4465 
2017-04-15 19:15:45,484 - root - INFO - Epoch:12, FPS:1045.091912, Avg Reward: 667.600000/20
2017-04-15 19:15:50,347 - root - INFO - Epoch:13, Episode:1, Steps Left:95000/5000/100000, Reward:754.000000, fps:1028.213164, Exploration:0.100000, Collision:0.022200/111 , Avg Loss:5.197209/1000, Avg Q Value:11.596260/4476 
2017-04-15 19:15:55,136 - root - INFO - Epoch:13, Episode:2, Steps Left:90000/5000/100000, Reward:717.000000, fps:1043.941994, Exploration:0.100000, Collision:0.022000/110 , Avg Loss:5.111738/1000, Avg Q Value:11.622551/4479 
2017-04-15 19:15:59,957 - root - INFO - Epoch:13, Episode:3, Steps Left:85000/5000/100000, Reward:660.000000, fps:1037.286947, Exploration:0.100000, Collision:0.023600/118 , Avg Loss:5.297549/1000, Avg Q Value:11.556248/4497 
2017-04-15 19:16:04,865 - root - INFO - Epoch:13, Episode:4, Steps Left:80000/5000/100000, Reward:690.000000, fps:1018.662715, Exploration:0.100000, Collision:0.019600/98 , Avg Loss:5.363718/1000, Avg Q Value:11.622005/4519 
2017-04-15 19:16:09,653 - root - INFO - Epoch:13, Episode:5, Steps Left:75000/5000/100000, Reward:669.000000, fps:1044.498591, Exploration:0.100000, Collision:0.019800/99 , Avg Loss:5.178520/1000, Avg Q Value:11.607563/4495 
2017-04-15 19:16:14,601 - root - INFO - Epoch:13, Episode:6, Steps Left:70000/5000/100000, Reward:733.000000, fps:1010.487639, Exploration:0.100000, Collision:0.018400/92 , Avg Loss:5.049987/1000, Avg Q Value:11.604975/4476 
2017-04-15 19:16:19,400 - root - INFO - Epoch:13, Episode:7, Steps Left:65000/5000/100000, Reward:759.000000, fps:1041.882426, Exploration:0.100000, Collision:0.019000/95 , Avg Loss:5.066661/1000, Avg Q Value:11.691147/4511 
2017-04-15 19:16:24,166 - root - INFO - Epoch:13, Episode:8, Steps Left:60000/5000/100000, Reward:715.000000, fps:1049.132145, Exploration:0.100000, Collision:0.021000/105 , Avg Loss:5.177452/1000, Avg Q Value:11.615631/4498 
2017-04-15 19:16:28,885 - root - INFO - Epoch:13, Episode:9, Steps Left:55000/5000/100000, Reward:659.000000, fps:1059.568547, Exploration:0.100000, Collision:0.018600/93 , Avg Loss:5.637882/1000, Avg Q Value:11.590683/4523 
2017-04-15 19:16:33,639 - root - INFO - Epoch:13, Episode:10, Steps Left:50000/5000/100000, Reward:617.000000, fps:1051.683040, Exploration:0.100000, Collision:0.022200/111 , Avg Loss:5.612980/1000, Avg Q Value:11.600866/4503 
2017-04-15 19:16:38,372 - root - INFO - Epoch:13, Episode:11, Steps Left:45000/5000/100000, Reward:682.000000, fps:1056.644804, Exploration:0.100000, Collision:0.022200/111 , Avg Loss:5.394083/1000, Avg Q Value:11.670260/4496 
2017-04-15 19:16:43,228 - root - INFO - Epoch:13, Episode:12, Steps Left:40000/5000/100000, Reward:693.000000, fps:1029.530206, Exploration:0.100000, Collision:0.025200/126 , Avg Loss:5.853962/1000, Avg Q Value:11.683076/4474 
2017-04-15 19:16:48,226 - root - INFO - Epoch:13, Episode:13, Steps Left:35000/5000/100000, Reward:708.000000, fps:1000.557543, Exploration:0.100000, Collision:0.020400/102 , Avg Loss:5.467845/1000, Avg Q Value:11.705939/4510 
2017-04-15 19:16:52,947 - root - INFO - Epoch:13, Episode:14, Steps Left:30000/5000/100000, Reward:712.000000, fps:1059.005884, Exploration:0.100000, Collision:0.019800/99 , Avg Loss:5.639779/1000, Avg Q Value:11.700075/4469 
2017-04-15 19:16:57,780 - root - INFO - Epoch:13, Episode:15, Steps Left:25000/5000/100000, Reward:767.000000, fps:1034.525642, Exploration:0.100000, Collision:0.017400/87 , Avg Loss:5.677274/1000, Avg Q Value:11.881096/4547 
2017-04-15 19:17:02,576 - root - INFO - Epoch:13, Episode:16, Steps Left:20000/5000/100000, Reward:732.000000, fps:1042.742430, Exploration:0.100000, Collision:0.020400/102 , Avg Loss:5.867453/1000, Avg Q Value:11.843923/4513 
2017-04-15 19:17:07,610 - root - INFO - Epoch:13, Episode:17, Steps Left:15000/5000/100000, Reward:690.000000, fps:993.299574, Exploration:0.100000, Collision:0.018600/93 , Avg Loss:5.368766/1000, Avg Q Value:11.807835/4522 
2017-04-15 19:17:12,417 - root - INFO - Epoch:13, Episode:18, Steps Left:10000/5000/100000, Reward:666.000000, fps:1040.098315, Exploration:0.100000, Collision:0.018200/91 , Avg Loss:5.783661/1000, Avg Q Value:11.782792/4492 
2017-04-15 19:17:17,179 - root - INFO - Epoch:13, Episode:19, Steps Left:5000/5000/100000, Reward:635.000000, fps:1049.952540, Exploration:0.100000, Collision:0.023200/116 , Avg Loss:5.754739/1000, Avg Q Value:11.755174/4493 
2017-04-15 19:17:21,998 - root - INFO - Epoch:13, Episode:20, Steps Left:0/5000/100000, Reward:648.000000, fps:1037.726980, Exploration:0.100000, Collision:0.021400/107 , Avg Loss:5.940222/1000, Avg Q Value:11.776336/4504 
2017-04-15 19:17:21,998 - root - INFO - Epoch:13, FPS:1036.120132, Avg Reward: 695.300000/20
2017-04-15 19:17:26,798 - root - INFO - Epoch:14, Episode:1, Steps Left:95000/5000/100000, Reward:667.000000, fps:1041.808827, Exploration:0.100000, Collision:0.022600/113 , Avg Loss:5.819931/1000, Avg Q Value:11.902631/4502 
2017-04-15 19:17:31,680 - root - INFO - Epoch:14, Episode:2, Steps Left:90000/5000/100000, Reward:704.000000, fps:1024.150072, Exploration:0.100000, Collision:0.020200/101 , Avg Loss:5.805668/1000, Avg Q Value:11.885619/4500 
2017-04-15 19:17:36,517 - root - INFO - Epoch:14, Episode:3, Steps Left:85000/5000/100000, Reward:654.000000, fps:1033.608216, Exploration:0.100000, Collision:0.022000/110 , Avg Loss:6.113661/1000, Avg Q Value:11.886592/4513 
2017-04-15 19:17:41,387 - root - INFO - Epoch:14, Episode:4, Steps Left:80000/5000/100000, Reward:682.000000, fps:1026.752428, Exploration:0.100000, Collision:0.024200/121 , Avg Loss:6.095138/1000, Avg Q Value:11.863875/4509 
2017-04-15 19:17:46,134 - root - INFO - Epoch:14, Episode:5, Steps Left:75000/5000/100000, Reward:698.000000, fps:1053.423275, Exploration:0.100000, Collision:0.023000/115 , Avg Loss:6.518111/1000, Avg Q Value:11.947724/4489 
2017-04-15 19:17:50,982 - root - INFO - Epoch:14, Episode:6, Steps Left:70000/5000/100000, Reward:777.000000, fps:1031.472687, Exploration:0.100000, Collision:0.022800/114 , Avg Loss:6.586470/1000, Avg Q Value:12.038985/4490 
2017-04-15 19:17:55,917 - root - INFO - Epoch:14, Episode:7, Steps Left:65000/5000/100000, Reward:709.000000, fps:1013.026323, Exploration:0.100000, Collision:0.017600/88 , Avg Loss:6.114357/1000, Avg Q Value:11.930237/4515 
2017-04-15 19:18:00,792 - root - INFO - Epoch:14, Episode:8, Steps Left:60000/5000/100000, Reward:716.000000, fps:1025.708997, Exploration:0.100000, Collision:0.019400/97 , Avg Loss:6.464533/1000, Avg Q Value:11.975405/4473 
2017-04-15 19:18:06,239 - root - INFO - Epoch:14, Episode:9, Steps Left:55000/5000/100000, Reward:674.000000, fps:918.039785, Exploration:0.100000, Collision:0.024600/123 , Avg Loss:6.832827/1000, Avg Q Value:11.931587/4503 
2017-04-15 19:18:11,648 - root - INFO - Epoch:14, Episode:10, Steps Left:50000/5000/100000, Reward:640.000000, fps:924.378412, Exploration:0.100000, Collision:0.019400/97 , Avg Loss:6.351603/1000, Avg Q Value:11.917012/4511 
2017-04-15 19:18:16,855 - root - INFO - Epoch:14, Episode:11, Steps Left:45000/5000/100000, Reward:665.000000, fps:960.182950, Exploration:0.100000, Collision:0.022800/114 , Avg Loss:6.904733/1000, Avg Q Value:11.950666/4497 
2017-04-15 19:18:22,570 - root - INFO - Epoch:14, Episode:12, Steps Left:40000/5000/100000, Reward:698.000000, fps:875.037949, Exploration:0.100000, Collision:0.025600/128 , Avg Loss:6.828652/1000, Avg Q Value:12.059495/4490 
2017-04-15 19:18:28,133 - root - INFO - Epoch:14, Episode:13, Steps Left:35000/5000/100000, Reward:707.000000, fps:898.712077, Exploration:0.100000, Collision:0.021800/109 , Avg Loss:6.025852/1000, Avg Q Value:11.992266/4475 
2017-04-15 19:18:33,507 - root - INFO - Epoch:14, Episode:14, Steps Left:30000/5000/100000, Reward:599.000000, fps:930.476482, Exploration:0.100000, Collision:0.018600/93 , Avg Loss:6.313642/1000, Avg Q Value:11.887299/4516 
2017-04-15 19:18:38,628 - root - INFO - Epoch:14, Episode:15, Steps Left:25000/5000/100000, Reward:733.000000, fps:976.490222, Exploration:0.100000, Collision:0.018800/94 , Avg Loss:6.420818/1000, Avg Q Value:12.122717/4479 
2017-04-15 19:18:43,642 - root - INFO - Epoch:14, Episode:16, Steps Left:20000/5000/100000, Reward:726.000000, fps:997.266679, Exploration:0.100000, Collision:0.020000/100 , Avg Loss:5.749131/1000, Avg Q Value:12.116902/4495 
2017-04-15 19:18:48,539 - root - INFO - Epoch:14, Episode:17, Steps Left:15000/5000/100000, Reward:674.000000, fps:1020.918451, Exploration:0.100000, Collision:0.019200/96 , Avg Loss:6.401757/1000, Avg Q Value:12.063264/4529 
2017-04-15 19:18:53,743 - root - INFO - Epoch:14, Episode:18, Steps Left:10000/5000/100000, Reward:710.000000, fps:960.839797, Exploration:0.100000, Collision:0.018000/90 , Avg Loss:5.915188/1000, Avg Q Value:12.030255/4523 
2017-04-15 19:18:58,719 - root - INFO - Epoch:14, Episode:19, Steps Left:5000/5000/100000, Reward:647.000000, fps:1004.828192, Exploration:0.100000, Collision:0.020800/104 , Avg Loss:6.243071/1000, Avg Q Value:12.010114/4487 
2017-04-15 19:19:03,946 - root - INFO - Epoch:14, Episode:20, Steps Left:0/5000/100000, Reward:707.000000, fps:956.564710, Exploration:0.100000, Collision:0.022400/112 , Avg Loss:5.905206/1000, Avg Q Value:12.037433/4484 
2017-04-15 19:19:03,947 - root - INFO - Epoch:14, FPS:980.888669, Avg Reward: 689.350000/20
2017-04-15 19:19:09,047 - root - INFO - Epoch:15, Episode:1, Steps Left:95000/5000/100000, Reward:734.000000, fps:980.450798, Exploration:0.100000, Collision:0.020200/101 , Avg Loss:5.980369/1000, Avg Q Value:12.234216/4498 
2017-04-15 19:19:13,838 - root - INFO - Epoch:15, Episode:2, Steps Left:90000/5000/100000, Reward:788.000000, fps:1043.700562, Exploration:0.100000, Collision:0.020800/104 , Avg Loss:5.851656/1000, Avg Q Value:12.252498/4482 
2017-04-15 19:19:18,832 - root - INFO - Epoch:15, Episode:3, Steps Left:85000/5000/100000, Reward:672.000000, fps:1001.198630, Exploration:0.100000, Collision:0.020800/104 , Avg Loss:5.997626/1000, Avg Q Value:12.204760/4480 
2017-04-15 19:19:24,000 - root - INFO - Epoch:15, Episode:4, Steps Left:80000/5000/100000, Reward:670.000000, fps:967.529891, Exploration:0.100000, Collision:0.017800/89 , Avg Loss:5.963410/1000, Avg Q Value:12.149994/4501 
2017-04-15 19:19:29,087 - root - INFO - Epoch:15, Episode:5, Steps Left:75000/5000/100000, Reward:674.000000, fps:982.832100, Exploration:0.100000, Collision:0.023400/117 , Avg Loss:5.719942/1000, Avg Q Value:12.152116/4494 
2017-04-15 19:19:34,423 - root - INFO - Epoch:15, Episode:6, Steps Left:70000/5000/100000, Reward:660.000000, fps:937.156524, Exploration:0.100000, Collision:0.021200/106 , Avg Loss:5.567153/1000, Avg Q Value:12.154059/4496 
2017-04-15 19:19:39,956 - root - INFO - Epoch:15, Episode:7, Steps Left:65000/5000/100000, Reward:728.000000, fps:903.674154, Exploration:0.100000, Collision:0.017800/89 , Avg Loss:5.373620/1000, Avg Q Value:12.340941/4477 
2017-04-15 19:19:45,241 - root - INFO - Epoch:15, Episode:8, Steps Left:60000/5000/100000, Reward:716.000000, fps:946.072711, Exploration:0.100000, Collision:0.016800/84 , Avg Loss:5.368480/1000, Avg Q Value:12.319671/4518 
