2017-04-15 21:02:35,194 - root - INFO - Nework Params: 
2017-04-15 21:02:35,194 - root - INFO -    fc2_weight: <NDArray 64x528 @gpu(0)>
2017-04-15 21:02:35,194 - root - INFO -    qvalue_weight: <NDArray 4x64 @gpu(0)>
2017-04-15 21:02:35,194 - root - INFO -    fc1_weight: <NDArray 528x218 @gpu(0)>
2017-04-15 21:02:35,194 - root - INFO -    fc2_bias: <NDArray 64 @gpu(0)>
2017-04-15 21:02:35,194 - root - INFO -    fc1_bias: <NDArray 528 @gpu(0)>
2017-04-15 21:02:35,194 - root - INFO -    qvalue_bias: <NDArray 4 @gpu(0)>
2017-04-15 21:02:35,194 - root - INFO - Optimizer Params: <class 'mxnet.optimizer.Adam'>
2017-04-15 21:02:35,194 - root - INFO -    epsilon: 1e-08
2017-04-15 21:02:35,194 - root - INFO -    beta2: 0.999
2017-04-15 21:02:35,194 - root - INFO -    beta1: 0.9
2017-04-15 21:02:35,194 - root - INFO -    rescale_grad: 0.03125
2017-04-15 21:02:35,194 - root - INFO -    wd: 0.0
2017-04-15 21:02:35,194 - root - INFO -    lr: 0.0001
2017-04-15 21:02:37,437 - root - INFO - Epoch:0, Episode:1, Steps Left:95000/5000/100000, Reward:146.000000, fps:2229.918920, Exploration:1.000000, Collision:0.026600/133 
2017-04-15 21:02:39,416 - root - INFO - Epoch:0, Episode:2, Steps Left:90000/5000/100000, Reward:138.000000, fps:2526.866951, Exploration:1.000000, Collision:0.025800/129 
2017-04-15 21:02:41,235 - root - INFO - Epoch:0, Episode:3, Steps Left:85000/5000/100000, Reward:117.000000, fps:2748.060674, Exploration:1.000000, Collision:0.026400/132 
2017-04-15 21:02:43,043 - root - INFO - Epoch:0, Episode:4, Steps Left:80000/5000/100000, Reward:159.000000, fps:2765.738974, Exploration:1.000000, Collision:0.026000/130 
2017-04-15 21:02:44,868 - root - INFO - Epoch:0, Episode:5, Steps Left:75000/5000/100000, Reward:144.000000, fps:2741.089588, Exploration:1.000000, Collision:0.026800/134 
2017-04-15 21:02:46,698 - root - INFO - Epoch:0, Episode:6, Steps Left:70000/5000/100000, Reward:135.000000, fps:2732.346277, Exploration:1.000000, Collision:0.025000/125 
2017-04-15 21:02:48,515 - root - INFO - Epoch:0, Episode:7, Steps Left:65000/5000/100000, Reward:120.000000, fps:2751.027133, Exploration:1.000000, Collision:0.027200/136 
2017-04-15 21:02:50,344 - root - INFO - Epoch:0, Episode:8, Steps Left:60000/5000/100000, Reward:131.000000, fps:2734.173743, Exploration:1.000000, Collision:0.024400/122 
2017-04-15 21:02:52,156 - root - INFO - Epoch:0, Episode:9, Steps Left:55000/5000/100000, Reward:136.000000, fps:2759.549230, Exploration:1.000000, Collision:0.022200/111 
2017-04-15 21:02:53,983 - root - INFO - Epoch:0, Episode:10, Steps Left:50000/5000/100000, Reward:135.000000, fps:2737.023475, Exploration:1.000000, Collision:0.026600/133 
2017-04-15 21:02:58,012 - root - INFO - Epoch:0, Episode:11, Steps Left:45000/5000/100000, Reward:143.000000, fps:1241.244225, Exploration:0.995501, Collision:0.026600/133 , Avg Loss:2.273196/1000, Avg Q Value:0.011318/11 
2017-04-15 21:03:02,054 - root - INFO - Epoch:0, Episode:12, Steps Left:40000/5000/100000, Reward:132.000000, fps:1236.801113, Exploration:0.991001, Collision:0.022000/110 , Avg Loss:1.663068/1000, Avg Q Value:0.022781/34 
2017-04-15 21:03:06,196 - root - INFO - Epoch:0, Episode:13, Steps Left:35000/5000/100000, Reward:143.000000, fps:1207.238462, Exploration:0.986501, Collision:0.021800/109 , Avg Loss:1.156325/1000, Avg Q Value:0.086631/50 
2017-04-15 21:03:10,197 - root - INFO - Epoch:0, Episode:14, Steps Left:30000/5000/100000, Reward:170.000000, fps:1249.756339, Exploration:0.982001, Collision:0.022200/111 , Avg Loss:1.054921/1000, Avg Q Value:0.129769/72 
2017-04-15 21:03:14,391 - root - INFO - Epoch:0, Episode:15, Steps Left:25000/5000/100000, Reward:164.000000, fps:1192.219967, Exploration:0.977501, Collision:0.019200/96 , Avg Loss:1.360177/1000, Avg Q Value:0.134656/112 
2017-04-15 21:03:18,433 - root - INFO - Epoch:0, Episode:16, Steps Left:20000/5000/100000, Reward:118.000000, fps:1237.130163, Exploration:0.973001, Collision:0.026800/134 , Avg Loss:1.290672/1000, Avg Q Value:0.152299/124 
2017-04-15 21:03:22,517 - root - INFO - Epoch:0, Episode:17, Steps Left:15000/5000/100000, Reward:134.000000, fps:1224.450927, Exploration:0.968501, Collision:0.029000/145 , Avg Loss:1.594687/1000, Avg Q Value:0.185836/157 
2017-04-15 21:03:26,508 - root - INFO - Epoch:0, Episode:18, Steps Left:10000/5000/100000, Reward:133.000000, fps:1252.816018, Exploration:0.964001, Collision:0.026600/133 , Avg Loss:1.456959/1000, Avg Q Value:0.200563/161 
2017-04-15 21:03:30,947 - root - INFO - Epoch:0, Episode:19, Steps Left:5000/5000/100000, Reward:204.000000, fps:1126.334169, Exploration:0.959501, Collision:0.021600/108 , Avg Loss:2.207209/1000, Avg Q Value:0.417846/198 
2017-04-15 21:03:35,190 - root - INFO - Epoch:0, Episode:20, Steps Left:0/5000/100000, Reward:156.000000, fps:1178.585932, Exploration:0.955001, Collision:0.023600/118 , Avg Loss:1.860662/1000, Avg Q Value:0.353998/241 
2017-04-15 21:03:35,191 - root - INFO - Epoch:0, FPS:1666.794118, Avg Reward: 142.900000/20
2017-04-15 21:03:39,431 - root - INFO - Epoch:1, Episode:1, Steps Left:95000/5000/100000, Reward:151.000000, fps:1179.036176, Exploration:0.950501, Collision:0.025600/128 , Avg Loss:2.275270/1000, Avg Q Value:0.422955/211 
2017-04-15 21:03:43,577 - root - INFO - Epoch:1, Episode:2, Steps Left:90000/5000/100000, Reward:176.000000, fps:1206.212401, Exploration:0.946001, Collision:0.022800/114 , Avg Loss:2.321066/1000, Avg Q Value:0.469722/305 
2017-04-15 21:03:47,671 - root - INFO - Epoch:1, Episode:3, Steps Left:85000/5000/100000, Reward:139.000000, fps:1221.399156, Exploration:0.941501, Collision:0.028200/141 , Avg Loss:2.862771/1000, Avg Q Value:0.553589/286 
2017-04-15 21:03:51,939 - root - INFO - Epoch:1, Episode:4, Steps Left:80000/5000/100000, Reward:157.000000, fps:1171.496828, Exploration:0.937001, Collision:0.024400/122 , Avg Loss:2.733212/1000, Avg Q Value:0.569160/329 
2017-04-15 21:03:56,242 - root - INFO - Epoch:1, Episode:5, Steps Left:75000/5000/100000, Reward:170.000000, fps:1161.881782, Exploration:0.932501, Collision:0.024600/123 , Avg Loss:3.078374/1000, Avg Q Value:0.718435/293 
2017-04-15 21:04:00,602 - root - INFO - Epoch:1, Episode:6, Steps Left:70000/5000/100000, Reward:160.000000, fps:1146.878952, Exploration:0.928001, Collision:0.026400/132 , Avg Loss:2.960250/1000, Avg Q Value:0.776407/313 
2017-04-15 21:04:04,990 - root - INFO - Epoch:1, Episode:7, Steps Left:65000/5000/100000, Reward:168.000000, fps:1139.638532, Exploration:0.923501, Collision:0.026400/132 , Avg Loss:3.719909/1000, Avg Q Value:0.894776/368 
2017-04-15 21:04:09,131 - root - INFO - Epoch:1, Episode:8, Steps Left:60000/5000/100000, Reward:169.000000, fps:1207.490852, Exploration:0.919001, Collision:0.026600/133 , Avg Loss:3.518576/1000, Avg Q Value:0.912942/404 
2017-04-15 21:04:13,317 - root - INFO - Epoch:1, Episode:9, Steps Left:55000/5000/100000, Reward:173.000000, fps:1194.578386, Exploration:0.914501, Collision:0.023400/117 , Avg Loss:3.337901/1000, Avg Q Value:1.037003/419 
2017-04-15 21:04:17,446 - root - INFO - Epoch:1, Episode:10, Steps Left:50000/5000/100000, Reward:142.000000, fps:1210.945507, Exploration:0.910001, Collision:0.026600/133 , Avg Loss:3.336926/1000, Avg Q Value:1.045697/427 
2017-04-15 21:04:21,577 - root - INFO - Epoch:1, Episode:11, Steps Left:45000/5000/100000, Reward:184.000000, fps:1210.296831, Exploration:0.905501, Collision:0.028200/141 , Avg Loss:3.527360/1000, Avg Q Value:1.213493/468 
2017-04-15 21:04:25,767 - root - INFO - Epoch:1, Episode:12, Steps Left:40000/5000/100000, Reward:185.000000, fps:1193.403444, Exploration:0.901001, Collision:0.026600/133 , Avg Loss:3.446244/1000, Avg Q Value:1.202307/451 
2017-04-15 21:04:29,944 - root - INFO - Epoch:1, Episode:13, Steps Left:35000/5000/100000, Reward:182.000000, fps:1197.045698, Exploration:0.896501, Collision:0.027600/138 , Avg Loss:3.452867/1000, Avg Q Value:1.381288/466 
2017-04-15 21:04:34,207 - root - INFO - Epoch:1, Episode:14, Steps Left:30000/5000/100000, Reward:205.000000, fps:1172.978722, Exploration:0.892001, Collision:0.025000/125 , Avg Loss:3.889555/1000, Avg Q Value:1.377739/474 
2017-04-15 21:04:38,654 - root - INFO - Epoch:1, Episode:15, Steps Left:25000/5000/100000, Reward:196.000000, fps:1124.486544, Exploration:0.887501, Collision:0.023200/116 , Avg Loss:3.811451/1000, Avg Q Value:1.477622/543 
2017-04-15 21:04:42,962 - root - INFO - Epoch:1, Episode:16, Steps Left:20000/5000/100000, Reward:208.000000, fps:1160.534633, Exploration:0.883001, Collision:0.025200/126 , Avg Loss:3.887451/1000, Avg Q Value:1.631072/553 
2017-04-15 21:04:47,110 - root - INFO - Epoch:1, Episode:17, Steps Left:15000/5000/100000, Reward:235.000000, fps:1205.604476, Exploration:0.878501, Collision:0.025200/126 , Avg Loss:3.944827/1000, Avg Q Value:1.689835/614 
2017-04-15 21:04:51,448 - root - INFO - Epoch:1, Episode:18, Steps Left:10000/5000/100000, Reward:193.000000, fps:1152.508718, Exploration:0.874001, Collision:0.024200/121 , Avg Loss:3.859907/1000, Avg Q Value:1.708639/581 
2017-04-15 21:04:55,548 - root - INFO - Epoch:1, Episode:19, Steps Left:5000/5000/100000, Reward:181.000000, fps:1219.563640, Exploration:0.869501, Collision:0.027600/138 , Avg Loss:4.260565/1000, Avg Q Value:1.825958/642 
2017-04-15 21:04:59,815 - root - INFO - Epoch:1, Episode:20, Steps Left:0/5000/100000, Reward:222.000000, fps:1171.795251, Exploration:0.865001, Collision:0.025600/128 , Avg Loss:4.055546/1000, Avg Q Value:1.934622/683 
2017-04-15 21:04:59,816 - root - INFO - Epoch:1, FPS:1181.686666, Avg Reward: 179.800000/20
2017-04-15 21:05:04,193 - root - INFO - Epoch:2, Episode:1, Steps Left:95000/5000/100000, Reward:218.000000, fps:1142.494659, Exploration:0.860501, Collision:0.025600/128 , Avg Loss:4.010220/1000, Avg Q Value:1.988231/669 
2017-04-15 21:05:08,303 - root - INFO - Epoch:2, Episode:2, Steps Left:90000/5000/100000, Reward:237.000000, fps:1216.463680, Exploration:0.856001, Collision:0.021800/109 , Avg Loss:3.933713/1000, Avg Q Value:2.018360/681 
2017-04-15 21:05:12,456 - root - INFO - Epoch:2, Episode:3, Steps Left:85000/5000/100000, Reward:225.000000, fps:1204.021980, Exploration:0.851501, Collision:0.025400/127 , Avg Loss:3.663678/1000, Avg Q Value:2.138248/759 
2017-04-15 21:05:16,626 - root - INFO - Epoch:2, Episode:4, Steps Left:80000/5000/100000, Reward:273.000000, fps:1199.019768, Exploration:0.847001, Collision:0.024200/121 , Avg Loss:3.940331/1000, Avg Q Value:2.184117/724 
2017-04-15 21:05:20,857 - root - INFO - Epoch:2, Episode:5, Steps Left:75000/5000/100000, Reward:239.000000, fps:1181.758732, Exploration:0.842501, Collision:0.025200/126 , Avg Loss:3.766623/1000, Avg Q Value:2.312828/761 
2017-04-15 21:05:25,029 - root - INFO - Epoch:2, Episode:6, Steps Left:70000/5000/100000, Reward:208.000000, fps:1198.630585, Exploration:0.838001, Collision:0.026800/134 , Avg Loss:3.916028/1000, Avg Q Value:2.209962/747 
2017-04-15 21:05:29,426 - root - INFO - Epoch:2, Episode:7, Steps Left:65000/5000/100000, Reward:267.000000, fps:1137.056445, Exploration:0.833501, Collision:0.023400/117 , Avg Loss:3.947104/1000, Avg Q Value:2.516576/829 
2017-04-15 21:05:33,559 - root - INFO - Epoch:2, Episode:8, Steps Left:60000/5000/100000, Reward:255.000000, fps:1209.913766, Exploration:0.829001, Collision:0.025800/129 , Avg Loss:4.113334/1000, Avg Q Value:2.497014/864 
2017-04-15 21:05:37,928 - root - INFO - Epoch:2, Episode:9, Steps Left:55000/5000/100000, Reward:293.000000, fps:1144.506535, Exploration:0.824501, Collision:0.022200/111 , Avg Loss:4.273375/1000, Avg Q Value:2.628109/917 
2017-04-15 21:05:42,277 - root - INFO - Epoch:2, Episode:10, Steps Left:50000/5000/100000, Reward:215.000000, fps:1149.827070, Exploration:0.820001, Collision:0.026400/132 , Avg Loss:4.299995/1000, Avg Q Value:2.550992/873 
2017-04-15 21:05:46,528 - root - INFO - Epoch:2, Episode:11, Steps Left:45000/5000/100000, Reward:265.000000, fps:1176.228425, Exploration:0.815501, Collision:0.023600/118 , Avg Loss:3.986037/1000, Avg Q Value:2.782583/853 
2017-04-15 21:05:50,779 - root - INFO - Epoch:2, Episode:12, Steps Left:40000/5000/100000, Reward:238.000000, fps:1176.203554, Exploration:0.811001, Collision:0.024200/121 , Avg Loss:4.202801/1000, Avg Q Value:2.753282/971 
2017-04-15 21:05:55,006 - root - INFO - Epoch:2, Episode:13, Steps Left:35000/5000/100000, Reward:253.000000, fps:1182.967963, Exploration:0.806501, Collision:0.026200/131 , Avg Loss:4.269654/1000, Avg Q Value:2.999274/973 
2017-04-15 21:05:59,328 - root - INFO - Epoch:2, Episode:14, Steps Left:30000/5000/100000, Reward:252.000000, fps:1156.697360, Exploration:0.802001, Collision:0.023600/118 , Avg Loss:4.112480/1000, Avg Q Value:2.953936/1019 
2017-04-15 21:06:03,729 - root - INFO - Epoch:2, Episode:15, Steps Left:25000/5000/100000, Reward:265.000000, fps:1136.262884, Exploration:0.797501, Collision:0.026200/131 , Avg Loss:3.832303/1000, Avg Q Value:3.167547/993 
2017-04-15 21:06:08,172 - root - INFO - Epoch:2, Episode:16, Steps Left:20000/5000/100000, Reward:273.000000, fps:1125.514723, Exploration:0.793001, Collision:0.025000/125 , Avg Loss:4.225110/1000, Avg Q Value:3.193853/1057 
2017-04-15 21:06:12,616 - root - INFO - Epoch:2, Episode:17, Steps Left:15000/5000/100000, Reward:336.000000, fps:1125.169977, Exploration:0.788501, Collision:0.020000/100 , Avg Loss:4.143143/1000, Avg Q Value:3.405766/992 
2017-04-15 21:06:16,828 - root - INFO - Epoch:2, Episode:18, Steps Left:10000/5000/100000, Reward:313.000000, fps:1186.983297, Exploration:0.784001, Collision:0.021600/108 , Avg Loss:4.204601/1000, Avg Q Value:3.290729/1097 
2017-04-15 21:06:21,165 - root - INFO - Epoch:2, Episode:19, Steps Left:5000/5000/100000, Reward:325.000000, fps:1153.010249, Exploration:0.779501, Collision:0.023800/119 , Avg Loss:4.149729/1000, Avg Q Value:3.532673/1104 
2017-04-15 21:06:25,589 - root - INFO - Epoch:2, Episode:20, Steps Left:0/5000/100000, Reward:289.000000, fps:1130.313368, Exploration:0.775001, Collision:0.023800/119 , Avg Loss:4.484921/1000, Avg Q Value:3.495194/1079 
2017-04-15 21:06:25,589 - root - INFO - Epoch:2, FPS:1165.873744, Avg Reward: 261.950000/20
2017-04-15 21:06:29,819 - root - INFO - Epoch:3, Episode:1, Steps Left:95000/5000/100000, Reward:339.000000, fps:1182.160823, Exploration:0.770501, Collision:0.021200/106 , Avg Loss:4.533124/1000, Avg Q Value:3.611710/1157 
2017-04-15 21:06:34,195 - root - INFO - Epoch:3, Episode:2, Steps Left:90000/5000/100000, Reward:273.000000, fps:1142.804643, Exploration:0.766001, Collision:0.023600/118 , Avg Loss:4.293874/1000, Avg Q Value:3.589738/1178 
2017-04-15 21:06:38,642 - root - INFO - Epoch:3, Episode:3, Steps Left:85000/5000/100000, Reward:335.000000, fps:1124.241259, Exploration:0.761501, Collision:0.021000/105 , Avg Loss:4.105697/1000, Avg Q Value:3.765106/1221 
2017-04-15 21:06:42,880 - root - INFO - Epoch:3, Episode:4, Steps Left:80000/5000/100000, Reward:338.000000, fps:1179.764782, Exploration:0.757001, Collision:0.020600/103 , Avg Loss:4.117092/1000, Avg Q Value:3.761660/1177 
2017-04-15 21:06:47,110 - root - INFO - Epoch:3, Episode:5, Steps Left:75000/5000/100000, Reward:292.000000, fps:1182.304513, Exploration:0.752501, Collision:0.024200/121 , Avg Loss:4.364883/1000, Avg Q Value:3.897492/1160 
2017-04-15 21:06:51,530 - root - INFO - Epoch:3, Episode:6, Steps Left:70000/5000/100000, Reward:301.000000, fps:1131.240677, Exploration:0.748001, Collision:0.023200/116 , Avg Loss:4.233094/1000, Avg Q Value:3.911606/1191 
2017-04-15 21:06:55,922 - root - INFO - Epoch:3, Episode:7, Steps Left:65000/5000/100000, Reward:344.000000, fps:1138.294865, Exploration:0.743501, Collision:0.021400/107 , Avg Loss:4.529404/1000, Avg Q Value:4.117430/1257 
2017-04-15 21:07:00,344 - root - INFO - Epoch:3, Episode:8, Steps Left:60000/5000/100000, Reward:330.000000, fps:1130.967125, Exploration:0.739001, Collision:0.023400/117 , Avg Loss:4.560534/1000, Avg Q Value:4.063138/1299 
2017-04-15 21:07:04,729 - root - INFO - Epoch:3, Episode:9, Steps Left:55000/5000/100000, Reward:285.000000, fps:1140.222774, Exploration:0.734501, Collision:0.022400/112 , Avg Loss:4.501427/1000, Avg Q Value:4.204452/1245 
2017-04-15 21:07:08,967 - root - INFO - Epoch:3, Episode:10, Steps Left:50000/5000/100000, Reward:304.000000, fps:1179.719122, Exploration:0.730001, Collision:0.018200/91 , Avg Loss:4.369456/1000, Avg Q Value:4.167618/1344 
2017-04-15 21:07:13,383 - root - INFO - Epoch:3, Episode:11, Steps Left:45000/5000/100000, Reward:337.000000, fps:1132.365376, Exploration:0.725501, Collision:0.020400/102 , Avg Loss:4.453240/1000, Avg Q Value:4.285902/1395 
2017-04-15 21:07:17,983 - root - INFO - Epoch:3, Episode:12, Steps Left:40000/5000/100000, Reward:304.000000, fps:1087.129019, Exploration:0.721001, Collision:0.025600/128 , Avg Loss:4.075584/1000, Avg Q Value:4.320102/1377 
2017-04-15 21:07:22,345 - root - INFO - Epoch:3, Episode:13, Steps Left:35000/5000/100000, Reward:366.000000, fps:1146.234804, Exploration:0.716501, Collision:0.022200/111 , Avg Loss:4.629251/1000, Avg Q Value:4.518015/1416 
2017-04-15 21:07:26,848 - root - INFO - Epoch:3, Episode:14, Steps Left:30000/5000/100000, Reward:335.000000, fps:1110.265046, Exploration:0.712001, Collision:0.024400/122 , Avg Loss:4.022301/1000, Avg Q Value:4.450605/1450 
2017-04-15 21:07:31,642 - root - INFO - Epoch:3, Episode:15, Steps Left:25000/5000/100000, Reward:289.000000, fps:1043.129248, Exploration:0.707501, Collision:0.027800/139 , Avg Loss:4.306480/1000, Avg Q Value:4.611437/1407 
2017-04-15 21:07:36,218 - root - INFO - Epoch:3, Episode:16, Steps Left:20000/5000/100000, Reward:395.000000, fps:1092.657861, Exploration:0.703001, Collision:0.020800/104 , Avg Loss:4.206012/1000, Avg Q Value:4.690951/1491 
2017-04-15 21:07:40,800 - root - INFO - Epoch:3, Episode:17, Steps Left:15000/5000/100000, Reward:342.000000, fps:1091.196101, Exploration:0.698501, Collision:0.025000/125 , Avg Loss:4.611382/1000, Avg Q Value:4.773483/1480 
2017-04-15 21:07:45,302 - root - INFO - Epoch:3, Episode:18, Steps Left:10000/5000/100000, Reward:347.000000, fps:1110.769483, Exploration:0.694001, Collision:0.021400/107 , Avg Loss:4.795786/1000, Avg Q Value:4.808772/1578 
2017-04-15 21:07:49,835 - root - INFO - Epoch:3, Episode:19, Steps Left:5000/5000/100000, Reward:358.000000, fps:1103.034930, Exploration:0.689501, Collision:0.022400/112 , Avg Loss:4.314627/1000, Avg Q Value:4.933132/1564 
2017-04-15 21:07:54,636 - root - INFO - Epoch:3, Episode:20, Steps Left:0/5000/100000, Reward:330.000000, fps:1041.576812, Exploration:0.685001, Collision:0.024200/121 , Avg Loss:4.269032/1000, Avg Q Value:4.899843/1591 
2017-04-15 21:07:54,636 - root - INFO - Epoch:3, FPS:1123.012915, Avg Reward: 327.200000/20
2017-04-15 21:07:59,183 - root - INFO - Epoch:4, Episode:1, Steps Left:95000/5000/100000, Reward:325.000000, fps:1099.794473, Exploration:0.680501, Collision:0.023800/119 , Avg Loss:4.548452/1000, Avg Q Value:5.037230/1594 
2017-04-15 21:08:03,754 - root - INFO - Epoch:4, Episode:2, Steps Left:90000/5000/100000, Reward:329.000000, fps:1093.939939, Exploration:0.676001, Collision:0.023000/115 , Avg Loss:4.465971/1000, Avg Q Value:5.072041/1526 
2017-04-15 21:08:08,327 - root - INFO - Epoch:4, Episode:3, Steps Left:85000/5000/100000, Reward:363.000000, fps:1093.264669, Exploration:0.671501, Collision:0.026000/130 , Avg Loss:4.389651/1000, Avg Q Value:5.254769/1659 
2017-04-15 21:08:12,975 - root - INFO - Epoch:4, Episode:4, Steps Left:80000/5000/100000, Reward:381.000000, fps:1075.818964, Exploration:0.667001, Collision:0.018000/90 , Avg Loss:4.713120/1000, Avg Q Value:5.195217/1676 
2017-04-15 21:08:17,444 - root - INFO - Epoch:4, Episode:5, Steps Left:75000/5000/100000, Reward:376.000000, fps:1118.948220, Exploration:0.662501, Collision:0.028600/143 , Avg Loss:4.306670/1000, Avg Q Value:5.385850/1688 
2017-04-15 21:08:21,921 - root - INFO - Epoch:4, Episode:6, Steps Left:70000/5000/100000, Reward:392.000000, fps:1116.773148, Exploration:0.658001, Collision:0.026200/131 , Avg Loss:4.339114/1000, Avg Q Value:5.407372/1699 
2017-04-15 21:08:26,504 - root - INFO - Epoch:4, Episode:7, Steps Left:65000/5000/100000, Reward:388.000000, fps:1091.126780, Exploration:0.653501, Collision:0.022200/111 , Avg Loss:4.093602/1000, Avg Q Value:5.435951/1765 
2017-04-15 21:08:31,042 - root - INFO - Epoch:4, Episode:8, Steps Left:60000/5000/100000, Reward:352.000000, fps:1101.809600, Exploration:0.649001, Collision:0.023200/116 , Avg Loss:4.277660/1000, Avg Q Value:5.470288/1749 
2017-04-15 21:08:35,518 - root - INFO - Epoch:4, Episode:9, Steps Left:55000/5000/100000, Reward:369.000000, fps:1117.159422, Exploration:0.644501, Collision:0.023400/117 , Avg Loss:4.385335/1000, Avg Q Value:5.598966/1742 
2017-04-15 21:08:40,064 - root - INFO - Epoch:4, Episode:10, Steps Left:50000/5000/100000, Reward:366.000000, fps:1099.878917, Exploration:0.640001, Collision:0.019400/97 , Avg Loss:4.362164/1000, Avg Q Value:5.562821/1733 
2017-04-15 21:08:44,994 - root - INFO - Epoch:4, Episode:11, Steps Left:45000/5000/100000, Reward:403.000000, fps:1014.252038, Exploration:0.635501, Collision:0.022000/110 , Avg Loss:4.914505/1000, Avg Q Value:5.705164/1796 
2017-04-15 21:08:49,645 - root - INFO - Epoch:4, Episode:12, Steps Left:40000/5000/100000, Reward:365.000000, fps:1075.116487, Exploration:0.631001, Collision:0.024400/122 , Avg Loss:4.847496/1000, Avg Q Value:5.714596/1805 
2017-04-15 21:08:54,315 - root - INFO - Epoch:4, Episode:13, Steps Left:35000/5000/100000, Reward:398.000000, fps:1070.539346, Exploration:0.626501, Collision:0.027600/138 , Avg Loss:4.457329/1000, Avg Q Value:5.889796/1892 
2017-04-15 21:08:59,053 - root - INFO - Epoch:4, Episode:14, Steps Left:30000/5000/100000, Reward:372.000000, fps:1055.503002, Exploration:0.622001, Collision:0.023800/119 , Avg Loss:4.460477/1000, Avg Q Value:5.907726/1818 
2017-04-15 21:09:04,162 - root - INFO - Epoch:4, Episode:15, Steps Left:25000/5000/100000, Reward:449.000000, fps:978.685385, Exploration:0.617501, Collision:0.020400/102 , Avg Loss:4.561874/1000, Avg Q Value:5.977298/1909 
2017-04-15 21:09:09,217 - root - INFO - Epoch:4, Episode:16, Steps Left:20000/5000/100000, Reward:398.000000, fps:989.008325, Exploration:0.613001, Collision:0.025600/128 , Avg Loss:4.979730/1000, Avg Q Value:5.955261/1885 
2017-04-15 21:09:13,796 - root - INFO - Epoch:4, Episode:17, Steps Left:15000/5000/100000, Reward:366.000000, fps:1091.996568, Exploration:0.608501, Collision:0.021400/107 , Avg Loss:4.269827/1000, Avg Q Value:6.077756/1962 
2017-04-15 21:09:18,472 - root - INFO - Epoch:4, Episode:18, Steps Left:10000/5000/100000, Reward:424.000000, fps:1069.492874, Exploration:0.604001, Collision:0.022200/111 , Avg Loss:4.638463/1000, Avg Q Value:6.109511/2016 
2017-04-15 21:09:23,081 - root - INFO - Epoch:4, Episode:19, Steps Left:5000/5000/100000, Reward:406.000000, fps:1084.833523, Exploration:0.599501, Collision:0.022600/113 , Avg Loss:4.423140/1000, Avg Q Value:6.194357/2014 
2017-04-15 21:09:27,832 - root - INFO - Epoch:4, Episode:20, Steps Left:0/5000/100000, Reward:445.000000, fps:1052.419330, Exploration:0.595001, Collision:0.021000/105 , Avg Loss:4.738657/1000, Avg Q Value:6.178132/1998 
2017-04-15 21:09:27,833 - root - INFO - Epoch:4, FPS:1073.011330, Avg Reward: 383.350000/20
2017-04-15 21:09:32,442 - root - INFO - Epoch:5, Episode:1, Steps Left:95000/5000/100000, Reward:453.000000, fps:1084.880607, Exploration:0.590501, Collision:0.024200/121 , Avg Loss:4.485475/1000, Avg Q Value:6.310605/2060 
2017-04-15 21:09:36,961 - root - INFO - Epoch:5, Episode:2, Steps Left:90000/5000/100000, Reward:458.000000, fps:1106.452716, Exploration:0.586001, Collision:0.023800/119 , Avg Loss:4.496056/1000, Avg Q Value:6.313058/2043 
2017-04-15 21:09:41,717 - root - INFO - Epoch:5, Episode:3, Steps Left:85000/5000/100000, Reward:443.000000, fps:1051.196633, Exploration:0.581501, Collision:0.021200/106 , Avg Loss:4.947678/1000, Avg Q Value:6.396161/2130 
2017-04-15 21:09:46,421 - root - INFO - Epoch:5, Episode:4, Steps Left:80000/5000/100000, Reward:425.000000, fps:1063.138499, Exploration:0.577001, Collision:0.020800/104 , Avg Loss:4.347957/1000, Avg Q Value:6.394839/2116 
2017-04-15 21:09:51,163 - root - INFO - Epoch:5, Episode:5, Steps Left:75000/5000/100000, Reward:480.000000, fps:1054.308486, Exploration:0.572501, Collision:0.022600/113 , Avg Loss:4.419211/1000, Avg Q Value:6.580246/2138 
2017-04-15 21:09:56,008 - root - INFO - Epoch:5, Episode:6, Steps Left:70000/5000/100000, Reward:461.000000, fps:1032.016673, Exploration:0.568001, Collision:0.018600/93 , Avg Loss:4.695807/1000, Avg Q Value:6.540923/2162 
2017-04-15 21:10:00,880 - root - INFO - Epoch:5, Episode:7, Steps Left:65000/5000/100000, Reward:506.000000, fps:1026.267962, Exploration:0.563501, Collision:0.020400/102 , Avg Loss:4.193019/1000, Avg Q Value:6.762811/2231 
2017-04-15 21:10:06,176 - root - INFO - Epoch:5, Episode:8, Steps Left:60000/5000/100000, Reward:398.000000, fps:944.170096, Exploration:0.559001, Collision:0.024000/120 , Avg Loss:4.440233/1000, Avg Q Value:6.644998/2210 
2017-04-15 21:10:10,979 - root - INFO - Epoch:5, Episode:9, Steps Left:55000/5000/100000, Reward:462.000000, fps:1041.059808, Exploration:0.554501, Collision:0.022400/112 , Avg Loss:4.744589/1000, Avg Q Value:6.828915/2242 
2017-04-15 21:10:15,667 - root - INFO - Epoch:5, Episode:10, Steps Left:50000/5000/100000, Reward:445.000000, fps:1066.600210, Exploration:0.550001, Collision:0.020800/104 , Avg Loss:4.431184/1000, Avg Q Value:6.776913/2237 
2017-04-15 21:10:20,399 - root - INFO - Epoch:5, Episode:11, Steps Left:45000/5000/100000, Reward:483.000000, fps:1056.612010, Exploration:0.545501, Collision:0.020400/102 , Avg Loss:4.256649/1000, Avg Q Value:6.968859/2252 
2017-04-15 21:10:25,317 - root - INFO - Epoch:5, Episode:12, Steps Left:40000/5000/100000, Reward:484.000000, fps:1016.724512, Exploration:0.541001, Collision:0.017200/86 , Avg Loss:3.936116/1000, Avg Q Value:6.951964/2249 
2017-04-15 21:10:30,203 - root - INFO - Epoch:5, Episode:13, Steps Left:35000/5000/100000, Reward:495.000000, fps:1023.359002, Exploration:0.536501, Collision:0.020200/101 , Avg Loss:4.699326/1000, Avg Q Value:7.073911/2345 
2017-04-15 21:10:34,980 - root - INFO - Epoch:5, Episode:14, Steps Left:30000/5000/100000, Reward:478.000000, fps:1046.881674, Exploration:0.532001, Collision:0.024000/120 , Avg Loss:4.383551/1000, Avg Q Value:7.069744/2340 
2017-04-15 21:10:40,158 - root - INFO - Epoch:5, Episode:15, Steps Left:25000/5000/100000, Reward:466.000000, fps:965.678622, Exploration:0.527501, Collision:0.026600/133 , Avg Loss:4.487260/1000, Avg Q Value:7.145996/2385 
2017-04-15 21:10:45,681 - root - INFO - Epoch:5, Episode:16, Steps Left:20000/5000/100000, Reward:466.000000, fps:905.273590, Exploration:0.523001, Collision:0.020800/104 , Avg Loss:4.426884/1000, Avg Q Value:7.073832/2408 
2017-04-15 21:10:50,723 - root - INFO - Epoch:5, Episode:17, Steps Left:15000/5000/100000, Reward:474.000000, fps:991.685342, Exploration:0.518501, Collision:0.018600/93 , Avg Loss:4.565301/1000, Avg Q Value:7.227945/2445 
2017-04-15 21:10:55,704 - root - INFO - Epoch:5, Episode:18, Steps Left:10000/5000/100000, Reward:473.000000, fps:1003.786495, Exploration:0.514001, Collision:0.020000/100 , Avg Loss:4.323126/1000, Avg Q Value:7.215447/2466 
2017-04-15 21:11:00,540 - root - INFO - Epoch:5, Episode:19, Steps Left:5000/5000/100000, Reward:503.000000, fps:1033.917888, Exploration:0.509501, Collision:0.018600/93 , Avg Loss:4.257745/1000, Avg Q Value:7.324050/2465 
2017-04-15 21:11:05,370 - root - INFO - Epoch:5, Episode:20, Steps Left:0/5000/100000, Reward:476.000000, fps:1035.313070, Exploration:0.505001, Collision:0.022400/112 , Avg Loss:4.602364/1000, Avg Q Value:7.316100/2391 
2017-04-15 21:11:05,371 - root - INFO - Epoch:5, FPS:1025.246237, Avg Reward: 466.450000/20
2017-04-15 21:11:10,258 - root - INFO - Epoch:6, Episode:1, Steps Left:95000/5000/100000, Reward:552.000000, fps:1023.040300, Exploration:0.500501, Collision:0.018600/93 , Avg Loss:4.515770/1000, Avg Q Value:7.442227/2514 
2017-04-15 21:11:15,078 - root - INFO - Epoch:6, Episode:2, Steps Left:90000/5000/100000, Reward:499.000000, fps:1037.509047, Exploration:0.496001, Collision:0.022000/110 , Avg Loss:4.307382/1000, Avg Q Value:7.460563/2502 
2017-04-15 21:11:19,862 - root - INFO - Epoch:6, Episode:3, Steps Left:85000/5000/100000, Reward:463.000000, fps:1045.081665, Exploration:0.491501, Collision:0.025600/128 , Avg Loss:4.666788/1000, Avg Q Value:7.501003/2509 
2017-04-15 21:11:24,769 - root - INFO - Epoch:6, Episode:4, Steps Left:80000/5000/100000, Reward:512.000000, fps:1019.080201, Exploration:0.487001, Collision:0.020000/100 , Avg Loss:4.397063/1000, Avg Q Value:7.524935/2473 
2017-04-15 21:11:29,655 - root - INFO - Epoch:6, Episode:5, Steps Left:75000/5000/100000, Reward:572.000000, fps:1023.400451, Exploration:0.482501, Collision:0.016800/84 , Avg Loss:3.981850/1000, Avg Q Value:7.679797/2554 
2017-04-15 21:11:34,509 - root - INFO - Epoch:6, Episode:6, Steps Left:70000/5000/100000, Reward:523.000000, fps:1030.106752, Exploration:0.478001, Collision:0.024000/120 , Avg Loss:4.437827/1000, Avg Q Value:7.649974/2592 
2017-04-15 21:11:39,295 - root - INFO - Epoch:6, Episode:7, Steps Left:65000/5000/100000, Reward:564.000000, fps:1044.607900, Exploration:0.473501, Collision:0.020400/102 , Avg Loss:4.383757/1000, Avg Q Value:7.768440/2637 
2017-04-15 21:11:44,073 - root - INFO - Epoch:6, Episode:8, Steps Left:60000/5000/100000, Reward:506.000000, fps:1046.600071, Exploration:0.469001, Collision:0.022600/113 , Avg Loss:4.404778/1000, Avg Q Value:7.682699/2683 
2017-04-15 21:11:48,852 - root - INFO - Epoch:6, Episode:9, Steps Left:55000/5000/100000, Reward:467.000000, fps:1046.233066, Exploration:0.464501, Collision:0.020600/103 , Avg Loss:4.212882/1000, Avg Q Value:7.746030/2677 
2017-04-15 21:11:53,709 - root - INFO - Epoch:6, Episode:10, Steps Left:50000/5000/100000, Reward:512.000000, fps:1029.608046, Exploration:0.460001, Collision:0.024600/123 , Avg Loss:4.387327/1000, Avg Q Value:7.805270/2737 
2017-04-15 21:11:58,441 - root - INFO - Epoch:6, Episode:11, Steps Left:45000/5000/100000, Reward:501.000000, fps:1056.659125, Exploration:0.455501, Collision:0.022200/111 , Avg Loss:4.268435/1000, Avg Q Value:7.916298/2702 
2017-04-15 21:12:03,320 - root - INFO - Epoch:6, Episode:12, Steps Left:40000/5000/100000, Reward:552.000000, fps:1024.844897, Exploration:0.451001, Collision:0.020200/101 , Avg Loss:4.393167/1000, Avg Q Value:7.962743/2721 
2017-04-15 21:12:08,296 - root - INFO - Epoch:6, Episode:13, Steps Left:35000/5000/100000, Reward:530.000000, fps:1004.750443, Exploration:0.446501, Collision:0.016000/80 , Avg Loss:4.337689/1000, Avg Q Value:8.003661/2678 
2017-04-15 21:12:13,440 - root - INFO - Epoch:6, Episode:14, Steps Left:30000/5000/100000, Reward:493.000000, fps:971.981298, Exploration:0.442001, Collision:0.018800/94 , Avg Loss:4.011438/1000, Avg Q Value:7.977463/2778 
2017-04-15 21:12:18,419 - root - INFO - Epoch:6, Episode:15, Steps Left:25000/5000/100000, Reward:528.000000, fps:1004.331675, Exploration:0.437501, Collision:0.020800/104 , Avg Loss:4.294905/1000, Avg Q Value:8.117336/2812 
2017-04-15 21:12:23,412 - root - INFO - Epoch:6, Episode:16, Steps Left:20000/5000/100000, Reward:520.000000, fps:1001.404539, Exploration:0.433001, Collision:0.017400/87 , Avg Loss:4.663128/1000, Avg Q Value:8.087705/2851 
2017-04-15 21:12:28,185 - root - INFO - Epoch:6, Episode:17, Steps Left:15000/5000/100000, Reward:563.000000, fps:1047.579595, Exploration:0.428501, Collision:0.018200/91 , Avg Loss:4.308228/1000, Avg Q Value:8.230230/2816 
2017-04-15 21:12:32,990 - root - INFO - Epoch:6, Episode:18, Steps Left:10000/5000/100000, Reward:516.000000, fps:1040.742126, Exploration:0.424001, Collision:0.022600/113 , Avg Loss:4.592772/1000, Avg Q Value:8.212789/2873 
2017-04-15 21:12:37,935 - root - INFO - Epoch:6, Episode:19, Steps Left:5000/5000/100000, Reward:523.000000, fps:1011.099642, Exploration:0.419501, Collision:0.020600/103 , Avg Loss:4.269610/1000, Avg Q Value:8.399519/2893 
2017-04-15 21:12:42,936 - root - INFO - Epoch:6, Episode:20, Steps Left:0/5000/100000, Reward:593.000000, fps:999.767072, Exploration:0.415001, Collision:0.018000/90 , Avg Loss:4.156585/1000, Avg Q Value:8.399547/2880 
2017-04-15 21:12:42,937 - root - INFO - Epoch:6, FPS:1024.950597, Avg Reward: 524.450000/20
2017-04-15 21:12:47,940 - root - INFO - Epoch:7, Episode:1, Steps Left:95000/5000/100000, Reward:569.000000, fps:999.450080, Exploration:0.410501, Collision:0.023000/115 , Avg Loss:4.314973/1000, Avg Q Value:8.468243/2974 
2017-04-15 21:12:52,797 - root - INFO - Epoch:7, Episode:2, Steps Left:90000/5000/100000, Reward:607.000000, fps:1029.627103, Exploration:0.406001, Collision:0.019000/95 , Avg Loss:4.636961/1000, Avg Q Value:8.540281/2901 
2017-04-15 21:12:57,897 - root - INFO - Epoch:7, Episode:3, Steps Left:85000/5000/100000, Reward:589.000000, fps:980.344512, Exploration:0.401501, Collision:0.021200/106 , Avg Loss:4.285278/1000, Avg Q Value:8.557930/2925 
2017-04-15 21:13:02,887 - root - INFO - Epoch:7, Episode:4, Steps Left:80000/5000/100000, Reward:608.000000, fps:1002.078936, Exploration:0.397001, Collision:0.019600/98 , Avg Loss:4.152327/1000, Avg Q Value:8.581113/2960 
2017-04-15 21:13:07,979 - root - INFO - Epoch:7, Episode:5, Steps Left:75000/5000/100000, Reward:608.000000, fps:981.908902, Exploration:0.392501, Collision:0.018800/94 , Avg Loss:4.518694/1000, Avg Q Value:8.594857/3018 
2017-04-15 21:13:12,797 - root - INFO - Epoch:7, Episode:6, Steps Left:70000/5000/100000, Reward:533.000000, fps:1037.939405, Exploration:0.388001, Collision:0.019600/98 , Avg Loss:4.462234/1000, Avg Q Value:8.561103/3014 
2017-04-15 21:13:17,748 - root - INFO - Epoch:7, Episode:7, Steps Left:65000/5000/100000, Reward:584.000000, fps:1009.865142, Exploration:0.383501, Collision:0.018600/93 , Avg Loss:4.089686/1000, Avg Q Value:8.711128/3056 
2017-04-15 21:13:22,710 - root - INFO - Epoch:7, Episode:8, Steps Left:60000/5000/100000, Reward:600.000000, fps:1007.736811, Exploration:0.379001, Collision:0.017800/89 , Avg Loss:3.906751/1000, Avg Q Value:8.672987/3097 
2017-04-15 21:13:27,626 - root - INFO - Epoch:7, Episode:9, Steps Left:55000/5000/100000, Reward:580.000000, fps:1016.969109, Exploration:0.374501, Collision:0.023400/117 , Avg Loss:4.218756/1000, Avg Q Value:8.818866/3145 
2017-04-15 21:13:32,653 - root - INFO - Epoch:7, Episode:10, Steps Left:50000/5000/100000, Reward:598.000000, fps:994.733276, Exploration:0.370001, Collision:0.019200/96 , Avg Loss:3.871164/1000, Avg Q Value:8.755579/3146 
2017-04-15 21:13:37,626 - root - INFO - Epoch:7, Episode:11, Steps Left:45000/5000/100000, Reward:568.000000, fps:1005.460834, Exploration:0.365501, Collision:0.019400/97 , Avg Loss:4.264746/1000, Avg Q Value:8.843782/3178 
2017-04-15 21:13:42,756 - root - INFO - Epoch:7, Episode:12, Steps Left:40000/5000/100000, Reward:587.000000, fps:974.668179, Exploration:0.361001, Collision:0.015600/78 , Avg Loss:4.296297/1000, Avg Q Value:8.829904/3219 
2017-04-15 21:13:47,675 - root - INFO - Epoch:7, Episode:13, Steps Left:35000/5000/100000, Reward:595.000000, fps:1016.594891, Exploration:0.356501, Collision:0.020000/100 , Avg Loss:4.211117/1000, Avg Q Value:8.939576/3255 
2017-04-15 21:13:52,502 - root - INFO - Epoch:7, Episode:14, Steps Left:30000/5000/100000, Reward:638.000000, fps:1035.813023, Exploration:0.352001, Collision:0.021600/108 , Avg Loss:4.306455/1000, Avg Q Value:9.018770/3220 
2017-04-15 21:13:57,384 - root - INFO - Epoch:7, Episode:15, Steps Left:25000/5000/100000, Reward:528.000000, fps:1024.249961, Exploration:0.347501, Collision:0.018600/93 , Avg Loss:4.243286/1000, Avg Q Value:8.982843/3222 
2017-04-15 21:14:02,418 - root - INFO - Epoch:7, Episode:16, Steps Left:20000/5000/100000, Reward:596.000000, fps:993.183758, Exploration:0.343001, Collision:0.020600/103 , Avg Loss:4.439022/1000, Avg Q Value:9.084784/3276 
2017-04-15 21:14:07,335 - root - INFO - Epoch:7, Episode:17, Steps Left:15000/5000/100000, Reward:569.000000, fps:1016.968714, Exploration:0.338501, Collision:0.020600/103 , Avg Loss:4.271696/1000, Avg Q Value:9.153487/3245 
2017-04-15 21:14:12,288 - root - INFO - Epoch:7, Episode:18, Steps Left:10000/5000/100000, Reward:591.000000, fps:1009.500847, Exploration:0.334001, Collision:0.021800/109 , Avg Loss:4.525843/1000, Avg Q Value:9.161755/3334 
2017-04-15 21:14:17,184 - root - INFO - Epoch:7, Episode:19, Steps Left:5000/5000/100000, Reward:542.000000, fps:1021.387433, Exploration:0.329501, Collision:0.017000/85 , Avg Loss:4.447123/1000, Avg Q Value:9.217108/3336 
2017-04-15 21:14:22,084 - root - INFO - Epoch:7, Episode:20, Steps Left:0/5000/100000, Reward:512.000000, fps:1020.477062, Exploration:0.325001, Collision:0.019000/95 , Avg Loss:4.369303/1000, Avg Q Value:9.174617/3324 
2017-04-15 21:14:22,084 - root - INFO - Epoch:7, FPS:1008.611291, Avg Reward: 580.100000/20
2017-04-15 21:14:27,048 - root - INFO - Epoch:8, Episode:1, Steps Left:95000/5000/100000, Reward:621.000000, fps:1007.404632, Exploration:0.320501, Collision:0.019400/97 , Avg Loss:4.279173/1000, Avg Q Value:9.388009/3442 
2017-04-15 21:14:31,880 - root - INFO - Epoch:8, Episode:2, Steps Left:90000/5000/100000, Reward:528.000000, fps:1034.755597, Exploration:0.316001, Collision:0.020800/104 , Avg Loss:3.953909/1000, Avg Q Value:9.314584/3380 
2017-04-15 21:14:36,841 - root - INFO - Epoch:8, Episode:3, Steps Left:85000/5000/100000, Reward:594.000000, fps:1007.880603, Exploration:0.311501, Collision:0.019800/99 , Avg Loss:4.426889/1000, Avg Q Value:9.486523/3389 
2017-04-15 21:14:41,887 - root - INFO - Epoch:8, Episode:4, Steps Left:80000/5000/100000, Reward:590.000000, fps:990.965151, Exploration:0.307001, Collision:0.022600/113 , Avg Loss:4.397154/1000, Avg Q Value:9.485997/3468 
2017-04-15 21:14:46,970 - root - INFO - Epoch:8, Episode:5, Steps Left:75000/5000/100000, Reward:604.000000, fps:983.704938, Exploration:0.302501, Collision:0.017200/86 , Avg Loss:3.994842/1000, Avg Q Value:9.582338/3498 
2017-04-15 21:14:51,902 - root - INFO - Epoch:8, Episode:6, Steps Left:70000/5000/100000, Reward:597.000000, fps:1013.815657, Exploration:0.298001, Collision:0.019800/99 , Avg Loss:4.110684/1000, Avg Q Value:9.547027/3530 
2017-04-15 21:14:56,835 - root - INFO - Epoch:8, Episode:7, Steps Left:65000/5000/100000, Reward:544.000000, fps:1013.573800, Exploration:0.293501, Collision:0.018000/90 , Avg Loss:4.215423/1000, Avg Q Value:9.601468/3553 
2017-04-15 21:15:01,809 - root - INFO - Epoch:8, Episode:8, Steps Left:60000/5000/100000, Reward:571.000000, fps:1005.238124, Exploration:0.289001, Collision:0.017200/86 , Avg Loss:3.925443/1000, Avg Q Value:9.622921/3596 
2017-04-15 21:15:06,855 - root - INFO - Epoch:8, Episode:9, Steps Left:55000/5000/100000, Reward:679.000000, fps:990.948060, Exploration:0.284501, Collision:0.016200/81 , Avg Loss:4.243635/1000, Avg Q Value:9.826079/3584 
2017-04-15 21:15:11,816 - root - INFO - Epoch:8, Episode:10, Steps Left:50000/5000/100000, Reward:702.000000, fps:1007.811923, Exploration:0.280001, Collision:0.020200/101 , Avg Loss:4.021576/1000, Avg Q Value:9.897027/3581 
2017-04-15 21:15:16,893 - root - INFO - Epoch:8, Episode:11, Steps Left:45000/5000/100000, Reward:644.000000, fps:984.889823, Exploration:0.275501, Collision:0.018200/91 , Avg Loss:4.168717/1000, Avg Q Value:9.912821/3603 
2017-04-15 21:15:21,890 - root - INFO - Epoch:8, Episode:12, Steps Left:40000/5000/100000, Reward:686.000000, fps:1000.751344, Exploration:0.271001, Collision:0.015800/79 , Avg Loss:4.244298/1000, Avg Q Value:9.905994/3626 
2017-04-15 21:15:27,206 - root - INFO - Epoch:8, Episode:13, Steps Left:35000/5000/100000, Reward:584.000000, fps:940.566346, Exploration:0.266501, Collision:0.018600/93 , Avg Loss:4.415536/1000, Avg Q Value:9.949708/3666 
2017-04-15 21:15:32,442 - root - INFO - Epoch:8, Episode:14, Steps Left:30000/5000/100000, Reward:590.000000, fps:954.896630, Exploration:0.262001, Collision:0.016000/80 , Avg Loss:4.564644/1000, Avg Q Value:9.865704/3656 
2017-04-15 21:15:37,586 - root - INFO - Epoch:8, Episode:15, Steps Left:25000/5000/100000, Reward:635.000000, fps:972.006256, Exploration:0.257501, Collision:0.019200/96 , Avg Loss:3.906930/1000, Avg Q Value:9.982732/3711 
2017-04-15 21:15:42,549 - root - INFO - Epoch:8, Episode:16, Steps Left:20000/5000/100000, Reward:664.000000, fps:1007.669747, Exploration:0.253001, Collision:0.018400/92 , Avg Loss:4.086987/1000, Avg Q Value:10.028682/3714 
2017-04-15 21:15:47,767 - root - INFO - Epoch:8, Episode:17, Steps Left:15000/5000/100000, Reward:610.000000, fps:958.227945, Exploration:0.248501, Collision:0.015000/75 , Avg Loss:4.395957/1000, Avg Q Value:10.094160/3785 
2017-04-15 21:15:52,882 - root - INFO - Epoch:8, Episode:18, Steps Left:10000/5000/100000, Reward:638.000000, fps:977.500474, Exploration:0.244001, Collision:0.022400/112 , Avg Loss:4.018351/1000, Avg Q Value:10.147393/3812 
2017-04-15 21:15:57,843 - root - INFO - Epoch:8, Episode:19, Steps Left:5000/5000/100000, Reward:625.000000, fps:1007.922456, Exploration:0.239501, Collision:0.018600/93 , Avg Loss:4.176447/1000, Avg Q Value:10.157058/3803 
2017-04-15 21:16:03,055 - root - INFO - Epoch:8, Episode:20, Steps Left:0/5000/100000, Reward:613.000000, fps:959.292972, Exploration:0.235001, Collision:0.017600/88 , Avg Loss:4.193326/1000, Avg Q Value:10.198028/3726 
2017-04-15 21:16:03,056 - root - INFO - Epoch:8, FPS:990.383621, Avg Reward: 615.950000/20
2017-04-15 21:16:08,423 - root - INFO - Epoch:9, Episode:1, Steps Left:95000/5000/100000, Reward:692.000000, fps:931.696575, Exploration:0.230501, Collision:0.017800/89 , Avg Loss:4.568314/1000, Avg Q Value:10.328284/3793 
2017-04-15 21:16:13,705 - root - INFO - Epoch:9, Episode:2, Steps Left:90000/5000/100000, Reward:666.000000, fps:946.689661, Exploration:0.226001, Collision:0.020800/104 , Avg Loss:4.313402/1000, Avg Q Value:10.308318/3815 
2017-04-15 21:16:18,791 - root - INFO - Epoch:9, Episode:3, Steps Left:85000/5000/100000, Reward:665.000000, fps:983.096098, Exploration:0.221501, Collision:0.018800/94 , Avg Loss:4.435044/1000, Avg Q Value:10.336077/3882 
2017-04-15 21:16:23,971 - root - INFO - Epoch:9, Episode:4, Steps Left:80000/5000/100000, Reward:657.000000, fps:965.188181, Exploration:0.217001, Collision:0.023200/116 , Avg Loss:4.418710/1000, Avg Q Value:10.360632/3859 
2017-04-15 21:16:29,180 - root - INFO - Epoch:9, Episode:5, Steps Left:75000/5000/100000, Reward:692.000000, fps:959.987534, Exploration:0.212501, Collision:0.021200/106 , Avg Loss:4.594102/1000, Avg Q Value:10.481693/3965 
2017-04-15 21:16:34,222 - root - INFO - Epoch:9, Episode:6, Steps Left:70000/5000/100000, Reward:695.000000, fps:991.724688, Exploration:0.208001, Collision:0.017600/88 , Avg Loss:4.585847/1000, Avg Q Value:10.455643/3974 
2017-04-15 21:16:39,332 - root - INFO - Epoch:9, Episode:7, Steps Left:65000/5000/100000, Reward:725.000000, fps:978.412887, Exploration:0.203501, Collision:0.018200/91 , Avg Loss:4.566867/1000, Avg Q Value:10.617533/3948 
2017-04-15 21:16:44,386 - root - INFO - Epoch:9, Episode:8, Steps Left:60000/5000/100000, Reward:683.000000, fps:989.332028, Exploration:0.199001, Collision:0.017600/88 , Avg Loss:4.217043/1000, Avg Q Value:10.584491/4014 
2017-04-15 21:16:49,504 - root - INFO - Epoch:9, Episode:9, Steps Left:55000/5000/100000, Reward:716.000000, fps:977.076065, Exploration:0.194501, Collision:0.019400/97 , Avg Loss:4.476650/1000, Avg Q Value:10.642900/4018 
2017-04-15 21:16:54,582 - root - INFO - Epoch:9, Episode:10, Steps Left:50000/5000/100000, Reward:747.000000, fps:984.632258, Exploration:0.190001, Collision:0.016800/84 , Avg Loss:4.360449/1000, Avg Q Value:10.695982/4000 
2017-04-15 21:16:59,739 - root - INFO - Epoch:9, Episode:11, Steps Left:45000/5000/100000, Reward:707.000000, fps:969.699032, Exploration:0.185501, Collision:0.016200/81 , Avg Loss:4.308370/1000, Avg Q Value:10.652266/4073 
2017-04-15 21:17:05,042 - root - INFO - Epoch:9, Episode:12, Steps Left:40000/5000/100000, Reward:691.000000, fps:942.868046, Exploration:0.181001, Collision:0.019600/98 , Avg Loss:4.221076/1000, Avg Q Value:10.656019/4080 
2017-04-15 21:17:10,290 - root - INFO - Epoch:9, Episode:13, Steps Left:35000/5000/100000, Reward:749.000000, fps:952.803265, Exploration:0.176501, Collision:0.015400/77 , Avg Loss:4.308136/1000, Avg Q Value:10.720230/4093 
2017-04-15 21:17:15,559 - root - INFO - Epoch:9, Episode:14, Steps Left:30000/5000/100000, Reward:701.000000, fps:948.829450, Exploration:0.172001, Collision:0.017200/86 , Avg Loss:4.534614/1000, Avg Q Value:10.656530/4112 
2017-04-15 21:17:20,705 - root - INFO - Epoch:9, Episode:15, Steps Left:25000/5000/100000, Reward:737.000000, fps:971.817302, Exploration:0.167501, Collision:0.016200/81 , Avg Loss:5.022879/1000, Avg Q Value:10.762991/4177 
2017-04-15 21:17:25,950 - root - INFO - Epoch:9, Episode:16, Steps Left:20000/5000/100000, Reward:740.000000, fps:953.231238, Exploration:0.163001, Collision:0.015200/76 , Avg Loss:4.751709/1000, Avg Q Value:10.729089/4144 
2017-04-15 21:17:31,367 - root - INFO - Epoch:9, Episode:17, Steps Left:15000/5000/100000, Reward:715.000000, fps:923.052492, Exploration:0.158501, Collision:0.018000/90 , Avg Loss:4.577163/1000, Avg Q Value:10.758492/4177 
2017-04-15 21:17:36,499 - root - INFO - Epoch:9, Episode:18, Steps Left:10000/5000/100000, Reward:668.000000, fps:974.341686, Exploration:0.154001, Collision:0.018600/93 , Avg Loss:4.667305/1000, Avg Q Value:10.719449/4183 
2017-04-15 21:17:41,731 - root - INFO - Epoch:9, Episode:19, Steps Left:5000/5000/100000, Reward:763.000000, fps:955.593198, Exploration:0.149501, Collision:0.016600/83 , Avg Loss:4.757760/1000, Avg Q Value:10.880299/4271 
2017-04-15 21:17:46,990 - root - INFO - Epoch:9, Episode:20, Steps Left:0/5000/100000, Reward:703.000000, fps:950.883641, Exploration:0.145001, Collision:0.017000/85 , Avg Loss:4.871274/1000, Avg Q Value:10.832339/4289 
2017-04-15 21:17:46,991 - root - INFO - Epoch:9, FPS:962.151565, Avg Reward: 705.600000/20
2017-04-15 21:17:52,160 - root - INFO - Epoch:10, Episode:1, Steps Left:95000/5000/100000, Reward:786.000000, fps:967.206066, Exploration:0.140501, Collision:0.020200/101 , Avg Loss:4.603915/1000, Avg Q Value:10.993448/4293 
2017-04-15 21:17:57,545 - root - INFO - Epoch:10, Episode:2, Steps Left:90000/5000/100000, Reward:705.000000, fps:928.571504, Exploration:0.136001, Collision:0.020800/104 , Avg Loss:4.745025/1000, Avg Q Value:10.947720/4341 
2017-04-15 21:18:03,118 - root - INFO - Epoch:10, Episode:3, Steps Left:85000/5000/100000, Reward:757.000000, fps:897.256592, Exploration:0.131501, Collision:0.020800/104 , Avg Loss:4.483888/1000, Avg Q Value:11.062134/4361 
2017-04-15 21:18:08,535 - root - INFO - Epoch:10, Episode:4, Steps Left:80000/5000/100000, Reward:768.000000, fps:922.994885, Exploration:0.127001, Collision:0.020000/100 , Avg Loss:4.864887/1000, Avg Q Value:11.090965/4392 
2017-04-15 21:18:14,198 - root - INFO - Epoch:10, Episode:5, Steps Left:75000/5000/100000, Reward:727.000000, fps:882.979581, Exploration:0.122501, Collision:0.014600/73 , Avg Loss:4.796876/1000, Avg Q Value:11.080487/4335 
2017-04-15 21:18:19,556 - root - INFO - Epoch:10, Episode:6, Steps Left:70000/5000/100000, Reward:777.000000, fps:933.172016, Exploration:0.118001, Collision:0.017400/87 , Avg Loss:4.838227/1000, Avg Q Value:11.116455/4398 
2017-04-15 21:18:24,773 - root - INFO - Epoch:10, Episode:7, Steps Left:65000/5000/100000, Reward:756.000000, fps:958.523003, Exploration:0.113501, Collision:0.018400/92 , Avg Loss:4.825281/1000, Avg Q Value:11.125638/4450 
2017-04-15 21:18:30,206 - root - INFO - Epoch:10, Episode:8, Steps Left:60000/5000/100000, Reward:783.000000, fps:920.385895, Exploration:0.109001, Collision:0.016600/83 , Avg Loss:4.700078/1000, Avg Q Value:11.161183/4464 
2017-04-15 21:18:35,493 - root - INFO - Epoch:10, Episode:9, Steps Left:55000/5000/100000, Reward:829.000000, fps:945.629479, Exploration:0.104501, Collision:0.018400/92 , Avg Loss:5.096131/1000, Avg Q Value:11.210544/4508 
2017-04-15 21:18:40,940 - root - INFO - Epoch:10, Episode:10, Steps Left:50000/5000/100000, Reward:743.000000, fps:918.068641, Exploration:0.100001, Collision:0.018800/94 , Avg Loss:5.093292/1000, Avg Q Value:11.184594/4465 
2017-04-15 21:18:46,340 - root - INFO - Epoch:10, Episode:11, Steps Left:45000/5000/100000, Reward:763.000000, fps:925.829726, Exploration:0.100000, Collision:0.019800/99 , Avg Loss:4.824265/1000, Avg Q Value:11.309825/4487 
2017-04-15 21:18:51,632 - root - INFO - Epoch:10, Episode:12, Steps Left:40000/5000/100000, Reward:743.000000, fps:944.863229, Exploration:0.100000, Collision:0.020800/104 , Avg Loss:5.045723/1000, Avg Q Value:11.255445/4505 
2017-04-15 21:18:56,997 - root - INFO - Epoch:10, Episode:13, Steps Left:35000/5000/100000, Reward:761.000000, fps:932.079900, Exploration:0.100000, Collision:0.021800/109 , Avg Loss:4.965142/1000, Avg Q Value:11.286349/4481 
2017-04-15 21:19:02,389 - root - INFO - Epoch:10, Episode:14, Steps Left:30000/5000/100000, Reward:736.000000, fps:927.367820, Exploration:0.100000, Collision:0.018600/93 , Avg Loss:4.866743/1000, Avg Q Value:11.266456/4475 
2017-04-15 21:19:07,652 - root - INFO - Epoch:10, Episode:15, Steps Left:25000/5000/100000, Reward:725.000000, fps:949.956675, Exploration:0.100000, Collision:0.019200/96 , Avg Loss:4.857031/1000, Avg Q Value:11.343595/4514 
2017-04-15 21:19:12,863 - root - INFO - Epoch:10, Episode:16, Steps Left:20000/5000/100000, Reward:739.000000, fps:959.523445, Exploration:0.100000, Collision:0.015400/77 , Avg Loss:4.852344/1000, Avg Q Value:11.349513/4507 
2017-04-15 21:19:18,080 - root - INFO - Epoch:10, Episode:17, Steps Left:15000/5000/100000, Reward:676.000000, fps:958.528655, Exploration:0.100000, Collision:0.020000/100 , Avg Loss:4.811619/1000, Avg Q Value:11.383400/4507 
2017-04-15 21:19:23,307 - root - INFO - Epoch:10, Episode:18, Steps Left:10000/5000/100000, Reward:675.000000, fps:956.579327, Exploration:0.100000, Collision:0.015000/75 , Avg Loss:4.929903/1000, Avg Q Value:11.400207/4512 
2017-04-15 21:19:28,617 - root - INFO - Epoch:10, Episode:19, Steps Left:5000/5000/100000, Reward:744.000000, fps:941.561974, Exploration:0.100000, Collision:0.017600/88 , Avg Loss:4.928981/1000, Avg Q Value:11.593657/4471 
2017-04-15 21:19:34,048 - root - INFO - Epoch:10, Episode:20, Steps Left:0/5000/100000, Reward:744.000000, fps:920.718048, Exploration:0.100000, Collision:0.019600/98 , Avg Loss:4.788710/1000, Avg Q Value:11.576538/4482 
2017-04-15 21:19:34,049 - root - INFO - Epoch:10, FPS:934.077620, Avg Reward: 746.850000/20
2017-04-15 21:19:39,429 - root - INFO - Epoch:11, Episode:1, Steps Left:95000/5000/100000, Reward:746.000000, fps:929.426950, Exploration:0.100000, Collision:0.017600/88 , Avg Loss:4.761714/1000, Avg Q Value:11.652616/4460 
2017-04-15 21:19:44,647 - root - INFO - Epoch:11, Episode:2, Steps Left:90000/5000/100000, Reward:735.000000, fps:958.206098, Exploration:0.100000, Collision:0.014600/73 , Avg Loss:4.836223/1000, Avg Q Value:11.609270/4491 
2017-04-15 21:19:50,025 - root - INFO - Epoch:11, Episode:3, Steps Left:85000/5000/100000, Reward:710.000000, fps:929.758408, Exploration:0.100000, Collision:0.015600/78 , Avg Loss:4.783978/1000, Avg Q Value:11.603150/4499 
2017-04-15 21:19:55,379 - root - INFO - Epoch:11, Episode:4, Steps Left:80000/5000/100000, Reward:727.000000, fps:933.948861, Exploration:0.100000, Collision:0.017000/85 , Avg Loss:4.966723/1000, Avg Q Value:11.628548/4505 
2017-04-15 21:20:00,880 - root - INFO - Epoch:11, Episode:5, Steps Left:75000/5000/100000, Reward:774.000000, fps:908.962181, Exploration:0.100000, Collision:0.019200/96 , Avg Loss:4.902776/1000, Avg Q Value:11.739514/4491 
2017-04-15 21:20:06,077 - root - INFO - Epoch:11, Episode:6, Steps Left:70000/5000/100000, Reward:770.000000, fps:962.006524, Exploration:0.100000, Collision:0.018400/92 , Avg Loss:5.109159/1000, Avg Q Value:11.746141/4466 
2017-04-15 21:20:11,465 - root - INFO - Epoch:11, Episode:7, Steps Left:65000/5000/100000, Reward:719.000000, fps:928.102003, Exploration:0.100000, Collision:0.015200/76 , Avg Loss:4.558465/1000, Avg Q Value:11.772596/4501 
2017-04-15 21:20:16,978 - root - INFO - Epoch:11, Episode:8, Steps Left:60000/5000/100000, Reward:713.000000, fps:906.992283, Exploration:0.100000, Collision:0.013800/69 , Avg Loss:4.674529/1000, Avg Q Value:11.786255/4507 
2017-04-15 21:20:22,329 - root - INFO - Epoch:11, Episode:9, Steps Left:55000/5000/100000, Reward:669.000000, fps:934.450904, Exploration:0.100000, Collision:0.014800/74 , Avg Loss:4.554055/1000, Avg Q Value:11.765306/4490 
2017-04-15 21:20:27,795 - root - INFO - Epoch:11, Episode:10, Steps Left:50000/5000/100000, Reward:768.000000, fps:914.644632, Exploration:0.100000, Collision:0.014800/74 , Avg Loss:4.623174/1000, Avg Q Value:11.875096/4520 
2017-04-15 21:20:33,027 - root - INFO - Epoch:11, Episode:11, Steps Left:45000/5000/100000, Reward:643.000000, fps:955.798329, Exploration:0.100000, Collision:0.016000/80 , Avg Loss:5.199677/1000, Avg Q Value:11.856326/4501 
2017-04-15 21:20:38,224 - root - INFO - Epoch:11, Episode:12, Steps Left:40000/5000/100000, Reward:700.000000, fps:962.082962, Exploration:0.100000, Collision:0.016800/84 , Avg Loss:4.669022/1000, Avg Q Value:11.886761/4537 
2017-04-15 21:20:43,561 - root - INFO - Epoch:11, Episode:13, Steps Left:35000/5000/100000, Reward:679.000000, fps:936.936670, Exploration:0.100000, Collision:0.015800/79 , Avg Loss:4.947182/1000, Avg Q Value:11.929393/4511 
2017-04-15 21:20:48,906 - root - INFO - Epoch:11, Episode:14, Steps Left:30000/5000/100000, Reward:720.000000, fps:935.521960, Exploration:0.100000, Collision:0.017800/89 , Avg Loss:4.333118/1000, Avg Q Value:11.980412/4500 
2017-04-15 21:20:54,227 - root - INFO - Epoch:11, Episode:15, Steps Left:25000/5000/100000, Reward:699.000000, fps:939.643883, Exploration:0.100000, Collision:0.017200/86 , Avg Loss:4.669065/1000, Avg Q Value:11.969170/4488 
2017-04-15 21:20:59,374 - root - INFO - Epoch:11, Episode:16, Steps Left:20000/5000/100000, Reward:636.000000, fps:971.507028, Exploration:0.100000, Collision:0.015400/77 , Avg Loss:4.589567/1000, Avg Q Value:11.946481/4482 
2017-04-15 21:21:04,660 - root - INFO - Epoch:11, Episode:17, Steps Left:15000/5000/100000, Reward:722.000000, fps:945.947805, Exploration:0.100000, Collision:0.018400/92 , Avg Loss:4.448155/1000, Avg Q Value:12.104042/4519 
2017-04-15 21:21:10,085 - root - INFO - Epoch:11, Episode:18, Steps Left:10000/5000/100000, Reward:758.000000, fps:921.660533, Exploration:0.100000, Collision:0.013800/69 , Avg Loss:4.934740/1000, Avg Q Value:12.128764/4515 
2017-04-15 21:21:15,344 - root - INFO - Epoch:11, Episode:19, Steps Left:5000/5000/100000, Reward:699.000000, fps:950.759746, Exploration:0.100000, Collision:0.021800/109 , Avg Loss:4.810105/1000, Avg Q Value:12.007397/4518 
2017-04-15 21:21:20,533 - root - INFO - Epoch:11, Episode:20, Steps Left:0/5000/100000, Reward:757.000000, fps:963.584388, Exploration:0.100000, Collision:0.018400/92 , Avg Loss:4.706544/1000, Avg Q Value:12.052687/4487 
2017-04-15 21:21:20,534 - root - INFO - Epoch:11, FPS:939.106856, Avg Reward: 717.200000/20
2017-04-15 21:21:25,969 - root - INFO - Epoch:12, Episode:1, Steps Left:95000/5000/100000, Reward:690.000000, fps:919.871127, Exploration:0.100000, Collision:0.016800/84 , Avg Loss:4.763706/1000, Avg Q Value:12.005860/4513 
2017-04-15 21:21:31,204 - root - INFO - Epoch:12, Episode:2, Steps Left:90000/5000/100000, Reward:726.000000, fps:955.227144, Exploration:0.100000, Collision:0.014600/73 , Avg Loss:4.704961/1000, Avg Q Value:12.055961/4491 
2017-04-15 21:21:36,482 - root - INFO - Epoch:12, Episode:3, Steps Left:85000/5000/100000, Reward:800.000000, fps:947.432468, Exploration:0.100000, Collision:0.017600/88 , Avg Loss:4.817507/1000, Avg Q Value:12.220011/4493 
2017-04-15 21:21:41,747 - root - INFO - Epoch:12, Episode:4, Steps Left:80000/5000/100000, Reward:753.000000, fps:949.559583, Exploration:0.100000, Collision:0.017800/89 , Avg Loss:4.808401/1000, Avg Q Value:12.186106/4504 
2017-04-15 21:21:47,108 - root - INFO - Epoch:12, Episode:5, Steps Left:75000/5000/100000, Reward:671.000000, fps:932.768293, Exploration:0.100000, Collision:0.016800/84 , Avg Loss:4.695184/1000, Avg Q Value:12.165940/4529 
2017-04-15 21:21:52,982 - root - INFO - Epoch:12, Episode:6, Steps Left:70000/5000/100000, Reward:663.000000, fps:851.252482, Exploration:0.100000, Collision:0.015000/75 , Avg Loss:4.859269/1000, Avg Q Value:12.165622/4501 
2017-04-15 21:21:58,611 - root - INFO - Epoch:12, Episode:7, Steps Left:65000/5000/100000, Reward:760.000000, fps:888.242725, Exploration:0.100000, Collision:0.018200/91 , Avg Loss:5.050866/1000, Avg Q Value:12.290874/4496 
2017-04-15 21:22:04,278 - root - INFO - Epoch:12, Episode:8, Steps Left:60000/5000/100000, Reward:679.000000, fps:882.309941, Exploration:0.100000, Collision:0.018000/90 , Avg Loss:5.198308/1000, Avg Q Value:12.160223/4498 
2017-04-15 21:22:09,990 - root - INFO - Epoch:12, Episode:9, Steps Left:55000/5000/100000, Reward:714.000000, fps:875.350156, Exploration:0.100000, Collision:0.020600/103 , Avg Loss:5.221989/1000, Avg Q Value:12.340314/4477 
2017-04-15 21:22:15,891 - root - INFO - Epoch:12, Episode:10, Steps Left:50000/5000/100000, Reward:701.000000, fps:847.327089, Exploration:0.100000, Collision:0.020000/100 , Avg Loss:4.900308/1000, Avg Q Value:12.332563/4478 
2017-04-15 21:22:21,449 - root - INFO - Epoch:12, Episode:11, Steps Left:45000/5000/100000, Reward:822.000000, fps:899.727510, Exploration:0.100000, Collision:0.014200/71 , Avg Loss:4.952694/1000, Avg Q Value:12.405225/4528 
2017-04-15 21:22:27,171 - root - INFO - Epoch:12, Episode:12, Steps Left:40000/5000/100000, Reward:787.000000, fps:873.854841, Exploration:0.100000, Collision:0.016400/82 , Avg Loss:5.534164/1000, Avg Q Value:12.407274/4503 
2017-04-15 21:22:32,744 - root - INFO - Epoch:12, Episode:13, Steps Left:35000/5000/100000, Reward:734.000000, fps:897.216324, Exploration:0.100000, Collision:0.017800/89 , Avg Loss:5.191633/1000, Avg Q Value:12.467849/4448 
2017-04-15 21:22:38,723 - root - INFO - Epoch:12, Episode:14, Steps Left:30000/5000/100000, Reward:739.000000, fps:836.228520, Exploration:0.100000, Collision:0.019800/99 , Avg Loss:4.901477/1000, Avg Q Value:12.458663/4518 
2017-04-15 21:22:44,391 - root - INFO - Epoch:12, Episode:15, Steps Left:25000/5000/100000, Reward:688.000000, fps:882.229435, Exploration:0.100000, Collision:0.016200/81 , Avg Loss:5.309184/1000, Avg Q Value:12.434766/4497 
2017-04-15 21:22:50,312 - root - INFO - Epoch:12, Episode:16, Steps Left:20000/5000/100000, Reward:730.000000, fps:844.424000, Exploration:0.100000, Collision:0.012800/64 , Avg Loss:5.160704/1000, Avg Q Value:12.490279/4494 
2017-04-15 21:22:56,449 - root - INFO - Epoch:12, Episode:17, Steps Left:15000/5000/100000, Reward:732.000000, fps:814.716798, Exploration:0.100000, Collision:0.014400/72 , Avg Loss:5.178145/1000, Avg Q Value:12.543174/4475 
2017-04-15 21:23:02,229 - root - INFO - Epoch:12, Episode:18, Steps Left:10000/5000/100000, Reward:723.000000, fps:865.098440, Exploration:0.100000, Collision:0.013800/69 , Avg Loss:4.888793/1000, Avg Q Value:12.551705/4529 
2017-04-15 21:23:08,060 - root - INFO - Epoch:12, Episode:19, Steps Left:5000/5000/100000, Reward:742.000000, fps:857.536750, Exploration:0.100000, Collision:0.018800/94 , Avg Loss:5.323671/1000, Avg Q Value:12.646780/4486 
2017-04-15 21:23:13,893 - root - INFO - Epoch:12, Episode:20, Steps Left:0/5000/100000, Reward:712.000000, fps:857.183334, Exploration:0.100000, Collision:0.020600/103 , Avg Loss:5.323403/1000, Avg Q Value:12.622071/4466 
2017-04-15 21:23:13,899 - root - INFO - Epoch:12, FPS:882.146981, Avg Reward: 728.300000/20
2017-04-15 21:23:19,778 - root - INFO - Epoch:13, Episode:1, Steps Left:95000/5000/100000, Reward:776.000000, fps:850.398566, Exploration:0.100000, Collision:0.015000/75 , Avg Loss:5.385138/1000, Avg Q Value:12.742509/4498 
2017-04-15 21:23:25,833 - root - INFO - Epoch:13, Episode:2, Steps Left:90000/5000/100000, Reward:756.000000, fps:825.820955, Exploration:0.100000, Collision:0.020600/103 , Avg Loss:5.437352/1000, Avg Q Value:12.776026/4481 
2017-04-15 21:23:31,727 - root - INFO - Epoch:13, Episode:3, Steps Left:85000/5000/100000, Reward:770.000000, fps:848.430451, Exploration:0.100000, Collision:0.019800/99 , Avg Loss:5.715424/1000, Avg Q Value:12.773985/4542 
2017-04-15 21:23:37,578 - root - INFO - Epoch:13, Episode:4, Steps Left:80000/5000/100000, Reward:774.000000, fps:854.512983, Exploration:0.100000, Collision:0.015000/75 , Avg Loss:5.229501/1000, Avg Q Value:12.764957/4516 
2017-04-15 21:23:43,632 - root - INFO - Epoch:13, Episode:5, Steps Left:75000/5000/100000, Reward:804.000000, fps:825.880437, Exploration:0.100000, Collision:0.016200/81 , Avg Loss:5.022344/1000, Avg Q Value:12.883287/4508 
2017-04-15 21:23:49,583 - root - INFO - Epoch:13, Episode:6, Steps Left:70000/5000/100000, Reward:792.000000, fps:840.214958, Exploration:0.100000, Collision:0.017400/87 , Avg Loss:5.401687/1000, Avg Q Value:12.863427/4531 
2017-04-15 21:23:55,564 - root - INFO - Epoch:13, Episode:7, Steps Left:65000/5000/100000, Reward:687.000000, fps:836.002674, Exploration:0.100000, Collision:0.019800/99 , Avg Loss:5.341704/1000, Avg Q Value:12.857503/4497 
2017-04-15 21:24:01,339 - root - INFO - Epoch:13, Episode:8, Steps Left:60000/5000/100000, Reward:704.000000, fps:865.882142, Exploration:0.100000, Collision:0.019200/96 , Avg Loss:5.099662/1000, Avg Q Value:12.834732/4542 
2017-04-15 21:24:07,228 - root - INFO - Epoch:13, Episode:9, Steps Left:55000/5000/100000, Reward:772.000000, fps:849.042621, Exploration:0.100000, Collision:0.016200/81 , Avg Loss:5.051692/1000, Avg Q Value:12.992002/4513 
2017-04-15 21:24:13,158 - root - INFO - Epoch:13, Episode:10, Steps Left:50000/5000/100000, Reward:750.000000, fps:843.154514, Exploration:0.100000, Collision:0.015000/75 , Avg Loss:5.134729/1000, Avg Q Value:12.995016/4488 
2017-04-15 21:24:18,967 - root - INFO - Epoch:13, Episode:11, Steps Left:45000/5000/100000, Reward:732.000000, fps:860.828489, Exploration:0.100000, Collision:0.015000/75 , Avg Loss:4.876522/1000, Avg Q Value:13.040127/4519 
2017-04-15 21:24:24,884 - root - INFO - Epoch:13, Episode:12, Steps Left:40000/5000/100000, Reward:759.000000, fps:845.020526, Exploration:0.100000, Collision:0.017600/88 , Avg Loss:4.613312/1000, Avg Q Value:13.069874/4473 
2017-04-15 21:24:30,816 - root - INFO - Epoch:13, Episode:13, Steps Left:35000/5000/100000, Reward:708.000000, fps:842.970450, Exploration:0.100000, Collision:0.018400/92 , Avg Loss:4.949618/1000, Avg Q Value:13.088101/4493 
2017-04-15 21:24:36,639 - root - INFO - Epoch:13, Episode:14, Steps Left:30000/5000/100000, Reward:703.000000, fps:858.703585, Exploration:0.100000, Collision:0.017000/85 , Avg Loss:5.073351/1000, Avg Q Value:13.033983/4527 
2017-04-15 21:24:42,558 - root - INFO - Epoch:13, Episode:15, Steps Left:25000/5000/100000, Reward:719.000000, fps:844.697763, Exploration:0.100000, Collision:0.018800/94 , Avg Loss:4.890285/1000, Avg Q Value:13.164846/4510 
2017-04-15 21:24:48,534 - root - INFO - Epoch:13, Episode:16, Steps Left:20000/5000/100000, Reward:720.000000, fps:836.679510, Exploration:0.100000, Collision:0.015200/76 , Avg Loss:4.510479/1000, Avg Q Value:13.158412/4474 
2017-04-15 21:24:54,415 - root - INFO - Epoch:13, Episode:17, Steps Left:15000/5000/100000, Reward:739.000000, fps:850.238625, Exploration:0.100000, Collision:0.016000/80 , Avg Loss:4.637626/1000, Avg Q Value:13.283662/4488 
2017-04-15 21:25:00,099 - root - INFO - Epoch:13, Episode:18, Steps Left:10000/5000/100000, Reward:730.000000, fps:879.755864, Exploration:0.100000, Collision:0.015200/76 , Avg Loss:4.760354/1000, Avg Q Value:13.217627/4535 
2017-04-15 21:25:05,827 - root - INFO - Epoch:13, Episode:19, Steps Left:5000/5000/100000, Reward:749.000000, fps:872.889780, Exploration:0.100000, Collision:0.016000/80 , Avg Loss:4.481702/1000, Avg Q Value:13.280093/4516 
2017-04-15 21:25:11,533 - root - INFO - Epoch:13, Episode:20, Steps Left:0/5000/100000, Reward:716.000000, fps:876.289179, Exploration:0.100000, Collision:0.019800/99 , Avg Loss:5.110322/1000, Avg Q Value:13.250270/4497 
2017-04-15 21:25:11,534 - root - INFO - Epoch:13, FPS:850.091007, Avg Reward: 743.000000/20
2017-04-15 21:25:17,276 - root - INFO - Epoch:14, Episode:1, Steps Left:95000/5000/100000, Reward:831.000000, fps:870.709399, Exploration:0.100000, Collision:0.012800/64 , Avg Loss:4.717406/1000, Avg Q Value:13.396969/4481 
2017-04-15 21:25:23,151 - root - INFO - Epoch:14, Episode:2, Steps Left:90000/5000/100000, Reward:737.000000, fps:851.145554, Exploration:0.100000, Collision:0.018200/91 , Avg Loss:5.096854/1000, Avg Q Value:13.312823/4523 
2017-04-15 21:25:29,337 - root - INFO - Epoch:14, Episode:3, Steps Left:85000/5000/100000, Reward:628.000000, fps:808.327833, Exploration:0.100000, Collision:0.014200/71 , Avg Loss:5.162422/1000, Avg Q Value:13.220235/4461 
2017-04-15 21:25:35,117 - root - INFO - Epoch:14, Episode:4, Steps Left:80000/5000/100000, Reward:600.000000, fps:865.064147, Exploration:0.100000, Collision:0.012000/60 , Avg Loss:5.379682/1000, Avg Q Value:13.151074/4468 
2017-04-15 21:25:40,744 - root - INFO - Epoch:14, Episode:5, Steps Left:75000/5000/100000, Reward:690.000000, fps:888.629942, Exploration:0.100000, Collision:0.012200/61 , Avg Loss:5.188241/1000, Avg Q Value:13.333554/4450 
2017-04-15 21:25:46,702 - root - INFO - Epoch:14, Episode:6, Steps Left:70000/5000/100000, Reward:615.000000, fps:839.130463, Exploration:0.100000, Collision:0.013200/66 , Avg Loss:5.066073/1000, Avg Q Value:13.212896/4478 
2017-04-15 21:25:52,463 - root - INFO - Epoch:14, Episode:7, Steps Left:65000/5000/100000, Reward:696.000000, fps:868.044239, Exploration:0.100000, Collision:0.013000/65 , Avg Loss:5.148905/1000, Avg Q Value:13.307703/4492 
2017-04-15 21:25:58,431 - root - INFO - Epoch:14, Episode:8, Steps Left:60000/5000/100000, Reward:610.000000, fps:837.744489, Exploration:0.100000, Collision:0.015600/78 , Avg Loss:5.062546/1000, Avg Q Value:13.228349/4494 
2017-04-15 21:26:04,266 - root - INFO - Epoch:14, Episode:9, Steps Left:55000/5000/100000, Reward:774.000000, fps:857.016384, Exploration:0.100000, Collision:0.018600/93 , Avg Loss:4.714937/1000, Avg Q Value:13.434170/4475 
2017-04-15 21:26:09,999 - root - INFO - Epoch:14, Episode:10, Steps Left:50000/5000/100000, Reward:746.000000, fps:872.159682, Exploration:0.100000, Collision:0.020600/103 , Avg Loss:5.121573/1000, Avg Q Value:13.445308/4487 
2017-04-15 21:26:15,769 - root - INFO - Epoch:14, Episode:11, Steps Left:45000/5000/100000, Reward:742.000000, fps:866.609712, Exploration:0.100000, Collision:0.023000/115 , Avg Loss:5.095840/1000, Avg Q Value:13.437678/4516 
2017-04-15 21:26:21,507 - root - INFO - Epoch:14, Episode:12, Steps Left:40000/5000/100000, Reward:772.000000, fps:871.332432, Exploration:0.100000, Collision:0.017400/87 , Avg Loss:5.457932/1000, Avg Q Value:13.462463/4474 
2017-04-15 21:26:27,707 - root - INFO - Epoch:14, Episode:13, Steps Left:35000/5000/100000, Reward:801.000000, fps:806.446397, Exploration:0.100000, Collision:0.014600/73 , Avg Loss:5.099016/1000, Avg Q Value:13.527062/4532 
2017-04-15 21:26:33,568 - root - INFO - Epoch:14, Episode:14, Steps Left:30000/5000/100000, Reward:788.000000, fps:853.207067, Exploration:0.100000, Collision:0.018000/90 , Avg Loss:5.546964/1000, Avg Q Value:13.492596/4525 
2017-04-15 21:26:39,199 - root - INFO - Epoch:14, Episode:15, Steps Left:25000/5000/100000, Reward:719.000000, fps:887.936556, Exploration:0.100000, Collision:0.020000/100 , Avg Loss:5.770036/1000, Avg Q Value:13.502177/4478 
2017-04-15 21:26:44,719 - root - INFO - Epoch:14, Episode:16, Steps Left:20000/5000/100000, Reward:746.000000, fps:905.834351, Exploration:0.100000, Collision:0.020400/102 , Avg Loss:5.722479/1000, Avg Q Value:13.583247/4478 
2017-04-15 21:26:50,794 - root - INFO - Epoch:14, Episode:17, Steps Left:15000/5000/100000, Reward:828.000000, fps:823.021973, Exploration:0.100000, Collision:0.016000/80 , Avg Loss:5.545153/1000, Avg Q Value:13.677659/4539 
2017-04-15 21:26:56,870 - root - INFO - Epoch:14, Episode:18, Steps Left:10000/5000/100000, Reward:778.000000, fps:822.974269, Exploration:0.100000, Collision:0.017400/87 , Avg Loss:5.307094/1000, Avg Q Value:13.633885/4495 
2017-04-15 21:27:03,013 - root - INFO - Epoch:14, Episode:19, Steps Left:5000/5000/100000, Reward:739.000000, fps:814.020414, Exploration:0.100000, Collision:0.015800/79 , Avg Loss:5.305234/1000, Avg Q Value:13.581233/4511 
2017-04-15 21:27:09,180 - root - INFO - Epoch:14, Episode:20, Steps Left:0/5000/100000, Reward:746.000000, fps:810.750679, Exploration:0.100000, Collision:0.017200/86 , Avg Loss:5.374680/1000, Avg Q Value:13.559346/4507 
2017-04-15 21:27:09,181 - root - INFO - Epoch:14, FPS:850.006212, Avg Reward: 729.300000/20
2017-04-15 21:27:15,228 - root - INFO - Epoch:15, Episode:1, Steps Left:95000/5000/100000, Reward:840.000000, fps:826.822105, Exploration:0.100000, Collision:0.017200/86 , Avg Loss:5.814904/1000, Avg Q Value:13.759951/4488 
2017-04-15 21:27:21,182 - root - INFO - Epoch:15, Episode:2, Steps Left:90000/5000/100000, Reward:784.000000, fps:839.790751, Exploration:0.100000, Collision:0.016000/80 , Avg Loss:5.735449/1000, Avg Q Value:13.718832/4502 
2017-04-15 21:27:27,113 - root - INFO - Epoch:15, Episode:3, Steps Left:85000/5000/100000, Reward:737.000000, fps:843.121396, Exploration:0.100000, Collision:0.017400/87 , Avg Loss:5.857483/1000, Avg Q Value:13.726691/4454 
2017-04-15 21:27:33,305 - root - INFO - Epoch:15, Episode:4, Steps Left:80000/5000/100000, Reward:755.000000, fps:807.466285, Exploration:0.100000, Collision:0.017000/85 , Avg Loss:5.424332/1000, Avg Q Value:13.787897/4498 
2017-04-15 21:27:39,290 - root - INFO - Epoch:15, Episode:5, Steps Left:75000/5000/100000, Reward:623.000000, fps:835.499219, Exploration:0.100000, Collision:0.019200/96 , Avg Loss:5.866246/1000, Avg Q Value:13.625231/4477 
2017-04-15 21:27:45,068 - root - INFO - Epoch:15, Episode:6, Steps Left:70000/5000/100000, Reward:612.000000, fps:865.315074, Exploration:0.100000, Collision:0.017000/85 , Avg Loss:5.985282/1000, Avg Q Value:13.581180/4527 
2017-04-15 21:27:51,187 - root - INFO - Epoch:15, Episode:7, Steps Left:65000/5000/100000, Reward:713.000000, fps:817.175193, Exploration:0.100000, Collision:0.014800/74 , Avg Loss:5.761869/1000, Avg Q Value:13.707578/4458 
2017-04-15 21:27:57,298 - root - INFO - Epoch:15, Episode:8, Steps Left:60000/5000/100000, Reward:737.000000, fps:818.214499, Exploration:0.100000, Collision:0.016000/80 , Avg Loss:5.598525/1000, Avg Q Value:13.759273/4504 
2017-04-15 21:28:02,966 - root - INFO - Epoch:15, Episode:9, Steps Left:55000/5000/100000, Reward:641.000000, fps:882.138998, Exploration:0.100000, Collision:0.016000/80 , Avg Loss:5.829939/1000, Avg Q Value:13.700341/4497 
2017-04-15 21:28:08,782 - root - INFO - Epoch:15, Episode:10, Steps Left:50000/5000/100000, Reward:669.000000, fps:859.696332, Exploration:0.100000, Collision:0.015000/75 , Avg Loss:5.329980/1000, Avg Q Value:13.678649/4530 
2017-04-15 21:28:14,213 - root - INFO - Epoch:15, Episode:11, Steps Left:45000/5000/100000, Reward:662.000000, fps:920.811353, Exploration:0.100000, Collision:0.016000/80 , Avg Loss:5.615413/1000, Avg Q Value:13.715228/4522 
2017-04-15 21:28:19,555 - root - INFO - Epoch:15, Episode:12, Steps Left:40000/5000/100000, Reward:718.000000, fps:935.948915, Exploration:0.100000, Collision:0.016200/81 , Avg Loss:5.489804/1000, Avg Q Value:13.783771/4484 
2017-04-15 21:28:24,972 - root - INFO - Epoch:15, Episode:13, Steps Left:35000/5000/100000, Reward:792.000000, fps:923.005122, Exploration:0.100000, Collision:0.022200/111 , Avg Loss:5.604297/1000, Avg Q Value:13.926293/4520 
2017-04-15 21:28:30,357 - root - INFO - Epoch:15, Episode:14, Steps Left:30000/5000/100000, Reward:758.000000, fps:928.592350, Exploration:0.100000, Collision:0.021600/108 , Avg Loss:5.633673/1000, Avg Q Value:13.943592/4496 
2017-04-15 21:28:35,855 - root - INFO - Epoch:15, Episode:15, Steps Left:25000/5000/100000, Reward:790.000000, fps:909.349815, Exploration:0.100000, Collision:0.017400/87 , Avg Loss:5.783295/1000, Avg Q Value:14.035193/4502 
2017-04-15 21:28:41,364 - root - INFO - Epoch:15, Episode:16, Steps Left:20000/5000/100000, Reward:833.000000, fps:907.654670, Exploration:0.100000, Collision:0.014800/74 , Avg Loss:6.181122/1000, Avg Q Value:14.044044/4529 
2017-04-15 21:28:46,785 - root - INFO - Epoch:15, Episode:17, Steps Left:15000/5000/100000, Reward:752.000000, fps:922.386718, Exploration:0.100000, Collision:0.020200/101 , Avg Loss:5.274527/1000, Avg Q Value:14.026465/4527 
2017-04-15 21:28:52,197 - root - INFO - Epoch:15, Episode:18, Steps Left:10000/5000/100000, Reward:748.000000, fps:924.030950, Exploration:0.100000, Collision:0.020800/104 , Avg Loss:5.960462/1000, Avg Q Value:14.004063/4517 
2017-04-15 21:28:57,722 - root - INFO - Epoch:15, Episode:19, Steps Left:5000/5000/100000, Reward:744.000000, fps:904.917106, Exploration:0.100000, Collision:0.019600/98 , Avg Loss:5.617241/1000, Avg Q Value:14.139001/4485 
2017-04-15 21:29:03,128 - root - INFO - Epoch:15, Episode:20, Steps Left:0/5000/100000, Reward:801.000000, fps:924.935522, Exploration:0.100000, Collision:0.020600/103 , Avg Loss:5.671915/1000, Avg Q Value:14.147497/4525 
2017-04-15 21:29:03,129 - root - INFO - Epoch:15, FPS:877.598586, Avg Reward: 735.450000/20
2017-04-15 21:29:08,634 - root - INFO - Epoch:16, Episode:1, Steps Left:95000/5000/100000, Reward:728.000000, fps:908.236362, Exploration:0.100000, Collision:0.018400/92 , Avg Loss:5.799227/1000, Avg Q Value:14.095147/4476 
2017-04-15 21:29:13,959 - root - INFO - Epoch:16, Episode:2, Steps Left:90000/5000/100000, Reward:787.000000, fps:939.037677, Exploration:0.100000, Collision:0.019600/98 , Avg Loss:5.803547/1000, Avg Q Value:14.126134/4506 
2017-04-15 21:29:19,356 - root - INFO - Epoch:16, Episode:3, Steps Left:85000/5000/100000, Reward:747.000000, fps:926.495734, Exploration:0.100000, Collision:0.016800/84 , Avg Loss:5.877880/1000, Avg Q Value:14.118164/4487 
2017-04-15 21:29:24,643 - root - INFO - Epoch:16, Episode:4, Steps Left:80000/5000/100000, Reward:830.000000, fps:945.772258, Exploration:0.100000, Collision:0.015000/75 , Avg Loss:6.473896/1000, Avg Q Value:14.247478/4482 
2017-04-15 21:29:30,024 - root - INFO - Epoch:16, Episode:5, Steps Left:75000/5000/100000, Reward:753.000000, fps:929.180283, Exploration:0.100000, Collision:0.020400/102 , Avg Loss:5.981312/1000, Avg Q Value:14.260797/4496 
2017-04-15 21:29:35,569 - root - INFO - Epoch:16, Episode:6, Steps Left:70000/5000/100000, Reward:743.000000, fps:901.660866, Exploration:0.100000, Collision:0.017400/87 , Avg Loss:5.517097/1000, Avg Q Value:14.193864/4518 
2017-04-15 21:29:40,910 - root - INFO - Epoch:16, Episode:7, Steps Left:65000/5000/100000, Reward:809.000000, fps:936.174950, Exploration:0.100000, Collision:0.013200/66 , Avg Loss:5.717035/1000, Avg Q Value:14.230765/4505 
2017-04-15 21:29:46,240 - root - INFO - Epoch:16, Episode:8, Steps Left:60000/5000/100000, Reward:737.000000, fps:938.170627, Exploration:0.100000, Collision:0.018600/93 , Avg Loss:5.665874/1000, Avg Q Value:14.161911/4470 
2017-04-15 21:29:51,849 - root - INFO - Epoch:16, Episode:9, Steps Left:55000/5000/100000, Reward:790.000000, fps:891.502830, Exploration:0.100000, Collision:0.015600/78 , Avg Loss:5.513761/1000, Avg Q Value:14.255999/4487 
2017-04-15 21:29:57,338 - root - INFO - Epoch:16, Episode:10, Steps Left:50000/5000/100000, Reward:769.000000, fps:910.990079, Exploration:0.100000, Collision:0.014800/74 , Avg Loss:6.103877/1000, Avg Q Value:14.184449/4523 
2017-04-15 21:30:02,810 - root - INFO - Epoch:16, Episode:11, Steps Left:45000/5000/100000, Reward:753.000000, fps:913.717310, Exploration:0.100000, Collision:0.017600/88 , Avg Loss:5.661461/1000, Avg Q Value:14.225300/4523 
2017-04-15 21:30:08,157 - root - INFO - Epoch:16, Episode:12, Steps Left:40000/5000/100000, Reward:796.000000, fps:935.076174, Exploration:0.100000, Collision:0.017600/88 , Avg Loss:5.320510/1000, Avg Q Value:14.221478/4503 
2017-04-15 21:30:13,579 - root - INFO - Epoch:16, Episode:13, Steps Left:35000/5000/100000, Reward:775.000000, fps:922.244463, Exploration:0.100000, Collision:0.014400/72 , Avg Loss:5.777280/1000, Avg Q Value:14.220170/4478 
2017-04-15 21:30:18,978 - root - INFO - Epoch:16, Episode:14, Steps Left:30000/5000/100000, Reward:722.000000, fps:926.155759, Exploration:0.100000, Collision:0.017200/86 , Avg Loss:6.189349/1000, Avg Q Value:14.167374/4474 
2017-04-15 21:30:24,511 - root - INFO - Epoch:16, Episode:15, Steps Left:25000/5000/100000, Reward:709.000000, fps:903.679683, Exploration:0.100000, Collision:0.020000/100 , Avg Loss:5.567803/1000, Avg Q Value:14.221013/4525 
2017-04-15 21:30:29,959 - root - INFO - Epoch:16, Episode:16, Steps Left:20000/5000/100000, Reward:753.000000, fps:917.796594, Exploration:0.100000, Collision:0.015400/77 , Avg Loss:5.652592/1000, Avg Q Value:14.296483/4475 
2017-04-15 21:30:35,329 - root - INFO - Epoch:16, Episode:17, Steps Left:15000/5000/100000, Reward:741.000000, fps:931.082057, Exploration:0.100000, Collision:0.014000/70 , Avg Loss:5.663537/1000, Avg Q Value:14.370225/4511 
2017-04-15 21:30:40,774 - root - INFO - Epoch:16, Episode:18, Steps Left:10000/5000/100000, Reward:683.000000, fps:918.417021, Exploration:0.100000, Collision:0.018800/94 , Avg Loss:5.879019/1000, Avg Q Value:14.288231/4473 
2017-04-15 21:30:46,095 - root - INFO - Epoch:16, Episode:19, Steps Left:5000/5000/100000, Reward:728.000000, fps:939.711503, Exploration:0.100000, Collision:0.020000/100 , Avg Loss:5.588840/1000, Avg Q Value:14.396827/4486 
2017-04-15 21:30:51,470 - root - INFO - Epoch:16, Episode:20, Steps Left:0/5000/100000, Reward:736.000000, fps:930.270273, Exploration:0.100000, Collision:0.016400/82 , Avg Loss:5.779444/1000, Avg Q Value:14.366685/4488 
2017-04-15 21:30:51,472 - root - INFO - Epoch:16, FPS:923.012284, Avg Reward: 754.450000/20
2017-04-15 21:30:56,975 - root - INFO - Epoch:17, Episode:1, Steps Left:95000/5000/100000, Reward:811.000000, fps:908.526779, Exploration:0.100000, Collision:0.015000/75 , Avg Loss:6.079540/1000, Avg Q Value:14.495851/4492 
2017-04-15 21:31:02,323 - root - INFO - Epoch:17, Episode:2, Steps Left:90000/5000/100000, Reward:830.000000, fps:934.974912, Exploration:0.100000, Collision:0.016800/84 , Avg Loss:5.893203/1000, Avg Q Value:14.504652/4486 
2017-04-15 21:31:07,702 - root - INFO - Epoch:17, Episode:3, Steps Left:85000/5000/100000, Reward:776.000000, fps:929.512965, Exploration:0.100000, Collision:0.015000/75 , Avg Loss:5.822586/1000, Avg Q Value:14.452285/4499 
2017-04-15 21:31:13,123 - root - INFO - Epoch:17, Episode:4, Steps Left:80000/5000/100000, Reward:744.000000, fps:922.395197, Exploration:0.100000, Collision:0.015400/77 , Avg Loss:6.029055/1000, Avg Q Value:14.415143/4475 
2017-04-15 21:31:18,423 - root - INFO - Epoch:17, Episode:5, Steps Left:75000/5000/100000, Reward:710.000000, fps:943.538849, Exploration:0.100000, Collision:0.014400/72 , Avg Loss:6.098213/1000, Avg Q Value:14.436686/4495 
2017-04-15 21:31:23,941 - root - INFO - Epoch:17, Episode:6, Steps Left:70000/5000/100000, Reward:730.000000, fps:906.134431, Exploration:0.100000, Collision:0.018000/90 , Avg Loss:5.469279/1000, Avg Q Value:14.465769/4507 
2017-04-15 21:31:29,443 - root - INFO - Epoch:17, Episode:7, Steps Left:65000/5000/100000, Reward:755.000000, fps:908.771659, Exploration:0.100000, Collision:0.020000/100 , Avg Loss:5.740520/1000, Avg Q Value:14.503385/4491 
2017-04-15 21:31:35,021 - root - INFO - Epoch:17, Episode:8, Steps Left:60000/5000/100000, Reward:796.000000, fps:896.395861, Exploration:0.100000, Collision:0.018400/92 , Avg Loss:6.589057/1000, Avg Q Value:14.620453/4522 
2017-04-15 21:31:40,385 - root - INFO - Epoch:17, Episode:9, Steps Left:55000/5000/100000, Reward:723.000000, fps:932.163672, Exploration:0.100000, Collision:0.017800/89 , Avg Loss:5.940594/1000, Avg Q Value:14.435996/4530 
2017-04-15 21:31:45,857 - root - INFO - Epoch:17, Episode:10, Steps Left:50000/5000/100000, Reward:757.000000, fps:913.752384, Exploration:0.100000, Collision:0.017400/87 , Avg Loss:5.998638/1000, Avg Q Value:14.476157/4490 
2017-04-15 21:31:51,232 - root - INFO - Epoch:17, Episode:11, Steps Left:45000/5000/100000, Reward:799.000000, fps:930.360489, Exploration:0.100000, Collision:0.017000/85 , Avg Loss:6.263970/1000, Avg Q Value:14.639499/4502 
2017-04-15 21:31:56,669 - root - INFO - Epoch:17, Episode:12, Steps Left:40000/5000/100000, Reward:801.000000, fps:919.571680, Exploration:0.100000, Collision:0.017800/89 , Avg Loss:5.884068/1000, Avg Q Value:14.593689/4494 
2017-04-15 21:32:02,002 - root - INFO - Epoch:17, Episode:13, Steps Left:35000/5000/100000, Reward:762.000000, fps:937.605554, Exploration:0.100000, Collision:0.013800/69 , Avg Loss:5.855668/1000, Avg Q Value:14.651256/4489 
2017-04-15 21:32:07,361 - root - INFO - Epoch:17, Episode:14, Steps Left:30000/5000/100000, Reward:750.000000, fps:933.048874, Exploration:0.100000, Collision:0.016800/84 , Avg Loss:6.033991/1000, Avg Q Value:14.590555/4494 
2017-04-15 21:32:12,776 - root - INFO - Epoch:17, Episode:15, Steps Left:25000/5000/100000, Reward:821.000000, fps:923.430932, Exploration:0.100000, Collision:0.018600/93 , Avg Loss:6.388821/1000, Avg Q Value:14.732676/4487 
2017-04-15 21:32:18,178 - root - INFO - Epoch:17, Episode:16, Steps Left:20000/5000/100000, Reward:789.000000, fps:925.606616, Exploration:0.100000, Collision:0.021200/106 , Avg Loss:5.976356/1000, Avg Q Value:14.718086/4506 
2017-04-15 21:32:23,757 - root - INFO - Epoch:17, Episode:17, Steps Left:15000/5000/100000, Reward:706.000000, fps:896.200458, Exploration:0.100000, Collision:0.016000/80 , Avg Loss:6.103694/1000, Avg Q Value:14.610899/4464 
2017-04-15 21:32:29,387 - root - INFO - Epoch:17, Episode:18, Steps Left:10000/5000/100000, Reward:762.000000, fps:888.201382, Exploration:0.100000, Collision:0.017000/85 , Avg Loss:6.299805/1000, Avg Q Value:14.691392/4486 
2017-04-15 21:32:35,446 - root - INFO - Epoch:17, Episode:19, Steps Left:5000/5000/100000, Reward:746.000000, fps:825.116407, Exploration:0.100000, Collision:0.019600/98 , Avg Loss:5.695267/1000, Avg Q Value:14.690816/4508 
2017-04-15 21:32:40,956 - root - INFO - Epoch:17, Episode:20, Steps Left:0/5000/100000, Reward:715.000000, fps:907.480717, Exploration:0.100000, Collision:0.016400/82 , Avg Loss:5.881742/1000, Avg Q Value:14.674919/4523 
2017-04-15 21:32:40,957 - root - INFO - Epoch:17, FPS:913.367944, Avg Reward: 764.150000/20
2017-04-15 21:32:46,466 - root - INFO - Epoch:18, Episode:1, Steps Left:95000/5000/100000, Reward:745.000000, fps:907.617588, Exploration:0.100000, Collision:0.020200/101 , Avg Loss:6.288944/1000, Avg Q Value:14.793943/4531 
2017-04-15 21:32:51,926 - root - INFO - Epoch:18, Episode:2, Steps Left:90000/5000/100000, Reward:738.000000, fps:915.803256, Exploration:0.100000, Collision:0.017000/85 , Avg Loss:6.008912/1000, Avg Q Value:14.715640/4523 
2017-04-15 21:32:57,894 - root - INFO - Epoch:18, Episode:3, Steps Left:85000/5000/100000, Reward:726.000000, fps:837.879643, Exploration:0.100000, Collision:0.018000/90 , Avg Loss:5.981662/1000, Avg Q Value:14.845968/4483 
2017-04-15 21:33:03,521 - root - INFO - Epoch:18, Episode:4, Steps Left:80000/5000/100000, Reward:725.000000, fps:888.480443, Exploration:0.100000, Collision:0.019600/98 , Avg Loss:5.859550/1000, Avg Q Value:14.845753/4464 
2017-04-15 21:33:09,392 - root - INFO - Epoch:18, Episode:5, Steps Left:75000/5000/100000, Reward:766.000000, fps:851.808632, Exploration:0.100000, Collision:0.015200/76 , Avg Loss:6.017873/1000, Avg Q Value:14.860555/4473 
2017-04-15 21:33:15,210 - root - INFO - Epoch:18, Episode:6, Steps Left:70000/5000/100000, Reward:723.000000, fps:859.298000, Exploration:0.100000, Collision:0.019000/95 , Avg Loss:5.911937/1000, Avg Q Value:14.876029/4501 
