2017-04-18 20:23:11,209 - root - INFO - Nework Params: 
2017-04-18 20:23:11,209 - root - INFO -    fc2_weight: <NDArray 64x128 @gpu(0)>
2017-04-18 20:23:11,209 - root - INFO -    qvalue_weight: <NDArray 4x64 @gpu(0)>
2017-04-18 20:23:11,209 - root - INFO -    fc1_weight: <NDArray 128x74 @gpu(0)>
2017-04-18 20:23:11,209 - root - INFO -    dqn_action: <NDArray 32 @gpu(0)>
2017-04-18 20:23:11,209 - root - INFO -    fc2_bias: <NDArray 64 @gpu(0)>
2017-04-18 20:23:11,209 - root - INFO -    data: <NDArray 32x74 @gpu(0)>
2017-04-18 20:23:11,209 - root - INFO -    dqn_target: <NDArray 32 @gpu(0)>
2017-04-18 20:23:11,209 - root - INFO -    fc1_bias: <NDArray 128 @gpu(0)>
2017-04-18 20:23:11,209 - root - INFO -    qvalue_bias: <NDArray 4 @gpu(0)>
2017-04-18 20:23:11,210 - root - INFO - Nework Aux Params: 
2017-04-18 20:23:11,210 - root - INFO - Optimizer Params: <class 'mxnet.optimizer.Adam'>
2017-04-18 20:23:11,210 - root - INFO -    epsilon: 1e-08
2017-04-18 20:23:11,210 - root - INFO -    beta2: 0.999
2017-04-18 20:23:11,210 - root - INFO -    beta1: 0.9
2017-04-18 20:23:11,210 - root - INFO -    rescale_grad: 1
2017-04-18 20:23:11,210 - root - INFO -    wd: 0.0
2017-04-18 20:23:11,210 - root - INFO -    lr: 0.0002
2017-04-18 20:23:12,972 - root - INFO - Epoch:0, Episode:1, Steps Left:95000/5000/100000, Reward:157.000000, fps:2837.465468, Exploration:1.000000, Collision:0.024000/120 
2017-04-18 20:23:14,706 - root - INFO - Epoch:0, Episode:2, Steps Left:90000/5000/100000, Reward:112.000000, fps:2883.233651, Exploration:1.000000, Collision:0.028600/143 
2017-04-18 20:23:16,417 - root - INFO - Epoch:0, Episode:3, Steps Left:85000/5000/100000, Reward:168.000000, fps:2923.284061, Exploration:1.000000, Collision:0.023000/115 
2017-04-18 20:23:18,155 - root - INFO - Epoch:0, Episode:4, Steps Left:80000/5000/100000, Reward:143.000000, fps:2876.849977, Exploration:1.000000, Collision:0.024200/121 
2017-04-18 20:23:19,905 - root - INFO - Epoch:0, Episode:5, Steps Left:75000/5000/100000, Reward:161.000000, fps:2857.709335, Exploration:1.000000, Collision:0.023800/119 
2017-04-18 20:23:21,651 - root - INFO - Epoch:0, Episode:6, Steps Left:70000/5000/100000, Reward:132.000000, fps:2863.616006, Exploration:1.000000, Collision:0.027800/139 
2017-04-18 20:23:23,407 - root - INFO - Epoch:0, Episode:7, Steps Left:65000/5000/100000, Reward:141.000000, fps:2848.051637, Exploration:1.000000, Collision:0.023000/115 
2017-04-18 20:23:25,179 - root - INFO - Epoch:0, Episode:8, Steps Left:60000/5000/100000, Reward:140.000000, fps:2822.186728, Exploration:1.000000, Collision:0.028200/141 
2017-04-18 20:23:26,920 - root - INFO - Epoch:0, Episode:9, Steps Left:55000/5000/100000, Reward:139.000000, fps:2870.840697, Exploration:1.000000, Collision:0.022800/114 
2017-04-18 20:23:28,654 - root - INFO - Epoch:0, Episode:10, Steps Left:50000/5000/100000, Reward:134.000000, fps:2884.680828, Exploration:1.000000, Collision:0.026600/133 
2017-04-18 20:23:32,442 - root - INFO - Epoch:0, Episode:11, Steps Left:45000/5000/100000, Reward:134.000000, fps:1320.017710, Exploration:0.991002, Collision:0.023600/118 , Avg Loss:1.141567/1000, Avg Q Value:0.030559/20 
2017-04-18 20:23:36,202 - root - INFO - Epoch:0, Episode:12, Steps Left:40000/5000/100000, Reward:151.000000, fps:1329.854782, Exploration:0.982002, Collision:0.022600/113 , Avg Loss:0.612975/1000, Avg Q Value:0.066084/74 
2017-04-18 20:23:40,155 - root - INFO - Epoch:0, Episode:13, Steps Left:35000/5000/100000, Reward:139.000000, fps:1264.954271, Exploration:0.973002, Collision:0.024400/122 , Avg Loss:0.521564/1000, Avg Q Value:0.135239/102 
2017-04-18 20:23:44,056 - root - INFO - Epoch:0, Episode:14, Steps Left:30000/5000/100000, Reward:179.000000, fps:1281.510139, Exploration:0.964002, Collision:0.023800/119 , Avg Loss:0.716071/1000, Avg Q Value:0.179194/146 
2017-04-18 20:23:47,972 - root - INFO - Epoch:0, Episode:15, Steps Left:25000/5000/100000, Reward:173.000000, fps:1277.117677, Exploration:0.955002, Collision:0.026400/132 , Avg Loss:0.932293/1000, Avg Q Value:0.282541/206 
2017-04-18 20:23:51,841 - root - INFO - Epoch:0, Episode:16, Steps Left:20000/5000/100000, Reward:136.000000, fps:1292.305535, Exploration:0.946002, Collision:0.023600/118 , Avg Loss:1.151823/1000, Avg Q Value:0.379527/242 
2017-04-18 20:23:55,749 - root - INFO - Epoch:0, Episode:17, Steps Left:15000/5000/100000, Reward:132.000000, fps:1279.376710, Exploration:0.937002, Collision:0.029200/146 , Avg Loss:1.273622/1000, Avg Q Value:0.456658/301 
2017-04-18 20:23:59,765 - root - INFO - Epoch:0, Episode:18, Steps Left:10000/5000/100000, Reward:152.000000, fps:1245.114453, Exploration:0.928002, Collision:0.022600/113 , Avg Loss:1.735374/1000, Avg Q Value:0.647893/327 
2017-04-18 20:24:03,733 - root - INFO - Epoch:0, Episode:19, Steps Left:5000/5000/100000, Reward:146.000000, fps:1260.133970, Exploration:0.919002, Collision:0.026200/131 , Avg Loss:1.706143/1000, Avg Q Value:0.716584/411 
2017-04-18 20:24:07,719 - root - INFO - Epoch:0, Episode:20, Steps Left:0/5000/100000, Reward:207.000000, fps:1254.474762, Exploration:0.910002, Collision:0.024600/123 , Avg Loss:1.885025/1000, Avg Q Value:0.990241/442 
2017-04-18 20:24:07,719 - root - INFO - Epoch:0, FPS:1769.624918, Avg Reward: 148.800000/20
2017-04-18 20:24:11,657 - root - INFO - Epoch:1, Episode:1, Steps Left:95000/5000/100000, Reward:202.000000, fps:1269.829967, Exploration:0.901002, Collision:0.021800/109 , Avg Loss:2.197834/1000, Avg Q Value:1.101600/480 
2017-04-18 20:24:15,653 - root - INFO - Epoch:1, Episode:2, Steps Left:90000/5000/100000, Reward:212.000000, fps:1251.382492, Exploration:0.892002, Collision:0.023000/115 , Avg Loss:2.000542/1000, Avg Q Value:1.236638/530 
2017-04-18 20:24:19,656 - root - INFO - Epoch:1, Episode:3, Steps Left:85000/5000/100000, Reward:164.000000, fps:1249.003312, Exploration:0.883002, Collision:0.031200/156 , Avg Loss:2.041424/1000, Avg Q Value:1.432627/568 
2017-04-18 20:24:23,777 - root - INFO - Epoch:1, Episode:4, Steps Left:80000/5000/100000, Reward:206.000000, fps:1213.311276, Exploration:0.874002, Collision:0.022200/111 , Avg Loss:2.033374/1000, Avg Q Value:1.536835/605 
2017-04-18 20:24:28,019 - root - INFO - Epoch:1, Episode:5, Steps Left:75000/5000/100000, Reward:195.000000, fps:1178.772945, Exploration:0.865002, Collision:0.028200/141 , Avg Loss:2.144060/1000, Avg Q Value:1.775206/672 
2017-04-18 20:24:32,063 - root - INFO - Epoch:1, Episode:6, Steps Left:70000/5000/100000, Reward:221.000000, fps:1236.343652, Exploration:0.856002, Collision:0.025600/128 , Avg Loss:2.065897/1000, Avg Q Value:1.971764/699 
2017-04-18 20:24:36,155 - root - INFO - Epoch:1, Episode:7, Steps Left:65000/5000/100000, Reward:245.000000, fps:1222.065702, Exploration:0.847002, Collision:0.026800/134 , Avg Loss:2.142803/1000, Avg Q Value:2.151143/760 
2017-04-18 20:24:40,308 - root - INFO - Epoch:1, Episode:8, Steps Left:60000/5000/100000, Reward:231.000000, fps:1203.960600, Exploration:0.838002, Collision:0.024200/121 , Avg Loss:2.447726/1000, Avg Q Value:2.313299/774 
2017-04-18 20:24:44,905 - root - INFO - Epoch:1, Episode:9, Steps Left:55000/5000/100000, Reward:237.000000, fps:1087.712719, Exploration:0.829002, Collision:0.026600/133 , Avg Loss:2.236689/1000, Avg Q Value:2.444519/818 
2017-04-18 20:24:49,231 - root - INFO - Epoch:1, Episode:10, Steps Left:50000/5000/100000, Reward:215.000000, fps:1155.984917, Exploration:0.820002, Collision:0.024000/120 , Avg Loss:2.303940/1000, Avg Q Value:2.551321/857 
2017-04-18 20:24:53,822 - root - INFO - Epoch:1, Episode:11, Steps Left:45000/5000/100000, Reward:219.000000, fps:1088.952847, Exploration:0.811002, Collision:0.025800/129 , Avg Loss:2.337577/1000, Avg Q Value:2.741318/907 
2017-04-18 20:24:58,306 - root - INFO - Epoch:1, Episode:12, Steps Left:40000/5000/100000, Reward:255.000000, fps:1115.190986, Exploration:0.802002, Collision:0.022000/110 , Avg Loss:2.338805/1000, Avg Q Value:2.925668/971 
2017-04-18 20:25:02,503 - root - INFO - Epoch:1, Episode:13, Steps Left:35000/5000/100000, Reward:261.000000, fps:1191.483820, Exploration:0.793002, Collision:0.024800/124 , Avg Loss:2.249713/1000, Avg Q Value:3.066605/1005 
2017-04-18 20:25:06,765 - root - INFO - Epoch:1, Episode:14, Steps Left:30000/5000/100000, Reward:293.000000, fps:1173.063754, Exploration:0.784002, Collision:0.024600/123 , Avg Loss:2.353467/1000, Avg Q Value:3.185084/1069 
2017-04-18 20:25:10,801 - root - INFO - Epoch:1, Episode:15, Steps Left:25000/5000/100000, Reward:254.000000, fps:1239.026884, Exploration:0.775002, Collision:0.025600/128 , Avg Loss:2.385887/1000, Avg Q Value:3.317691/1121 
2017-04-18 20:25:15,131 - root - INFO - Epoch:1, Episode:16, Steps Left:20000/5000/100000, Reward:264.000000, fps:1154.779958, Exploration:0.766002, Collision:0.021400/107 , Avg Loss:2.327898/1000, Avg Q Value:3.469295/1126 
2017-04-18 20:25:19,165 - root - INFO - Epoch:1, Episode:17, Steps Left:15000/5000/100000, Reward:272.000000, fps:1239.462964, Exploration:0.757002, Collision:0.024800/124 , Avg Loss:2.452630/1000, Avg Q Value:3.574029/1218 
2017-04-18 20:25:23,878 - root - INFO - Epoch:1, Episode:18, Steps Left:10000/5000/100000, Reward:265.000000, fps:1060.907995, Exploration:0.748002, Collision:0.030800/154 , Avg Loss:2.388867/1000, Avg Q Value:3.685225/1215 
2017-04-18 20:25:28,582 - root - INFO - Epoch:1, Episode:19, Steps Left:5000/5000/100000, Reward:267.000000, fps:1062.993164, Exploration:0.739002, Collision:0.027400/137 , Avg Loss:2.138306/1000, Avg Q Value:3.780809/1247 
2017-04-18 20:25:33,347 - root - INFO - Epoch:1, Episode:20, Steps Left:0/5000/100000, Reward:275.000000, fps:1049.189986, Exploration:0.730002, Collision:0.027000/135 , Avg Loss:2.142222/1000, Avg Q Value:3.942003/1275 
2017-04-18 20:25:33,348 - root - INFO - Epoch:1, FPS:1167.841475, Avg Reward: 237.650000/20
2017-04-18 20:25:38,216 - root - INFO - Epoch:2, Episode:1, Steps Left:95000/5000/100000, Reward:325.000000, fps:1027.211440, Exploration:0.721002, Collision:0.024200/121 , Avg Loss:2.246230/1000, Avg Q Value:4.101708/1325 
2017-04-18 20:25:42,906 - root - INFO - Epoch:2, Episode:2, Steps Left:90000/5000/100000, Reward:294.000000, fps:1066.034880, Exploration:0.712002, Collision:0.023600/118 , Avg Loss:2.382839/1000, Avg Q Value:4.155793/1392 
2017-04-18 20:25:47,735 - root - INFO - Epoch:2, Episode:3, Steps Left:85000/5000/100000, Reward:333.000000, fps:1035.516787, Exploration:0.703002, Collision:0.025200/126 , Avg Loss:2.189764/1000, Avg Q Value:4.282583/1490 
2017-04-18 20:25:52,348 - root - INFO - Epoch:2, Episode:4, Steps Left:80000/5000/100000, Reward:327.000000, fps:1083.903224, Exploration:0.694002, Collision:0.025000/125 , Avg Loss:2.162224/1000, Avg Q Value:4.472976/1459 
2017-04-18 20:25:56,970 - root - INFO - Epoch:2, Episode:5, Steps Left:75000/5000/100000, Reward:375.000000, fps:1081.771065, Exploration:0.685002, Collision:0.022200/111 , Avg Loss:2.152110/1000, Avg Q Value:4.596119/1517 
2017-04-18 20:26:01,524 - root - INFO - Epoch:2, Episode:6, Steps Left:70000/5000/100000, Reward:327.000000, fps:1097.934697, Exploration:0.676002, Collision:0.021800/109 , Avg Loss:2.339986/1000, Avg Q Value:4.650344/1611 
2017-04-18 20:26:06,188 - root - INFO - Epoch:2, Episode:7, Steps Left:65000/5000/100000, Reward:333.000000, fps:1072.089879, Exploration:0.667002, Collision:0.027400/137 , Avg Loss:2.182669/1000, Avg Q Value:4.833367/1675 
2017-04-18 20:26:10,955 - root - INFO - Epoch:2, Episode:8, Steps Left:60000/5000/100000, Reward:312.000000, fps:1048.877500, Exploration:0.658002, Collision:0.026000/130 , Avg Loss:2.189517/1000, Avg Q Value:4.908977/1661 
2017-04-18 20:26:15,627 - root - INFO - Epoch:2, Episode:9, Steps Left:55000/5000/100000, Reward:372.000000, fps:1070.387391, Exploration:0.649002, Collision:0.023800/119 , Avg Loss:2.181446/1000, Avg Q Value:5.028500/1736 
2017-04-18 20:26:20,243 - root - INFO - Epoch:2, Episode:10, Steps Left:50000/5000/100000, Reward:376.000000, fps:1083.160502, Exploration:0.640002, Collision:0.024600/123 , Avg Loss:2.298769/1000, Avg Q Value:5.184183/1802 
2017-04-18 20:26:24,732 - root - INFO - Epoch:2, Episode:11, Steps Left:45000/5000/100000, Reward:336.000000, fps:1113.806051, Exploration:0.631002, Collision:0.024800/124 , Avg Loss:2.071504/1000, Avg Q Value:5.268535/1754 
2017-04-18 20:26:29,311 - root - INFO - Epoch:2, Episode:12, Steps Left:40000/5000/100000, Reward:360.000000, fps:1092.090795, Exploration:0.622002, Collision:0.025800/129 , Avg Loss:2.148887/1000, Avg Q Value:5.386869/1859 
2017-04-18 20:26:33,892 - root - INFO - Epoch:2, Episode:13, Steps Left:35000/5000/100000, Reward:356.000000, fps:1091.383044, Exploration:0.613002, Collision:0.020800/104 , Avg Loss:2.226631/1000, Avg Q Value:5.484298/1907 
2017-04-18 20:26:38,600 - root - INFO - Epoch:2, Episode:14, Steps Left:30000/5000/100000, Reward:398.000000, fps:1062.107354, Exploration:0.604002, Collision:0.022200/111 , Avg Loss:1.950222/1000, Avg Q Value:5.580343/1936 
2017-04-18 20:26:43,265 - root - INFO - Epoch:2, Episode:15, Steps Left:25000/5000/100000, Reward:463.000000, fps:1071.768864, Exploration:0.595002, Collision:0.020400/102 , Avg Loss:1.913676/1000, Avg Q Value:5.703413/2003 
2017-04-18 20:26:47,959 - root - INFO - Epoch:2, Episode:16, Steps Left:20000/5000/100000, Reward:398.000000, fps:1065.370501, Exploration:0.586002, Collision:0.022200/111 , Avg Loss:2.117978/1000, Avg Q Value:5.805510/2011 
2017-04-18 20:26:52,557 - root - INFO - Epoch:2, Episode:17, Steps Left:15000/5000/100000, Reward:398.000000, fps:1087.328384, Exploration:0.577002, Collision:0.021200/106 , Avg Loss:1.996870/1000, Avg Q Value:5.889903/2056 
2017-04-18 20:26:57,232 - root - INFO - Epoch:2, Episode:18, Steps Left:10000/5000/100000, Reward:478.000000, fps:1069.561273, Exploration:0.568002, Collision:0.022600/113 , Avg Loss:2.221175/1000, Avg Q Value:6.046338/2192 
2017-04-18 20:27:01,859 - root - INFO - Epoch:2, Episode:19, Steps Left:5000/5000/100000, Reward:413.000000, fps:1080.638546, Exploration:0.559002, Collision:0.025200/126 , Avg Loss:2.120749/1000, Avg Q Value:6.091801/2195 
2017-04-18 20:27:06,579 - root - INFO - Epoch:2, Episode:20, Steps Left:0/5000/100000, Reward:490.000000, fps:1059.447521, Exploration:0.550002, Collision:0.017400/87 , Avg Loss:2.071045/1000, Avg Q Value:6.202732/2245 
2017-04-18 20:27:06,579 - root - INFO - Epoch:2, FPS:1072.606101, Avg Reward: 373.200000/20
2017-04-18 20:27:11,485 - root - INFO - Epoch:3, Episode:1, Steps Left:95000/5000/100000, Reward:420.000000, fps:1019.246816, Exploration:0.541002, Collision:0.021400/107 , Avg Loss:2.016164/1000, Avg Q Value:6.279142/2272 
2017-04-18 20:27:16,328 - root - INFO - Epoch:3, Episode:2, Steps Left:90000/5000/100000, Reward:471.000000, fps:1032.431965, Exploration:0.532002, Collision:0.020800/104 , Avg Loss:2.007030/1000, Avg Q Value:6.406865/2328 
2017-04-18 20:27:21,147 - root - INFO - Epoch:3, Episode:3, Steps Left:85000/5000/100000, Reward:477.000000, fps:1037.603807, Exploration:0.523002, Collision:0.022400/112 , Avg Loss:2.091343/1000, Avg Q Value:6.533478/2345 
2017-04-18 20:27:25,863 - root - INFO - Epoch:3, Episode:4, Steps Left:80000/5000/100000, Reward:454.000000, fps:1060.407175, Exploration:0.514002, Collision:0.026200/131 , Avg Loss:2.137395/1000, Avg Q Value:6.605688/2425 
2017-04-18 20:27:30,668 - root - INFO - Epoch:3, Episode:5, Steps Left:75000/5000/100000, Reward:443.000000, fps:1040.518175, Exploration:0.505002, Collision:0.021000/105 , Avg Loss:1.921966/1000, Avg Q Value:6.637577/2505 
2017-04-18 20:27:35,663 - root - INFO - Epoch:3, Episode:6, Steps Left:70000/5000/100000, Reward:460.000000, fps:1001.067107, Exploration:0.496002, Collision:0.022000/110 , Avg Loss:1.930090/1000, Avg Q Value:6.818292/2541 
2017-04-18 20:27:40,639 - root - INFO - Epoch:3, Episode:7, Steps Left:65000/5000/100000, Reward:443.000000, fps:1004.751454, Exploration:0.487002, Collision:0.023600/118 , Avg Loss:2.171218/1000, Avg Q Value:6.840607/2561 
2017-04-18 20:27:45,741 - root - INFO - Epoch:3, Episode:8, Steps Left:60000/5000/100000, Reward:517.000000, fps:980.080066, Exploration:0.478002, Collision:0.021600/108 , Avg Loss:2.190690/1000, Avg Q Value:6.991533/2650 
2017-04-18 20:27:50,679 - root - INFO - Epoch:3, Episode:9, Steps Left:55000/5000/100000, Reward:454.000000, fps:1012.574178, Exploration:0.469002, Collision:0.022800/114 , Avg Loss:1.980259/1000, Avg Q Value:7.038308/2644 
2017-04-18 20:27:55,602 - root - INFO - Epoch:3, Episode:10, Steps Left:50000/5000/100000, Reward:529.000000, fps:1015.622503, Exploration:0.460002, Collision:0.019200/96 , Avg Loss:2.086945/1000, Avg Q Value:7.150441/2718 
2017-04-18 20:28:00,420 - root - INFO - Epoch:3, Episode:11, Steps Left:45000/5000/100000, Reward:546.000000, fps:1037.836160, Exploration:0.451002, Collision:0.022400/112 , Avg Loss:2.160583/1000, Avg Q Value:7.268119/2762 
2017-04-18 20:28:05,525 - root - INFO - Epoch:3, Episode:12, Steps Left:40000/5000/100000, Reward:549.000000, fps:979.509831, Exploration:0.442002, Collision:0.021000/105 , Avg Loss:1.794046/1000, Avg Q Value:7.354826/2795 
2017-04-18 20:28:10,492 - root - INFO - Epoch:3, Episode:13, Steps Left:35000/5000/100000, Reward:477.000000, fps:1006.694296, Exploration:0.433002, Collision:0.025200/126 , Avg Loss:2.095797/1000, Avg Q Value:7.404074/2802 
2017-04-18 20:28:15,588 - root - INFO - Epoch:3, Episode:14, Steps Left:30000/5000/100000, Reward:488.000000, fps:981.213670, Exploration:0.424002, Collision:0.028600/143 , Avg Loss:2.144023/1000, Avg Q Value:7.513339/2803 
2017-04-18 20:28:20,461 - root - INFO - Epoch:3, Episode:15, Steps Left:25000/5000/100000, Reward:546.000000, fps:1026.095028, Exploration:0.415002, Collision:0.021000/105 , Avg Loss:1.996677/1000, Avg Q Value:7.611936/2880 
2017-04-18 20:28:25,666 - root - INFO - Epoch:3, Episode:16, Steps Left:20000/5000/100000, Reward:551.000000, fps:960.616304, Exploration:0.406002, Collision:0.022200/111 , Avg Loss:2.148417/1000, Avg Q Value:7.720760/2986 
2017-04-18 20:28:30,767 - root - INFO - Epoch:3, Episode:17, Steps Left:15000/5000/100000, Reward:502.000000, fps:980.220885, Exploration:0.397002, Collision:0.026800/134 , Avg Loss:2.125845/1000, Avg Q Value:7.763021/3005 
2017-04-18 20:28:35,655 - root - INFO - Epoch:3, Episode:18, Steps Left:10000/5000/100000, Reward:503.000000, fps:1022.877282, Exploration:0.388002, Collision:0.027400/137 , Avg Loss:1.996588/1000, Avg Q Value:7.860062/3040 
2017-04-18 20:28:40,671 - root - INFO - Epoch:3, Episode:19, Steps Left:5000/5000/100000, Reward:569.000000, fps:996.854693, Exploration:0.379002, Collision:0.022200/111 , Avg Loss:2.036083/1000, Avg Q Value:7.943547/3066 
2017-04-18 20:28:45,602 - root - INFO - Epoch:3, Episode:20, Steps Left:0/5000/100000, Reward:609.000000, fps:1014.166693, Exploration:0.370002, Collision:0.027800/139 , Avg Loss:2.073880/1000, Avg Q Value:8.104772/3172 
2017-04-18 20:28:45,602 - root - INFO - Epoch:3, FPS:1009.874971, Avg Reward: 500.400000/20
2017-04-18 20:28:50,529 - root - INFO - Epoch:4, Episode:1, Steps Left:95000/5000/100000, Reward:583.000000, fps:1014.906330, Exploration:0.361002, Collision:0.020800/104 , Avg Loss:2.184562/1000, Avg Q Value:8.161757/3179 
2017-04-18 20:28:55,914 - root - INFO - Epoch:4, Episode:2, Steps Left:90000/5000/100000, Reward:575.000000, fps:928.482006, Exploration:0.352002, Collision:0.028800/144 , Avg Loss:2.286325/1000, Avg Q Value:8.225439/3224 
2017-04-18 20:29:01,166 - root - INFO - Epoch:4, Episode:3, Steps Left:85000/5000/100000, Reward:529.000000, fps:952.015366, Exploration:0.343002, Collision:0.027000/135 , Avg Loss:2.000241/1000, Avg Q Value:8.313265/3173 
2017-04-18 20:29:06,307 - root - INFO - Epoch:4, Episode:4, Steps Left:80000/5000/100000, Reward:518.000000, fps:972.630934, Exploration:0.334002, Collision:0.021800/109 , Avg Loss:1.944002/1000, Avg Q Value:8.365575/3275 
2017-04-18 20:29:11,400 - root - INFO - Epoch:4, Episode:5, Steps Left:75000/5000/100000, Reward:581.000000, fps:981.855667, Exploration:0.325002, Collision:0.023400/117 , Avg Loss:1.983761/1000, Avg Q Value:8.451072/3307 
2017-04-18 20:29:16,506 - root - INFO - Epoch:4, Episode:6, Steps Left:70000/5000/100000, Reward:619.000000, fps:979.191426, Exploration:0.316002, Collision:0.024400/122 , Avg Loss:2.059701/1000, Avg Q Value:8.554256/3475 
2017-04-18 20:29:21,986 - root - INFO - Epoch:4, Episode:7, Steps Left:65000/5000/100000, Reward:645.000000, fps:912.469852, Exploration:0.307002, Collision:0.023000/115 , Avg Loss:2.303663/1000, Avg Q Value:8.669062/3485 
2017-04-18 20:29:27,681 - root - INFO - Epoch:4, Episode:8, Steps Left:60000/5000/100000, Reward:546.000000, fps:877.912122, Exploration:0.298002, Collision:0.020400/102 , Avg Loss:1.976556/1000, Avg Q Value:8.678159/3470 
2017-04-18 20:29:32,762 - root - INFO - Epoch:4, Episode:9, Steps Left:55000/5000/100000, Reward:568.000000, fps:984.095642, Exploration:0.289002, Collision:0.024400/122 , Avg Loss:2.109448/1000, Avg Q Value:8.743924/3566 
2017-04-18 20:29:37,785 - root - INFO - Epoch:4, Episode:10, Steps Left:50000/5000/100000, Reward:596.000000, fps:995.440907, Exploration:0.280002, Collision:0.022600/113 , Avg Loss:2.038033/1000, Avg Q Value:8.851059/3556 
2017-04-18 20:29:42,780 - root - INFO - Epoch:4, Episode:11, Steps Left:45000/5000/100000, Reward:612.000000, fps:1001.041686, Exploration:0.271002, Collision:0.018600/93 , Avg Loss:1.958615/1000, Avg Q Value:8.955518/3588 
2017-04-18 20:29:47,919 - root - INFO - Epoch:4, Episode:12, Steps Left:40000/5000/100000, Reward:666.000000, fps:973.133125, Exploration:0.262002, Collision:0.018000/90 , Avg Loss:2.025625/1000, Avg Q Value:9.012969/3635 
2017-04-18 20:29:53,009 - root - INFO - Epoch:4, Episode:13, Steps Left:35000/5000/100000, Reward:613.000000, fps:982.252080, Exploration:0.253002, Collision:0.020400/102 , Avg Loss:1.944234/1000, Avg Q Value:9.071592/3675 
2017-04-18 20:29:58,108 - root - INFO - Epoch:4, Episode:14, Steps Left:30000/5000/100000, Reward:594.000000, fps:980.597867, Exploration:0.244002, Collision:0.022000/110 , Avg Loss:2.179268/1000, Avg Q Value:9.092470/3824 
2017-04-18 20:30:03,387 - root - INFO - Epoch:4, Episode:15, Steps Left:25000/5000/100000, Reward:598.000000, fps:947.162377, Exploration:0.235002, Collision:0.026400/132 , Avg Loss:2.005603/1000, Avg Q Value:9.222103/3795 
2017-04-18 20:30:08,712 - root - INFO - Epoch:4, Episode:16, Steps Left:20000/5000/100000, Reward:623.000000, fps:938.977890, Exploration:0.226002, Collision:0.023600/118 , Avg Loss:2.083157/1000, Avg Q Value:9.286710/3855 
2017-04-18 20:30:13,966 - root - INFO - Epoch:4, Episode:17, Steps Left:15000/5000/100000, Reward:635.000000, fps:951.696831, Exploration:0.217002, Collision:0.020000/100 , Avg Loss:1.971679/1000, Avg Q Value:9.338404/3879 
2017-04-18 20:30:19,304 - root - INFO - Epoch:4, Episode:18, Steps Left:10000/5000/100000, Reward:662.000000, fps:936.691983, Exploration:0.208002, Collision:0.023000/115 , Avg Loss:2.103591/1000, Avg Q Value:9.423814/3957 
2017-04-18 20:30:24,489 - root - INFO - Epoch:4, Episode:19, Steps Left:5000/5000/100000, Reward:608.000000, fps:964.353068, Exploration:0.199002, Collision:0.021200/106 , Avg Loss:2.130286/1000, Avg Q Value:9.441553/3940 
2017-04-18 20:30:29,952 - root - INFO - Epoch:4, Episode:20, Steps Left:0/5000/100000, Reward:580.000000, fps:915.376699, Exploration:0.190002, Collision:0.021800/109 , Avg Loss:2.111873/1000, Avg Q Value:9.493123/4037 
2017-04-18 20:30:29,957 - root - INFO - Epoch:4, FPS:958.317170, Avg Reward: 597.550000/20
2017-04-18 20:30:35,424 - root - INFO - Epoch:5, Episode:1, Steps Left:95000/5000/100000, Reward:690.000000, fps:914.629554, Exploration:0.181002, Collision:0.024400/122 , Avg Loss:2.063885/1000, Avg Q Value:9.651491/4114 
2017-04-18 20:30:40,758 - root - INFO - Epoch:5, Episode:2, Steps Left:90000/5000/100000, Reward:685.000000, fps:937.303374, Exploration:0.172002, Collision:0.019200/96 , Avg Loss:2.286469/1000, Avg Q Value:9.703256/4130 
2017-04-18 20:30:46,250 - root - INFO - Epoch:5, Episode:3, Steps Left:85000/5000/100000, Reward:679.000000, fps:910.579933, Exploration:0.163002, Collision:0.020800/104 , Avg Loss:2.134182/1000, Avg Q Value:9.743078/4203 
2017-04-18 20:30:51,685 - root - INFO - Epoch:5, Episode:4, Steps Left:80000/5000/100000, Reward:650.000000, fps:919.876534, Exploration:0.154002, Collision:0.022400/112 , Avg Loss:2.183864/1000, Avg Q Value:9.775738/4193 
2017-04-18 20:30:57,393 - root - INFO - Epoch:5, Episode:5, Steps Left:75000/5000/100000, Reward:674.000000, fps:876.026615, Exploration:0.145002, Collision:0.021400/107 , Avg Loss:2.257318/1000, Avg Q Value:9.889473/4241 
2017-04-18 20:31:03,253 - root - INFO - Epoch:5, Episode:6, Steps Left:70000/5000/100000, Reward:644.000000, fps:853.199084, Exploration:0.136002, Collision:0.017400/87 , Avg Loss:2.075638/1000, Avg Q Value:9.917731/4294 
2017-04-18 20:31:08,814 - root - INFO - Epoch:5, Episode:7, Steps Left:65000/5000/100000, Reward:695.000000, fps:899.233811, Exploration:0.127002, Collision:0.020400/102 , Avg Loss:2.046464/1000, Avg Q Value:10.015588/4335 
2017-04-18 20:31:14,190 - root - INFO - Epoch:5, Episode:8, Steps Left:60000/5000/100000, Reward:722.000000, fps:930.130775, Exploration:0.118002, Collision:0.017600/88 , Avg Loss:2.005568/1000, Avg Q Value:10.039060/4387 
2017-04-18 20:31:19,516 - root - INFO - Epoch:5, Episode:9, Steps Left:55000/5000/100000, Reward:668.000000, fps:938.706085, Exploration:0.109002, Collision:0.022000/110 , Avg Loss:2.091439/1000, Avg Q Value:10.113155/4428 
2017-04-18 20:31:24,744 - root - INFO - Epoch:5, Episode:10, Steps Left:50000/5000/100000, Reward:703.000000, fps:956.506858, Exploration:0.100002, Collision:0.020800/104 , Avg Loss:2.243505/1000, Avg Q Value:10.201672/4463 
2017-04-18 20:31:30,297 - root - INFO - Epoch:5, Episode:11, Steps Left:45000/5000/100000, Reward:670.000000, fps:900.399621, Exploration:0.100000, Collision:0.021000/105 , Avg Loss:1.969642/1000, Avg Q Value:10.221742/4501 
2017-04-18 20:31:35,684 - root - INFO - Epoch:5, Episode:12, Steps Left:40000/5000/100000, Reward:663.000000, fps:928.144187, Exploration:0.100000, Collision:0.021400/107 , Avg Loss:2.049026/1000, Avg Q Value:10.293992/4502 
2017-04-18 20:31:41,009 - root - INFO - Epoch:5, Episode:13, Steps Left:35000/5000/100000, Reward:689.000000, fps:939.002065, Exploration:0.100000, Collision:0.016600/83 , Avg Loss:2.176367/1000, Avg Q Value:10.296227/4507 
2017-04-18 20:31:46,633 - root - INFO - Epoch:5, Episode:14, Steps Left:30000/5000/100000, Reward:740.000000, fps:889.174527, Exploration:0.100000, Collision:0.022200/111 , Avg Loss:2.146235/1000, Avg Q Value:10.449981/4463 
2017-04-18 20:31:52,300 - root - INFO - Epoch:5, Episode:15, Steps Left:25000/5000/100000, Reward:669.000000, fps:882.300884, Exploration:0.100000, Collision:0.019800/99 , Avg Loss:2.217094/1000, Avg Q Value:10.464278/4502 
2017-04-18 20:31:57,703 - root - INFO - Epoch:5, Episode:16, Steps Left:20000/5000/100000, Reward:697.000000, fps:925.402764, Exploration:0.100000, Collision:0.018000/90 , Avg Loss:2.174185/1000, Avg Q Value:10.564216/4490 
2017-04-18 20:32:03,143 - root - INFO - Epoch:5, Episode:17, Steps Left:15000/5000/100000, Reward:676.000000, fps:919.086541, Exploration:0.100000, Collision:0.020600/103 , Avg Loss:2.291964/1000, Avg Q Value:10.575707/4513 
2017-04-18 20:32:08,585 - root - INFO - Epoch:5, Episode:18, Steps Left:10000/5000/100000, Reward:693.000000, fps:918.827335, Exploration:0.100000, Collision:0.022000/110 , Avg Loss:2.183296/1000, Avg Q Value:10.627602/4474 
2017-04-18 20:32:14,296 - root - INFO - Epoch:5, Episode:19, Steps Left:5000/5000/100000, Reward:701.000000, fps:875.540081, Exploration:0.100000, Collision:0.020800/104 , Avg Loss:2.268342/1000, Avg Q Value:10.703446/4486 
2017-04-18 20:32:19,994 - root - INFO - Epoch:5, Episode:20, Steps Left:0/5000/100000, Reward:702.000000, fps:877.586076, Exploration:0.100000, Collision:0.022800/114 , Avg Loss:2.099572/1000, Avg Q Value:10.760939/4517 
2017-04-18 20:32:19,994 - root - INFO - Epoch:5, FPS:908.786797, Avg Reward: 685.500000/20
2017-04-18 20:32:25,552 - root - INFO - Epoch:6, Episode:1, Steps Left:95000/5000/100000, Reward:679.000000, fps:899.728359, Exploration:0.100000, Collision:0.024800/124 , Avg Loss:2.161638/1000, Avg Q Value:10.799856/4502 
2017-04-18 20:32:31,101 - root - INFO - Epoch:6, Episode:2, Steps Left:90000/5000/100000, Reward:745.000000, fps:901.064877, Exploration:0.100000, Collision:0.023000/115 , Avg Loss:2.123245/1000, Avg Q Value:10.865365/4499 
2017-04-18 20:32:36,879 - root - INFO - Epoch:6, Episode:3, Steps Left:85000/5000/100000, Reward:688.000000, fps:865.347280, Exploration:0.100000, Collision:0.023800/119 , Avg Loss:2.189809/1000, Avg Q Value:10.914823/4498 
2017-04-18 20:32:42,349 - root - INFO - Epoch:6, Episode:4, Steps Left:80000/5000/100000, Reward:684.000000, fps:914.144991, Exploration:0.100000, Collision:0.018200/91 , Avg Loss:2.130648/1000, Avg Q Value:10.909176/4482 
2017-04-18 20:32:47,698 - root - INFO - Epoch:6, Episode:5, Steps Left:75000/5000/100000, Reward:731.000000, fps:934.707502, Exploration:0.100000, Collision:0.020200/101 , Avg Loss:2.163429/1000, Avg Q Value:11.014484/4510 
2017-04-18 20:32:53,247 - root - INFO - Epoch:6, Episode:6, Steps Left:70000/5000/100000, Reward:698.000000, fps:901.102084, Exploration:0.100000, Collision:0.019800/99 , Avg Loss:2.203783/1000, Avg Q Value:11.076379/4474 
2017-04-18 20:32:58,803 - root - INFO - Epoch:6, Episode:7, Steps Left:65000/5000/100000, Reward:710.000000, fps:900.010115, Exploration:0.100000, Collision:0.018400/92 , Avg Loss:2.247761/1000, Avg Q Value:11.101716/4516 
2017-04-18 20:33:04,564 - root - INFO - Epoch:6, Episode:8, Steps Left:60000/5000/100000, Reward:716.000000, fps:867.934990, Exploration:0.100000, Collision:0.021600/108 , Avg Loss:2.257961/1000, Avg Q Value:11.169505/4466 
2017-04-18 20:33:10,448 - root - INFO - Epoch:6, Episode:9, Steps Left:55000/5000/100000, Reward:687.000000, fps:849.692338, Exploration:0.100000, Collision:0.019600/98 , Avg Loss:2.263137/1000, Avg Q Value:11.229261/4484 
2017-04-18 20:33:16,074 - root - INFO - Epoch:6, Episode:10, Steps Left:50000/5000/100000, Reward:753.000000, fps:888.856037, Exploration:0.100000, Collision:0.019200/96 , Avg Loss:2.174334/1000, Avg Q Value:11.316993/4484 
2017-04-18 20:33:21,733 - root - INFO - Epoch:6, Episode:11, Steps Left:45000/5000/100000, Reward:703.000000, fps:883.520872, Exploration:0.100000, Collision:0.025800/129 , Avg Loss:2.143251/1000, Avg Q Value:11.335253/4510 
2017-04-18 20:33:27,221 - root - INFO - Epoch:6, Episode:12, Steps Left:40000/5000/100000, Reward:711.000000, fps:911.095672, Exploration:0.100000, Collision:0.020000/100 , Avg Loss:2.021694/1000, Avg Q Value:11.394702/4456 
2017-04-18 20:33:32,635 - root - INFO - Epoch:6, Episode:13, Steps Left:35000/5000/100000, Reward:671.000000, fps:923.507340, Exploration:0.100000, Collision:0.020200/101 , Avg Loss:2.224295/1000, Avg Q Value:11.396803/4525 
2017-04-18 20:33:38,203 - root - INFO - Epoch:6, Episode:14, Steps Left:30000/5000/100000, Reward:765.000000, fps:898.030446, Exploration:0.100000, Collision:0.022400/112 , Avg Loss:2.227044/1000, Avg Q Value:11.530333/4497 
2017-04-18 20:33:43,782 - root - INFO - Epoch:6, Episode:15, Steps Left:25000/5000/100000, Reward:720.000000, fps:896.264038, Exploration:0.100000, Collision:0.016600/83 , Avg Loss:2.159629/1000, Avg Q Value:11.503515/4485 
2017-04-18 20:33:49,205 - root - INFO - Epoch:6, Episode:16, Steps Left:20000/5000/100000, Reward:735.000000, fps:922.020645, Exploration:0.100000, Collision:0.023800/119 , Avg Loss:2.262494/1000, Avg Q Value:11.604591/4478 
2017-04-18 20:33:54,671 - root - INFO - Epoch:6, Episode:17, Steps Left:15000/5000/100000, Reward:712.000000, fps:914.875420, Exploration:0.100000, Collision:0.018800/94 , Avg Loss:2.299301/1000, Avg Q Value:11.582366/4504 
2017-04-18 20:34:00,458 - root - INFO - Epoch:6, Episode:18, Steps Left:10000/5000/100000, Reward:676.000000, fps:863.972364, Exploration:0.100000, Collision:0.020000/100 , Avg Loss:2.381814/1000, Avg Q Value:11.598164/4512 
2017-04-18 20:34:06,124 - root - INFO - Epoch:6, Episode:19, Steps Left:5000/5000/100000, Reward:681.000000, fps:882.542116, Exploration:0.100000, Collision:0.021600/108 , Avg Loss:2.294739/1000, Avg Q Value:11.700734/4508 
2017-04-18 20:34:11,570 - root - INFO - Epoch:6, Episode:20, Steps Left:0/5000/100000, Reward:702.000000, fps:918.095408, Exploration:0.100000, Collision:0.020000/100 , Avg Loss:2.621474/1000, Avg Q Value:11.726550/4484 
2017-04-18 20:34:11,571 - root - INFO - Epoch:6, FPS:896.251496, Avg Reward: 708.350000/20
2017-04-18 20:34:17,272 - root - INFO - Epoch:7, Episode:1, Steps Left:95000/5000/100000, Reward:704.000000, fps:877.056982, Exploration:0.100000, Collision:0.022800/114 , Avg Loss:2.106843/1000, Avg Q Value:11.741510/4501 
2017-04-18 20:34:22,719 - root - INFO - Epoch:7, Episode:2, Steps Left:90000/5000/100000, Reward:693.000000, fps:917.887258, Exploration:0.100000, Collision:0.020800/104 , Avg Loss:2.332950/1000, Avg Q Value:11.799231/4497 
2017-04-18 20:34:28,153 - root - INFO - Epoch:7, Episode:3, Steps Left:85000/5000/100000, Reward:708.000000, fps:920.272363, Exploration:0.100000, Collision:0.019400/97 , Avg Loss:2.285285/1000, Avg Q Value:11.842217/4496 
2017-04-18 20:34:33,417 - root - INFO - Epoch:7, Episode:4, Steps Left:80000/5000/100000, Reward:724.000000, fps:949.790821, Exploration:0.100000, Collision:0.021000/105 , Avg Loss:2.397061/1000, Avg Q Value:11.896484/4533 
2017-04-18 20:34:39,007 - root - INFO - Epoch:7, Episode:5, Steps Left:75000/5000/100000, Reward:733.000000, fps:894.445927, Exploration:0.100000, Collision:0.019000/95 , Avg Loss:2.248851/1000, Avg Q Value:11.948541/4510 
2017-04-18 20:34:44,765 - root - INFO - Epoch:7, Episode:6, Steps Left:70000/5000/100000, Reward:689.000000, fps:868.469891, Exploration:0.100000, Collision:0.023800/119 , Avg Loss:2.436659/1000, Avg Q Value:11.977090/4484 
2017-04-18 20:34:50,366 - root - INFO - Epoch:7, Episode:7, Steps Left:65000/5000/100000, Reward:730.000000, fps:892.656152, Exploration:0.100000, Collision:0.017800/89 , Avg Loss:2.376373/1000, Avg Q Value:12.057626/4521 
2017-04-18 20:34:56,183 - root - INFO - Epoch:7, Episode:8, Steps Left:60000/5000/100000, Reward:728.000000, fps:859.586672, Exploration:0.100000, Collision:0.018800/94 , Avg Loss:2.357237/1000, Avg Q Value:12.091015/4490 
2017-04-18 20:35:01,769 - root - INFO - Epoch:7, Episode:9, Steps Left:55000/5000/100000, Reward:755.000000, fps:895.107226, Exploration:0.100000, Collision:0.019000/95 , Avg Loss:2.302027/1000, Avg Q Value:12.136912/4512 
2017-04-18 20:35:07,267 - root - INFO - Epoch:7, Episode:10, Steps Left:50000/5000/100000, Reward:657.000000, fps:909.431207, Exploration:0.100000, Collision:0.020000/100 , Avg Loss:2.422221/1000, Avg Q Value:12.086495/4515 
2017-04-18 20:35:12,693 - root - INFO - Epoch:7, Episode:11, Steps Left:45000/5000/100000, Reward:717.000000, fps:921.619584, Exploration:0.100000, Collision:0.022200/111 , Avg Loss:2.250486/1000, Avg Q Value:12.186047/4500 
2017-04-18 20:35:18,026 - root - INFO - Epoch:7, Episode:12, Steps Left:40000/5000/100000, Reward:729.000000, fps:937.583924, Exploration:0.100000, Collision:0.018400/92 , Avg Loss:2.420314/1000, Avg Q Value:12.231847/4494 
2017-04-18 20:35:23,522 - root - INFO - Epoch:7, Episode:13, Steps Left:35000/5000/100000, Reward:744.000000, fps:909.759327, Exploration:0.100000, Collision:0.017600/88 , Avg Loss:2.338207/1000, Avg Q Value:12.279443/4502 
2017-04-18 20:35:29,540 - root - INFO - Epoch:7, Episode:14, Steps Left:30000/5000/100000, Reward:695.000000, fps:830.869366, Exploration:0.100000, Collision:0.021000/105 , Avg Loss:2.385921/1000, Avg Q Value:12.304891/4501 
2017-04-18 20:35:35,489 - root - INFO - Epoch:7, Episode:15, Steps Left:25000/5000/100000, Reward:714.000000, fps:840.495463, Exploration:0.100000, Collision:0.017800/89 , Avg Loss:2.189684/1000, Avg Q Value:12.344545/4526 
2017-04-18 20:35:41,958 - root - INFO - Epoch:7, Episode:16, Steps Left:20000/5000/100000, Reward:742.000000, fps:772.884959, Exploration:0.100000, Collision:0.019600/98 , Avg Loss:2.335584/1000, Avg Q Value:12.388042/4532 
2017-04-18 20:35:47,333 - root - INFO - Epoch:7, Episode:17, Steps Left:15000/5000/100000, Reward:773.000000, fps:930.347488, Exploration:0.100000, Collision:0.016800/84 , Avg Loss:2.321022/1000, Avg Q Value:12.431568/4503 
2017-04-18 20:35:52,633 - root - INFO - Epoch:7, Episode:18, Steps Left:10000/5000/100000, Reward:714.000000, fps:943.379854, Exploration:0.100000, Collision:0.014400/72 , Avg Loss:2.459465/1000, Avg Q Value:12.462560/4489 
2017-04-18 20:35:58,239 - root - INFO - Epoch:7, Episode:19, Steps Left:5000/5000/100000, Reward:740.000000, fps:891.920167, Exploration:0.100000, Collision:0.017000/85 , Avg Loss:2.298531/1000, Avg Q Value:12.476261/4525 
2017-04-18 20:36:03,496 - root - INFO - Epoch:7, Episode:20, Steps Left:0/5000/100000, Reward:751.000000, fps:951.116819, Exploration:0.100000, Collision:0.018600/93 , Avg Loss:2.369331/1000, Avg Q Value:12.531975/4471 
2017-04-18 20:36:03,497 - root - INFO - Epoch:7, FPS:893.452478, Avg Reward: 722.000000/20
2017-04-18 20:36:08,799 - root - INFO - Epoch:8, Episode:1, Steps Left:95000/5000/100000, Reward:730.000000, fps:942.998586, Exploration:0.100000, Collision:0.019400/97 , Avg Loss:2.508557/1000, Avg Q Value:12.593366/4499 
2017-04-18 20:36:14,177 - root - INFO - Epoch:8, Episode:2, Steps Left:90000/5000/100000, Reward:720.000000, fps:929.845061, Exploration:0.100000, Collision:0.021200/106 , Avg Loss:2.382279/1000, Avg Q Value:12.596071/4487 
2017-04-18 20:36:19,629 - root - INFO - Epoch:8, Episode:3, Steps Left:85000/5000/100000, Reward:722.000000, fps:917.081185, Exploration:0.100000, Collision:0.018600/93 , Avg Loss:2.299244/1000, Avg Q Value:12.652171/4510 
2017-04-18 20:36:25,273 - root - INFO - Epoch:8, Episode:4, Steps Left:80000/5000/100000, Reward:706.000000, fps:885.844093, Exploration:0.100000, Collision:0.018200/91 , Avg Loss:2.278340/1000, Avg Q Value:12.646906/4481 
2017-04-18 20:36:30,893 - root - INFO - Epoch:8, Episode:5, Steps Left:75000/5000/100000, Reward:747.000000, fps:889.784521, Exploration:0.100000, Collision:0.023000/115 , Avg Loss:2.244978/1000, Avg Q Value:12.728883/4496 
2017-04-18 20:36:36,553 - root - INFO - Epoch:8, Episode:6, Steps Left:70000/5000/100000, Reward:717.000000, fps:883.305146, Exploration:0.100000, Collision:0.024200/121 , Avg Loss:2.192068/1000, Avg Q Value:12.736111/4532 
2017-04-18 20:36:41,972 - root - INFO - Epoch:8, Episode:7, Steps Left:65000/5000/100000, Reward:764.000000, fps:922.799003, Exploration:0.100000, Collision:0.017400/87 , Avg Loss:2.389260/1000, Avg Q Value:12.775847/4483 
2017-04-18 20:36:47,410 - root - INFO - Epoch:8, Episode:8, Steps Left:60000/5000/100000, Reward:787.000000, fps:919.433195, Exploration:0.100000, Collision:0.018200/91 , Avg Loss:2.456264/1000, Avg Q Value:12.888530/4483 
2017-04-18 20:36:52,988 - root - INFO - Epoch:8, Episode:9, Steps Left:55000/5000/100000, Reward:757.000000, fps:896.441151, Exploration:0.100000, Collision:0.017400/87 , Avg Loss:2.368232/1000, Avg Q Value:12.868377/4486 
2017-04-18 20:36:58,596 - root - INFO - Epoch:8, Episode:10, Steps Left:50000/5000/100000, Reward:709.000000, fps:891.605886, Exploration:0.100000, Collision:0.019000/95 , Avg Loss:2.316065/1000, Avg Q Value:12.874346/4456 
2017-04-18 20:37:04,331 - root - INFO - Epoch:8, Episode:11, Steps Left:45000/5000/100000, Reward:727.000000, fps:871.782407, Exploration:0.100000, Collision:0.019600/98 , Avg Loss:2.549839/1000, Avg Q Value:12.943518/4498 
2017-04-18 20:37:09,720 - root - INFO - Epoch:8, Episode:12, Steps Left:40000/5000/100000, Reward:762.000000, fps:927.997770, Exploration:0.100000, Collision:0.018200/91 , Avg Loss:2.298978/1000, Avg Q Value:13.000995/4537 
2017-04-18 20:37:15,176 - root - INFO - Epoch:8, Episode:13, Steps Left:35000/5000/100000, Reward:757.000000, fps:916.422112, Exploration:0.100000, Collision:0.020400/102 , Avg Loss:2.146138/1000, Avg Q Value:13.001377/4514 
2017-04-18 20:37:20,922 - root - INFO - Epoch:8, Episode:14, Steps Left:30000/5000/100000, Reward:723.000000, fps:870.204956, Exploration:0.100000, Collision:0.019400/97 , Avg Loss:2.139754/1000, Avg Q Value:13.043887/4504 
2017-04-18 20:37:26,202 - root - INFO - Epoch:8, Episode:15, Steps Left:25000/5000/100000, Reward:724.000000, fps:946.966281, Exploration:0.100000, Collision:0.018000/90 , Avg Loss:2.250577/1000, Avg Q Value:13.050047/4487 
2017-04-18 20:37:31,366 - root - INFO - Epoch:8, Episode:16, Steps Left:20000/5000/100000, Reward:731.000000, fps:968.226513, Exploration:0.100000, Collision:0.022400/112 , Avg Loss:2.243305/1000, Avg Q Value:13.100837/4486 
2017-04-18 20:37:36,468 - root - INFO - Epoch:8, Episode:17, Steps Left:15000/5000/100000, Reward:762.000000, fps:980.019748, Exploration:0.100000, Collision:0.017200/86 , Avg Loss:2.471489/1000, Avg Q Value:13.125663/4539 
2017-04-18 20:37:41,844 - root - INFO - Epoch:8, Episode:18, Steps Left:10000/5000/100000, Reward:700.000000, fps:930.107963, Exploration:0.100000, Collision:0.025400/127 , Avg Loss:2.168658/1000, Avg Q Value:13.168841/4510 
2017-04-18 20:37:47,414 - root - INFO - Epoch:8, Episode:19, Steps Left:5000/5000/100000, Reward:700.000000, fps:897.750350, Exploration:0.100000, Collision:0.017200/86 , Avg Loss:2.533057/1000, Avg Q Value:13.127629/4505 
2017-04-18 20:37:52,862 - root - INFO - Epoch:8, Episode:20, Steps Left:0/5000/100000, Reward:715.000000, fps:917.754180, Exploration:0.100000, Collision:0.020000/100 , Avg Loss:2.427508/1000, Avg Q Value:13.200587/4533 
2017-04-18 20:37:52,862 - root - INFO - Epoch:8, FPS:914.368704, Avg Reward: 733.000000/20
2017-04-18 20:37:58,601 - root - INFO - Epoch:9, Episode:1, Steps Left:95000/5000/100000, Reward:744.000000, fps:871.304340, Exploration:0.100000, Collision:0.020200/101 , Avg Loss:2.459296/1000, Avg Q Value:13.255247/4509 
2017-04-18 20:38:03,991 - root - INFO - Epoch:9, Episode:2, Steps Left:90000/5000/100000, Reward:774.000000, fps:927.729000, Exploration:0.100000, Collision:0.022000/110 , Avg Loss:2.302500/1000, Avg Q Value:13.272169/4524 
2017-04-18 20:38:09,546 - root - INFO - Epoch:9, Episode:3, Steps Left:85000/5000/100000, Reward:710.000000, fps:900.082079, Exploration:0.100000, Collision:0.021000/105 , Avg Loss:2.255037/1000, Avg Q Value:13.275145/4507 
2017-04-18 20:38:15,175 - root - INFO - Epoch:9, Episode:4, Steps Left:80000/5000/100000, Reward:729.000000, fps:888.236593, Exploration:0.100000, Collision:0.019400/97 , Avg Loss:2.437973/1000, Avg Q Value:13.307070/4537 
2017-04-18 20:38:20,546 - root - INFO - Epoch:9, Episode:5, Steps Left:75000/5000/100000, Reward:726.000000, fps:930.969549, Exploration:0.100000, Collision:0.019800/99 , Avg Loss:2.449975/1000, Avg Q Value:13.349362/4498 
2017-04-18 20:38:26,160 - root - INFO - Epoch:9, Episode:6, Steps Left:70000/5000/100000, Reward:729.000000, fps:890.754481, Exploration:0.100000, Collision:0.020600/103 , Avg Loss:2.430572/1000, Avg Q Value:13.345909/4515 
2017-04-18 20:38:31,815 - root - INFO - Epoch:9, Episode:7, Steps Left:65000/5000/100000, Reward:727.000000, fps:884.127938, Exploration:0.100000, Collision:0.017600/88 , Avg Loss:2.398272/1000, Avg Q Value:13.389531/4506 
2017-04-18 20:38:37,343 - root - INFO - Epoch:9, Episode:8, Steps Left:60000/5000/100000, Reward:699.000000, fps:904.532228, Exploration:0.100000, Collision:0.021400/107 , Avg Loss:2.409218/1000, Avg Q Value:13.437161/4513 
2017-04-18 20:38:42,820 - root - INFO - Epoch:9, Episode:9, Steps Left:55000/5000/100000, Reward:650.000000, fps:912.971519, Exploration:0.100000, Collision:0.019200/96 , Avg Loss:2.363119/1000, Avg Q Value:13.352154/4498 
2017-04-18 20:38:48,621 - root - INFO - Epoch:9, Episode:10, Steps Left:50000/5000/100000, Reward:699.000000, fps:861.901035, Exploration:0.100000, Collision:0.020200/101 , Avg Loss:2.331302/1000, Avg Q Value:13.443013/4488 
2017-04-18 20:38:53,978 - root - INFO - Epoch:9, Episode:11, Steps Left:45000/5000/100000, Reward:717.000000, fps:933.354922, Exploration:0.100000, Collision:0.019000/95 , Avg Loss:2.469278/1000, Avg Q Value:13.508244/4498 
2017-04-18 20:38:59,711 - root - INFO - Epoch:9, Episode:12, Steps Left:40000/5000/100000, Reward:695.000000, fps:872.223125, Exploration:0.100000, Collision:0.019400/97 , Avg Loss:2.449486/1000, Avg Q Value:13.481297/4538 
2017-04-18 20:39:05,198 - root - INFO - Epoch:9, Episode:13, Steps Left:35000/5000/100000, Reward:775.000000, fps:911.177852, Exploration:0.100000, Collision:0.020000/100 , Avg Loss:2.398816/1000, Avg Q Value:13.591218/4506 
2017-04-18 20:39:10,831 - root - INFO - Epoch:9, Episode:14, Steps Left:30000/5000/100000, Reward:767.000000, fps:887.773235, Exploration:0.100000, Collision:0.014400/72 , Avg Loss:2.471600/1000, Avg Q Value:13.586072/4514 
2017-04-18 20:39:16,540 - root - INFO - Epoch:9, Episode:15, Steps Left:25000/5000/100000, Reward:775.000000, fps:875.763476, Exploration:0.100000, Collision:0.023600/118 , Avg Loss:2.383262/1000, Avg Q Value:13.649206/4526 
2017-04-18 20:39:22,007 - root - INFO - Epoch:9, Episode:16, Steps Left:20000/5000/100000, Reward:763.000000, fps:914.639925, Exploration:0.100000, Collision:0.019400/97 , Avg Loss:2.432460/1000, Avg Q Value:13.683829/4517 
2017-04-18 20:39:27,597 - root - INFO - Epoch:9, Episode:17, Steps Left:15000/5000/100000, Reward:725.000000, fps:894.465765, Exploration:0.100000, Collision:0.019600/98 , Avg Loss:2.559715/1000, Avg Q Value:13.655865/4511 
2017-04-18 20:39:33,204 - root - INFO - Epoch:9, Episode:18, Steps Left:10000/5000/100000, Reward:754.000000, fps:891.693497, Exploration:0.100000, Collision:0.018400/92 , Avg Loss:2.563042/1000, Avg Q Value:13.701300/4502 
2017-04-18 20:39:38,979 - root - INFO - Epoch:9, Episode:19, Steps Left:5000/5000/100000, Reward:713.000000, fps:865.808680, Exploration:0.100000, Collision:0.023000/115 , Avg Loss:2.332776/1000, Avg Q Value:13.727872/4500 
2017-04-18 20:39:44,548 - root - INFO - Epoch:9, Episode:20, Steps Left:0/5000/100000, Reward:710.000000, fps:897.888685, Exploration:0.100000, Collision:0.022400/112 , Avg Loss:2.395804/1000, Avg Q Value:13.717433/4484 
2017-04-18 20:39:44,549 - root - INFO - Epoch:9, FPS:895.368997, Avg Reward: 729.050000/20
2017-04-18 20:39:50,077 - root - INFO - Epoch:10, Episode:1, Steps Left:95000/5000/100000, Reward:705.000000, fps:904.489041, Exploration:0.100000, Collision:0.019800/99 , Avg Loss:2.407491/1000, Avg Q Value:13.750415/4489 
2017-04-18 20:39:55,663 - root - INFO - Epoch:10, Episode:2, Steps Left:90000/5000/100000, Reward:745.000000, fps:895.062031, Exploration:0.100000, Collision:0.019800/99 , Avg Loss:2.330581/1000, Avg Q Value:13.789309/4460 
2017-04-18 20:40:01,217 - root - INFO - Epoch:10, Episode:3, Steps Left:85000/5000/100000, Reward:719.000000, fps:900.350179, Exploration:0.100000, Collision:0.020800/104 , Avg Loss:2.572267/1000, Avg Q Value:13.798867/4529 
2017-04-18 20:40:07,174 - root - INFO - Epoch:10, Episode:4, Steps Left:80000/5000/100000, Reward:750.000000, fps:839.304994, Exploration:0.100000, Collision:0.019400/97 , Avg Loss:2.252358/1000, Avg Q Value:13.863278/4501 
2017-04-18 20:40:12,909 - root - INFO - Epoch:10, Episode:5, Steps Left:75000/5000/100000, Reward:729.000000, fps:871.956792, Exploration:0.100000, Collision:0.021600/108 , Avg Loss:2.520503/1000, Avg Q Value:13.865001/4495 
2017-04-18 20:40:18,608 - root - INFO - Epoch:10, Episode:6, Steps Left:70000/5000/100000, Reward:714.000000, fps:877.295502, Exploration:0.100000, Collision:0.019000/95 , Avg Loss:2.591197/1000, Avg Q Value:13.881492/4488 
2017-04-18 20:40:24,321 - root - INFO - Epoch:10, Episode:7, Steps Left:65000/5000/100000, Reward:716.000000, fps:875.280267, Exploration:0.100000, Collision:0.022000/110 , Avg Loss:2.506878/1000, Avg Q Value:13.891544/4492 
2017-04-18 20:40:29,973 - root - INFO - Epoch:10, Episode:8, Steps Left:60000/5000/100000, Reward:720.000000, fps:884.684558, Exploration:0.100000, Collision:0.018200/91 , Avg Loss:2.508416/1000, Avg Q Value:13.871957/4497 
2017-04-18 20:40:35,520 - root - INFO - Epoch:10, Episode:9, Steps Left:55000/5000/100000, Reward:761.000000, fps:901.325893, Exploration:0.100000, Collision:0.020800/104 , Avg Loss:2.395661/1000, Avg Q Value:13.976309/4482 
2017-04-18 20:40:40,915 - root - INFO - Epoch:10, Episode:10, Steps Left:50000/5000/100000, Reward:779.000000, fps:926.770834, Exploration:0.100000, Collision:0.018200/91 , Avg Loss:2.700161/1000, Avg Q Value:13.993308/4487 
2017-04-18 20:40:46,482 - root - INFO - Epoch:10, Episode:11, Steps Left:45000/5000/100000, Reward:715.000000, fps:898.240343, Exploration:0.100000, Collision:0.019800/99 , Avg Loss:2.405087/1000, Avg Q Value:13.987022/4471 
2017-04-18 20:40:51,936 - root - INFO - Epoch:10, Episode:12, Steps Left:40000/5000/100000, Reward:732.000000, fps:916.748765, Exploration:0.100000, Collision:0.024600/123 , Avg Loss:2.496299/1000, Avg Q Value:14.052035/4468 
2017-04-18 20:40:57,258 - root - INFO - Epoch:10, Episode:13, Steps Left:35000/5000/100000, Reward:765.000000, fps:939.609404, Exploration:0.100000, Collision:0.020400/102 , Avg Loss:2.288453/1000, Avg Q Value:14.030583/4508 
2017-04-18 20:41:02,666 - root - INFO - Epoch:10, Episode:14, Steps Left:30000/5000/100000, Reward:718.000000, fps:924.448701, Exploration:0.100000, Collision:0.020200/101 , Avg Loss:2.444693/1000, Avg Q Value:14.057567/4480 
2017-04-18 20:41:07,959 - root - INFO - Epoch:10, Episode:15, Steps Left:25000/5000/100000, Reward:731.000000, fps:944.716001, Exploration:0.100000, Collision:0.019200/96 , Avg Loss:2.540706/1000, Avg Q Value:14.042042/4496 
2017-04-18 20:41:13,436 - root - INFO - Epoch:10, Episode:16, Steps Left:20000/5000/100000, Reward:738.000000, fps:912.972552, Exploration:0.100000, Collision:0.020200/101 , Avg Loss:2.550146/1000, Avg Q Value:14.102791/4495 
2017-04-18 20:41:18,877 - root - INFO - Epoch:10, Episode:17, Steps Left:15000/5000/100000, Reward:719.000000, fps:918.883698, Exploration:0.100000, Collision:0.020800/104 , Avg Loss:2.545045/1000, Avg Q Value:14.104203/4477 
2017-04-18 20:41:24,516 - root - INFO - Epoch:10, Episode:18, Steps Left:10000/5000/100000, Reward:765.000000, fps:886.739445, Exploration:0.100000, Collision:0.017000/85 , Avg Loss:2.655931/1000, Avg Q Value:14.160584/4530 
2017-04-18 20:41:30,042 - root - INFO - Epoch:10, Episode:19, Steps Left:5000/5000/100000, Reward:666.000000, fps:904.918395, Exploration:0.100000, Collision:0.022400/112 , Avg Loss:2.625489/1000, Avg Q Value:14.088170/4529 
2017-04-18 20:41:35,379 - root - INFO - Epoch:10, Episode:20, Steps Left:0/5000/100000, Reward:733.000000, fps:936.781314, Exploration:0.100000, Collision:0.019400/97 , Avg Loss:2.553942/1000, Avg Q Value:14.178396/4510 
2017-04-18 20:41:35,380 - root - INFO - Epoch:10, FPS:902.277467, Avg Reward: 731.000000/20
2017-04-18 20:41:41,036 - root - INFO - Epoch:11, Episode:1, Steps Left:95000/5000/100000, Reward:694.000000, fps:884.157497, Exploration:0.100000, Collision:0.018400/92 , Avg Loss:2.657964/1000, Avg Q Value:14.153814/4500 
2017-04-18 20:41:46,782 - root - INFO - Epoch:11, Episode:2, Steps Left:90000/5000/100000, Reward:663.000000, fps:870.106932, Exploration:0.100000, Collision:0.019800/99 , Avg Loss:2.453574/1000, Avg Q Value:14.128249/4511 
2017-04-18 20:41:52,397 - root - INFO - Epoch:11, Episode:3, Steps Left:85000/5000/100000, Reward:754.000000, fps:890.547273, Exploration:0.100000, Collision:0.019200/96 , Avg Loss:2.601178/1000, Avg Q Value:14.224692/4535 
2017-04-18 20:41:58,044 - root - INFO - Epoch:11, Episode:4, Steps Left:80000/5000/100000, Reward:788.000000, fps:885.414140, Exploration:0.100000, Collision:0.018000/90 , Avg Loss:2.583996/1000, Avg Q Value:14.290594/4494 
2017-04-18 20:42:03,449 - root - INFO - Epoch:11, Episode:5, Steps Left:75000/5000/100000, Reward:737.000000, fps:925.185940, Exploration:0.100000, Collision:0.017800/89 , Avg Loss:2.697809/1000, Avg Q Value:14.289897/4522 
2017-04-18 20:42:08,864 - root - INFO - Epoch:11, Episode:6, Steps Left:70000/5000/100000, Reward:693.000000, fps:923.235515, Exploration:0.100000, Collision:0.020800/104 , Avg Loss:2.680834/1000, Avg Q Value:14.275259/4492 
2017-04-18 20:42:14,387 - root - INFO - Epoch:11, Episode:7, Steps Left:65000/5000/100000, Reward:661.000000, fps:905.322791, Exploration:0.100000, Collision:0.019800/99 , Avg Loss:2.507190/1000, Avg Q Value:14.292906/4505 
2017-04-18 20:42:19,923 - root - INFO - Epoch:11, Episode:8, Steps Left:60000/5000/100000, Reward:696.000000, fps:903.202839, Exploration:0.100000, Collision:0.017600/88 , Avg Loss:2.452754/1000, Avg Q Value:14.318129/4489 
2017-04-18 20:42:25,720 - root - INFO - Epoch:11, Episode:9, Steps Left:55000/5000/100000, Reward:779.000000, fps:862.650208, Exploration:0.100000, Collision:0.017600/88 , Avg Loss:2.728654/1000, Avg Q Value:14.386572/4501 
2017-04-18 20:42:31,131 - root - INFO - Epoch:11, Episode:10, Steps Left:50000/5000/100000, Reward:740.000000, fps:924.059003, Exploration:0.100000, Collision:0.020200/101 , Avg Loss:2.615506/1000, Avg Q Value:14.409574/4470 
2017-04-18 20:42:36,579 - root - INFO - Epoch:11, Episode:11, Steps Left:45000/5000/100000, Reward:722.000000, fps:917.792256, Exploration:0.100000, Collision:0.020800/104 , Avg Loss:2.791373/1000, Avg Q Value:14.363172/4501 
2017-04-18 20:42:42,283 - root - INFO - Epoch:11, Episode:12, Steps Left:40000/5000/100000, Reward:699.000000, fps:877.352280, Exploration:0.100000, Collision:0.022200/111 , Avg Loss:2.586131/1000, Avg Q Value:14.399740/4514 
2017-04-18 20:42:47,731 - root - INFO - Epoch:11, Episode:13, Steps Left:35000/5000/100000, Reward:713.000000, fps:917.858133, Exploration:0.100000, Collision:0.018800/94 , Avg Loss:2.431195/1000, Avg Q Value:14.403195/4491 
2017-04-18 20:42:53,385 - root - INFO - Epoch:11, Episode:14, Steps Left:30000/5000/100000, Reward:715.000000, fps:884.406608, Exploration:0.100000, Collision:0.018200/91 , Avg Loss:2.695808/1000, Avg Q Value:14.460126/4488 
2017-04-18 20:42:58,849 - root - INFO - Epoch:11, Episode:15, Steps Left:25000/5000/100000, Reward:746.000000, fps:915.124413, Exploration:0.100000, Collision:0.020400/102 , Avg Loss:2.669541/1000, Avg Q Value:14.506371/4438 
2017-04-18 20:43:04,268 - root - INFO - Epoch:11, Episode:16, Steps Left:20000/5000/100000, Reward:709.000000, fps:922.699044, Exploration:0.100000, Collision:0.018600/93 , Avg Loss:2.601255/1000, Avg Q Value:14.493814/4535 
2017-04-18 20:43:09,619 - root - INFO - Epoch:11, Episode:17, Steps Left:15000/5000/100000, Reward:662.000000, fps:934.324968, Exploration:0.100000, Collision:0.018800/94 , Avg Loss:2.635399/1000, Avg Q Value:14.402452/4481 
2017-04-18 20:43:15,302 - root - INFO - Epoch:11, Episode:18, Steps Left:10000/5000/100000, Reward:768.000000, fps:879.889631, Exploration:0.100000, Collision:0.019000/95 , Avg Loss:2.582191/1000, Avg Q Value:14.542046/4475 
2017-04-18 20:43:20,843 - root - INFO - Epoch:11, Episode:19, Steps Left:5000/5000/100000, Reward:733.000000, fps:902.391858, Exploration:0.100000, Collision:0.016600/83 , Avg Loss:2.664175/1000, Avg Q Value:14.523202/4486 
2017-04-18 20:43:26,385 - root - INFO - Epoch:11, Episode:20, Steps Left:0/5000/100000, Reward:694.000000, fps:902.152888, Exploration:0.100000, Collision:0.020200/101 , Avg Loss:2.796453/1000, Avg Q Value:14.538798/4498 
2017-04-18 20:43:26,386 - root - INFO - Epoch:11, FPS:900.859493, Avg Reward: 718.300000/20
2017-04-18 20:41:41,036 - root - INFO - Epoch:11, Episode:1, Steps Left:95000/5000/100000, Reward:694.000000, fps:884.157497, Exploration:0.100000, Collision:0.018400/92 , Avg Loss:2.657964/1000, Avg Q Value:14.153814/4500
2017-04-18 20:41:46,782 - root - INFO - Epoch:11, Episode:2, Steps Left:90000/5000/100000, Reward:663.000000, fps:870.106932, Exploration:0.100000, Collision:0.019800/99 , Avg Loss:2.453574/1000, Avg Q Value:14.128249/4511
2017-04-18 20:41:52,397 - root - INFO - Epoch:11, Episode:3, Steps Left:85000/5000/100000, Reward:754.000000, fps:890.547273, Exploration:0.100000, Collision:0.019200/96 , Avg Loss:2.601178/1000, Avg Q Value:14.224692/4535
2017-04-18 20:41:58,044 - root - INFO - Epoch:11, Episode:4, Steps Left:80000/5000/100000, Reward:788.000000, fps:885.414140, Exploration:0.100000, Collision:0.018000/90 , Avg Loss:2.583996/1000, Avg Q Value:14.290594/4494
2017-04-18 20:42:03,449 - root - INFO - Epoch:11, Episode:5, Steps Left:75000/5000/100000, Reward:737.000000, fps:925.185940, Exploration:0.100000, Collision:0.017800/89 , Avg Loss:2.697809/1000, Avg Q Value:14.289897/4522
2017-04-18 20:42:08,864 - root - INFO - Epoch:11, Episode:6, Steps Left:70000/5000/100000, Reward:693.000000, fps:923.235515, Exploration:0.100000, Collision:0.020800/104 , Avg Loss:2.680834/1000, Avg Q Value:14.275259/4492
2017-04-18 20:42:14,387 - root - INFO - Epoch:11, Episode:7, Steps Left:65000/5000/100000, Reward:661.000000, fps:905.322791, Exploration:0.100000, Collision:0.019800/99 , Avg Loss:2.507190/1000, Avg Q Value:14.292906/4505
2017-04-18 20:42:19,923 - root - INFO - Epoch:11, Episode:8, Steps Left:60000/5000/100000, Reward:696.000000, fps:903.202839, Exploration:0.100000, Collision:0.017600/88 , Avg Loss:2.452754/1000, Avg Q Value:14.318129/4489
2017-04-18 20:42:25,720 - root - INFO - Epoch:11, Episode:9, Steps Left:55000/5000/100000, Reward:779.000000, fps:862.650208, Exploration:0.100000, Collision:0.017600/88 , Avg Loss:2.728654/1000, Avg Q Value:14.386572/4501
2017-04-18 20:42:31,131 - root - INFO - Epoch:11, Episode:10, Steps Left:50000/5000/100000, Reward:740.000000, fps:924.059003, Exploration:0.100000, Collision:0.020200/101 , Avg Loss:2.615506/1000, Avg Q Value:14.409574/4470
2017-04-18 20:42:36,579 - root - INFO - Epoch:11, Episode:11, Steps Left:45000/5000/100000, Reward:722.000000, fps:917.792256, Exploration:0.100000, Collision:0.020800/104 , Avg Loss:2.791373/1000, Avg Q Value:14.363172/4501
2017-04-18 20:42:42,283 - root - INFO - Epoch:11, Episode:12, Steps Left:40000/5000/100000, Reward:699.000000, fps:877.352280, Exploration:0.100000, Collision:0.022200/111 , Avg Loss:2.586131/1000, Avg Q Value:14.399740/4514
2017-04-18 20:42:47,731 - root - INFO - Epoch:11, Episode:13, Steps Left:35000/5000/100000, Reward:713.000000, fps:917.858133, Exploration:0.100000, Collision:0.018800/94 , Avg Loss:2.431195/1000, Avg Q Value:14.403195/4491
2017-04-18 20:42:53,385 - root - INFO - Epoch:11, Episode:14, Steps Left:30000/5000/100000, Reward:715.000000, fps:884.406608, Exploration:0.100000, Collision:0.018200/91 , Avg Loss:2.695808/1000, Avg Q Value:14.460126/4488
2017-04-18 20:42:58,849 - root - INFO - Epoch:11, Episode:15, Steps Left:25000/5000/100000, Reward:746.000000, fps:915.124413, Exploration:0.100000, Collision:0.020400/102 , Avg Loss:2.669541/1000, Avg Q Value:14.506371/4438
2017-04-18 20:43:04,268 - root - INFO - Epoch:11, Episode:16, Steps Left:20000/5000/100000, Reward:709.000000, fps:922.699044, Exploration:0.100000, Collision:0.018600/93 , Avg Loss:2.601255/1000, Avg Q Value:14.493814/4535
2017-04-18 20:43:09,619 - root - INFO - Epoch:11, Episode:17, Steps Left:15000/5000/100000, Reward:662.000000, fps:934.324968, Exploration:0.100000, Collision:0.018800/94 , Avg Loss:2.635399/1000, Avg Q Value:14.402452/4481
2017-04-18 20:43:15,302 - root - INFO - Epoch:11, Episode:18, Steps Left:10000/5000/100000, Reward:768.000000, fps:879.889631, Exploration:0.100000, Collision:0.019000/95 , Avg Loss:2.582191/1000, Avg Q Value:14.542046/4475
2017-04-18 20:43:20,843 - root - INFO - Epoch:11, Episode:19, Steps Left:5000/5000/100000, Reward:733.000000, fps:902.391858, Exploration:0.100000, Collision:0.016600/83 , Avg Loss:2.664175/1000, Avg Q Value:14.523202/4486
2017-04-18 20:43:26,385 - root - INFO - Epoch:11, Episode:20, Steps Left:0/5000/100000, Reward:694.000000, fps:902.152888, Exploration:0.100000, Collision:0.020200/101 , Avg Loss:2.796453/1000, Avg Q Value:14.538798/4498
2017-04-18 20:43:26,386 - root - INFO - Epoch:11, FPS:900.859493, Avg Reward: 718.300000/202017-04-18 20:41:41,036 - root - INFO - Epoch:11, Episode:1, Steps Left:95000/5000/100000, Reward:694.000000, fps:884.157497, Exploration:0.100000, Collision:0.018400/92 , Avg Loss:2.657964/1000, Avg Q Value:14.153814/4500
2017-04-18 20:41:46,782 - root - INFO - Epoch:11, Episode:2, Steps Left:90000/5000/100000, Reward:663.000000, fps:870.106932, Exploration:0.100000, Collision:0.019800/99 , Avg Loss:2.453574/1000, Avg Q Value:14.128249/4511
2017-04-18 20:41:52,397 - root - INFO - Epoch:11, Episode:3, Steps Left:85000/5000/100000, Reward:754.000000, fps:890.547273, Exploration:0.100000, Collision:0.019200/96 , Avg Loss:2.601178/1000, Avg Q Value:14.224692/4535
2017-04-18 20:41:58,044 - root - INFO - Epoch:11, Episode:4, Steps Left:80000/5000/100000, Reward:788.000000, fps:885.414140, Exploration:0.100000, Collision:0.018000/90 , Avg Loss:2.583996/1000, Avg Q Value:14.290594/4494
2017-04-18 20:42:03,449 - root - INFO - Epoch:11, Episode:5, Steps Left:75000/5000/100000, Reward:737.000000, fps:925.185940, Exploration:0.100000, Collision:0.017800/89 , Avg Loss:2.697809/1000, Avg Q Value:14.289897/4522
2017-04-18 20:42:08,864 - root - INFO - Epoch:11, Episode:6, Steps Left:70000/5000/100000, Reward:693.000000, fps:923.235515, Exploration:0.100000, Collision:0.020800/104 , Avg Loss:2.680834/1000, Avg Q Value:14.275259/4492
2017-04-18 20:42:14,387 - root - INFO - Epoch:11, Episode:7, Steps Left:65000/5000/100000, Reward:661.000000, fps:905.322791, Exploration:0.100000, Collision:0.019800/99 , Avg Loss:2.507190/1000, Avg Q Value:14.292906/4505
2017-04-18 20:42:19,923 - root - INFO - Epoch:11, Episode:8, Steps Left:60000/5000/100000, Reward:696.000000, fps:903.202839, Exploration:0.100000, Collision:0.017600/88 , Avg Loss:2.452754/1000, Avg Q Value:14.318129/4489
2017-04-18 20:42:25,720 - root - INFO - Epoch:11, Episode:9, Steps Left:55000/5000/100000, Reward:779.000000, fps:862.650208, Exploration:0.100000, Collision:0.017600/88 , Avg Loss:2.728654/1000, Avg Q Value:14.386572/4501
2017-04-18 20:42:31,131 - root - INFO - Epoch:11, Episode:10, Steps Left:50000/5000/100000, Reward:740.000000, fps:924.059003, Exploration:0.100000, Collision:0.020200/101 , Avg Loss:2.615506/1000, Avg Q Value:14.409574/4470
2017-04-18 20:42:36,579 - root - INFO - Epoch:11, Episode:11, Steps Left:45000/5000/100000, Reward:722.000000, fps:917.792256, Exploration:0.100000, Collision:0.020800/104 , Avg Loss:2.791373/1000, Avg Q Value:14.363172/4501
2017-04-18 20:42:42,283 - root - INFO - Epoch:11, Episode:12, Steps Left:40000/5000/100000, Reward:699.000000, fps:877.352280, Exploration:0.100000, Collision:0.022200/111 , Avg Loss:2.586131/1000, Avg Q Value:14.399740/4514
2017-04-18 20:42:47,731 - root - INFO - Epoch:11, Episode:13, Steps Left:35000/5000/100000, Reward:713.000000, fps:917.858133, Exploration:0.100000, Collision:0.018800/94 , Avg Loss:2.431195/1000, Avg Q Value:14.403195/4491
2017-04-18 20:42:53,385 - root - INFO - Epoch:11, Episode:14, Steps Left:30000/5000/100000, Reward:715.000000, fps:884.406608, Exploration:0.100000, Collision:0.018200/91 , Avg Loss:2.695808/1000, Avg Q Value:14.460126/4488
2017-04-18 20:42:58,849 - root - INFO - Epoch:11, Episode:15, Steps Left:25000/5000/100000, Reward:746.000000, fps:915.124413, Exploration:0.100000, Collision:0.020400/102 , Avg Loss:2.669541/1000, Avg Q Value:14.506371/4438
2017-04-18 20:43:04,268 - root - INFO - Epoch:11, Episode:16, Steps Left:20000/5000/100000, Reward:709.000000, fps:922.699044, Exploration:0.100000, Collision:0.018600/93 , Avg Loss:2.601255/1000, Avg Q Value:14.493814/4535
2017-04-18 20:43:09,619 - root - INFO - Epoch:11, Episode:17, Steps Left:15000/5000/100000, Reward:662.000000, fps:934.324968, Exploration:0.100000, Collision:0.018800/94 , Avg Loss:2.635399/1000, Avg Q Value:14.402452/4481
2017-04-18 20:43:15,302 - root - INFO - Epoch:11, Episode:18, Steps Left:10000/5000/100000, Reward:768.000000, fps:879.889631, Exploration:0.100000, Collision:0.019000/95 , Avg Loss:2.582191/1000, Avg Q Value:14.542046/4475
2017-04-18 20:43:20,843 - root - INFO - Epoch:11, Episode:19, Steps Left:5000/5000/100000, Reward:733.000000, fps:902.391858, Exploration:0.100000, Collision:0.016600/83 , Avg Loss:2.664175/1000, Avg Q Value:14.523202/4486
2017-04-18 20:43:26,385 - root - INFO - Epoch:11, Episode:20, Steps Left:0/5000/100000, Reward:694.000000, fps:902.152888, Exploration:0.100000, Collision:0.020200/101 , Avg Loss:2.796453/1000, Avg Q Value:14.538798/4498
2017-04-18 20:43:26,386 - root - INFO - Epoch:11, FPS:900.859493, Avg Reward: 718.300000/202017-04-18 20:41:41,036 - root - INFO - Epoch:11, Episode:1, Steps Left:95000/5000/100000, Reward:694.000000, fps:884.157497, Exploration:0.100000, Collision:0.018400/92 , Avg Loss:2.657964/1000, Avg Q Value:14.153814/4500
2017-04-18 20:41:46,782 - root - INFO - Epoch:11, Episode:2, Steps Left:90000/5000/100000, Reward:663.000000, fps:870.106932, Exploration:0.100000, Collision:0.019800/99 , Avg Loss:2.453574/1000, Avg Q Value:14.128249/4511
2017-04-18 20:41:52,397 - root - INFO - Epoch:11, Episode:3, Steps Left:85000/5000/100000, Reward:754.000000, fps:890.547273, Exploration:0.100000, Collision:0.019200/96 , Avg Loss:2.601178/1000, Avg Q Value:14.224692/4535
2017-04-18 20:41:58,044 - root - INFO - Epoch:11, Episode:4, Steps Left:80000/5000/100000, Reward:788.000000, fps:885.414140, Exploration:0.100000, Collision:0.018000/90 , Avg Loss:2.583996/1000, Avg Q Value:14.290594/4494
2017-04-18 20:42:03,449 - root - INFO - Epoch:11, Episode:5, Steps Left:75000/5000/100000, Reward:737.000000, fps:925.185940, Exploration:0.100000, Collision:0.017800/89 , Avg Loss:2.697809/1000, Avg Q Value:14.289897/4522
2017-04-18 20:42:08,864 - root - INFO - Epoch:11, Episode:6, Steps Left:70000/5000/100000, Reward:693.000000, fps:923.235515, Exploration:0.100000, Collision:0.020800/104 , Avg Loss:2.680834/1000, Avg Q Value:14.275259/4492
2017-04-18 20:42:14,387 - root - INFO - Epoch:11, Episode:7, Steps Left:65000/5000/100000, Reward:661.000000, fps:905.322791, Exploration:0.100000, Collision:0.019800/99 , Avg Loss:2.507190/1000, Avg Q Value:14.292906/4505
2017-04-18 20:42:19,923 - root - INFO - Epoch:11, Episode:8, Steps Left:60000/5000/100000, Reward:696.000000, fps:903.202839, Exploration:0.100000, Collision:0.017600/88 , Avg Loss:2.452754/1000, Avg Q Value:14.318129/4489
2017-04-18 20:42:25,720 - root - INFO - Epoch:11, Episode:9, Steps Left:55000/5000/100000, Reward:779.000000, fps:862.650208, Exploration:0.100000, Collision:0.017600/88 , Avg Loss:2.728654/1000, Avg Q Value:14.386572/4501
2017-04-18 20:42:31,131 - root - INFO - Epoch:11, Episode:10, Steps Left:50000/5000/100000, Reward:740.000000, fps:924.059003, Exploration:0.100000, Collision:0.020200/101 , Avg Loss:2.615506/1000, Avg Q Value:14.409574/4470
2017-04-18 20:42:36,579 - root - INFO - Epoch:11, Episode:11, Steps Left:45000/5000/100000, Reward:722.000000, fps:917.792256, Exploration:0.100000, Collision:0.020800/104 , Avg Loss:2.791373/1000, Avg Q Value:14.363172/4501
2017-04-18 20:42:42,283 - root - INFO - Epoch:11, Episode:12, Steps Left:40000/5000/100000, Reward:699.000000, fps:877.352280, Exploration:0.100000, Collision:0.022200/111 , Avg Loss:2.586131/1000, Avg Q Value:14.399740/4514
2017-04-18 20:42:47,731 - root - INFO - Epoch:11, Episode:13, Steps Left:35000/5000/100000, Reward:713.000000, fps:917.858133, Exploration:0.100000, Collision:0.018800/94 , Avg Loss:2.431195/1000, Avg Q Value:14.403195/4491
2017-04-18 20:42:53,385 - root - INFO - Epoch:11, Episode:14, Steps Left:30000/5000/100000, Reward:715.000000, fps:884.406608, Exploration:0.100000, Collision:0.018200/91 , Avg Loss:2.695808/1000, Avg Q Value:14.460126/4488
2017-04-18 20:42:58,849 - root - INFO - Epoch:11, Episode:15, Steps Left:25000/5000/100000, Reward:746.000000, fps:915.124413, Exploration:0.100000, Collision:0.020400/102 , Avg Loss:2.669541/1000, Avg Q Value:14.506371/4438
2017-04-18 20:43:04,268 - root - INFO - Epoch:11, Episode:16, Steps Left:20000/5000/100000, Reward:709.000000, fps:922.699044, Exploration:0.100000, Collision:0.018600/93 , Avg Loss:2.601255/1000, Avg Q Value:14.493814/4535
2017-04-18 20:43:09,619 - root - INFO - Epoch:11, Episode:17, Steps Left:15000/5000/100000, Reward:662.000000, fps:934.324968, Exploration:0.100000, Collision:0.018800/94 , Avg Loss:2.635399/1000, Avg Q Value:14.402452/4481
2017-04-18 20:43:15,302 - root - INFO - Epoch:11, Episode:18, Steps Left:10000/5000/100000, Reward:768.000000, fps:879.889631, Exploration:0.100000, Collision:0.019000/95 , Avg Loss:2.582191/1000, Avg Q Value:14.542046/4475
2017-04-18 20:43:20,843 - root - INFO - Epoch:11, Episode:19, Steps Left:5000/5000/100000, Reward:733.000000, fps:902.391858, Exploration:0.100000, Collision:0.016600/83 , Avg Loss:2.664175/1000, Avg Q Value:14.523202/4486
2017-04-18 20:43:26,385 - root - INFO - Epoch:11, Episode:20, Steps Left:0/5000/100000, Reward:694.000000, fps:902.152888, Exploration:0.100000, Collision:0.020200/101 , Avg Loss:2.796453/1000, Avg Q Value:14.538798/4498
2017-04-18 20:43:26,386 - root - INFO - Epoch:11, FPS:900.859493, Avg Reward: 718.300000/202017-04-18 20:41:41,036 - root - INFO - Epoch:11, Episode:1, Steps Left:95000/5000/100000, Reward:694.000000, fps:884.157497, Exploration:0.100000, Collision:0.018400/92 , Avg Loss:2.657964/1000, Avg Q Value:14.153814/4500
2017-04-18 20:41:46,782 - root - INFO - Epoch:11, Episode:2, Steps Left:90000/5000/100000, Reward:663.000000, fps:870.106932, Exploration:0.100000, Collision:0.019800/99 , Avg Loss:2.453574/1000, Avg Q Value:14.128249/4511
2017-04-18 20:41:52,397 - root - INFO - Epoch:11, Episode:3, Steps Left:85000/5000/100000, Reward:754.000000, fps:890.547273, Exploration:0.100000, Collision:0.019200/96 , Avg Loss:2.601178/1000, Avg Q Value:14.224692/4535
2017-04-18 20:41:58,044 - root - INFO - Epoch:11, Episode:4, Steps Left:80000/5000/100000, Reward:788.000000, fps:885.414140, Exploration:0.100000, Collision:0.018000/90 , Avg Loss:2.583996/1000, Avg Q Value:14.290594/4494
2017-04-18 20:42:03,449 - root - INFO - Epoch:11, Episode:5, Steps Left:75000/5000/100000, Reward:737.000000, fps:925.185940, Exploration:0.100000, Collision:0.017800/89 , Avg Loss:2.697809/1000, Avg Q Value:14.289897/4522
2017-04-18 20:42:08,864 - root - INFO - Epoch:11, Episode:6, Steps Left:70000/5000/100000, Reward:693.000000, fps:923.235515, Exploration:0.100000, Collision:0.020800/104 , Avg Loss:2.680834/1000, Avg Q Value:14.275259/4492
2017-04-18 20:42:14,387 - root - INFO - Epoch:11, Episode:7, Steps Left:65000/5000/100000, Reward:661.000000, fps:905.322791, Exploration:0.100000, Collision:0.019800/99 , Avg Loss:2.507190/1000, Avg Q Value:14.292906/4505
2017-04-18 20:42:19,923 - root - INFO - Epoch:11, Episode:8, Steps Left:60000/5000/100000, Reward:696.000000, fps:903.202839, Exploration:0.100000, Collision:0.017600/88 , Avg Loss:2.452754/1000, Avg Q Value:14.318129/4489
2017-04-18 20:42:25,720 - root - INFO - Epoch:11, Episode:9, Steps Left:55000/5000/100000, Reward:779.000000, fps:862.650208, Exploration:0.100000, Collision:0.017600/88 , Avg Loss:2.728654/1000, Avg Q Value:14.386572/4501
2017-04-18 20:42:31,131 - root - INFO - Epoch:11, Episode:10, Steps Left:50000/5000/100000, Reward:740.000000, fps:924.059003, Exploration:0.100000, Collision:0.020200/101 , Avg Loss:2.615506/1000, Avg Q Value:14.409574/4470
2017-04-18 20:42:36,579 - root - INFO - Epoch:11, Episode:11, Steps Left:45000/5000/100000, Reward:722.000000, fps:917.792256, Exploration:0.100000, Collision:0.020800/104 , Avg Loss:2.791373/1000, Avg Q Value:14.363172/4501
2017-04-18 20:42:42,283 - root - INFO - Epoch:11, Episode:12, Steps Left:40000/5000/100000, Reward:699.000000, fps:877.352280, Exploration:0.100000, Collision:0.022200/111 , Avg Loss:2.586131/1000, Avg Q Value:14.399740/4514
2017-04-18 20:42:47,731 - root - INFO - Epoch:11, Episode:13, Steps Left:35000/5000/100000, Reward:713.000000, fps:917.858133, Exploration:0.100000, Collision:0.018800/94 , Avg Loss:2.431195/1000, Avg Q Value:14.403195/4491
2017-04-18 20:42:53,385 - root - INFO - Epoch:11, Episode:14, Steps Left:30000/5000/100000, Reward:715.000000, fps:884.406608, Exploration:0.100000, Collision:0.018200/91 , Avg Loss:2.695808/1000, Avg Q Value:14.460126/4488
2017-04-18 20:42:58,849 - root - INFO - Epoch:11, Episode:15, Steps Left:25000/5000/100000, Reward:746.000000, fps:915.124413, Exploration:0.100000, Collision:0.020400/102 , Avg Loss:2.669541/1000, Avg Q Value:14.506371/4438
2017-04-18 20:43:04,268 - root - INFO - Epoch:11, Episode:16, Steps Left:20000/5000/100000, Reward:709.000000, fps:922.699044, Exploration:0.100000, Collision:0.018600/93 , Avg Loss:2.601255/1000, Avg Q Value:14.493814/4535
2017-04-18 20:43:09,619 - root - INFO - Epoch:11, Episode:17, Steps Left:15000/5000/100000, Reward:662.000000, fps:934.324968, Exploration:0.100000, Collision:0.018800/94 , Avg Loss:2.635399/1000, Avg Q Value:14.402452/4481
2017-04-18 20:43:15,302 - root - INFO - Epoch:11, Episode:18, Steps Left:10000/5000/100000, Reward:768.000000, fps:879.889631, Exploration:0.100000, Collision:0.019000/95 , Avg Loss:2.582191/1000, Avg Q Value:14.542046/4475
2017-04-18 20:43:20,843 - root - INFO - Epoch:11, Episode:19, Steps Left:5000/5000/100000, Reward:733.000000, fps:902.391858, Exploration:0.100000, Collision:0.016600/83 , Avg Loss:2.664175/1000, Avg Q Value:14.523202/4486
2017-04-18 20:43:26,385 - root - INFO - Epoch:11, Episode:20, Steps Left:0/5000/100000, Reward:694.000000, fps:902.152888, Exploration:0.100000, Collision:0.020200/101 , Avg Loss:2.796453/1000, Avg Q Value:14.538798/4498
2017-04-18 20:43:26,386 - root - INFO - Epoch:11, FPS:900.859493, Avg Reward: 718.300000/202017-04-18 20:41:41,036 - root - INFO - Epoch:11, Episode:1, Steps Left:95000/5000/100000, Reward:694.000000, fps:884.157497, Exploration:0.100000, Collision:0.018400/92 , Avg Loss:2.657964/1000, Avg Q Value:14.153814/4500
2017-04-18 20:41:46,782 - root - INFO - Epoch:11, Episode:2, Steps Left:90000/5000/100000, Reward:663.000000, fps:870.106932, Exploration:0.100000, Collision:0.019800/99 , Avg Loss:2.453574/1000, Avg Q Value:14.128249/4511
2017-04-18 20:41:52,397 - root - INFO - Epoch:11, Episode:3, Steps Left:85000/5000/100000, Reward:754.000000, fps:890.547273, Exploration:0.100000, Collision:0.019200/96 , Avg Loss:2.601178/1000, Avg Q Value:14.224692/4535
2017-04-18 20:41:58,044 - root - INFO - Epoch:11, Episode:4, Steps Left:80000/5000/100000, Reward:788.000000, fps:885.414140, Exploration:0.100000, Collision:0.018000/90 , Avg Loss:2.583996/1000, Avg Q Value:14.290594/4494
2017-04-18 20:42:03,449 - root - INFO - Epoch:11, Episode:5, Steps Left:75000/5000/100000, Reward:737.000000, fps:925.185940, Exploration:0.100000, Collision:0.017800/89 , Avg Loss:2.697809/1000, Avg Q Value:14.289897/4522
2017-04-18 20:42:08,864 - root - INFO - Epoch:11, Episode:6, Steps Left:70000/5000/100000, Reward:693.000000, fps:923.235515, Exploration:0.100000, Collision:0.020800/104 , Avg Loss:2.680834/1000, Avg Q Value:14.275259/4492
2017-04-18 20:42:14,387 - root - INFO - Epoch:11, Episode:7, Steps Left:65000/5000/100000, Reward:661.000000, fps:905.322791, Exploration:0.100000, Collision:0.019800/99 , Avg Loss:2.507190/1000, Avg Q Value:14.292906/4505
2017-04-18 20:42:19,923 - root - INFO - Epoch:11, Episode:8, Steps Left:60000/5000/100000, Reward:696.000000, fps:903.202839, Exploration:0.100000, Collision:0.017600/88 , Avg Loss:2.452754/1000, Avg Q Value:14.318129/4489
2017-04-18 20:42:25,720 - root - INFO - Epoch:11, Episode:9, Steps Left:55000/5000/100000, Reward:779.000000, fps:862.650208, Exploration:0.100000, Collision:0.017600/88 , Avg Loss:2.728654/1000, Avg Q Value:14.386572/4501
2017-04-18 20:42:31,131 - root - INFO - Epoch:11, Episode:10, Steps Left:50000/5000/100000, Reward:740.000000, fps:924.059003, Exploration:0.100000, Collision:0.020200/101 , Avg Loss:2.615506/1000, Avg Q Value:14.409574/4470
2017-04-18 20:42:36,579 - root - INFO - Epoch:11, Episode:11, Steps Left:45000/5000/100000, Reward:722.000000, fps:917.792256, Exploration:0.100000, Collision:0.020800/104 , Avg Loss:2.791373/1000, Avg Q Value:14.363172/4501
2017-04-18 20:42:42,283 - root - INFO - Epoch:11, Episode:12, Steps Left:40000/5000/100000, Reward:699.000000, fps:877.352280, Exploration:0.100000, Collision:0.022200/111 , Avg Loss:2.586131/1000, Avg Q Value:14.399740/4514
2017-04-18 20:42:47,731 - root - INFO - Epoch:11, Episode:13, Steps Left:35000/5000/100000, Reward:713.000000, fps:917.858133, Exploration:0.100000, Collision:0.018800/94 , Avg Loss:2.431195/1000, Avg Q Value:14.403195/4491
2017-04-18 20:42:53,385 - root - INFO - Epoch:11, Episode:14, Steps Left:30000/5000/100000, Reward:715.000000, fps:884.406608, Exploration:0.100000, Collision:0.018200/91 , Avg Loss:2.695808/1000, Avg Q Value:14.460126/4488
2017-04-18 20:42:58,849 - root - INFO - Epoch:11, Episode:15, Steps Left:25000/5000/100000, Reward:746.000000, fps:915.124413, Exploration:0.100000, Collision:0.020400/102 , Avg Loss:2.669541/1000, Avg Q Value:14.506371/4438
2017-04-18 20:43:04,268 - root - INFO - Epoch:11, Episode:16, Steps Left:20000/5000/100000, Reward:709.000000, fps:922.699044, Exploration:0.100000, Collision:0.018600/93 , Avg Loss:2.601255/1000, Avg Q Value:14.493814/4535
2017-04-18 20:43:09,619 - root - INFO - Epoch:11, Episode:17, Steps Left:15000/5000/100000, Reward:662.000000, fps:934.324968, Exploration:0.100000, Collision:0.018800/94 , Avg Loss:2.635399/1000, Avg Q Value:14.402452/4481
2017-04-18 20:43:15,302 - root - INFO - Epoch:11, Episode:18, Steps Left:10000/5000/100000, Reward:768.000000, fps:879.889631, Exploration:0.100000, Collision:0.019000/95 , Avg Loss:2.582191/1000, Avg Q Value:14.542046/4475
2017-04-18 20:43:20,843 - root - INFO - Epoch:11, Episode:19, Steps Left:5000/5000/100000, Reward:733.000000, fps:902.391858, Exploration:0.100000, Collision:0.016600/83 , Avg Loss:2.664175/1000, Avg Q Value:14.523202/4486
2017-04-18 20:43:26,385 - root - INFO - Epoch:11, Episode:20, Steps Left:0/5000/100000, Reward:694.000000, fps:902.152888, Exploration:0.100000, Collision:0.020200/101 , Avg Loss:2.796453/1000, Avg Q Value:14.538798/4498
2017-04-18 20:43:26,386 - root - INFO - Epoch:11, FPS:900.859493, Avg Reward: 718.300000/202017-04-18 20:41:41,036 - root - INFO - Epoch:11, Episode:1, Steps Left:95000/5000/100000, Reward:694.000000, fps:884.157497, Exploration:0.100000, Collision:0.018400/92 , Avg Loss:2.657964/1000, Avg Q Value:14.153814/4500
2017-04-18 20:41:46,782 - root - INFO - Epoch:11, Episode:2, Steps Left:90000/5000/100000, Reward:663.000000, fps:870.106932, Exploration:0.100000, Collision:0.019800/99 , Avg Loss:2.453574/1000, Avg Q Value:14.128249/4511
2017-04-18 20:41:52,397 - root - INFO - Epoch:11, Episode:3, Steps Left:85000/5000/100000, Reward:754.000000, fps:890.547273, Exploration:0.100000, Collision:0.019200/96 , Avg Loss:2.601178/1000, Avg Q Value:14.224692/4535
2017-04-18 20:41:58,044 - root - INFO - Epoch:11, Episode:4, Steps Left:80000/5000/100000, Reward:788.000000, fps:885.414140, Exploration:0.100000, Collision:0.018000/90 , Avg Loss:2.583996/1000, Avg Q Value:14.290594/4494
2017-04-18 20:42:03,449 - root - INFO - Epoch:11, Episode:5, Steps Left:75000/5000/100000, Reward:737.000000, fps:925.185940, Exploration:0.100000, Collision:0.017800/89 , Avg Loss:2.697809/1000, Avg Q Value:14.289897/4522
2017-04-18 20:42:08,864 - root - INFO - Epoch:11, Episode:6, Steps Left:70000/5000/100000, Reward:693.000000, fps:923.235515, Exploration:0.100000, Collision:0.020800/104 , Avg Loss:2.680834/1000, Avg Q Value:14.275259/4492
2017-04-18 20:42:14,387 - root - INFO - Epoch:11, Episode:7, Steps Left:65000/5000/100000, Reward:661.000000, fps:905.322791, Exploration:0.100000, Collision:0.019800/99 , Avg Loss:2.507190/1000, Avg Q Value:14.292906/4505
2017-04-18 20:42:19,923 - root - INFO - Epoch:11, Episode:8, Steps Left:60000/5000/100000, Reward:696.000000, fps:903.202839, Exploration:0.100000, Collision:0.017600/88 , Avg Loss:2.452754/1000, Avg Q Value:14.318129/4489
2017-04-18 20:42:25,720 - root - INFO - Epoch:11, Episode:9, Steps Left:55000/5000/100000, Reward:779.000000, fps:862.650208, Exploration:0.100000, Collision:0.017600/88 , Avg Loss:2.728654/1000, Avg Q Value:14.386572/4501
2017-04-18 20:42:31,131 - root - INFO - Epoch:11, Episode:10, Steps Left:50000/5000/100000, Reward:740.000000, fps:924.059003, Exploration:0.100000, Collision:0.020200/101 , Avg Loss:2.615506/1000, Avg Q Value:14.409574/4470
2017-04-18 20:42:36,579 - root - INFO - Epoch:11, Episode:11, Steps Left:45000/5000/100000, Reward:722.000000, fps:917.792256, Exploration:0.100000, Collision:0.020800/104 , Avg Loss:2.791373/1000, Avg Q Value:14.363172/4501
2017-04-18 20:42:42,283 - root - INFO - Epoch:11, Episode:12, Steps Left:40000/5000/100000, Reward:699.000000, fps:877.352280, Exploration:0.100000, Collision:0.022200/111 , Avg Loss:2.586131/1000, Avg Q Value:14.399740/4514
2017-04-18 20:42:47,731 - root - INFO - Epoch:11, Episode:13, Steps Left:35000/5000/100000, Reward:713.000000, fps:917.858133, Exploration:0.100000, Collision:0.018800/94 , Avg Loss:2.431195/1000, Avg Q Value:14.403195/4491
2017-04-18 20:42:53,385 - root - INFO - Epoch:11, Episode:14, Steps Left:30000/5000/100000, Reward:715.000000, fps:884.406608, Exploration:0.100000, Collision:0.018200/91 , Avg Loss:2.695808/1000, Avg Q Value:14.460126/4488
2017-04-18 20:42:58,849 - root - INFO - Epoch:11, Episode:15, Steps Left:25000/5000/100000, Reward:746.000000, fps:915.124413, Exploration:0.100000, Collision:0.020400/102 , Avg Loss:2.669541/1000, Avg Q Value:14.506371/4438
2017-04-18 20:43:04,268 - root - INFO - Epoch:11, Episode:16, Steps Left:20000/5000/100000, Reward:709.000000, fps:922.699044, Exploration:0.100000, Collision:0.018600/93 , Avg Loss:2.601255/1000, Avg Q Value:14.493814/4535
2017-04-18 20:43:09,619 - root - INFO - Epoch:11, Episode:17, Steps Left:15000/5000/100000, Reward:662.000000, fps:934.324968, Exploration:0.100000, Collision:0.018800/94 , Avg Loss:2.635399/1000, Avg Q Value:14.402452/4481
2017-04-18 20:43:15,302 - root - INFO - Epoch:11, Episode:18, Steps Left:10000/5000/100000, Reward:768.000000, fps:879.889631, Exploration:0.100000, Collision:0.019000/95 , Avg Loss:2.582191/1000, Avg Q Value:14.542046/4475
2017-04-18 20:43:20,843 - root - INFO - Epoch:11, Episode:19, Steps Left:5000/5000/100000, Reward:733.000000, fps:902.391858, Exploration:0.100000, Collision:0.016600/83 , Avg Loss:2.664175/1000, Avg Q Value:14.523202/4486
2017-04-18 20:43:26,385 - root - INFO - Epoch:11, Episode:20, Steps Left:0/5000/100000, Reward:694.000000, fps:902.152888, Exploration:0.100000, Collision:0.020200/101 , Avg Loss:2.796453/1000, Avg Q Value:14.538798/4498
2017-04-18 20:43:26,386 - root - INFO - Epoch:11, FPS:900.859493, Avg Reward: 718.300000/202017-04-18 20:41:41,036 - root - INFO - Epoch:11, Episode:1, Steps Left:95000/5000/100000, Reward:694.000000, fps:884.157497, Exploration:0.100000, Collision:0.018400/92 , Avg Loss:2.657964/1000, Avg Q Value:14.153814/4500
2017-04-18 20:41:46,782 - root - INFO - Epoch:11, Episode:2, Steps Left:90000/5000/100000, Reward:663.000000, fps:870.106932, Exploration:0.100000, Collision:0.019800/99 , Avg Loss:2.453574/1000, Avg Q Value:14.128249/4511
2017-04-18 20:41:52,397 - root - INFO - Epoch:11, Episode:3, Steps Left:85000/5000/100000, Reward:754.000000, fps:890.547273, Exploration:0.100000, Collision:0.019200/96 , Avg Loss:2.601178/1000, Avg Q Value:14.224692/4535
2017-04-18 20:41:58,044 - root - INFO - Epoch:11, Episode:4, Steps Left:80000/5000/100000, Reward:788.000000, fps:885.414140, Exploration:0.100000, Collision:0.018000/90 , Avg Loss:2.583996/1000, Avg Q Value:14.290594/4494
2017-04-18 20:42:03,449 - root - INFO - Epoch:11, Episode:5, Steps Left:75000/5000/100000, Reward:737.000000, fps:925.185940, Exploration:0.100000, Collision:0.017800/89 , Avg Loss:2.697809/1000, Avg Q Value:14.289897/4522
2017-04-18 20:42:08,864 - root - INFO - Epoch:11, Episode:6, Steps Left:70000/5000/100000, Reward:693.000000, fps:923.235515, Exploration:0.100000, Collision:0.020800/104 , Avg Loss:2.680834/1000, Avg Q Value:14.275259/4492
2017-04-18 20:42:14,387 - root - INFO - Epoch:11, Episode:7, Steps Left:65000/5000/100000, Reward:661.000000, fps:905.322791, Exploration:0.100000, Collision:0.019800/99 , Avg Loss:2.507190/1000, Avg Q Value:14.292906/4505
2017-04-18 20:42:19,923 - root - INFO - Epoch:11, Episode:8, Steps Left:60000/5000/100000, Reward:696.000000, fps:903.202839, Exploration:0.100000, Collision:0.017600/88 , Avg Loss:2.452754/1000, Avg Q Value:14.318129/4489
2017-04-18 20:42:25,720 - root - INFO - Epoch:11, Episode:9, Steps Left:55000/5000/100000, Reward:779.000000, fps:862.650208, Exploration:0.100000, Collision:0.017600/88 , Avg Loss:2.728654/1000, Avg Q Value:14.386572/4501
2017-04-18 20:42:31,131 - root - INFO - Epoch:11, Episode:10, Steps Left:50000/5000/100000, Reward:740.000000, fps:924.059003, Exploration:0.100000, Collision:0.020200/101 , Avg Loss:2.615506/1000, Avg Q Value:14.409574/4470
2017-04-18 20:42:36,579 - root - INFO - Epoch:11, Episode:11, Steps Left:45000/5000/100000, Reward:722.000000, fps:917.792256, Exploration:0.100000, Collision:0.020800/104 , Avg Loss:2.791373/1000, Avg Q Value:14.363172/4501
2017-04-18 20:42:42,283 - root - INFO - Epoch:11, Episode:12, Steps Left:40000/5000/100000, Reward:699.000000, fps:877.352280, Exploration:0.100000, Collision:0.022200/111 , Avg Loss:2.586131/1000, Avg Q Value:14.399740/4514
2017-04-18 20:42:47,731 - root - INFO - Epoch:11, Episode:13, Steps Left:35000/5000/100000, Reward:713.000000, fps:917.858133, Exploration:0.100000, Collision:0.018800/94 , Avg Loss:2.431195/1000, Avg Q Value:14.403195/4491
2017-04-18 20:42:53,385 - root - INFO - Epoch:11, Episode:14, Steps Left:30000/5000/100000, Reward:715.000000, fps:884.406608, Exploration:0.100000, Collision:0.018200/91 , Avg Loss:2.695808/1000, Avg Q Value:14.460126/4488
2017-04-18 20:42:58,849 - root - INFO - Epoch:11, Episode:15, Steps Left:25000/5000/100000, Reward:746.000000, fps:915.124413, Exploration:0.100000, Collision:0.020400/102 , Avg Loss:2.669541/1000, Avg Q Value:14.506371/4438
2017-04-18 20:43:04,268 - root - INFO - Epoch:11, Episode:16, Steps Left:20000/5000/100000, Reward:709.000000, fps:922.699044, Exploration:0.100000, Collision:0.018600/93 , Avg Loss:2.601255/1000, Avg Q Value:14.493814/4535
2017-04-18 20:43:09,619 - root - INFO - Epoch:11, Episode:17, Steps Left:15000/5000/100000, Reward:662.000000, fps:934.324968, Exploration:0.100000, Collision:0.018800/94 , Avg Loss:2.635399/1000, Avg Q Value:14.402452/4481
2017-04-18 20:43:15,302 - root - INFO - Epoch:11, Episode:18, Steps Left:10000/5000/100000, Reward:768.000000, fps:879.889631, Exploration:0.100000, Collision:0.019000/95 , Avg Loss:2.582191/1000, Avg Q Value:14.542046/4475
2017-04-18 20:43:20,843 - root - INFO - Epoch:11, Episode:19, Steps Left:5000/5000/100000, Reward:733.000000, fps:902.391858, Exploration:0.100000, Collision:0.016600/83 , Avg Loss:2.664175/1000, Avg Q Value:14.523202/4486
2017-04-18 20:43:26,385 - root - INFO - Epoch:11, Episode:20, Steps Left:0/5000/100000, Reward:694.000000, fps:902.152888, Exploration:0.100000, Collision:0.020200/101 , Avg Loss:2.796453/1000, Avg Q Value:14.538798/4498
2017-04-18 20:43:26,386 - root - INFO - Epoch:11, FPS:900.859493, Avg Reward: 718.300000/202017-04-18 20:41:41,036 - root - INFO - Epoch:11, Episode:1, Steps Left:95000/5000/100000, Reward:694.000000, fps:884.157497, Exploration:0.100000, Collision:0.018400/92 , Avg Loss:2.657964/1000, Avg Q Value:14.153814/4500
2017-04-18 20:41:46,782 - root - INFO - Epoch:11, Episode:2, Steps Left:90000/5000/100000, Reward:663.000000, fps:870.106932, Exploration:0.100000, Collision:0.019800/99 , Avg Loss:2.453574/1000, Avg Q Value:14.128249/4511
2017-04-18 20:41:52,397 - root - INFO - Epoch:11, Episode:3, Steps Left:85000/5000/100000, Reward:754.000000, fps:890.547273, Exploration:0.100000, Collision:0.019200/96 , Avg Loss:2.601178/1000, Avg Q Value:14.224692/4535
2017-04-18 20:41:58,044 - root - INFO - Epoch:11, Episode:4, Steps Left:80000/5000/100000, Reward:788.000000, fps:885.414140, Exploration:0.100000, Collision:0.018000/90 , Avg Loss:2.583996/1000, Avg Q Value:14.290594/4494
2017-04-18 20:42:03,449 - root - INFO - Epoch:11, Episode:5, Steps Left:75000/5000/100000, Reward:737.000000, fps:925.185940, Exploration:0.100000, Collision:0.017800/89 , Avg Loss:2.697809/1000, Avg Q Value:14.289897/4522
2017-04-18 20:42:08,864 - root - INFO - Epoch:11, Episode:6, Steps Left:70000/5000/100000, Reward:693.000000, fps:923.235515, Exploration:0.100000, Collision:0.020800/104 , Avg Loss:2.680834/1000, Avg Q Value:14.275259/4492
2017-04-18 20:42:14,387 - root - INFO - Epoch:11, Episode:7, Steps Left:65000/5000/100000, Reward:661.000000, fps:905.322791, Exploration:0.100000, Collision:0.019800/99 , Avg Loss:2.507190/1000, Avg Q Value:14.292906/4505
2017-04-18 20:42:19,923 - root - INFO - Epoch:11, Episode:8, Steps Left:60000/5000/100000, Reward:696.000000, fps:903.202839, Exploration:0.100000, Collision:0.017600/88 , Avg Loss:2.452754/1000, Avg Q Value:14.318129/4489
2017-04-18 20:42:25,720 - root - INFO - Epoch:11, Episode:9, Steps Left:55000/5000/100000, Reward:779.000000, fps:862.650208, Exploration:0.100000, Collision:0.017600/88 , Avg Loss:2.728654/1000, Avg Q Value:14.386572/4501
2017-04-18 20:42:31,131 - root - INFO - Epoch:11, Episode:10, Steps Left:50000/5000/100000, Reward:740.000000, fps:924.059003, Exploration:0.100000, Collision:0.020200/101 , Avg Loss:2.615506/1000, Avg Q Value:14.409574/4470
2017-04-18 20:42:36,579 - root - INFO - Epoch:11, Episode:11, Steps Left:45000/5000/100000, Reward:722.000000, fps:917.792256, Exploration:0.100000, Collision:0.020800/104 , Avg Loss:2.791373/1000, Avg Q Value:14.363172/4501
2017-04-18 20:42:42,283 - root - INFO - Epoch:11, Episode:12, Steps Left:40000/5000/100000, Reward:699.000000, fps:877.352280, Exploration:0.100000, Collision:0.022200/111 , Avg Loss:2.586131/1000, Avg Q Value:14.399740/4514
2017-04-18 20:42:47,731 - root - INFO - Epoch:11, Episode:13, Steps Left:35000/5000/100000, Reward:713.000000, fps:917.858133, Exploration:0.100000, Collision:0.018800/94 , Avg Loss:2.431195/1000, Avg Q Value:14.403195/4491
2017-04-18 20:42:53,385 - root - INFO - Epoch:11, Episode:14, Steps Left:30000/5000/100000, Reward:715.000000, fps:884.406608, Exploration:0.100000, Collision:0.018200/91 , Avg Loss:2.695808/1000, Avg Q Value:14.460126/4488
2017-04-18 20:42:58,849 - root - INFO - Epoch:11, Episode:15, Steps Left:25000/5000/100000, Reward:746.000000, fps:915.124413, Exploration:0.100000, Collision:0.020400/102 , Avg Loss:2.669541/1000, Avg Q Value:14.506371/4438
2017-04-18 20:43:04,268 - root - INFO - Epoch:11, Episode:16, Steps Left:20000/5000/100000, Reward:709.000000, fps:922.699044, Exploration:0.100000, Collision:0.018600/93 , Avg Loss:2.601255/1000, Avg Q Value:14.493814/4535
2017-04-18 20:43:09,619 - root - INFO - Epoch:11, Episode:17, Steps Left:15000/5000/100000, Reward:662.000000, fps:934.324968, Exploration:0.100000, Collision:0.018800/94 , Avg Loss:2.635399/1000, Avg Q Value:14.402452/4481
2017-04-18 20:43:15,302 - root - INFO - Epoch:11, Episode:18, Steps Left:10000/5000/100000, Reward:768.000000, fps:879.889631, Exploration:0.100000, Collision:0.019000/95 , Avg Loss:2.582191/1000, Avg Q Value:14.542046/4475
2017-04-18 20:43:20,843 - root - INFO - Epoch:11, Episode:19, Steps Left:5000/5000/100000, Reward:733.000000, fps:902.391858, Exploration:0.100000, Collision:0.016600/83 , Avg Loss:2.664175/1000, Avg Q Value:14.523202/4486
2017-04-18 20:43:26,385 - root - INFO - Epoch:11, Episode:20, Steps Left:0/5000/100000, Reward:694.000000, fps:902.152888, Exploration:0.100000, Collision:0.020200/101 , Avg Loss:2.796453/1000, Avg Q Value:14.538798/4498
2017-04-18 20:43:26,386 - root - INFO - Epoch:11, FPS:900.859493, Avg Reward: 718.300000/20
