2017-04-15 19:34:50,506 - root - INFO - Nework Params: 
2017-04-15 19:34:50,506 - root - INFO -    fc2_weight: <NDArray 64x256 @gpu(0)>
2017-04-15 19:34:50,506 - root - INFO -    qvalue_weight: <NDArray 4x64 @gpu(0)>
2017-04-15 19:34:50,506 - root - INFO -    fc1_weight: <NDArray 256x74 @gpu(0)>
2017-04-15 19:34:50,506 - root - INFO -    fc2_bias: <NDArray 64 @gpu(0)>
2017-04-15 19:34:50,506 - root - INFO -    fc1_bias: <NDArray 256 @gpu(0)>
2017-04-15 19:34:50,506 - root - INFO -    qvalue_bias: <NDArray 4 @gpu(0)>
2017-04-15 19:34:50,506 - root - INFO - Optimizer Params: <class 'mxnet.optimizer.Adam'>
2017-04-15 19:34:50,506 - root - INFO -    epsilon: 1e-08
2017-04-15 19:34:50,506 - root - INFO -    beta2: 0.999
2017-04-15 19:34:50,506 - root - INFO -    beta1: 0.9
2017-04-15 19:34:50,507 - root - INFO -    rescale_grad: 0.03125
2017-04-15 19:34:50,507 - root - INFO -    wd: 0.0
2017-04-15 19:34:50,507 - root - INFO -    lr: 0.0001
2017-04-15 19:34:52,313 - root - INFO - Epoch:0, Episode:1, Steps Left:95000/5000/100000, Reward:134.000000, fps:2768.325628, Exploration:1.000000, Collision:0.021600/108 
2017-04-15 19:34:54,197 - root - INFO - Epoch:0, Episode:2, Steps Left:90000/5000/100000, Reward:143.000000, fps:2653.610718, Exploration:1.000000, Collision:0.028400/142 
2017-04-15 19:34:56,024 - root - INFO - Epoch:0, Episode:3, Steps Left:85000/5000/100000, Reward:121.000000, fps:2736.861667, Exploration:1.000000, Collision:0.026400/132 
2017-04-15 19:34:57,851 - root - INFO - Epoch:0, Episode:4, Steps Left:80000/5000/100000, Reward:156.000000, fps:2736.789878, Exploration:1.000000, Collision:0.022600/113 
2017-04-15 19:34:59,685 - root - INFO - Epoch:0, Episode:5, Steps Left:75000/5000/100000, Reward:146.000000, fps:2727.692842, Exploration:1.000000, Collision:0.024800/124 
2017-04-15 19:35:01,560 - root - INFO - Epoch:0, Episode:6, Steps Left:70000/5000/100000, Reward:142.000000, fps:2666.741945, Exploration:1.000000, Collision:0.025800/129 
2017-04-15 19:35:03,345 - root - INFO - Epoch:0, Episode:7, Steps Left:65000/5000/100000, Reward:120.000000, fps:2800.423839, Exploration:1.000000, Collision:0.026000/130 
2017-04-15 19:35:05,160 - root - INFO - Epoch:0, Episode:8, Steps Left:60000/5000/100000, Reward:122.000000, fps:2755.293176, Exploration:1.000000, Collision:0.026000/130 
2017-04-15 19:35:06,961 - root - INFO - Epoch:0, Episode:9, Steps Left:55000/5000/100000, Reward:155.000000, fps:2776.804650, Exploration:1.000000, Collision:0.021200/106 
2017-04-15 19:35:08,777 - root - INFO - Epoch:0, Episode:10, Steps Left:50000/5000/100000, Reward:122.000000, fps:2753.713600, Exploration:1.000000, Collision:0.026000/130 
2017-04-15 19:35:12,654 - root - INFO - Epoch:0, Episode:11, Steps Left:45000/5000/100000, Reward:114.000000, fps:1289.695227, Exploration:0.991002, Collision:0.027600/138 , Avg Loss:2.396062/1000, Avg Q Value:0.228002/28 
2017-04-15 19:35:16,357 - root - INFO - Epoch:0, Episode:12, Steps Left:40000/5000/100000, Reward:171.000000, fps:1350.368160, Exploration:0.982002, Collision:0.021600/108 , Avg Loss:2.105201/1000, Avg Q Value:0.223025/64 
2017-04-15 19:35:20,204 - root - INFO - Epoch:0, Episode:13, Steps Left:35000/5000/100000, Reward:150.000000, fps:1299.580645, Exploration:0.973002, Collision:0.024000/120 , Avg Loss:1.368872/1000, Avg Q Value:0.253911/118 
2017-04-15 19:35:23,968 - root - INFO - Epoch:0, Episode:14, Steps Left:30000/5000/100000, Reward:168.000000, fps:1328.653585, Exploration:0.964002, Collision:0.024600/123 , Avg Loss:1.442150/1000, Avg Q Value:0.266494/177 
2017-04-15 19:35:27,768 - root - INFO - Epoch:0, Episode:15, Steps Left:25000/5000/100000, Reward:227.000000, fps:1315.557882, Exploration:0.955002, Collision:0.019600/98 , Avg Loss:1.269682/1000, Avg Q Value:0.385585/184 
2017-04-15 19:35:31,728 - root - INFO - Epoch:0, Episode:16, Steps Left:20000/5000/100000, Reward:176.000000, fps:1262.941046, Exploration:0.946002, Collision:0.022200/111 , Avg Loss:1.325433/1000, Avg Q Value:0.352791/286 
2017-04-15 19:35:35,848 - root - INFO - Epoch:0, Episode:17, Steps Left:15000/5000/100000, Reward:196.000000, fps:1213.616075, Exploration:0.937002, Collision:0.024200/121 , Avg Loss:1.579368/1000, Avg Q Value:0.473458/288 
2017-04-15 19:35:40,232 - root - INFO - Epoch:0, Episode:18, Steps Left:10000/5000/100000, Reward:139.000000, fps:1140.586112, Exploration:0.928002, Collision:0.027400/137 , Avg Loss:1.562839/1000, Avg Q Value:0.435303/353 
2017-04-15 19:35:44,456 - root - INFO - Epoch:0, Episode:19, Steps Left:5000/5000/100000, Reward:185.000000, fps:1183.671173, Exploration:0.919002, Collision:0.025200/126 , Avg Loss:2.085148/1000, Avg Q Value:0.530191/375 
2017-04-15 19:35:48,669 - root - INFO - Epoch:0, Episode:20, Steps Left:0/5000/100000, Reward:196.000000, fps:1186.859626, Exploration:0.910002, Collision:0.018800/94 , Avg Loss:1.968237/1000, Avg Q Value:0.527216/457 
2017-04-15 19:35:48,669 - root - INFO - Epoch:0, FPS:1719.324388, Avg Reward: 154.150000/20
2017-04-15 19:35:53,051 - root - INFO - Epoch:1, Episode:1, Steps Left:95000/5000/100000, Reward:160.000000, fps:1141.057265, Exploration:0.901002, Collision:0.028600/143 , Avg Loss:2.594872/1000, Avg Q Value:0.625171/511 
2017-04-15 19:35:57,336 - root - INFO - Epoch:1, Episode:2, Steps Left:90000/5000/100000, Reward:165.000000, fps:1167.140557, Exploration:0.892002, Collision:0.023200/116 , Avg Loss:2.356169/1000, Avg Q Value:0.620921/543 
2017-04-15 19:36:01,592 - root - INFO - Epoch:1, Episode:3, Steps Left:85000/5000/100000, Reward:204.000000, fps:1174.781943, Exploration:0.883002, Collision:0.025000/125 , Avg Loss:2.867112/1000, Avg Q Value:0.795221/564 
2017-04-15 19:36:05,634 - root - INFO - Epoch:1, Episode:4, Steps Left:80000/5000/100000, Reward:184.000000, fps:1237.064047, Exploration:0.874002, Collision:0.024200/121 , Avg Loss:2.619980/1000, Avg Q Value:0.736596/597 
2017-04-15 19:36:09,762 - root - INFO - Epoch:1, Episode:5, Steps Left:75000/5000/100000, Reward:184.000000, fps:1211.254435, Exploration:0.865002, Collision:0.026800/134 , Avg Loss:2.892592/1000, Avg Q Value:0.926912/665 
2017-04-15 19:36:13,736 - root - INFO - Epoch:1, Episode:6, Steps Left:70000/5000/100000, Reward:177.000000, fps:1258.265280, Exploration:0.856002, Collision:0.027400/137 , Avg Loss:2.584840/1000, Avg Q Value:0.878043/635 
2017-04-15 19:36:17,869 - root - INFO - Epoch:1, Episode:7, Steps Left:65000/5000/100000, Reward:190.000000, fps:1209.763288, Exploration:0.847002, Collision:0.028400/142 , Avg Loss:3.278968/1000, Avg Q Value:1.060947/716 
2017-04-15 19:36:21,904 - root - INFO - Epoch:1, Episode:8, Steps Left:60000/5000/100000, Reward:206.000000, fps:1239.273483, Exploration:0.838002, Collision:0.025800/129 , Avg Loss:2.827861/1000, Avg Q Value:1.074531/800 
2017-04-15 19:36:25,904 - root - INFO - Epoch:1, Episode:9, Steps Left:55000/5000/100000, Reward:204.000000, fps:1249.933097, Exploration:0.829002, Collision:0.023400/117 , Avg Loss:3.583826/1000, Avg Q Value:1.070944/887 
2017-04-15 19:36:29,937 - root - INFO - Epoch:1, Episode:10, Steps Left:50000/5000/100000, Reward:253.000000, fps:1239.788155, Exploration:0.820002, Collision:0.027200/136 , Avg Loss:3.451374/1000, Avg Q Value:1.116582/870 
2017-04-15 19:36:34,076 - root - INFO - Epoch:1, Episode:11, Steps Left:45000/5000/100000, Reward:257.000000, fps:1208.197287, Exploration:0.811002, Collision:0.023400/117 , Avg Loss:3.456470/1000, Avg Q Value:1.254634/964 
2017-04-15 19:36:38,117 - root - INFO - Epoch:1, Episode:12, Steps Left:40000/5000/100000, Reward:231.000000, fps:1237.315339, Exploration:0.802002, Collision:0.024000/120 , Avg Loss:3.485925/1000, Avg Q Value:1.265847/990 
2017-04-15 19:36:42,208 - root - INFO - Epoch:1, Episode:13, Steps Left:35000/5000/100000, Reward:213.000000, fps:1222.118900, Exploration:0.793002, Collision:0.025000/125 , Avg Loss:3.859186/1000, Avg Q Value:1.368484/950 
2017-04-15 19:36:46,326 - root - INFO - Epoch:1, Episode:14, Steps Left:30000/5000/100000, Reward:212.000000, fps:1214.237662, Exploration:0.784002, Collision:0.026600/133 , Avg Loss:3.525887/1000, Avg Q Value:1.420770/1037 
2017-04-15 19:36:50,530 - root - INFO - Epoch:1, Episode:15, Steps Left:25000/5000/100000, Reward:257.000000, fps:1189.626168, Exploration:0.775002, Collision:0.025600/128 , Avg Loss:3.288566/1000, Avg Q Value:1.556174/1088 
2017-04-15 19:36:54,713 - root - INFO - Epoch:1, Episode:16, Steps Left:20000/5000/100000, Reward:227.000000, fps:1195.272104, Exploration:0.766002, Collision:0.026000/130 , Avg Loss:3.756099/1000, Avg Q Value:1.542092/1167 
2017-04-15 19:36:58,827 - root - INFO - Epoch:1, Episode:17, Steps Left:15000/5000/100000, Reward:206.000000, fps:1215.301654, Exploration:0.757002, Collision:0.027200/136 , Avg Loss:3.406349/1000, Avg Q Value:1.679228/1185 
2017-04-15 19:37:02,951 - root - INFO - Epoch:1, Episode:18, Steps Left:10000/5000/100000, Reward:266.000000, fps:1212.646530, Exploration:0.748002, Collision:0.024800/124 , Avg Loss:3.661630/1000, Avg Q Value:1.674863/1259 
2017-04-15 19:37:07,090 - root - INFO - Epoch:1, Episode:19, Steps Left:5000/5000/100000, Reward:249.000000, fps:1208.061292, Exploration:0.739002, Collision:0.025000/125 , Avg Loss:3.580312/1000, Avg Q Value:1.811465/1214 
2017-04-15 19:37:11,318 - root - INFO - Epoch:1, Episode:20, Steps Left:0/5000/100000, Reward:223.000000, fps:1182.498509, Exploration:0.730002, Collision:0.024600/123 , Avg Loss:3.380132/1000, Avg Q Value:1.780057/1352 
2017-04-15 19:37:11,319 - root - INFO - Epoch:1, FPS:1209.940575, Avg Reward: 213.400000/20
2017-04-15 19:37:15,827 - root - INFO - Epoch:2, Episode:1, Steps Left:95000/5000/100000, Reward:283.000000, fps:1109.161214, Exploration:0.721002, Collision:0.021000/105 , Avg Loss:3.467463/1000, Avg Q Value:1.913247/1411 
2017-04-15 19:37:20,084 - root - INFO - Epoch:2, Episode:2, Steps Left:90000/5000/100000, Reward:265.000000, fps:1174.477590, Exploration:0.712002, Collision:0.025000/125 , Avg Loss:3.537686/1000, Avg Q Value:1.926846/1360 
2017-04-15 19:37:24,455 - root - INFO - Epoch:2, Episode:3, Steps Left:85000/5000/100000, Reward:286.000000, fps:1143.862179, Exploration:0.703002, Collision:0.022000/110 , Avg Loss:3.519487/1000, Avg Q Value:2.041585/1425 
2017-04-15 19:37:29,127 - root - INFO - Epoch:2, Episode:4, Steps Left:80000/5000/100000, Reward:326.000000, fps:1070.326424, Exploration:0.694002, Collision:0.020600/103 , Avg Loss:3.519233/1000, Avg Q Value:2.041868/1552 
2017-04-15 19:37:33,489 - root - INFO - Epoch:2, Episode:5, Steps Left:75000/5000/100000, Reward:313.000000, fps:1146.278472, Exploration:0.685002, Collision:0.024600/123 , Avg Loss:3.266483/1000, Avg Q Value:2.224984/1524 
2017-04-15 19:37:37,823 - root - INFO - Epoch:2, Episode:6, Steps Left:70000/5000/100000, Reward:292.000000, fps:1153.698720, Exploration:0.676002, Collision:0.026400/132 , Avg Loss:3.633098/1000, Avg Q Value:2.188679/1630 
2017-04-15 19:37:42,060 - root - INFO - Epoch:2, Episode:7, Steps Left:65000/5000/100000, Reward:322.000000, fps:1180.023476, Exploration:0.667002, Collision:0.020000/100 , Avg Loss:3.546304/1000, Avg Q Value:2.286714/1643 
2017-04-15 19:37:46,309 - root - INFO - Epoch:2, Episode:8, Steps Left:60000/5000/100000, Reward:327.000000, fps:1176.998415, Exploration:0.658002, Collision:0.026200/131 , Avg Loss:3.988663/1000, Avg Q Value:2.292164/1753 
2017-04-15 19:37:50,648 - root - INFO - Epoch:2, Episode:9, Steps Left:55000/5000/100000, Reward:313.000000, fps:1152.419736, Exploration:0.649002, Collision:0.025600/128 , Avg Loss:3.710675/1000, Avg Q Value:2.445185/1723 
2017-04-15 19:37:55,116 - root - INFO - Epoch:2, Episode:10, Steps Left:50000/5000/100000, Reward:357.000000, fps:1119.094987, Exploration:0.640002, Collision:0.023400/117 , Avg Loss:3.632944/1000, Avg Q Value:2.404309/1762 
2017-04-15 19:37:59,482 - root - INFO - Epoch:2, Episode:11, Steps Left:45000/5000/100000, Reward:333.000000, fps:1145.076335, Exploration:0.631002, Collision:0.022600/113 , Avg Loss:3.669746/1000, Avg Q Value:2.580524/1800 
2017-04-15 19:38:03,818 - root - INFO - Epoch:2, Episode:12, Steps Left:40000/5000/100000, Reward:341.000000, fps:1153.150934, Exploration:0.622002, Collision:0.024000/120 , Avg Loss:3.541748/1000, Avg Q Value:2.586183/1884 
2017-04-15 19:38:08,324 - root - INFO - Epoch:2, Episode:13, Steps Left:35000/5000/100000, Reward:352.000000, fps:1109.834597, Exploration:0.613002, Collision:0.024000/120 , Avg Loss:3.611615/1000, Avg Q Value:2.708748/1868 
2017-04-15 19:38:12,694 - root - INFO - Epoch:2, Episode:14, Steps Left:30000/5000/100000, Reward:325.000000, fps:1144.085143, Exploration:0.604002, Collision:0.026400/132 , Avg Loss:3.485569/1000, Avg Q Value:2.707306/2002 
2017-04-15 19:38:17,039 - root - INFO - Epoch:2, Episode:15, Steps Left:25000/5000/100000, Reward:344.000000, fps:1150.917229, Exploration:0.595002, Collision:0.025000/125 , Avg Loss:3.701169/1000, Avg Q Value:2.738006/1999 
2017-04-15 19:38:21,393 - root - INFO - Epoch:2, Episode:16, Steps Left:20000/5000/100000, Reward:373.000000, fps:1148.386459, Exploration:0.586002, Collision:0.023400/117 , Avg Loss:3.757588/1000, Avg Q Value:2.789811/2054 
2017-04-15 19:38:25,813 - root - INFO - Epoch:2, Episode:17, Steps Left:15000/5000/100000, Reward:359.000000, fps:1131.241409, Exploration:0.577002, Collision:0.023800/119 , Avg Loss:3.791690/1000, Avg Q Value:2.897423/2115 
2017-04-15 19:38:30,244 - root - INFO - Epoch:2, Episode:18, Steps Left:10000/5000/100000, Reward:359.000000, fps:1128.486317, Exploration:0.568002, Collision:0.020000/100 , Avg Loss:3.964459/1000, Avg Q Value:2.861042/2087 
2017-04-15 19:38:34,852 - root - INFO - Epoch:2, Episode:19, Steps Left:5000/5000/100000, Reward:413.000000, fps:1085.036986, Exploration:0.559002, Collision:0.023400/117 , Avg Loss:3.806548/1000, Avg Q Value:3.056724/2176 
2017-04-15 19:38:39,550 - root - INFO - Epoch:2, Episode:20, Steps Left:0/5000/100000, Reward:409.000000, fps:1064.334537, Exploration:0.550002, Collision:0.020200/101 , Avg Loss:3.878234/1000, Avg Q Value:3.073190/2247 
2017-04-15 19:38:39,550 - root - INFO - Epoch:2, FPS:1133.383519, Avg Reward: 334.600000/20
2017-04-15 19:38:44,526 - root - INFO - Epoch:3, Episode:1, Steps Left:95000/5000/100000, Reward:370.000000, fps:1004.929982, Exploration:0.541002, Collision:0.020400/102 , Avg Loss:3.722853/1000, Avg Q Value:3.122507/2291 
2017-04-15 19:38:49,147 - root - INFO - Epoch:3, Episode:2, Steps Left:90000/5000/100000, Reward:336.000000, fps:1082.104689, Exploration:0.532002, Collision:0.015600/78 , Avg Loss:3.533537/1000, Avg Q Value:3.003512/2323 
2017-04-15 19:38:53,706 - root - INFO - Epoch:3, Episode:3, Steps Left:85000/5000/100000, Reward:368.000000, fps:1096.702371, Exploration:0.523002, Collision:0.023600/118 , Avg Loss:3.793617/1000, Avg Q Value:3.270033/2322 
2017-04-15 19:38:58,453 - root - INFO - Epoch:3, Episode:4, Steps Left:80000/5000/100000, Reward:364.000000, fps:1053.425762, Exploration:0.514002, Collision:0.022000/110 , Avg Loss:3.864437/1000, Avg Q Value:3.175737/2456 
2017-04-15 19:39:03,210 - root - INFO - Epoch:3, Episode:5, Steps Left:75000/5000/100000, Reward:407.000000, fps:1051.132986, Exploration:0.505002, Collision:0.021000/105 , Avg Loss:3.590223/1000, Avg Q Value:3.352586/2464 
2017-04-15 19:39:07,937 - root - INFO - Epoch:3, Episode:6, Steps Left:70000/5000/100000, Reward:458.000000, fps:1057.647922, Exploration:0.496002, Collision:0.020800/104 , Avg Loss:3.907167/1000, Avg Q Value:3.386823/2466 
2017-04-15 19:39:12,723 - root - INFO - Epoch:3, Episode:7, Steps Left:65000/5000/100000, Reward:364.000000, fps:1044.729879, Exploration:0.487002, Collision:0.024600/123 , Avg Loss:4.029911/1000, Avg Q Value:3.515956/2589 
2017-04-15 19:39:17,567 - root - INFO - Epoch:3, Episode:8, Steps Left:60000/5000/100000, Reward:390.000000, fps:1032.328187, Exploration:0.478002, Collision:0.024600/123 , Avg Loss:3.565634/1000, Avg Q Value:3.526183/2612 
2017-04-15 19:39:22,352 - root - INFO - Epoch:3, Episode:9, Steps Left:55000/5000/100000, Reward:467.000000, fps:1045.040419, Exploration:0.469002, Collision:0.019800/99 , Avg Loss:4.077805/1000, Avg Q Value:3.698839/2640 
2017-04-15 19:39:27,203 - root - INFO - Epoch:3, Episode:10, Steps Left:50000/5000/100000, Reward:473.000000, fps:1030.713427, Exploration:0.460002, Collision:0.022800/114 , Avg Loss:3.518199/1000, Avg Q Value:3.716802/2710 
2017-04-15 19:39:32,284 - root - INFO - Epoch:3, Episode:11, Steps Left:45000/5000/100000, Reward:465.000000, fps:984.139976, Exploration:0.451002, Collision:0.023400/117 , Avg Loss:3.527534/1000, Avg Q Value:3.901658/2757 
2017-04-15 19:39:37,084 - root - INFO - Epoch:3, Episode:12, Steps Left:40000/5000/100000, Reward:448.000000, fps:1041.787090, Exploration:0.442002, Collision:0.022400/112 , Avg Loss:3.312870/1000, Avg Q Value:3.924086/2690 
2017-04-15 19:39:41,975 - root - INFO - Epoch:3, Episode:13, Steps Left:35000/5000/100000, Reward:447.000000, fps:1022.274762, Exploration:0.433002, Collision:0.017000/85 , Avg Loss:3.503308/1000, Avg Q Value:3.833691/2775 
2017-04-15 19:39:46,896 - root - INFO - Epoch:3, Episode:14, Steps Left:30000/5000/100000, Reward:421.000000, fps:1016.077769, Exploration:0.424002, Collision:0.018800/94 , Avg Loss:3.498832/1000, Avg Q Value:3.863963/2893 
2017-04-15 19:39:51,688 - root - INFO - Epoch:3, Episode:15, Steps Left:25000/5000/100000, Reward:471.000000, fps:1043.446365, Exploration:0.415002, Collision:0.021600/108 , Avg Loss:3.946324/1000, Avg Q Value:4.063345/2892 
2017-04-15 19:39:56,494 - root - INFO - Epoch:3, Episode:16, Steps Left:20000/5000/100000, Reward:433.000000, fps:1040.282039, Exploration:0.406002, Collision:0.020000/100 , Avg Loss:3.903028/1000, Avg Q Value:3.966059/2951 
2017-04-15 19:40:01,458 - root - INFO - Epoch:3, Episode:17, Steps Left:15000/5000/100000, Reward:404.000000, fps:1007.435459, Exploration:0.397002, Collision:0.014200/71 , Avg Loss:3.904819/1000, Avg Q Value:3.995929/3015 
2017-04-15 19:40:06,196 - root - INFO - Epoch:3, Episode:18, Steps Left:10000/5000/100000, Reward:398.000000, fps:1055.164181, Exploration:0.388002, Collision:0.016400/82 , Avg Loss:3.894236/1000, Avg Q Value:4.009972/3053 
2017-04-15 19:40:11,066 - root - INFO - Epoch:3, Episode:19, Steps Left:5000/5000/100000, Reward:461.000000, fps:1026.852172, Exploration:0.379002, Collision:0.022200/111 , Avg Loss:4.195786/1000, Avg Q Value:4.170958/3076 
2017-04-15 19:40:16,020 - root - INFO - Epoch:3, Episode:20, Steps Left:0/5000/100000, Reward:489.000000, fps:1009.325356, Exploration:0.370002, Collision:0.023200/116 , Avg Loss:4.269176/1000, Avg Q Value:4.204782/3163 
2017-04-15 19:40:16,020 - root - INFO - Epoch:3, FPS:1036.599510, Avg Reward: 421.700000/20
2017-04-15 19:40:20,915 - root - INFO - Epoch:4, Episode:1, Steps Left:95000/5000/100000, Reward:484.000000, fps:1021.505094, Exploration:0.361002, Collision:0.023400/117 , Avg Loss:3.818090/1000, Avg Q Value:4.255735/3245 
2017-04-15 19:40:26,036 - root - INFO - Epoch:4, Episode:2, Steps Left:90000/5000/100000, Reward:443.000000, fps:976.461806, Exploration:0.352002, Collision:0.023400/117 , Avg Loss:4.007873/1000, Avg Q Value:4.242293/3200 
2017-04-15 19:40:31,037 - root - INFO - Epoch:4, Episode:3, Steps Left:85000/5000/100000, Reward:470.000000, fps:999.748055, Exploration:0.343002, Collision:0.023200/116 , Avg Loss:3.900121/1000, Avg Q Value:4.399891/3271 
2017-04-15 19:40:36,163 - root - INFO - Epoch:4, Episode:4, Steps Left:80000/5000/100000, Reward:472.000000, fps:975.441131, Exploration:0.334002, Collision:0.019800/99 , Avg Loss:3.710404/1000, Avg Q Value:4.389215/3346 
2017-04-15 19:40:41,352 - root - INFO - Epoch:4, Episode:5, Steps Left:75000/5000/100000, Reward:429.000000, fps:963.725377, Exploration:0.325002, Collision:0.018400/92 , Avg Loss:3.758212/1000, Avg Q Value:4.407471/3371 
2017-04-15 19:40:46,640 - root - INFO - Epoch:4, Episode:6, Steps Left:70000/5000/100000, Reward:433.000000, fps:945.605559, Exploration:0.316002, Collision:0.015200/76 , Avg Loss:3.732036/1000, Avg Q Value:4.381280/3402 
2017-04-15 19:40:51,534 - root - INFO - Epoch:4, Episode:7, Steps Left:65000/5000/100000, Reward:471.000000, fps:1021.650404, Exploration:0.307002, Collision:0.022400/112 , Avg Loss:3.538827/1000, Avg Q Value:4.615134/3422 
2017-04-15 19:40:56,641 - root - INFO - Epoch:4, Episode:8, Steps Left:60000/5000/100000, Reward:473.000000, fps:979.062330, Exploration:0.298002, Collision:0.023200/116 , Avg Loss:3.507158/1000, Avg Q Value:4.645243/3500 
2017-04-15 19:41:01,558 - root - INFO - Epoch:4, Episode:9, Steps Left:55000/5000/100000, Reward:470.000000, fps:1016.966248, Exploration:0.289002, Collision:0.022200/111 , Avg Loss:3.623548/1000, Avg Q Value:4.676968/3545 
2017-04-15 19:41:06,743 - root - INFO - Epoch:4, Episode:10, Steps Left:50000/5000/100000, Reward:482.000000, fps:964.204669, Exploration:0.280002, Collision:0.021400/107 , Avg Loss:4.157152/1000, Avg Q Value:4.714197/3597 
2017-04-15 19:41:11,669 - root - INFO - Epoch:4, Episode:11, Steps Left:45000/5000/100000, Reward:469.000000, fps:1015.109318, Exploration:0.271002, Collision:0.020600/103 , Avg Loss:4.493669/1000, Avg Q Value:4.743969/3608 
2017-04-15 19:41:16,578 - root - INFO - Epoch:4, Episode:12, Steps Left:40000/5000/100000, Reward:430.000000, fps:1018.710465, Exploration:0.262002, Collision:0.023000/115 , Avg Loss:4.052670/1000, Avg Q Value:4.700515/3718 
2017-04-15 19:41:21,547 - root - INFO - Epoch:4, Episode:13, Steps Left:35000/5000/100000, Reward:476.000000, fps:1006.173726, Exploration:0.253002, Collision:0.021000/105 , Avg Loss:4.219974/1000, Avg Q Value:4.826293/3706 
2017-04-15 19:41:26,708 - root - INFO - Epoch:4, Episode:14, Steps Left:30000/5000/100000, Reward:509.000000, fps:968.907351, Exploration:0.244002, Collision:0.023000/115 , Avg Loss:4.323042/1000, Avg Q Value:4.819693/3770 
2017-04-15 19:41:31,887 - root - INFO - Epoch:4, Episode:15, Steps Left:25000/5000/100000, Reward:463.000000, fps:965.373055, Exploration:0.235002, Collision:0.022200/111 , Avg Loss:4.205801/1000, Avg Q Value:4.888526/3777 
2017-04-15 19:41:36,884 - root - INFO - Epoch:4, Episode:16, Steps Left:20000/5000/100000, Reward:409.000000, fps:1000.644622, Exploration:0.226002, Collision:0.019600/98 , Avg Loss:3.735904/1000, Avg Q Value:4.868998/3834 
2017-04-15 19:41:41,864 - root - INFO - Epoch:4, Episode:17, Steps Left:15000/5000/100000, Reward:506.000000, fps:1004.116291, Exploration:0.217002, Collision:0.025400/127 , Avg Loss:4.428852/1000, Avg Q Value:5.063539/3933 
2017-04-15 19:41:46,972 - root - INFO - Epoch:4, Episode:18, Steps Left:10000/5000/100000, Reward:513.000000, fps:978.923398, Exploration:0.208002, Collision:0.022800/114 , Avg Loss:3.920848/1000, Avg Q Value:5.065920/3890 
2017-04-15 19:41:52,030 - root - INFO - Epoch:4, Episode:19, Steps Left:5000/5000/100000, Reward:594.000000, fps:988.396072, Exploration:0.199002, Collision:0.019200/96 , Avg Loss:4.564363/1000, Avg Q Value:5.177337/4019 
2017-04-15 19:41:57,171 - root - INFO - Epoch:4, Episode:20, Steps Left:0/5000/100000, Reward:557.000000, fps:972.693415, Exploration:0.190002, Collision:0.020000/100 , Avg Loss:4.407011/1000, Avg Q Value:5.136655/4071 
2017-04-15 19:41:57,172 - root - INFO - Epoch:4, FPS:988.623056, Avg Reward: 477.650000/20
2017-04-15 19:42:02,257 - root - INFO - Epoch:5, Episode:1, Steps Left:95000/5000/100000, Reward:527.000000, fps:983.146887, Exploration:0.181002, Collision:0.019800/99 , Avg Loss:4.104487/1000, Avg Q Value:5.167571/4088 
2017-04-15 19:42:07,525 - root - INFO - Epoch:5, Episode:2, Steps Left:90000/5000/100000, Reward:498.000000, fps:949.300353, Exploration:0.172002, Collision:0.020800/104 , Avg Loss:4.430181/1000, Avg Q Value:5.151329/4114 
2017-04-15 19:42:12,708 - root - INFO - Epoch:5, Episode:3, Steps Left:85000/5000/100000, Reward:505.000000, fps:964.581542, Exploration:0.163002, Collision:0.014600/73 , Avg Loss:4.229068/1000, Avg Q Value:5.126637/4143 
2017-04-15 19:42:17,863 - root - INFO - Epoch:5, Episode:4, Steps Left:80000/5000/100000, Reward:534.000000, fps:969.971274, Exploration:0.154002, Collision:0.017400/87 , Avg Loss:4.794358/1000, Avg Q Value:5.187829/4203 
2017-04-15 19:42:23,003 - root - INFO - Epoch:5, Episode:5, Steps Left:75000/5000/100000, Reward:564.000000, fps:972.921074, Exploration:0.145002, Collision:0.021800/109 , Avg Loss:4.802593/1000, Avg Q Value:5.244813/4243 
2017-04-15 19:42:28,306 - root - INFO - Epoch:5, Episode:6, Steps Left:70000/5000/100000, Reward:540.000000, fps:942.881018, Exploration:0.136002, Collision:0.020200/101 , Avg Loss:4.426644/1000, Avg Q Value:5.233846/4339 
2017-04-15 19:42:33,544 - root - INFO - Epoch:5, Episode:7, Steps Left:65000/5000/100000, Reward:521.000000, fps:954.488273, Exploration:0.127002, Collision:0.020400/102 , Avg Loss:4.739688/1000, Avg Q Value:5.171234/4360 
2017-04-15 19:42:38,785 - root - INFO - Epoch:5, Episode:8, Steps Left:60000/5000/100000, Reward:518.000000, fps:954.068112, Exploration:0.118002, Collision:0.017600/88 , Avg Loss:4.433920/1000, Avg Q Value:5.169725/4401 
2017-04-15 19:42:43,906 - root - INFO - Epoch:5, Episode:9, Steps Left:55000/5000/100000, Reward:506.000000, fps:976.334428, Exploration:0.109002, Collision:0.018200/91 , Avg Loss:4.643672/1000, Avg Q Value:5.250179/4416 
2017-04-15 19:42:49,151 - root - INFO - Epoch:5, Episode:10, Steps Left:50000/5000/100000, Reward:605.000000, fps:953.372811, Exploration:0.100002, Collision:0.019400/97 , Avg Loss:4.602735/1000, Avg Q Value:5.370249/4431 
2017-04-15 19:42:54,550 - root - INFO - Epoch:5, Episode:11, Steps Left:45000/5000/100000, Reward:542.000000, fps:926.069793, Exploration:0.100000, Collision:0.020200/101 , Avg Loss:4.048718/1000, Avg Q Value:5.348043/4507 
2017-04-15 19:42:59,793 - root - INFO - Epoch:5, Episode:12, Steps Left:40000/5000/100000, Reward:491.000000, fps:953.827498, Exploration:0.100000, Collision:0.020400/102 , Avg Loss:3.985241/1000, Avg Q Value:5.291237/4517 
2017-04-15 19:43:05,211 - root - INFO - Epoch:5, Episode:13, Steps Left:35000/5000/100000, Reward:565.000000, fps:922.756938, Exploration:0.100000, Collision:0.024600/123 , Avg Loss:4.264925/1000, Avg Q Value:5.396280/4501 
2017-04-15 19:43:10,480 - root - INFO - Epoch:5, Episode:14, Steps Left:30000/5000/100000, Reward:570.000000, fps:948.976718, Exploration:0.100000, Collision:0.016400/82 , Avg Loss:4.488268/1000, Avg Q Value:5.388890/4544 
2017-04-15 19:43:15,793 - root - INFO - Epoch:5, Episode:15, Steps Left:25000/5000/100000, Reward:412.000000, fps:941.233159, Exploration:0.100000, Collision:0.016000/80 , Avg Loss:4.431668/1000, Avg Q Value:5.300205/4489 
2017-04-15 19:43:20,961 - root - INFO - Epoch:5, Episode:16, Steps Left:20000/5000/100000, Reward:439.000000, fps:967.450309, Exploration:0.100000, Collision:0.018600/93 , Avg Loss:4.120692/1000, Avg Q Value:5.361318/4467 
2017-04-15 19:43:26,454 - root - INFO - Epoch:5, Episode:17, Steps Left:15000/5000/100000, Reward:511.000000, fps:910.247744, Exploration:0.100000, Collision:0.023400/117 , Avg Loss:5.124272/1000, Avg Q Value:5.511076/4473 
2017-04-15 19:43:31,955 - root - INFO - Epoch:5, Episode:18, Steps Left:10000/5000/100000, Reward:593.000000, fps:908.914238, Exploration:0.100000, Collision:0.022400/112 , Avg Loss:4.778589/1000, Avg Q Value:5.603453/4570 
2017-04-15 19:43:37,191 - root - INFO - Epoch:5, Episode:19, Steps Left:5000/5000/100000, Reward:528.000000, fps:954.997861, Exploration:0.100000, Collision:0.019600/98 , Avg Loss:4.860147/1000, Avg Q Value:5.625759/4508 
2017-04-15 19:43:42,627 - root - INFO - Epoch:5, Episode:20, Steps Left:0/5000/100000, Reward:484.000000, fps:919.929515, Exploration:0.100000, Collision:0.018600/93 , Avg Loss:5.147065/1000, Avg Q Value:5.577655/4548 
2017-04-15 19:43:42,627 - root - INFO - Epoch:5, FPS:948.270768, Avg Reward: 522.650000/20
2017-04-15 19:43:47,858 - root - INFO - Epoch:6, Episode:1, Steps Left:95000/5000/100000, Reward:622.000000, fps:955.839627, Exploration:0.100000, Collision:0.021000/105 , Avg Loss:5.036311/1000, Avg Q Value:5.793843/4509 
2017-04-15 19:43:53,065 - root - INFO - Epoch:6, Episode:2, Steps Left:90000/5000/100000, Reward:673.000000, fps:960.361645, Exploration:0.100000, Collision:0.017600/88 , Avg Loss:4.483558/1000, Avg Q Value:5.819547/4457 
2017-04-15 19:43:58,358 - root - INFO - Epoch:6, Episode:3, Steps Left:85000/5000/100000, Reward:538.000000, fps:944.581199, Exploration:0.100000, Collision:0.023200/116 , Avg Loss:4.903559/1000, Avg Q Value:5.674376/4465 
2017-04-15 19:44:03,512 - root - INFO - Epoch:6, Episode:4, Steps Left:80000/5000/100000, Reward:563.000000, fps:970.123293, Exploration:0.100000, Collision:0.020400/102 , Avg Loss:5.262168/1000, Avg Q Value:5.728167/4499 
2017-04-15 19:44:08,905 - root - INFO - Epoch:6, Episode:5, Steps Left:75000/5000/100000, Reward:664.000000, fps:927.143558, Exploration:0.100000, Collision:0.023800/119 , Avg Loss:5.002348/1000, Avg Q Value:5.930542/4524 
2017-04-15 19:44:14,203 - root - INFO - Epoch:6, Episode:6, Steps Left:70000/5000/100000, Reward:597.000000, fps:943.817751, Exploration:0.100000, Collision:0.025200/126 , Avg Loss:5.291822/1000, Avg Q Value:5.921651/4477 
2017-04-15 19:44:19,369 - root - INFO - Epoch:6, Episode:7, Steps Left:65000/5000/100000, Reward:576.000000, fps:967.988222, Exploration:0.100000, Collision:0.019400/97 , Avg Loss:5.608150/1000, Avg Q Value:5.836312/4514 
2017-04-15 19:44:24,675 - root - INFO - Epoch:6, Episode:8, Steps Left:60000/5000/100000, Reward:574.000000, fps:942.363188, Exploration:0.100000, Collision:0.016000/80 , Avg Loss:6.078472/1000, Avg Q Value:5.830408/4494 
2017-04-15 19:44:30,049 - root - INFO - Epoch:6, Episode:9, Steps Left:55000/5000/100000, Reward:522.000000, fps:930.351821, Exploration:0.100000, Collision:0.021600/108 , Avg Loss:5.020110/1000, Avg Q Value:5.802392/4514 
2017-04-15 19:44:35,329 - root - INFO - Epoch:6, Episode:10, Steps Left:50000/5000/100000, Reward:568.000000, fps:947.048088, Exploration:0.100000, Collision:0.016200/81 , Avg Loss:5.361215/1000, Avg Q Value:5.828760/4541 
2017-04-15 19:44:40,618 - root - INFO - Epoch:6, Episode:11, Steps Left:45000/5000/100000, Reward:598.000000, fps:945.441732, Exploration:0.100000, Collision:0.016200/81 , Avg Loss:5.470051/1000, Avg Q Value:5.858598/4529 
2017-04-15 19:44:46,185 - root - INFO - Epoch:6, Episode:12, Steps Left:40000/5000/100000, Reward:517.000000, fps:898.156557, Exploration:0.100000, Collision:0.018000/90 , Avg Loss:5.311682/1000, Avg Q Value:5.822798/4532 
2017-04-15 19:44:51,500 - root - INFO - Epoch:6, Episode:13, Steps Left:35000/5000/100000, Reward:662.000000, fps:940.751149, Exploration:0.100000, Collision:0.022200/111 , Avg Loss:4.758290/1000, Avg Q Value:6.112013/4494 
2017-04-15 19:44:56,969 - root - INFO - Epoch:6, Episode:14, Steps Left:30000/5000/100000, Reward:588.000000, fps:914.183406, Exploration:0.100000, Collision:0.020800/104 , Avg Loss:4.497872/1000, Avg Q Value:6.036368/4486 
2017-04-15 19:45:02,158 - root - INFO - Epoch:6, Episode:15, Steps Left:25000/5000/100000, Reward:562.000000, fps:963.662228, Exploration:0.100000, Collision:0.021600/108 , Avg Loss:4.645050/1000, Avg Q Value:6.176191/4470 
2017-04-15 19:45:07,776 - root - INFO - Epoch:6, Episode:16, Steps Left:20000/5000/100000, Reward:614.000000, fps:890.058533, Exploration:0.100000, Collision:0.020400/102 , Avg Loss:4.563972/1000, Avg Q Value:6.198177/4511 
2017-04-15 19:45:12,989 - root - INFO - Epoch:6, Episode:17, Steps Left:15000/5000/100000, Reward:621.000000, fps:959.238125, Exploration:0.100000, Collision:0.022000/110 , Avg Loss:4.623844/1000, Avg Q Value:6.274329/4470 
2017-04-15 19:45:18,355 - root - INFO - Epoch:6, Episode:18, Steps Left:10000/5000/100000, Reward:591.000000, fps:931.780277, Exploration:0.100000, Collision:0.022200/111 , Avg Loss:4.716483/1000, Avg Q Value:6.234769/4516 
2017-04-15 19:45:23,739 - root - INFO - Epoch:6, Episode:19, Steps Left:5000/5000/100000, Reward:619.000000, fps:928.655140, Exploration:0.100000, Collision:0.022000/110 , Avg Loss:4.313262/1000, Avg Q Value:6.375974/4505 
2017-04-15 19:45:29,053 - root - INFO - Epoch:6, Episode:20, Steps Left:0/5000/100000, Reward:581.000000, fps:941.016159, Exploration:0.100000, Collision:0.020800/104 , Avg Loss:4.317484/1000, Avg Q Value:6.309944/4485 
2017-04-15 19:45:29,053 - root - INFO - Epoch:6, FPS:939.623267, Avg Reward: 592.500000/20
2017-04-15 19:45:34,488 - root - INFO - Epoch:7, Episode:1, Steps Left:95000/5000/100000, Reward:637.000000, fps:920.065283, Exploration:0.100000, Collision:0.021000/105 , Avg Loss:4.120741/1000, Avg Q Value:6.427189/4520 
2017-04-15 19:45:39,884 - root - INFO - Epoch:7, Episode:2, Steps Left:90000/5000/100000, Reward:648.000000, fps:926.511656, Exploration:0.100000, Collision:0.022600/113 , Avg Loss:4.155036/1000, Avg Q Value:6.439508/4488 
2017-04-15 19:45:45,437 - root - INFO - Epoch:7, Episode:3, Steps Left:85000/5000/100000, Reward:632.000000, fps:900.466891, Exploration:0.100000, Collision:0.018600/93 , Avg Loss:4.347019/1000, Avg Q Value:6.530903/4518 
2017-04-15 19:45:50,523 - root - INFO - Epoch:7, Episode:4, Steps Left:80000/5000/100000, Reward:540.000000, fps:983.108218, Exploration:0.100000, Collision:0.019400/97 , Avg Loss:4.259385/1000, Avg Q Value:6.473728/4517 
2017-04-15 19:45:55,668 - root - INFO - Epoch:7, Episode:5, Steps Left:75000/5000/100000, Reward:635.000000, fps:971.949134, Exploration:0.100000, Collision:0.017000/85 , Avg Loss:4.210617/1000, Avg Q Value:6.615114/4489 
2017-04-15 19:46:01,071 - root - INFO - Epoch:7, Episode:6, Steps Left:70000/5000/100000, Reward:587.000000, fps:925.372261, Exploration:0.100000, Collision:0.021200/106 , Avg Loss:4.443983/1000, Avg Q Value:6.595389/4481 
2017-04-15 19:46:06,185 - root - INFO - Epoch:7, Episode:7, Steps Left:65000/5000/100000, Reward:530.000000, fps:977.744384, Exploration:0.100000, Collision:0.015600/78 , Avg Loss:3.967859/1000, Avg Q Value:6.577822/4496 
2017-04-15 19:46:11,403 - root - INFO - Epoch:7, Episode:8, Steps Left:60000/5000/100000, Reward:572.000000, fps:958.326599, Exploration:0.100000, Collision:0.017200/86 , Avg Loss:3.916866/1000, Avg Q Value:6.605369/4496 
2017-04-15 19:46:16,605 - root - INFO - Epoch:7, Episode:9, Steps Left:55000/5000/100000, Reward:553.000000, fps:961.102813, Exploration:0.100000, Collision:0.021600/108 , Avg Loss:3.728372/1000, Avg Q Value:6.781892/4473 
2017-04-15 19:46:21,737 - root - INFO - Epoch:7, Episode:10, Steps Left:50000/5000/100000, Reward:578.000000, fps:974.366358, Exploration:0.100000, Collision:0.015800/79 , Avg Loss:3.879785/1000, Avg Q Value:6.801318/4503 
2017-04-15 19:46:27,267 - root - INFO - Epoch:7, Episode:11, Steps Left:45000/5000/100000, Reward:514.000000, fps:904.205410, Exploration:0.100000, Collision:0.019000/95 , Avg Loss:3.386961/1000, Avg Q Value:6.738930/4540 
2017-04-15 19:46:33,136 - root - INFO - Epoch:7, Episode:12, Steps Left:40000/5000/100000, Reward:559.000000, fps:851.871640, Exploration:0.100000, Collision:0.016800/84 , Avg Loss:3.546009/1000, Avg Q Value:6.836780/4523 
2017-04-15 19:46:38,779 - root - INFO - Epoch:7, Episode:13, Steps Left:35000/5000/100000, Reward:588.000000, fps:886.163274, Exploration:0.100000, Collision:0.021200/106 , Avg Loss:4.053655/1000, Avg Q Value:6.924548/4490 
2017-04-15 19:46:44,483 - root - INFO - Epoch:7, Episode:14, Steps Left:30000/5000/100000, Reward:549.000000, fps:876.601950, Exploration:0.100000, Collision:0.020400/102 , Avg Loss:3.733726/1000, Avg Q Value:6.882200/4522 
2017-04-15 19:46:49,672 - root - INFO - Epoch:7, Episode:15, Steps Left:25000/5000/100000, Reward:596.000000, fps:963.646287, Exploration:0.100000, Collision:0.021800/109 , Avg Loss:4.273194/1000, Avg Q Value:6.977125/4501 
2017-04-15 19:46:54,942 - root - INFO - Epoch:7, Episode:16, Steps Left:20000/5000/100000, Reward:570.000000, fps:948.673516, Exploration:0.100000, Collision:0.020000/100 , Avg Loss:4.086487/1000, Avg Q Value:6.943368/4513 
2017-04-15 19:47:00,139 - root - INFO - Epoch:7, Episode:17, Steps Left:15000/5000/100000, Reward:583.000000, fps:962.110327, Exploration:0.100000, Collision:0.019600/98 , Avg Loss:4.269426/1000, Avg Q Value:6.942661/4485 
2017-04-15 19:47:05,350 - root - INFO - Epoch:7, Episode:18, Steps Left:10000/5000/100000, Reward:574.000000, fps:959.602650, Exploration:0.100000, Collision:0.019800/99 , Avg Loss:4.480004/1000, Avg Q Value:6.925950/4541 
2017-04-15 19:47:10,660 - root - INFO - Epoch:7, Episode:19, Steps Left:5000/5000/100000, Reward:607.000000, fps:941.614438, Exploration:0.100000, Collision:0.021800/109 , Avg Loss:4.889170/1000, Avg Q Value:7.040988/4487 
2017-04-15 19:47:15,880 - root - INFO - Epoch:7, Episode:20, Steps Left:0/5000/100000, Reward:653.000000, fps:957.867963, Exploration:0.100000, Collision:0.016000/80 , Avg Loss:4.451615/1000, Avg Q Value:7.056583/4512 
2017-04-15 19:47:15,881 - root - INFO - Epoch:7, FPS:936.089807, Avg Reward: 585.250000/20
2017-04-15 19:47:20,976 - root - INFO - Epoch:8, Episode:1, Steps Left:95000/5000/100000, Reward:502.000000, fps:981.318262, Exploration:0.100000, Collision:0.022200/111 , Avg Loss:4.558406/1000, Avg Q Value:6.979957/4462 
2017-04-15 19:47:26,039 - root - INFO - Epoch:8, Episode:2, Steps Left:90000/5000/100000, Reward:546.000000, fps:987.640274, Exploration:0.100000, Collision:0.017800/89 , Avg Loss:4.655515/1000, Avg Q Value:6.986168/4524 
2017-04-15 19:47:31,346 - root - INFO - Epoch:8, Episode:3, Steps Left:85000/5000/100000, Reward:480.000000, fps:942.170513, Exploration:0.100000, Collision:0.014400/72 , Avg Loss:4.394002/1000, Avg Q Value:6.956887/4506 
2017-04-15 19:47:36,507 - root - INFO - Epoch:8, Episode:4, Steps Left:80000/5000/100000, Reward:454.000000, fps:968.909813, Exploration:0.100000, Collision:0.013200/66 , Avg Loss:4.942750/1000, Avg Q Value:6.915580/4490 
2017-04-15 19:47:41,633 - root - INFO - Epoch:8, Episode:5, Steps Left:75000/5000/100000, Reward:547.000000, fps:975.350353, Exploration:0.100000, Collision:0.021000/105 , Avg Loss:4.658493/1000, Avg Q Value:7.113272/4546 
2017-04-15 19:47:46,926 - root - INFO - Epoch:8, Episode:6, Steps Left:70000/5000/100000, Reward:543.000000, fps:944.719704, Exploration:0.100000, Collision:0.022000/110 , Avg Loss:4.604713/1000, Avg Q Value:7.140267/4514 
2017-04-15 19:47:52,155 - root - INFO - Epoch:8, Episode:7, Steps Left:65000/5000/100000, Reward:626.000000, fps:956.290609, Exploration:0.100000, Collision:0.019000/95 , Avg Loss:4.744755/1000, Avg Q Value:7.307882/4503 
2017-04-15 19:47:57,531 - root - INFO - Epoch:8, Episode:8, Steps Left:60000/5000/100000, Reward:572.000000, fps:929.974575, Exploration:0.100000, Collision:0.022000/110 , Avg Loss:4.536258/1000, Avg Q Value:7.309959/4491 
2017-04-15 19:48:02,910 - root - INFO - Epoch:8, Episode:9, Steps Left:55000/5000/100000, Reward:642.000000, fps:929.589559, Exploration:0.100000, Collision:0.020200/101 , Avg Loss:4.813020/1000, Avg Q Value:7.410720/4549 
2017-04-15 19:48:08,077 - root - INFO - Epoch:8, Episode:10, Steps Left:50000/5000/100000, Reward:654.000000, fps:967.846563, Exploration:0.100000, Collision:0.020200/101 , Avg Loss:4.524189/1000, Avg Q Value:7.441831/4481 
2017-04-15 19:48:13,512 - root - INFO - Epoch:8, Episode:11, Steps Left:45000/5000/100000, Reward:556.000000, fps:919.905344, Exploration:0.100000, Collision:0.022800/114 , Avg Loss:4.680892/1000, Avg Q Value:7.409300/4523 
2017-04-15 19:48:18,852 - root - INFO - Epoch:8, Episode:12, Steps Left:40000/5000/100000, Reward:518.000000, fps:936.390266, Exploration:0.100000, Collision:0.018600/93 , Avg Loss:4.746113/1000, Avg Q Value:7.307391/4471 
2017-04-15 19:48:23,995 - root - INFO - Epoch:8, Episode:13, Steps Left:35000/5000/100000, Reward:617.000000, fps:972.304858, Exploration:0.100000, Collision:0.018400/92 , Avg Loss:4.713969/1000, Avg Q Value:7.420170/4509 
2017-04-15 19:48:29,291 - root - INFO - Epoch:8, Episode:14, Steps Left:30000/5000/100000, Reward:628.000000, fps:944.067068, Exploration:0.100000, Collision:0.018200/91 , Avg Loss:4.761834/1000, Avg Q Value:7.384311/4528 
2017-04-15 19:48:34,543 - root - INFO - Epoch:8, Episode:15, Steps Left:25000/5000/100000, Reward:575.000000, fps:952.044020, Exploration:0.100000, Collision:0.015600/78 , Avg Loss:5.145569/1000, Avg Q Value:7.346830/4499 
2017-04-15 19:48:39,708 - root - INFO - Epoch:8, Episode:16, Steps Left:20000/5000/100000, Reward:603.000000, fps:968.001760, Exploration:0.100000, Collision:0.019200/96 , Avg Loss:5.137325/1000, Avg Q Value:7.382137/4522 
2017-04-15 19:48:45,428 - root - INFO - Epoch:8, Episode:17, Steps Left:15000/5000/100000, Reward:621.000000, fps:874.283151, Exploration:0.100000, Collision:0.022000/110 , Avg Loss:4.823159/1000, Avg Q Value:7.527589/4501 
2017-04-15 19:48:51,227 - root - INFO - Epoch:8, Episode:18, Steps Left:10000/5000/100000, Reward:612.000000, fps:862.189971, Exploration:0.100000, Collision:0.019600/98 , Avg Loss:5.040444/1000, Avg Q Value:7.511525/4477 
2017-04-15 19:48:56,986 - root - INFO - Epoch:8, Episode:19, Steps Left:5000/5000/100000, Reward:607.000000, fps:868.286976, Exploration:0.100000, Collision:0.019600/98 , Avg Loss:4.711921/1000, Avg Q Value:7.675224/4517 
2017-04-15 19:49:02,683 - root - INFO - Epoch:8, Episode:20, Steps Left:0/5000/100000, Reward:508.000000, fps:877.658906, Exploration:0.100000, Collision:0.022200/111 , Avg Loss:4.545728/1000, Avg Q Value:7.529356/4499 
2017-04-15 19:49:02,683 - root - INFO - Epoch:8, FPS:936.313475, Avg Reward: 570.550000/20
2017-04-15 19:49:08,367 - root - INFO - Epoch:9, Episode:1, Steps Left:95000/5000/100000, Reward:609.000000, fps:879.796093, Exploration:0.100000, Collision:0.020000/100 , Avg Loss:5.098421/1000, Avg Q Value:7.807725/4473 
2017-04-15 19:49:13,650 - root - INFO - Epoch:9, Episode:2, Steps Left:90000/5000/100000, Reward:566.000000, fps:946.474410, Exploration:0.100000, Collision:0.018200/91 , Avg Loss:4.784674/1000, Avg Q Value:7.767003/4506 
2017-04-15 19:49:18,909 - root - INFO - Epoch:9, Episode:3, Steps Left:85000/5000/100000, Reward:639.000000, fps:950.624162, Exploration:0.100000, Collision:0.023400/117 , Avg Loss:4.694660/1000, Avg Q Value:7.937165/4521 
2017-04-15 19:49:24,172 - root - INFO - Epoch:9, Episode:4, Steps Left:80000/5000/100000, Reward:671.000000, fps:950.205587, Exploration:0.100000, Collision:0.022000/110 , Avg Loss:4.270532/1000, Avg Q Value:7.988006/4500 
2017-04-15 19:49:29,271 - root - INFO - Epoch:9, Episode:5, Steps Left:75000/5000/100000, Reward:528.000000, fps:980.525565, Exploration:0.100000, Collision:0.013800/69 , Avg Loss:4.844554/1000, Avg Q Value:7.813285/4524 
2017-04-15 19:49:34,421 - root - INFO - Epoch:9, Episode:6, Steps Left:70000/5000/100000, Reward:540.000000, fps:970.962771, Exploration:0.100000, Collision:0.018000/90 , Avg Loss:4.936584/1000, Avg Q Value:7.795606/4485 
2017-04-15 19:49:39,615 - root - INFO - Epoch:9, Episode:7, Steps Left:65000/5000/100000, Reward:589.000000, fps:962.659064, Exploration:0.100000, Collision:0.020200/101 , Avg Loss:5.394241/1000, Avg Q Value:7.941820/4519 
2017-04-15 19:49:44,953 - root - INFO - Epoch:9, Episode:8, Steps Left:60000/5000/100000, Reward:608.000000, fps:936.669182, Exploration:0.100000, Collision:0.018600/93 , Avg Loss:4.881679/1000, Avg Q Value:7.964994/4488 
2017-04-15 19:49:50,373 - root - INFO - Epoch:9, Episode:9, Steps Left:55000/5000/100000, Reward:575.000000, fps:922.549550, Exploration:0.100000, Collision:0.017400/87 , Avg Loss:4.624506/1000, Avg Q Value:8.074039/4492 
2017-04-15 19:49:55,658 - root - INFO - Epoch:9, Episode:10, Steps Left:50000/5000/100000, Reward:617.000000, fps:946.066310, Exploration:0.100000, Collision:0.017800/89 , Avg Loss:4.533022/1000, Avg Q Value:8.087233/4508 
2017-04-15 19:50:01,156 - root - INFO - Epoch:9, Episode:11, Steps Left:45000/5000/100000, Reward:605.000000, fps:909.548193, Exploration:0.100000, Collision:0.018400/92 , Avg Loss:4.946343/1000, Avg Q Value:8.103320/4500 
2017-04-15 19:50:06,760 - root - INFO - Epoch:9, Episode:12, Steps Left:40000/5000/100000, Reward:576.000000, fps:892.259649, Exploration:0.100000, Collision:0.019600/98 , Avg Loss:4.503815/1000, Avg Q Value:8.089053/4489 
2017-04-15 19:50:12,532 - root - INFO - Epoch:9, Episode:13, Steps Left:35000/5000/100000, Reward:637.000000, fps:866.168637, Exploration:0.100000, Collision:0.022000/110 , Avg Loss:4.183337/1000, Avg Q Value:8.240920/4479 
2017-04-15 19:50:18,612 - root - INFO - Epoch:9, Episode:14, Steps Left:30000/5000/100000, Reward:618.000000, fps:822.499089, Exploration:0.100000, Collision:0.022200/111 , Avg Loss:4.312745/1000, Avg Q Value:8.237199/4461 
2017-04-15 19:50:24,653 - root - INFO - Epoch:9, Episode:15, Steps Left:25000/5000/100000, Reward:556.000000, fps:827.606575, Exploration:0.100000, Collision:0.023400/117 , Avg Loss:3.957502/1000, Avg Q Value:8.264445/4504 
2017-04-15 19:50:30,612 - root - INFO - Epoch:9, Episode:16, Steps Left:20000/5000/100000, Reward:637.000000, fps:839.191878, Exploration:0.100000, Collision:0.015800/79 , Avg Loss:4.082036/1000, Avg Q Value:8.296065/4545 
2017-04-15 19:50:36,726 - root - INFO - Epoch:9, Episode:17, Steps Left:15000/5000/100000, Reward:624.000000, fps:817.712976, Exploration:0.100000, Collision:0.020200/101 , Avg Loss:3.999281/1000, Avg Q Value:8.411413/4480 
2017-04-15 19:50:42,643 - root - INFO - Epoch:9, Episode:18, Steps Left:10000/5000/100000, Reward:618.000000, fps:845.066938, Exploration:0.100000, Collision:0.020400/102 , Avg Loss:4.103567/1000, Avg Q Value:8.406154/4464 
2017-04-15 19:50:48,353 - root - INFO - Epoch:9, Episode:19, Steps Left:5000/5000/100000, Reward:702.000000, fps:875.717618, Exploration:0.100000, Collision:0.018800/94 , Avg Loss:4.396577/1000, Avg Q Value:8.479427/4497 
2017-04-15 19:50:53,522 - root - INFO - Epoch:9, Episode:20, Steps Left:0/5000/100000, Reward:654.000000, fps:967.264461, Exploration:0.100000, Collision:0.023000/115 , Avg Loss:4.272756/1000, Avg Q Value:8.433238/4483 
2017-04-15 19:50:53,523 - root - INFO - Epoch:9, FPS:902.210072, Avg Reward: 608.450000/20
2017-04-15 19:50:58,743 - root - INFO - Epoch:10, Episode:1, Steps Left:95000/5000/100000, Reward:631.000000, fps:957.780252, Exploration:0.100000, Collision:0.017200/86 , Avg Loss:4.270212/1000, Avg Q Value:8.463881/4512 
2017-04-15 19:51:03,837 - root - INFO - Epoch:10, Episode:2, Steps Left:90000/5000/100000, Reward:660.000000, fps:981.580022, Exploration:0.100000, Collision:0.020400/102 , Avg Loss:4.316550/1000, Avg Q Value:8.447476/4477 
2017-04-15 19:51:09,061 - root - INFO - Epoch:10, Episode:3, Steps Left:85000/5000/100000, Reward:563.000000, fps:957.166809, Exploration:0.100000, Collision:0.023400/117 , Avg Loss:4.208605/1000, Avg Q Value:8.360677/4487 
2017-04-15 19:51:14,319 - root - INFO - Epoch:10, Episode:4, Steps Left:80000/5000/100000, Reward:566.000000, fps:950.919643, Exploration:0.100000, Collision:0.015400/77 , Avg Loss:4.804921/1000, Avg Q Value:8.265709/4470 
2017-04-15 19:51:19,501 - root - INFO - Epoch:10, Episode:5, Steps Left:75000/5000/100000, Reward:560.000000, fps:965.078605, Exploration:0.100000, Collision:0.015600/78 , Avg Loss:4.680360/1000, Avg Q Value:8.348727/4529 
2017-04-15 19:51:24,793 - root - INFO - Epoch:10, Episode:6, Steps Left:70000/5000/100000, Reward:532.000000, fps:944.710086, Exploration:0.100000, Collision:0.018400/92 , Avg Loss:4.280227/1000, Avg Q Value:8.375657/4501 
2017-04-15 19:51:30,033 - root - INFO - Epoch:10, Episode:7, Steps Left:65000/5000/100000, Reward:561.000000, fps:954.253482, Exploration:0.100000, Collision:0.019400/97 , Avg Loss:3.923572/1000, Avg Q Value:8.495931/4513 
2017-04-15 19:51:35,364 - root - INFO - Epoch:10, Episode:8, Steps Left:60000/5000/100000, Reward:536.000000, fps:938.021197, Exploration:0.100000, Collision:0.021000/105 , Avg Loss:4.065304/1000, Avg Q Value:8.502549/4506 
2017-04-15 19:51:40,501 - root - INFO - Epoch:10, Episode:9, Steps Left:55000/5000/100000, Reward:533.000000, fps:973.248331, Exploration:0.100000, Collision:0.018000/90 , Avg Loss:3.837555/1000, Avg Q Value:8.458251/4530 
2017-04-15 19:51:45,646 - root - INFO - Epoch:10, Episode:10, Steps Left:50000/5000/100000, Reward:485.000000, fps:971.918909, Exploration:0.100000, Collision:0.018000/90 , Avg Loss:4.056279/1000, Avg Q Value:8.426060/4527 
2017-04-15 19:51:50,811 - root - INFO - Epoch:10, Episode:11, Steps Left:45000/5000/100000, Reward:543.000000, fps:968.107084, Exploration:0.100000, Collision:0.013800/69 , Avg Loss:3.885585/1000, Avg Q Value:8.559611/4506 
2017-04-15 19:51:55,891 - root - INFO - Epoch:10, Episode:12, Steps Left:40000/5000/100000, Reward:527.000000, fps:984.323081, Exploration:0.100000, Collision:0.018400/92 , Avg Loss:4.248581/1000, Avg Q Value:8.541138/4481 
2017-04-15 19:52:01,054 - root - INFO - Epoch:10, Episode:13, Steps Left:35000/5000/100000, Reward:574.000000, fps:968.355852, Exploration:0.100000, Collision:0.019400/97 , Avg Loss:4.060339/1000, Avg Q Value:8.622252/4512 
2017-04-15 19:52:06,185 - root - INFO - Epoch:10, Episode:14, Steps Left:30000/5000/100000, Reward:645.000000, fps:974.518672, Exploration:0.100000, Collision:0.019600/98 , Avg Loss:4.146889/1000, Avg Q Value:8.691584/4508 
2017-04-15 19:52:11,560 - root - INFO - Epoch:10, Episode:15, Steps Left:25000/5000/100000, Reward:624.000000, fps:930.229629, Exploration:0.100000, Collision:0.017000/85 , Avg Loss:4.026783/1000, Avg Q Value:8.799700/4518 
2017-04-15 19:52:17,139 - root - INFO - Epoch:10, Episode:16, Steps Left:20000/5000/100000, Reward:650.000000, fps:896.276257, Exploration:0.100000, Collision:0.023600/118 , Avg Loss:3.849642/1000, Avg Q Value:8.816893/4505 
2017-04-15 19:52:22,319 - root - INFO - Epoch:10, Episode:17, Steps Left:15000/5000/100000, Reward:652.000000, fps:965.240512, Exploration:0.100000, Collision:0.023200/116 , Avg Loss:4.616527/1000, Avg Q Value:8.862995/4509 
2017-04-15 19:52:27,675 - root - INFO - Epoch:10, Episode:18, Steps Left:10000/5000/100000, Reward:654.000000, fps:933.663207, Exploration:0.100000, Collision:0.021400/107 , Avg Loss:4.242486/1000, Avg Q Value:8.863609/4525 
2017-04-15 19:52:32,854 - root - INFO - Epoch:10, Episode:19, Steps Left:5000/5000/100000, Reward:579.000000, fps:965.348436, Exploration:0.100000, Collision:0.018400/92 , Avg Loss:4.255237/1000, Avg Q Value:8.765174/4501 
2017-04-15 19:52:38,124 - root - INFO - Epoch:10, Episode:20, Steps Left:0/5000/100000, Reward:580.000000, fps:948.918406, Exploration:0.100000, Collision:0.018000/90 , Avg Loss:4.325506/1000, Avg Q Value:8.787616/4543 
2017-04-15 19:52:38,124 - root - INFO - Epoch:10, FPS:956.014364, Avg Reward: 582.750000/20
2017-04-15 19:52:43,300 - root - INFO - Epoch:11, Episode:1, Steps Left:95000/5000/100000, Reward:529.000000, fps:966.035733, Exploration:0.100000, Collision:0.017400/87 , Avg Loss:4.109057/1000, Avg Q Value:8.814960/4484 
2017-04-15 19:52:48,491 - root - INFO - Epoch:11, Episode:2, Steps Left:90000/5000/100000, Reward:592.000000, fps:963.306870, Exploration:0.100000, Collision:0.017600/88 , Avg Loss:4.484324/1000, Avg Q Value:8.863677/4501 
2017-04-15 19:52:53,527 - root - INFO - Epoch:11, Episode:3, Steps Left:85000/5000/100000, Reward:425.000000, fps:992.788579, Exploration:0.100000, Collision:0.014000/70 , Avg Loss:4.628058/1000, Avg Q Value:8.686091/4441 
2017-04-15 19:52:58,511 - root - INFO - Epoch:11, Episode:4, Steps Left:80000/5000/100000, Reward:351.000000, fps:1003.292206, Exploration:0.100000, Collision:0.012000/60 , Avg Loss:4.708916/1000, Avg Q Value:8.568325/4475 
2017-04-15 19:53:03,635 - root - INFO - Epoch:11, Episode:5, Steps Left:75000/5000/100000, Reward:539.000000, fps:975.854221, Exploration:0.100000, Collision:0.021800/109 , Avg Loss:4.576524/1000, Avg Q Value:8.953716/4487 
2017-04-15 19:53:08,735 - root - INFO - Epoch:11, Episode:6, Steps Left:70000/5000/100000, Reward:531.000000, fps:980.392359, Exploration:0.100000, Collision:0.016600/83 , Avg Loss:4.515669/1000, Avg Q Value:8.944293/4469 
2017-04-15 19:53:14,148 - root - INFO - Epoch:11, Episode:7, Steps Left:65000/5000/100000, Reward:565.000000, fps:923.741117, Exploration:0.100000, Collision:0.019600/98 , Avg Loss:4.906741/1000, Avg Q Value:9.023609/4512 
2017-04-15 19:53:19,935 - root - INFO - Epoch:11, Episode:8, Steps Left:60000/5000/100000, Reward:583.000000, fps:863.969552, Exploration:0.100000, Collision:0.021800/109 , Avg Loss:4.623758/1000, Avg Q Value:9.085483/4475 
2017-04-15 19:53:25,158 - root - INFO - Epoch:11, Episode:9, Steps Left:55000/5000/100000, Reward:545.000000, fps:957.472317, Exploration:0.100000, Collision:0.017200/86 , Avg Loss:4.206668/1000, Avg Q Value:9.104718/4508 
2017-04-15 19:53:30,238 - root - INFO - Epoch:11, Episode:10, Steps Left:50000/5000/100000, Reward:469.000000, fps:984.200018, Exploration:0.100000, Collision:0.020000/100 , Avg Loss:4.352396/1000, Avg Q Value:9.027888/4494 
2017-04-15 19:53:35,494 - root - INFO - Epoch:11, Episode:11, Steps Left:45000/5000/100000, Reward:565.000000, fps:951.333194, Exploration:0.100000, Collision:0.022200/111 , Avg Loss:4.175828/1000, Avg Q Value:9.228196/4495 
2017-04-15 19:53:40,749 - root - INFO - Epoch:11, Episode:12, Steps Left:40000/5000/100000, Reward:569.000000, fps:951.555367, Exploration:0.100000, Collision:0.020800/104 , Avg Loss:4.177752/1000, Avg Q Value:9.241315/4495 
2017-04-15 19:53:46,116 - root - INFO - Epoch:11, Episode:13, Steps Left:35000/5000/100000, Reward:639.000000, fps:931.655267, Exploration:0.100000, Collision:0.018400/92 , Avg Loss:4.376575/1000, Avg Q Value:9.331079/4507 
2017-04-15 19:53:51,347 - root - INFO - Epoch:11, Episode:14, Steps Left:30000/5000/100000, Reward:656.000000, fps:955.739699, Exploration:0.100000, Collision:0.020200/101 , Avg Loss:3.871053/1000, Avg Q Value:9.318734/4538 
2017-04-15 19:53:56,490 - root - INFO - Epoch:11, Episode:15, Steps Left:25000/5000/100000, Reward:613.000000, fps:972.243644, Exploration:0.100000, Collision:0.019600/98 , Avg Loss:4.098948/1000, Avg Q Value:9.327838/4547 
2017-04-15 19:54:01,662 - root - INFO - Epoch:11, Episode:16, Steps Left:20000/5000/100000, Reward:609.000000, fps:966.806102, Exploration:0.100000, Collision:0.019800/99 , Avg Loss:4.340752/1000, Avg Q Value:9.318785/4491 
2017-04-15 19:54:06,886 - root - INFO - Epoch:11, Episode:17, Steps Left:15000/5000/100000, Reward:639.000000, fps:957.241955, Exploration:0.100000, Collision:0.017200/86 , Avg Loss:3.887687/1000, Avg Q Value:9.372584/4499 
2017-04-15 19:54:12,339 - root - INFO - Epoch:11, Episode:18, Steps Left:10000/5000/100000, Reward:592.000000, fps:916.843712, Exploration:0.100000, Collision:0.020000/100 , Avg Loss:3.898722/1000, Avg Q Value:9.372225/4521 
2017-04-15 19:54:18,048 - root - INFO - Epoch:11, Episode:19, Steps Left:5000/5000/100000, Reward:591.000000, fps:875.939933, Exploration:0.100000, Collision:0.016200/81 , Avg Loss:4.081537/1000, Avg Q Value:9.382634/4521 
2017-04-15 19:54:24,093 - root - INFO - Epoch:11, Episode:20, Steps Left:0/5000/100000, Reward:586.000000, fps:827.049964, Exploration:0.100000, Collision:0.017000/85 , Avg Loss:3.652247/1000, Avg Q Value:9.408021/4526 
2017-04-15 19:54:24,094 - root - INFO - Epoch:11, FPS:943.669944, Avg Reward: 559.400000/20
2017-04-15 19:54:29,927 - root - INFO - Epoch:12, Episode:1, Steps Left:95000/5000/100000, Reward:633.000000, fps:857.141713, Exploration:0.100000, Collision:0.017600/88 , Avg Loss:3.572668/1000, Avg Q Value:9.513461/4496 
