2017-04-15 21:41:16,973 - root - INFO - Nework Params: 
2017-04-15 21:41:16,973 - root - INFO -    fc2_weight: <NDArray 64x528 @gpu(0)>
2017-04-15 21:41:16,973 - root - INFO -    qvalue_weight: <NDArray 4x64 @gpu(0)>
2017-04-15 21:41:16,974 - root - INFO -    fc1_weight: <NDArray 528x218 @gpu(0)>
2017-04-15 21:41:16,974 - root - INFO -    fc2_bias: <NDArray 64 @gpu(0)>
2017-04-15 21:41:16,974 - root - INFO -    fc1_bias: <NDArray 528 @gpu(0)>
2017-04-15 21:41:16,974 - root - INFO -    qvalue_bias: <NDArray 4 @gpu(0)>
2017-04-15 21:41:16,974 - root - INFO - Optimizer Params: <class 'mxnet.optimizer.Adam'>
2017-04-15 21:41:16,974 - root - INFO -    epsilon: 1e-08
2017-04-15 21:41:16,974 - root - INFO -    beta2: 0.999
2017-04-15 21:41:16,974 - root - INFO -    beta1: 0.9
2017-04-15 21:41:16,974 - root - INFO -    rescale_grad: 0.03125
2017-04-15 21:41:16,974 - root - INFO -    wd: 0.0
2017-04-15 21:41:16,974 - root - INFO -    lr: 0.0002
2017-04-15 21:41:19,140 - root - INFO - Epoch:0, Episode:1, Steps Left:95000/5000/100000, Reward:24.000000, fps:2308.668007, Exploration:1.000000, Collision:0.042800/214 
2017-04-15 21:41:21,258 - root - INFO - Epoch:0, Episode:2, Steps Left:90000/5000/100000, Reward:-4.000000, fps:2360.512490, Exploration:1.000000, Collision:0.049800/249 
2017-04-15 21:41:23,349 - root - INFO - Epoch:0, Episode:3, Steps Left:85000/5000/100000, Reward:-4.000000, fps:2391.063157, Exploration:1.000000, Collision:0.048400/242 
2017-04-15 21:41:25,435 - root - INFO - Epoch:0, Episode:4, Steps Left:80000/5000/100000, Reward:37.000000, fps:2397.619246, Exploration:1.000000, Collision:0.048000/240 
2017-04-15 21:41:27,530 - root - INFO - Epoch:0, Episode:5, Steps Left:75000/5000/100000, Reward:-28.000000, fps:2386.736398, Exploration:1.000000, Collision:0.055000/275 
2017-04-15 21:41:29,621 - root - INFO - Epoch:0, Episode:6, Steps Left:70000/5000/100000, Reward:18.000000, fps:2391.074607, Exploration:1.000000, Collision:0.045600/228 
2017-04-15 21:41:31,723 - root - INFO - Epoch:0, Episode:7, Steps Left:65000/5000/100000, Reward:-13.000000, fps:2379.241539, Exploration:1.000000, Collision:0.053600/268 
2017-04-15 21:41:33,827 - root - INFO - Epoch:0, Episode:8, Steps Left:60000/5000/100000, Reward:-16.000000, fps:2376.857501, Exploration:1.000000, Collision:0.050200/251 
2017-04-15 21:41:35,904 - root - INFO - Epoch:0, Episode:9, Steps Left:55000/5000/100000, Reward:-8.000000, fps:2406.831555, Exploration:1.000000, Collision:0.048400/242 
2017-04-15 21:41:38,002 - root - INFO - Epoch:0, Episode:10, Steps Left:50000/5000/100000, Reward:-26.000000, fps:2384.184713, Exploration:1.000000, Collision:0.049800/249 
2017-04-15 21:41:42,469 - root - INFO - Epoch:0, Episode:11, Steps Left:45000/5000/100000, Reward:10.000000, fps:1119.327218, Exploration:0.995501, Collision:0.049600/248 , Avg Loss:2.693799/1000, Avg Q Value:0.027994/12 
2017-04-15 21:41:46,944 - root - INFO - Epoch:0, Episode:12, Steps Left:40000/5000/100000, Reward:-2.000000, fps:1117.357154, Exploration:0.991001, Collision:0.052000/260 , Avg Loss:2.107750/1000, Avg Q Value:0.026685/32 
2017-04-15 21:41:51,431 - root - INFO - Epoch:0, Episode:13, Steps Left:35000/5000/100000, Reward:23.000000, fps:1114.318389, Exploration:0.986501, Collision:0.045600/228 , Avg Loss:1.376719/1000, Avg Q Value:0.079268/63 
2017-04-15 21:41:55,958 - root - INFO - Epoch:0, Episode:14, Steps Left:30000/5000/100000, Reward:-20.000000, fps:1104.505217, Exploration:0.982001, Collision:0.049800/249 , Avg Loss:1.174864/1000, Avg Q Value:0.100387/64 
2017-04-15 21:42:00,809 - root - INFO - Epoch:0, Episode:15, Steps Left:25000/5000/100000, Reward:-15.000000, fps:1030.827724, Exploration:0.977501, Collision:0.051200/256 , Avg Loss:1.877558/1000, Avg Q Value:0.090347/92 
2017-04-15 21:42:05,483 - root - INFO - Epoch:0, Episode:16, Steps Left:20000/5000/100000, Reward:16.000000, fps:1069.623953, Exploration:0.973001, Collision:0.049000/245 , Avg Loss:1.637448/1000, Avg Q Value:0.158986/124 
2017-04-15 21:42:10,276 - root - INFO - Epoch:0, Episode:17, Steps Left:15000/5000/100000, Reward:24.000000, fps:1043.409817, Exploration:0.968501, Collision:0.046800/234 , Avg Loss:2.349312/1000, Avg Q Value:0.246545/150 
2017-04-15 21:42:14,839 - root - INFO - Epoch:0, Episode:18, Steps Left:10000/5000/100000, Reward:23.000000, fps:1095.764324, Exploration:0.964001, Collision:0.050000/250 , Avg Loss:1.970592/1000, Avg Q Value:0.203070/154 
2017-04-15 21:42:19,489 - root - INFO - Epoch:0, Episode:19, Steps Left:5000/5000/100000, Reward:24.000000, fps:1075.245475, Exploration:0.959501, Collision:0.048200/241 , Avg Loss:2.739180/1000, Avg Q Value:0.325775/226 
2017-04-15 21:42:24,437 - root - INFO - Epoch:0, Episode:20, Steps Left:0/5000/100000, Reward:23.000000, fps:1010.503171, Exploration:0.955001, Collision:0.052400/262 , Avg Loss:2.717649/1000, Avg Q Value:0.386535/214 
2017-04-15 21:42:24,438 - root - INFO - Epoch:0, FPS:1482.283955, Avg Reward: 4.300000/20
2017-04-15 21:42:29,281 - root - INFO - Epoch:1, Episode:1, Steps Left:95000/5000/100000, Reward:35.000000, fps:1032.497027, Exploration:0.950501, Collision:0.048400/242 , Avg Loss:3.069471/1000, Avg Q Value:0.434397/245 
2017-04-15 21:42:33,857 - root - INFO - Epoch:1, Episode:2, Steps Left:90000/5000/100000, Reward:10.000000, fps:1092.701983, Exploration:0.946001, Collision:0.047400/237 , Avg Loss:2.801257/1000, Avg Q Value:0.388438/264 
2017-04-15 21:42:38,493 - root - INFO - Epoch:1, Episode:3, Steps Left:85000/5000/100000, Reward:80.000000, fps:1078.396632, Exploration:0.941501, Collision:0.044400/222 , Avg Loss:3.240866/1000, Avg Q Value:0.622504/288 
2017-04-15 21:42:43,336 - root - INFO - Epoch:1, Episode:4, Steps Left:80000/5000/100000, Reward:37.000000, fps:1032.596365, Exploration:0.937001, Collision:0.051000/255 , Avg Loss:3.348786/1000, Avg Q Value:0.512237/296 
2017-04-15 21:42:48,019 - root - INFO - Epoch:1, Episode:5, Steps Left:75000/5000/100000, Reward:79.000000, fps:1067.709460, Exploration:0.932501, Collision:0.041200/206 , Avg Loss:3.211395/1000, Avg Q Value:0.676966/332 
2017-04-15 21:42:52,696 - root - INFO - Epoch:1, Episode:6, Steps Left:70000/5000/100000, Reward:58.000000, fps:1069.182733, Exploration:0.928001, Collision:0.048600/243 , Avg Loss:3.686038/1000, Avg Q Value:0.710847/333 
2017-04-15 21:42:57,419 - root - INFO - Epoch:1, Episode:7, Steps Left:65000/5000/100000, Reward:29.000000, fps:1058.540892, Exploration:0.923501, Collision:0.051200/256 , Avg Loss:3.572614/1000, Avg Q Value:0.875757/379 
2017-04-15 21:43:02,192 - root - INFO - Epoch:1, Episode:8, Steps Left:60000/5000/100000, Reward:59.000000, fps:1047.669818, Exploration:0.919001, Collision:0.041000/205 , Avg Loss:3.168715/1000, Avg Q Value:0.818608/387 
2017-04-15 21:43:07,108 - root - INFO - Epoch:1, Episode:9, Steps Left:55000/5000/100000, Reward:46.000000, fps:1017.083534, Exploration:0.914501, Collision:0.048200/241 , Avg Loss:3.556062/1000, Avg Q Value:0.960804/435 
2017-04-15 21:43:11,851 - root - INFO - Epoch:1, Episode:10, Steps Left:50000/5000/100000, Reward:27.000000, fps:1054.229570, Exploration:0.910001, Collision:0.051200/256 , Avg Loss:3.383875/1000, Avg Q Value:0.992640/424 
2017-04-15 21:43:16,629 - root - INFO - Epoch:1, Episode:11, Steps Left:45000/5000/100000, Reward:54.000000, fps:1046.490345, Exploration:0.905501, Collision:0.046400/232 , Avg Loss:3.437585/1000, Avg Q Value:1.148482/493 
2017-04-15 21:43:21,600 - root - INFO - Epoch:1, Episode:12, Steps Left:40000/5000/100000, Reward:54.000000, fps:1006.008896, Exploration:0.901001, Collision:0.051800/259 , Avg Loss:3.623564/1000, Avg Q Value:1.110543/501 
2017-04-15 21:43:26,264 - root - INFO - Epoch:1, Episode:13, Steps Left:35000/5000/100000, Reward:81.000000, fps:1072.059572, Exploration:0.896501, Collision:0.049200/246 , Avg Loss:3.548250/1000, Avg Q Value:1.338679/504 
2017-04-15 21:43:31,408 - root - INFO - Epoch:1, Episode:14, Steps Left:30000/5000/100000, Reward:83.000000, fps:971.998057, Exploration:0.892001, Collision:0.045400/227 , Avg Loss:3.431164/1000, Avg Q Value:1.347805/542 
2017-04-15 21:43:36,277 - root - INFO - Epoch:1, Episode:15, Steps Left:25000/5000/100000, Reward:48.000000, fps:1026.992218, Exploration:0.887501, Collision:0.047600/238 , Avg Loss:3.641955/1000, Avg Q Value:1.444998/561 
2017-04-15 21:43:40,936 - root - INFO - Epoch:1, Episode:16, Steps Left:20000/5000/100000, Reward:47.000000, fps:1073.076043, Exploration:0.883001, Collision:0.047800/239 , Avg Loss:3.758994/1000, Avg Q Value:1.408858/604 
2017-04-15 21:43:45,798 - root - INFO - Epoch:1, Episode:17, Steps Left:15000/5000/100000, Reward:56.000000, fps:1028.428217, Exploration:0.878501, Collision:0.043200/216 , Avg Loss:3.810507/1000, Avg Q Value:1.608280/595 
2017-04-15 21:43:50,435 - root - INFO - Epoch:1, Episode:18, Steps Left:10000/5000/100000, Reward:65.000000, fps:1078.477101, Exploration:0.874001, Collision:0.045600/228 , Avg Loss:3.822035/1000, Avg Q Value:1.622722/639 
2017-04-15 21:43:55,141 - root - INFO - Epoch:1, Episode:19, Steps Left:5000/5000/100000, Reward:54.000000, fps:1062.398495, Exploration:0.869501, Collision:0.047200/236 , Avg Loss:4.189773/1000, Avg Q Value:1.778383/617 
2017-04-15 21:43:59,940 - root - INFO - Epoch:1, Episode:20, Steps Left:0/5000/100000, Reward:118.000000, fps:1041.907790, Exploration:0.865001, Collision:0.041400/207 , Avg Loss:3.895850/1000, Avg Q Value:1.817155/659 
2017-04-15 21:43:59,941 - root - INFO - Epoch:1, FPS:1047.096241, Avg Reward: 56.000000/20
2017-04-15 21:44:04,834 - root - INFO - Epoch:2, Episode:1, Steps Left:95000/5000/100000, Reward:119.000000, fps:1021.806559, Exploration:0.860501, Collision:0.044000/220 , Avg Loss:4.051678/1000, Avg Q Value:1.943054/710 
2017-04-15 21:44:09,480 - root - INFO - Epoch:2, Episode:2, Steps Left:90000/5000/100000, Reward:59.000000, fps:1076.245077, Exploration:0.856001, Collision:0.046600/233 , Avg Loss:4.464425/1000, Avg Q Value:1.893705/734 
2017-04-15 21:44:14,249 - root - INFO - Epoch:2, Episode:3, Steps Left:85000/5000/100000, Reward:99.000000, fps:1048.640387, Exploration:0.851501, Collision:0.048800/244 , Avg Loss:4.180798/1000, Avg Q Value:2.087621/712 
2017-04-15 21:44:19,307 - root - INFO - Epoch:2, Episode:4, Steps Left:80000/5000/100000, Reward:91.000000, fps:988.466791, Exploration:0.847001, Collision:0.043800/219 , Avg Loss:4.336863/1000, Avg Q Value:2.030216/753 
2017-04-15 21:44:24,216 - root - INFO - Epoch:2, Episode:5, Steps Left:75000/5000/100000, Reward:134.000000, fps:1018.601264, Exploration:0.842501, Collision:0.044000/220 , Avg Loss:4.172140/1000, Avg Q Value:2.223322/759 
2017-04-15 21:44:28,955 - root - INFO - Epoch:2, Episode:6, Steps Left:70000/5000/100000, Reward:82.000000, fps:1055.047769, Exploration:0.838001, Collision:0.049000/245 , Avg Loss:3.988632/1000, Avg Q Value:2.187695/803 
2017-04-15 21:44:33,601 - root - INFO - Epoch:2, Episode:7, Steps Left:65000/5000/100000, Reward:98.000000, fps:1076.314343, Exploration:0.833501, Collision:0.046600/233 , Avg Loss:3.949014/1000, Avg Q Value:2.335331/798 
2017-04-15 21:44:38,298 - root - INFO - Epoch:2, Episode:8, Steps Left:60000/5000/100000, Reward:116.000000, fps:1064.476133, Exploration:0.829001, Collision:0.047200/236 , Avg Loss:3.954374/1000, Avg Q Value:2.386101/854 
2017-04-15 21:44:43,295 - root - INFO - Epoch:2, Episode:9, Steps Left:55000/5000/100000, Reward:106.000000, fps:1000.780619, Exploration:0.824501, Collision:0.040000/200 , Avg Loss:4.081792/1000, Avg Q Value:2.515939/851 
2017-04-15 21:44:48,334 - root - INFO - Epoch:2, Episode:10, Steps Left:50000/5000/100000, Reward:168.000000, fps:992.163705, Exploration:0.820001, Collision:0.038400/192 , Avg Loss:4.030619/1000, Avg Q Value:2.524851/887 
2017-04-15 21:44:53,064 - root - INFO - Epoch:2, Episode:11, Steps Left:45000/5000/100000, Reward:116.000000, fps:1057.080423, Exploration:0.815501, Collision:0.044000/220 , Avg Loss:4.577967/1000, Avg Q Value:2.669438/906 
2017-04-15 21:44:57,734 - root - INFO - Epoch:2, Episode:12, Steps Left:40000/5000/100000, Reward:120.000000, fps:1070.904575, Exploration:0.811001, Collision:0.048400/242 , Avg Loss:4.288727/1000, Avg Q Value:2.675495/916 
2017-04-15 21:45:03,202 - root - INFO - Epoch:2, Episode:13, Steps Left:35000/5000/100000, Reward:128.000000, fps:914.348099, Exploration:0.806501, Collision:0.041400/207 , Avg Loss:4.246128/1000, Avg Q Value:2.812885/964 
2017-04-15 21:45:08,395 - root - INFO - Epoch:2, Episode:14, Steps Left:30000/5000/100000, Reward:68.000000, fps:962.951198, Exploration:0.802001, Collision:0.046800/234 , Avg Loss:4.380127/1000, Avg Q Value:2.799729/961 
2017-04-15 21:45:13,608 - root - INFO - Epoch:2, Episode:15, Steps Left:25000/5000/100000, Reward:160.000000, fps:959.023226, Exploration:0.797501, Collision:0.036400/182 , Avg Loss:4.325249/1000, Avg Q Value:3.051696/966 
2017-04-15 21:45:18,440 - root - INFO - Epoch:2, Episode:16, Steps Left:20000/5000/100000, Reward:101.000000, fps:1034.998016, Exploration:0.793001, Collision:0.048000/240 , Avg Loss:4.099653/1000, Avg Q Value:2.998668/1001 
2017-04-15 21:45:23,469 - root - INFO - Epoch:2, Episode:17, Steps Left:15000/5000/100000, Reward:150.000000, fps:994.184230, Exploration:0.788501, Collision:0.043400/217 , Avg Loss:4.237205/1000, Avg Q Value:3.148278/1056 
2017-04-15 21:45:28,384 - root - INFO - Epoch:2, Episode:18, Steps Left:10000/5000/100000, Reward:190.000000, fps:1017.270418, Exploration:0.784001, Collision:0.039800/199 , Avg Loss:4.381618/1000, Avg Q Value:3.225274/1074 
2017-04-15 21:45:33,176 - root - INFO - Epoch:2, Episode:19, Steps Left:5000/5000/100000, Reward:171.000000, fps:1043.446158, Exploration:0.779501, Collision:0.035400/177 , Avg Loss:4.576377/1000, Avg Q Value:3.363733/1093 
2017-04-15 21:45:38,121 - root - INFO - Epoch:2, Episode:20, Steps Left:0/5000/100000, Reward:154.000000, fps:1011.169796, Exploration:0.775001, Collision:0.044400/222 , Avg Loss:4.326019/1000, Avg Q Value:3.324865/1151 
2017-04-15 21:45:38,122 - root - INFO - Epoch:2, FPS:1018.533543, Avg Reward: 121.500000/20
2017-04-15 21:45:43,250 - root - INFO - Epoch:3, Episode:1, Steps Left:95000/5000/100000, Reward:173.000000, fps:974.999650, Exploration:0.770501, Collision:0.045400/227 , Avg Loss:4.298988/1000, Avg Q Value:3.508844/1176 
2017-04-15 21:45:48,540 - root - INFO - Epoch:3, Episode:2, Steps Left:90000/5000/100000, Reward:129.000000, fps:945.283075, Exploration:0.766001, Collision:0.041000/205 , Avg Loss:4.350888/1000, Avg Q Value:3.422982/1144 
2017-04-15 21:45:53,548 - root - INFO - Epoch:3, Episode:3, Steps Left:85000/5000/100000, Reward:202.000000, fps:998.441269, Exploration:0.761501, Collision:0.036600/183 , Avg Loss:4.390339/1000, Avg Q Value:3.554034/1132 
2017-04-15 21:45:58,356 - root - INFO - Epoch:3, Episode:4, Steps Left:80000/5000/100000, Reward:200.000000, fps:1039.946421, Exploration:0.757001, Collision:0.042200/211 , Avg Loss:4.742264/1000, Avg Q Value:3.565932/1217 
2017-04-15 21:46:03,375 - root - INFO - Epoch:3, Episode:5, Steps Left:75000/5000/100000, Reward:178.000000, fps:996.359726, Exploration:0.752501, Collision:0.039200/196 , Avg Loss:4.719724/1000, Avg Q Value:3.666761/1261 
2017-04-15 21:46:08,258 - root - INFO - Epoch:3, Episode:6, Steps Left:70000/5000/100000, Reward:162.000000, fps:1023.932154, Exploration:0.748001, Collision:0.039400/197 , Avg Loss:4.615587/1000, Avg Q Value:3.666497/1240 
2017-04-15 21:46:13,383 - root - INFO - Epoch:3, Episode:7, Steps Left:65000/5000/100000, Reward:184.000000, fps:975.709525, Exploration:0.743501, Collision:0.041200/206 , Avg Loss:4.325114/1000, Avg Q Value:3.800949/1253 
2017-04-15 21:46:18,224 - root - INFO - Epoch:3, Episode:8, Steps Left:60000/5000/100000, Reward:177.000000, fps:1032.753595, Exploration:0.739001, Collision:0.044200/221 , Avg Loss:4.490995/1000, Avg Q Value:3.826557/1352 
2017-04-15 21:46:23,164 - root - INFO - Epoch:3, Episode:9, Steps Left:55000/5000/100000, Reward:215.000000, fps:1012.231817, Exploration:0.734501, Collision:0.037200/186 , Avg Loss:4.107077/1000, Avg Q Value:3.931953/1292 
2017-04-15 21:46:28,036 - root - INFO - Epoch:3, Episode:10, Steps Left:50000/5000/100000, Reward:156.000000, fps:1026.398806, Exploration:0.730001, Collision:0.038400/192 , Avg Loss:4.554002/1000, Avg Q Value:3.948962/1327 
2017-04-15 21:46:32,833 - root - INFO - Epoch:3, Episode:11, Steps Left:45000/5000/100000, Reward:183.000000, fps:1042.169523, Exploration:0.725501, Collision:0.044000/220 , Avg Loss:4.672252/1000, Avg Q Value:4.109044/1304 
2017-04-15 21:46:37,792 - root - INFO - Epoch:3, Episode:12, Steps Left:40000/5000/100000, Reward:183.000000, fps:1008.383886, Exploration:0.721001, Collision:0.040800/204 , Avg Loss:4.388305/1000, Avg Q Value:4.121849/1378 
2017-04-15 21:46:43,008 - root - INFO - Epoch:3, Episode:13, Steps Left:35000/5000/100000, Reward:221.000000, fps:958.683069, Exploration:0.716501, Collision:0.042800/214 , Avg Loss:4.500978/1000, Avg Q Value:4.248969/1399 
2017-04-15 21:46:48,041 - root - INFO - Epoch:3, Episode:14, Steps Left:30000/5000/100000, Reward:207.000000, fps:993.418382, Exploration:0.712001, Collision:0.040200/201 , Avg Loss:4.540576/1000, Avg Q Value:4.295624/1406 
2017-04-15 21:46:52,851 - root - INFO - Epoch:3, Episode:15, Steps Left:25000/5000/100000, Reward:176.000000, fps:1039.509296, Exploration:0.707501, Collision:0.045600/228 , Avg Loss:4.883112/1000, Avg Q Value:4.393095/1486 
2017-04-15 21:46:58,012 - root - INFO - Epoch:3, Episode:16, Steps Left:20000/5000/100000, Reward:215.000000, fps:968.927674, Exploration:0.703001, Collision:0.038600/193 , Avg Loss:4.462205/1000, Avg Q Value:4.423829/1475 
2017-04-15 21:47:03,055 - root - INFO - Epoch:3, Episode:17, Steps Left:15000/5000/100000, Reward:240.000000, fps:991.402980, Exploration:0.698501, Collision:0.040800/204 , Avg Loss:4.621760/1000, Avg Q Value:4.546855/1515 
2017-04-15 21:47:07,879 - root - INFO - Epoch:3, Episode:18, Steps Left:10000/5000/100000, Reward:222.000000, fps:1036.606512, Exploration:0.694001, Collision:0.033800/169 , Avg Loss:4.637107/1000, Avg Q Value:4.553035/1473 
2017-04-15 21:47:12,875 - root - INFO - Epoch:3, Episode:19, Steps Left:5000/5000/100000, Reward:199.000000, fps:1000.862961, Exploration:0.689501, Collision:0.041200/206 , Avg Loss:4.444118/1000, Avg Q Value:4.607972/1558 
2017-04-15 21:47:17,887 - root - INFO - Epoch:3, Episode:20, Steps Left:0/5000/100000, Reward:263.000000, fps:997.597188, Exploration:0.685001, Collision:0.042200/211 , Avg Loss:4.983011/1000, Avg Q Value:4.757026/1568 
2017-04-15 21:47:17,888 - root - INFO - Epoch:3, FPS:1002.356037, Avg Reward: 194.250000/20
2017-04-15 21:47:22,899 - root - INFO - Epoch:4, Episode:1, Steps Left:95000/5000/100000, Reward:206.000000, fps:997.853462, Exploration:0.680501, Collision:0.046000/230 , Avg Loss:4.497558/1000, Avg Q Value:4.790187/1572 
2017-04-15 21:47:28,174 - root - INFO - Epoch:4, Episode:2, Steps Left:90000/5000/100000, Reward:241.000000, fps:947.907554, Exploration:0.676001, Collision:0.047200/236 , Avg Loss:4.733133/1000, Avg Q Value:4.839602/1569 
2017-04-15 21:47:33,260 - root - INFO - Epoch:4, Episode:3, Steps Left:85000/5000/100000, Reward:224.000000, fps:983.031306, Exploration:0.671501, Collision:0.042000/210 , Avg Loss:4.589650/1000, Avg Q Value:4.871425/1681 
2017-04-15 21:47:38,778 - root - INFO - Epoch:4, Episode:4, Steps Left:80000/5000/100000, Reward:255.000000, fps:906.148879, Exploration:0.667001, Collision:0.040600/203 , Avg Loss:4.400936/1000, Avg Q Value:4.872074/1683 
2017-04-15 21:47:43,853 - root - INFO - Epoch:4, Episode:5, Steps Left:75000/5000/100000, Reward:246.000000, fps:985.351743, Exploration:0.662501, Collision:0.040800/204 , Avg Loss:4.436471/1000, Avg Q Value:5.103565/1664 
2017-04-15 21:47:48,970 - root - INFO - Epoch:4, Episode:6, Steps Left:70000/5000/100000, Reward:256.000000, fps:977.173038, Exploration:0.658001, Collision:0.039200/196 , Avg Loss:4.355295/1000, Avg Q Value:5.087910/1691 
2017-04-15 21:47:54,125 - root - INFO - Epoch:4, Episode:7, Steps Left:65000/5000/100000, Reward:266.000000, fps:969.830335, Exploration:0.653501, Collision:0.033600/168 , Avg Loss:4.465620/1000, Avg Q Value:5.173087/1777 
2017-04-15 21:47:59,059 - root - INFO - Epoch:4, Episode:8, Steps Left:60000/5000/100000, Reward:214.000000, fps:1013.482986, Exploration:0.649001, Collision:0.044000/220 , Avg Loss:4.563548/1000, Avg Q Value:5.136777/1742 
2017-04-15 21:48:04,160 - root - INFO - Epoch:4, Episode:9, Steps Left:55000/5000/100000, Reward:287.000000, fps:980.307210, Exploration:0.644501, Collision:0.037600/188 , Avg Loss:4.470891/1000, Avg Q Value:5.302590/1786 
2017-04-15 21:48:09,285 - root - INFO - Epoch:4, Episode:10, Steps Left:50000/5000/100000, Reward:279.000000, fps:975.618516, Exploration:0.640001, Collision:0.036600/183 , Avg Loss:4.461874/1000, Avg Q Value:5.343212/1825 
2017-04-15 21:48:14,373 - root - INFO - Epoch:4, Episode:11, Steps Left:45000/5000/100000, Reward:279.000000, fps:982.811972, Exploration:0.635501, Collision:0.040600/203 , Avg Loss:4.491394/1000, Avg Q Value:5.421329/1816 
2017-04-15 21:48:19,366 - root - INFO - Epoch:4, Episode:12, Steps Left:40000/5000/100000, Reward:254.000000, fps:1001.435047, Exploration:0.631001, Collision:0.042400/212 , Avg Loss:4.855081/1000, Avg Q Value:5.417540/1868 
2017-04-15 21:48:24,450 - root - INFO - Epoch:4, Episode:13, Steps Left:35000/5000/100000, Reward:218.000000, fps:983.363465, Exploration:0.626501, Collision:0.043800/219 , Avg Loss:4.625918/1000, Avg Q Value:5.369694/1832 
2017-04-15 21:48:29,546 - root - INFO - Epoch:4, Episode:14, Steps Left:30000/5000/100000, Reward:255.000000, fps:981.304578, Exploration:0.622001, Collision:0.041000/205 , Avg Loss:4.524901/1000, Avg Q Value:5.416295/1878 
2017-04-15 21:48:34,636 - root - INFO - Epoch:4, Episode:15, Steps Left:25000/5000/100000, Reward:274.000000, fps:982.362462, Exploration:0.617501, Collision:0.041800/209 , Avg Loss:4.502779/1000, Avg Q Value:5.597677/1908 
2017-04-15 21:48:39,761 - root - INFO - Epoch:4, Episode:16, Steps Left:20000/5000/100000, Reward:322.000000, fps:975.558926, Exploration:0.613001, Collision:0.034800/174 , Avg Loss:4.199255/1000, Avg Q Value:5.606917/1915 
2017-04-15 21:48:45,000 - root - INFO - Epoch:4, Episode:17, Steps Left:15000/5000/100000, Reward:233.000000, fps:954.504303, Exploration:0.608501, Collision:0.045200/226 , Avg Loss:4.470979/1000, Avg Q Value:5.680866/1900 
2017-04-15 21:48:50,067 - root - INFO - Epoch:4, Episode:18, Steps Left:10000/5000/100000, Reward:307.000000, fps:986.828419, Exploration:0.604001, Collision:0.041200/206 , Avg Loss:4.508021/1000, Avg Q Value:5.735659/1984 
2017-04-15 21:48:55,127 - root - INFO - Epoch:4, Episode:19, Steps Left:5000/5000/100000, Reward:280.000000, fps:988.188214, Exploration:0.599501, Collision:0.038600/193 , Avg Loss:4.379711/1000, Avg Q Value:5.765362/1978 
2017-04-15 21:49:00,423 - root - INFO - Epoch:4, Episode:20, Steps Left:0/5000/100000, Reward:315.000000, fps:944.102513, Exploration:0.595001, Collision:0.032200/161 , Avg Loss:4.093370/1000, Avg Q Value:5.772936/2000 
2017-04-15 21:49:00,424 - root - INFO - Epoch:4, FPS:975.276868, Avg Reward: 260.550000/20
2017-04-15 21:49:05,595 - root - INFO - Epoch:5, Episode:1, Steps Left:95000/5000/100000, Reward:333.000000, fps:966.962347, Exploration:0.590501, Collision:0.036000/180 , Avg Loss:3.941121/1000, Avg Q Value:5.920432/2052 
2017-04-15 21:49:10,856 - root - INFO - Epoch:5, Episode:2, Steps Left:90000/5000/100000, Reward:312.000000, fps:950.352464, Exploration:0.586001, Collision:0.040400/202 , Avg Loss:3.790847/1000, Avg Q Value:5.933721/2053 
2017-04-15 21:49:16,146 - root - INFO - Epoch:5, Episode:3, Steps Left:85000/5000/100000, Reward:323.000000, fps:945.318058, Exploration:0.581501, Collision:0.032800/164 , Avg Loss:4.026724/1000, Avg Q Value:6.016252/2107 
2017-04-15 21:49:21,467 - root - INFO - Epoch:5, Episode:4, Steps Left:80000/5000/100000, Reward:287.000000, fps:939.589828, Exploration:0.577001, Collision:0.037600/188 , Avg Loss:3.956635/1000, Avg Q Value:6.022898/2104 
2017-04-15 21:49:26,703 - root - INFO - Epoch:5, Episode:5, Steps Left:75000/5000/100000, Reward:380.000000, fps:954.910109, Exploration:0.572501, Collision:0.033800/169 , Avg Loss:4.019475/1000, Avg Q Value:6.127005/2114 
2017-04-15 21:49:32,294 - root - INFO - Epoch:5, Episode:6, Steps Left:70000/5000/100000, Reward:347.000000, fps:894.390692, Exploration:0.568001, Collision:0.035600/178 , Avg Loss:4.195736/1000, Avg Q Value:6.109005/2155 
2017-04-15 21:49:37,723 - root - INFO - Epoch:5, Episode:7, Steps Left:65000/5000/100000, Reward:292.000000, fps:921.059503, Exploration:0.563501, Collision:0.032800/164 , Avg Loss:4.179616/1000, Avg Q Value:6.131590/2103 
2017-04-15 21:49:43,050 - root - INFO - Epoch:5, Episode:8, Steps Left:60000/5000/100000, Reward:373.000000, fps:938.612480, Exploration:0.559001, Collision:0.032200/161 , Avg Loss:4.038141/1000, Avg Q Value:6.222909/2183 
2017-04-15 21:49:48,520 - root - INFO - Epoch:5, Episode:9, Steps Left:55000/5000/100000, Reward:354.000000, fps:914.151168, Exploration:0.554501, Collision:0.036000/180 , Avg Loss:4.091185/1000, Avg Q Value:6.295058/2316 
2017-04-15 21:49:53,854 - root - INFO - Epoch:5, Episode:10, Steps Left:50000/5000/100000, Reward:303.000000, fps:937.435184, Exploration:0.550001, Collision:0.037200/186 , Avg Loss:3.913626/1000, Avg Q Value:6.190499/2293 
2017-04-15 21:49:59,358 - root - INFO - Epoch:5, Episode:11, Steps Left:45000/5000/100000, Reward:327.000000, fps:908.301818, Exploration:0.545501, Collision:0.036800/184 , Avg Loss:4.119761/1000, Avg Q Value:6.357174/2262 
2017-04-15 21:50:04,687 - root - INFO - Epoch:5, Episode:12, Steps Left:40000/5000/100000, Reward:333.000000, fps:938.306334, Exploration:0.541001, Collision:0.031600/158 , Avg Loss:4.529410/1000, Avg Q Value:6.345280/2312 
2017-04-15 21:50:10,046 - root - INFO - Epoch:5, Episode:13, Steps Left:35000/5000/100000, Reward:326.000000, fps:933.174134, Exploration:0.536501, Collision:0.039200/196 , Avg Loss:4.690383/1000, Avg Q Value:6.429512/2314 
2017-04-15 21:50:15,384 - root - INFO - Epoch:5, Episode:14, Steps Left:30000/5000/100000, Reward:323.000000, fps:936.590413, Exploration:0.532001, Collision:0.041600/208 , Avg Loss:4.537978/1000, Avg Q Value:6.474116/2320 
2017-04-15 21:50:20,796 - root - INFO - Epoch:5, Episode:15, Steps Left:25000/5000/100000, Reward:348.000000, fps:924.015439, Exploration:0.527501, Collision:0.038200/191 , Avg Loss:4.562113/1000, Avg Q Value:6.639973/2379 
2017-04-15 21:50:26,255 - root - INFO - Epoch:5, Episode:16, Steps Left:20000/5000/100000, Reward:343.000000, fps:915.949851, Exploration:0.523001, Collision:0.037400/187 , Avg Loss:4.594338/1000, Avg Q Value:6.601575/2419 
2017-04-15 21:50:31,383 - root - INFO - Epoch:5, Episode:17, Steps Left:15000/5000/100000, Reward:304.000000, fps:974.934244, Exploration:0.518501, Collision:0.033200/166 , Avg Loss:4.555873/1000, Avg Q Value:6.621110/2409 
2017-04-15 21:50:37,019 - root - INFO - Epoch:5, Episode:18, Steps Left:10000/5000/100000, Reward:357.000000, fps:887.299960, Exploration:0.514001, Collision:0.034000/170 , Avg Loss:4.649029/1000, Avg Q Value:6.720943/2415 
2017-04-15 21:50:42,492 - root - INFO - Epoch:5, Episode:19, Steps Left:5000/5000/100000, Reward:381.000000, fps:913.573061, Exploration:0.509501, Collision:0.037600/188 , Avg Loss:4.742508/1000, Avg Q Value:6.827950/2476 
2017-04-15 21:50:47,774 - root - INFO - Epoch:5, Episode:20, Steps Left:0/5000/100000, Reward:351.000000, fps:946.582793, Exploration:0.505001, Collision:0.036800/184 , Avg Loss:5.068479/1000, Avg Q Value:6.835004/2470 
2017-04-15 21:50:47,775 - root - INFO - Epoch:5, FPS:931.528267, Avg Reward: 334.850000/20
2017-04-15 21:50:53,289 - root - INFO - Epoch:6, Episode:1, Steps Left:95000/5000/100000, Reward:347.000000, fps:906.878462, Exploration:0.500501, Collision:0.036800/184 , Avg Loss:4.671222/1000, Avg Q Value:6.847150/2477 
2017-04-15 21:50:59,156 - root - INFO - Epoch:6, Episode:2, Steps Left:90000/5000/100000, Reward:367.000000, fps:852.231875, Exploration:0.496001, Collision:0.032600/163 , Avg Loss:4.428297/1000, Avg Q Value:6.853965/2506 
2017-04-15 21:51:04,524 - root - INFO - Epoch:6, Episode:3, Steps Left:85000/5000/100000, Reward:397.000000, fps:931.380032, Exploration:0.491501, Collision:0.037400/187 , Avg Loss:4.476044/1000, Avg Q Value:6.985133/2565 
2017-04-15 21:51:09,904 - root - INFO - Epoch:6, Episode:4, Steps Left:80000/5000/100000, Reward:362.000000, fps:929.395482, Exploration:0.487001, Collision:0.037600/188 , Avg Loss:4.548926/1000, Avg Q Value:6.980724/2604 
2017-04-15 21:51:15,342 - root - INFO - Epoch:6, Episode:5, Steps Left:75000/5000/100000, Reward:403.000000, fps:919.562245, Exploration:0.482501, Collision:0.034600/173 , Avg Loss:4.474381/1000, Avg Q Value:7.095922/2640 
2017-04-15 21:51:20,726 - root - INFO - Epoch:6, Episode:6, Steps Left:70000/5000/100000, Reward:355.000000, fps:928.746564, Exploration:0.478001, Collision:0.036200/181 , Avg Loss:4.765334/1000, Avg Q Value:7.049901/2558 
2017-04-15 21:51:26,188 - root - INFO - Epoch:6, Episode:7, Steps Left:65000/5000/100000, Reward:358.000000, fps:915.417255, Exploration:0.473501, Collision:0.029800/149 , Avg Loss:4.251770/1000, Avg Q Value:7.234608/2606 
2017-04-15 21:51:31,508 - root - INFO - Epoch:6, Episode:8, Steps Left:60000/5000/100000, Reward:342.000000, fps:939.782502, Exploration:0.469001, Collision:0.032800/164 , Avg Loss:4.526177/1000, Avg Q Value:7.192111/2651 
2017-04-15 21:51:37,115 - root - INFO - Epoch:6, Episode:9, Steps Left:55000/5000/100000, Reward:386.000000, fps:891.873208, Exploration:0.464501, Collision:0.030200/151 , Avg Loss:4.377428/1000, Avg Q Value:7.221588/2623 
2017-04-15 21:51:42,745 - root - INFO - Epoch:6, Episode:10, Steps Left:50000/5000/100000, Reward:394.000000, fps:888.011941, Exploration:0.460001, Collision:0.034000/170 , Avg Loss:4.550628/1000, Avg Q Value:7.235669/2752 
2017-04-15 21:51:48,541 - root - INFO - Epoch:6, Episode:11, Steps Left:45000/5000/100000, Reward:380.000000, fps:862.742656, Exploration:0.455501, Collision:0.039000/195 , Avg Loss:4.346486/1000, Avg Q Value:7.280217/2694 
2017-04-15 21:51:54,562 - root - INFO - Epoch:6, Episode:12, Steps Left:40000/5000/100000, Reward:416.000000, fps:830.439644, Exploration:0.451001, Collision:0.037000/185 , Avg Loss:3.914156/1000, Avg Q Value:7.339442/2718 
2017-04-15 21:52:00,124 - root - INFO - Epoch:6, Episode:13, Steps Left:35000/5000/100000, Reward:427.000000, fps:898.933621, Exploration:0.446501, Collision:0.030200/151 , Avg Loss:4.265132/1000, Avg Q Value:7.395068/2743 
2017-04-15 21:52:05,615 - root - INFO - Epoch:6, Episode:14, Steps Left:30000/5000/100000, Reward:397.000000, fps:910.664511, Exploration:0.442001, Collision:0.036200/181 , Avg Loss:4.550913/1000, Avg Q Value:7.402681/2807 
2017-04-15 21:52:10,904 - root - INFO - Epoch:6, Episode:15, Steps Left:25000/5000/100000, Reward:384.000000, fps:945.456608, Exploration:0.437501, Collision:0.030400/152 , Avg Loss:4.645751/1000, Avg Q Value:7.420009/2787 
2017-04-15 21:52:16,355 - root - INFO - Epoch:6, Episode:16, Steps Left:20000/5000/100000, Reward:390.000000, fps:917.278860, Exploration:0.433001, Collision:0.034000/170 , Avg Loss:4.331353/1000, Avg Q Value:7.432778/2836 
2017-04-15 21:52:21,657 - root - INFO - Epoch:6, Episode:17, Steps Left:15000/5000/100000, Reward:359.000000, fps:943.047987, Exploration:0.428501, Collision:0.028800/144 , Avg Loss:4.447974/1000, Avg Q Value:7.434624/2831 
2017-04-15 21:52:27,109 - root - INFO - Epoch:6, Episode:18, Steps Left:10000/5000/100000, Reward:372.000000, fps:917.146800, Exploration:0.424001, Collision:0.028200/141 , Avg Loss:4.636885/1000, Avg Q Value:7.423158/2917 
2017-04-15 21:52:32,737 - root - INFO - Epoch:6, Episode:19, Steps Left:5000/5000/100000, Reward:381.000000, fps:888.427522, Exploration:0.419501, Collision:0.038400/192 , Avg Loss:4.440861/1000, Avg Q Value:7.593229/2864 
2017-04-15 21:52:38,104 - root - INFO - Epoch:6, Episode:20, Steps Left:0/5000/100000, Reward:438.000000, fps:931.612059, Exploration:0.415001, Collision:0.039000/195 , Avg Loss:4.395875/1000, Avg Q Value:7.675637/2902 
2017-04-15 21:52:38,105 - root - INFO - Epoch:6, FPS:906.378777, Avg Reward: 382.750000/20
2017-04-15 21:52:43,609 - root - INFO - Epoch:7, Episode:1, Steps Left:95000/5000/100000, Reward:416.000000, fps:908.431736, Exploration:0.410501, Collision:0.032800/164 , Avg Loss:4.473075/1000, Avg Q Value:7.639575/2927 
2017-04-15 21:52:49,162 - root - INFO - Epoch:7, Episode:2, Steps Left:90000/5000/100000, Reward:419.000000, fps:900.464957, Exploration:0.406001, Collision:0.033400/167 , Avg Loss:4.994138/1000, Avg Q Value:7.612479/3027 
2017-04-15 21:52:54,832 - root - INFO - Epoch:7, Episode:3, Steps Left:85000/5000/100000, Reward:422.000000, fps:881.926914, Exploration:0.401501, Collision:0.035200/176 , Avg Loss:4.753508/1000, Avg Q Value:7.720143/2981 
2017-04-15 21:53:00,619 - root - INFO - Epoch:7, Episode:4, Steps Left:80000/5000/100000, Reward:384.000000, fps:864.017321, Exploration:0.397001, Collision:0.040200/201 , Avg Loss:4.396226/1000, Avg Q Value:7.706633/3021 
2017-04-15 21:53:06,512 - root - INFO - Epoch:7, Episode:5, Steps Left:75000/5000/100000, Reward:381.000000, fps:848.389538, Exploration:0.392501, Collision:0.033800/169 , Avg Loss:4.536774/1000, Avg Q Value:7.734906/2985 
2017-04-15 21:53:12,440 - root - INFO - Epoch:7, Episode:6, Steps Left:70000/5000/100000, Reward:376.000000, fps:843.460188, Exploration:0.388001, Collision:0.035400/177 , Avg Loss:4.418368/1000, Avg Q Value:7.728217/3048 
2017-04-15 21:53:18,209 - root - INFO - Epoch:7, Episode:7, Steps Left:65000/5000/100000, Reward:435.000000, fps:866.858205, Exploration:0.383501, Collision:0.030200/151 , Avg Loss:4.376085/1000, Avg Q Value:7.833546/3061 
2017-04-15 21:53:24,259 - root - INFO - Epoch:7, Episode:8, Steps Left:60000/5000/100000, Reward:428.000000, fps:826.401476, Exploration:0.379001, Collision:0.031000/155 , Avg Loss:4.189101/1000, Avg Q Value:7.884176/3092 
2017-04-15 21:53:29,953 - root - INFO - Epoch:7, Episode:9, Steps Left:55000/5000/100000, Reward:493.000000, fps:878.167140, Exploration:0.374501, Collision:0.035400/177 , Avg Loss:4.496791/1000, Avg Q Value:8.036364/3176 
2017-04-15 21:53:35,625 - root - INFO - Epoch:7, Episode:10, Steps Left:50000/5000/100000, Reward:448.000000, fps:881.483822, Exploration:0.370001, Collision:0.031200/156 , Avg Loss:4.631158/1000, Avg Q Value:7.951731/3127 
2017-04-15 21:53:41,451 - root - INFO - Epoch:7, Episode:11, Steps Left:45000/5000/100000, Reward:405.000000, fps:858.297918, Exploration:0.365501, Collision:0.032400/162 , Avg Loss:4.397935/1000, Avg Q Value:8.014834/3179 
2017-04-15 21:53:47,090 - root - INFO - Epoch:7, Episode:12, Steps Left:40000/5000/100000, Reward:362.000000, fps:886.659215, Exploration:0.361001, Collision:0.034000/170 , Avg Loss:4.751228/1000, Avg Q Value:7.947228/3202 
2017-04-15 21:53:52,697 - root - INFO - Epoch:7, Episode:13, Steps Left:35000/5000/100000, Reward:403.000000, fps:891.863992, Exploration:0.356501, Collision:0.038000/190 , Avg Loss:4.444717/1000, Avg Q Value:8.180102/3172 
2017-04-15 21:53:58,285 - root - INFO - Epoch:7, Episode:14, Steps Left:30000/5000/100000, Reward:408.000000, fps:894.821429, Exploration:0.352001, Collision:0.036800/184 , Avg Loss:4.565461/1000, Avg Q Value:8.174848/3189 
2017-04-15 21:54:04,590 - root - INFO - Epoch:7, Episode:15, Steps Left:25000/5000/100000, Reward:495.000000, fps:793.041165, Exploration:0.347501, Collision:0.033800/169 , Avg Loss:4.332717/1000, Avg Q Value:8.279275/3269 
2017-04-15 21:54:10,442 - root - INFO - Epoch:7, Episode:16, Steps Left:20000/5000/100000, Reward:463.000000, fps:854.362768, Exploration:0.343001, Collision:0.028800/144 , Avg Loss:4.316751/1000, Avg Q Value:8.263995/3323 
2017-04-15 21:54:16,123 - root - INFO - Epoch:7, Episode:17, Steps Left:15000/5000/100000, Reward:421.000000, fps:880.223894, Exploration:0.338501, Collision:0.030000/150 , Avg Loss:4.401801/1000, Avg Q Value:8.407378/3217 
2017-04-15 21:54:21,868 - root - INFO - Epoch:7, Episode:18, Steps Left:10000/5000/100000, Reward:470.000000, fps:870.343672, Exploration:0.334001, Collision:0.025000/125 , Avg Loss:4.356865/1000, Avg Q Value:8.366247/3325 
2017-04-15 21:54:27,665 - root - INFO - Epoch:7, Episode:19, Steps Left:5000/5000/100000, Reward:503.000000, fps:862.558810, Exploration:0.329501, Collision:0.033800/169 , Avg Loss:4.588171/1000, Avg Q Value:8.468589/3336 
2017-04-15 21:54:33,299 - root - INFO - Epoch:7, Episode:20, Steps Left:0/5000/100000, Reward:490.000000, fps:887.368291, Exploration:0.325001, Collision:0.031800/159 , Avg Loss:4.964455/1000, Avg Q Value:8.465744/3402 
2017-04-15 21:54:33,300 - root - INFO - Epoch:7, FPS:868.096020, Avg Reward: 431.100000/20
2017-04-15 21:54:39,006 - root - INFO - Epoch:8, Episode:1, Steps Left:95000/5000/100000, Reward:464.000000, fps:876.360145, Exploration:0.320501, Collision:0.035400/177 , Avg Loss:4.602687/1000, Avg Q Value:8.638029/3370 
2017-04-15 21:54:44,765 - root - INFO - Epoch:8, Episode:2, Steps Left:90000/5000/100000, Reward:482.000000, fps:868.158043, Exploration:0.316001, Collision:0.032600/163 , Avg Loss:4.682815/1000, Avg Q Value:8.670410/3408 
2017-04-15 21:54:50,322 - root - INFO - Epoch:8, Episode:3, Steps Left:85000/5000/100000, Reward:414.000000, fps:899.772868, Exploration:0.311501, Collision:0.029000/145 , Avg Loss:4.631141/1000, Avg Q Value:8.600221/3451 
2017-04-15 21:54:55,805 - root - INFO - Epoch:8, Episode:4, Steps Left:80000/5000/100000, Reward:397.000000, fps:911.991700, Exploration:0.307001, Collision:0.029200/146 , Avg Loss:4.231053/1000, Avg Q Value:8.587550/3498 
2017-04-15 21:55:01,344 - root - INFO - Epoch:8, Episode:5, Steps Left:75000/5000/100000, Reward:494.000000, fps:902.734036, Exploration:0.302501, Collision:0.037400/187 , Avg Loss:4.289768/1000, Avg Q Value:8.838886/3548 
2017-04-15 21:55:06,718 - root - INFO - Epoch:8, Episode:6, Steps Left:70000/5000/100000, Reward:540.000000, fps:930.411877, Exploration:0.298001, Collision:0.031200/156 , Avg Loss:4.709544/1000, Avg Q Value:8.826447/3559 
2017-04-15 21:55:12,127 - root - INFO - Epoch:8, Episode:7, Steps Left:65000/5000/100000, Reward:406.000000, fps:924.535346, Exploration:0.293501, Collision:0.030600/153 , Avg Loss:4.393834/1000, Avg Q Value:8.860829/3515 
2017-04-15 21:55:17,539 - root - INFO - Epoch:8, Episode:8, Steps Left:60000/5000/100000, Reward:384.000000, fps:923.773181, Exploration:0.289001, Collision:0.028600/143 , Avg Loss:4.385174/1000, Avg Q Value:8.834371/3559 
2017-04-15 21:55:22,827 - root - INFO - Epoch:8, Episode:9, Steps Left:55000/5000/100000, Reward:428.000000, fps:945.673144, Exploration:0.284501, Collision:0.029400/147 , Avg Loss:4.631111/1000, Avg Q Value:8.907736/3646 
2017-04-15 21:55:28,184 - root - INFO - Epoch:8, Episode:10, Steps Left:50000/5000/100000, Reward:463.000000, fps:933.358411, Exploration:0.280001, Collision:0.033800/169 , Avg Loss:4.004534/1000, Avg Q Value:8.956734/3563 
2017-04-15 21:55:33,536 - root - INFO - Epoch:8, Episode:11, Steps Left:45000/5000/100000, Reward:466.000000, fps:934.182337, Exploration:0.275501, Collision:0.030200/151 , Avg Loss:4.391072/1000, Avg Q Value:9.059230/3614 
2017-04-15 21:55:39,025 - root - INFO - Epoch:8, Episode:12, Steps Left:40000/5000/100000, Reward:534.000000, fps:911.036580, Exploration:0.271001, Collision:0.028000/140 , Avg Loss:4.169903/1000, Avg Q Value:9.064755/3631 
2017-04-15 21:55:44,258 - root - INFO - Epoch:8, Episode:13, Steps Left:35000/5000/100000, Reward:502.000000, fps:955.392726, Exploration:0.266501, Collision:0.032200/161 , Avg Loss:4.175984/1000, Avg Q Value:9.099246/3636 
2017-04-15 21:55:49,813 - root - INFO - Epoch:8, Episode:14, Steps Left:30000/5000/100000, Reward:557.000000, fps:900.256763, Exploration:0.262001, Collision:0.028200/141 , Avg Loss:4.512209/1000, Avg Q Value:9.104985/3675 
2017-04-15 21:55:56,069 - root - INFO - Epoch:8, Episode:15, Steps Left:25000/5000/100000, Reward:574.000000, fps:799.226609, Exploration:0.257501, Collision:0.034800/174 , Avg Loss:4.261573/1000, Avg Q Value:9.197354/3756 
2017-04-15 21:56:01,568 - root - INFO - Epoch:8, Episode:16, Steps Left:20000/5000/100000, Reward:522.000000, fps:909.164175, Exploration:0.253001, Collision:0.037000/185 , Avg Loss:4.355283/1000, Avg Q Value:9.161347/3738 
2017-04-15 21:56:07,013 - root - INFO - Epoch:8, Episode:17, Steps Left:15000/5000/100000, Reward:468.000000, fps:918.300798, Exploration:0.248501, Collision:0.036600/183 , Avg Loss:4.596146/1000, Avg Q Value:9.258300/3727 
2017-04-15 21:56:12,708 - root - INFO - Epoch:8, Episode:18, Steps Left:10000/5000/100000, Reward:449.000000, fps:878.054262, Exploration:0.244001, Collision:0.035600/178 , Avg Loss:4.314164/1000, Avg Q Value:9.198523/3754 
2017-04-15 21:56:18,324 - root - INFO - Epoch:8, Episode:19, Steps Left:5000/5000/100000, Reward:589.000000, fps:890.276172, Exploration:0.239501, Collision:0.031600/158 , Avg Loss:4.489154/1000, Avg Q Value:9.332468/3838 
2017-04-15 21:56:23,657 - root - INFO - Epoch:8, Episode:20, Steps Left:0/5000/100000, Reward:549.000000, fps:937.717030, Exploration:0.235001, Collision:0.030400/152 , Avg Loss:4.210524/1000, Avg Q Value:9.320330/3810 
2017-04-15 21:56:23,657 - root - INFO - Epoch:8, FPS:906.153743, Avg Reward: 484.100000/20
2017-04-15 21:56:29,319 - root - INFO - Epoch:9, Episode:1, Steps Left:95000/5000/100000, Reward:459.000000, fps:883.106223, Exploration:0.230501, Collision:0.030200/151 , Avg Loss:4.759605/1000, Avg Q Value:9.238992/3871 
2017-04-15 21:56:35,034 - root - INFO - Epoch:9, Episode:2, Steps Left:90000/5000/100000, Reward:489.000000, fps:874.945002, Exploration:0.226001, Collision:0.033400/167 , Avg Loss:4.735453/1000, Avg Q Value:9.342751/3866 
2017-04-15 21:56:40,730 - root - INFO - Epoch:9, Episode:3, Steps Left:85000/5000/100000, Reward:535.000000, fps:877.843991, Exploration:0.221501, Collision:0.033600/168 , Avg Loss:4.398739/1000, Avg Q Value:9.463493/3885 
2017-04-15 21:56:46,475 - root - INFO - Epoch:9, Episode:4, Steps Left:80000/5000/100000, Reward:575.000000, fps:870.391101, Exploration:0.217001, Collision:0.030800/154 , Avg Loss:4.970146/1000, Avg Q Value:9.508598/3882 
2017-04-15 21:56:52,426 - root - INFO - Epoch:9, Episode:5, Steps Left:75000/5000/100000, Reward:585.000000, fps:840.254210, Exploration:0.212501, Collision:0.031400/157 , Avg Loss:4.564104/1000, Avg Q Value:9.654924/3913 
2017-04-15 21:56:57,977 - root - INFO - Epoch:9, Episode:6, Steps Left:70000/5000/100000, Reward:580.000000, fps:900.760329, Exploration:0.208001, Collision:0.027400/137 , Avg Loss:4.752081/1000, Avg Q Value:9.585506/3995 
2017-04-15 21:57:03,501 - root - INFO - Epoch:9, Episode:7, Steps Left:65000/5000/100000, Reward:576.000000, fps:905.106954, Exploration:0.203501, Collision:0.027200/136 , Avg Loss:4.811202/1000, Avg Q Value:9.578768/3965 
2017-04-15 21:57:08,804 - root - INFO - Epoch:9, Episode:8, Steps Left:60000/5000/100000, Reward:537.000000, fps:942.948596, Exploration:0.199001, Collision:0.027200/136 , Avg Loss:4.651238/1000, Avg Q Value:9.546287/3995 
2017-04-15 21:57:14,229 - root - INFO - Epoch:9, Episode:9, Steps Left:55000/5000/100000, Reward:535.000000, fps:921.686498, Exploration:0.194501, Collision:0.027000/135 , Avg Loss:4.696235/1000, Avg Q Value:9.604539/3973 
2017-04-15 21:57:19,763 - root - INFO - Epoch:9, Episode:10, Steps Left:50000/5000/100000, Reward:572.000000, fps:903.438980, Exploration:0.190001, Collision:0.027800/139 , Avg Loss:4.746429/1000, Avg Q Value:9.649917/4116 
2017-04-15 21:57:25,098 - root - INFO - Epoch:9, Episode:11, Steps Left:45000/5000/100000, Reward:550.000000, fps:937.220854, Exploration:0.185501, Collision:0.024200/121 , Avg Loss:4.880525/1000, Avg Q Value:9.633351/4053 
2017-04-15 21:57:30,574 - root - INFO - Epoch:9, Episode:12, Steps Left:40000/5000/100000, Reward:540.000000, fps:913.159274, Exploration:0.181001, Collision:0.023000/115 , Avg Loss:4.349426/1000, Avg Q Value:9.646524/4057 
2017-04-15 21:57:36,295 - root - INFO - Epoch:9, Episode:13, Steps Left:35000/5000/100000, Reward:483.000000, fps:873.930003, Exploration:0.176501, Collision:0.027600/138 , Avg Loss:4.782994/1000, Avg Q Value:9.638693/4106 
2017-04-15 21:57:41,941 - root - INFO - Epoch:9, Episode:14, Steps Left:30000/5000/100000, Reward:557.000000, fps:885.749322, Exploration:0.172001, Collision:0.022800/114 , Avg Loss:4.747179/1000, Avg Q Value:9.723591/4123 
2017-04-15 21:57:47,767 - root - INFO - Epoch:9, Episode:15, Steps Left:25000/5000/100000, Reward:507.000000, fps:858.126881, Exploration:0.167501, Collision:0.021800/109 , Avg Loss:4.768076/1000, Avg Q Value:9.701066/4164 
2017-04-15 21:57:53,624 - root - INFO - Epoch:9, Episode:16, Steps Left:20000/5000/100000, Reward:511.000000, fps:853.790557, Exploration:0.163001, Collision:0.024800/124 , Avg Loss:4.354939/1000, Avg Q Value:9.739590/4180 
2017-04-15 21:57:59,371 - root - INFO - Epoch:9, Episode:17, Steps Left:15000/5000/100000, Reward:594.000000, fps:869.946313, Exploration:0.158501, Collision:0.026000/130 , Avg Loss:4.201801/1000, Avg Q Value:9.898138/4212 
2017-04-15 21:58:05,013 - root - INFO - Epoch:9, Episode:18, Steps Left:10000/5000/100000, Reward:502.000000, fps:886.384331, Exploration:0.154001, Collision:0.029400/147 , Avg Loss:4.300179/1000, Avg Q Value:9.817772/4266 
2017-04-15 21:58:10,571 - root - INFO - Epoch:9, Episode:19, Steps Left:5000/5000/100000, Reward:653.000000, fps:899.591040, Exploration:0.149501, Collision:0.028000/140 , Avg Loss:4.393126/1000, Avg Q Value:10.069671/4277 
2017-04-15 21:58:16,028 - root - INFO - Epoch:9, Episode:20, Steps Left:0/5000/100000, Reward:570.000000, fps:916.242100, Exploration:0.145001, Collision:0.031200/156 , Avg Loss:4.087018/1000, Avg Q Value:10.009210/4274 
2017-04-15 21:58:16,029 - root - INFO - Epoch:9, FPS:889.911846, Avg Reward: 545.500000/20
2017-04-15 21:58:21,929 - root - INFO - Epoch:10, Episode:1, Steps Left:95000/5000/100000, Reward:566.000000, fps:847.431622, Exploration:0.140501, Collision:0.032200/161 , Avg Loss:4.514645/1000, Avg Q Value:10.096368/4289 
2017-04-15 21:58:27,561 - root - INFO - Epoch:10, Episode:2, Steps Left:90000/5000/100000, Reward:575.000000, fps:887.879603, Exploration:0.136001, Collision:0.026800/134 , Avg Loss:4.430261/1000, Avg Q Value:9.997289/4317 
2017-04-15 21:58:33,470 - root - INFO - Epoch:10, Episode:3, Steps Left:85000/5000/100000, Reward:485.000000, fps:846.127342, Exploration:0.131501, Collision:0.028000/140 , Avg Loss:4.639846/1000, Avg Q Value:9.980170/4353 
2017-04-15 21:58:39,537 - root - INFO - Epoch:10, Episode:4, Steps Left:80000/5000/100000, Reward:465.000000, fps:824.120223, Exploration:0.127001, Collision:0.027200/136 , Avg Loss:4.250151/1000, Avg Q Value:9.974257/4382 
2017-04-15 21:58:45,139 - root - INFO - Epoch:10, Episode:5, Steps Left:75000/5000/100000, Reward:593.000000, fps:892.559576, Exploration:0.122501, Collision:0.023600/118 , Avg Loss:4.192725/1000, Avg Q Value:10.134886/4412 
2017-04-15 21:58:50,582 - root - INFO - Epoch:10, Episode:6, Steps Left:70000/5000/100000, Reward:600.000000, fps:918.799277, Exploration:0.118001, Collision:0.032600/163 , Avg Loss:4.218521/1000, Avg Q Value:10.145987/4411 
2017-04-15 21:58:55,901 - root - INFO - Epoch:10, Episode:7, Steps Left:65000/5000/100000, Reward:583.000000, fps:940.045197, Exploration:0.113501, Collision:0.028000/140 , Avg Loss:4.227831/1000, Avg Q Value:10.184828/4445 
2017-04-15 21:59:02,074 - root - INFO - Epoch:10, Episode:8, Steps Left:60000/5000/100000, Reward:563.000000, fps:809.906106, Exploration:0.109001, Collision:0.025400/127 , Avg Loss:4.718176/1000, Avg Q Value:10.094870/4411 
2017-04-15 21:59:08,017 - root - INFO - Epoch:10, Episode:9, Steps Left:55000/5000/100000, Reward:554.000000, fps:841.418240, Exploration:0.104501, Collision:0.025000/125 , Avg Loss:4.261391/1000, Avg Q Value:10.129679/4493 
2017-04-15 21:59:14,100 - root - INFO - Epoch:10, Episode:10, Steps Left:50000/5000/100000, Reward:547.000000, fps:822.026487, Exploration:0.100001, Collision:0.024400/122 , Avg Loss:4.554556/1000, Avg Q Value:10.175129/4473 
2017-04-15 21:59:20,432 - root - INFO - Epoch:10, Episode:11, Steps Left:45000/5000/100000, Reward:651.000000, fps:789.658892, Exploration:0.100000, Collision:0.027000/135 , Avg Loss:4.718892/1000, Avg Q Value:10.268740/4461 
2017-04-15 21:59:26,311 - root - INFO - Epoch:10, Episode:12, Steps Left:40000/5000/100000, Reward:604.000000, fps:850.436741, Exploration:0.100000, Collision:0.033000/165 , Avg Loss:4.608319/1000, Avg Q Value:10.207297/4490 
2017-04-15 21:59:32,212 - root - INFO - Epoch:10, Episode:13, Steps Left:35000/5000/100000, Reward:611.000000, fps:847.365160, Exploration:0.100000, Collision:0.033400/167 , Avg Loss:4.716295/1000, Avg Q Value:10.273747/4499 
2017-04-15 21:59:37,905 - root - INFO - Epoch:10, Episode:14, Steps Left:30000/5000/100000, Reward:614.000000, fps:878.250106, Exploration:0.100000, Collision:0.031400/157 , Avg Loss:4.888242/1000, Avg Q Value:10.289158/4488 
2017-04-15 21:59:43,843 - root - INFO - Epoch:10, Episode:15, Steps Left:25000/5000/100000, Reward:586.000000, fps:842.067967, Exploration:0.100000, Collision:0.023600/118 , Avg Loss:4.975851/1000, Avg Q Value:10.290273/4474 
2017-04-15 21:59:49,504 - root - INFO - Epoch:10, Episode:16, Steps Left:20000/5000/100000, Reward:634.000000, fps:883.264410, Exploration:0.100000, Collision:0.026400/132 , Avg Loss:4.950846/1000, Avg Q Value:10.321085/4475 
2017-04-15 21:59:55,163 - root - INFO - Epoch:10, Episode:17, Steps Left:15000/5000/100000, Reward:624.000000, fps:883.665132, Exploration:0.100000, Collision:0.025800/129 , Avg Loss:4.722897/1000, Avg Q Value:10.394842/4529 
2017-04-15 22:00:00,789 - root - INFO - Epoch:10, Episode:18, Steps Left:10000/5000/100000, Reward:605.000000, fps:888.665639, Exploration:0.100000, Collision:0.027000/135 , Avg Loss:5.235977/1000, Avg Q Value:10.387246/4508 
2017-04-15 22:00:06,529 - root - INFO - Epoch:10, Episode:19, Steps Left:5000/5000/100000, Reward:667.000000, fps:871.088930, Exploration:0.100000, Collision:0.028000/140 , Avg Loss:4.950536/1000, Avg Q Value:10.508460/4495 
2017-04-15 22:00:12,322 - root - INFO - Epoch:10, Episode:20, Steps Left:0/5000/100000, Reward:617.000000, fps:863.142838, Exploration:0.100000, Collision:0.024800/124 , Avg Loss:4.877312/1000, Avg Q Value:10.471206/4494 
2017-04-15 22:00:12,323 - root - INFO - Epoch:10, FPS:859.892695, Avg Reward: 587.200000/20
2017-04-15 22:00:17,896 - root - INFO - Epoch:11, Episode:1, Steps Left:95000/5000/100000, Reward:511.000000, fps:897.188956, Exploration:0.100000, Collision:0.025200/126 , Avg Loss:4.963908/1000, Avg Q Value:10.449139/4488 
2017-04-15 22:00:23,662 - root - INFO - Epoch:11, Episode:2, Steps Left:90000/5000/100000, Reward:546.000000, fps:867.221618, Exploration:0.100000, Collision:0.024200/121 , Avg Loss:5.249740/1000, Avg Q Value:10.512250/4485 
2017-04-15 22:00:29,519 - root - INFO - Epoch:11, Episode:3, Steps Left:85000/5000/100000, Reward:581.000000, fps:853.728482, Exploration:0.100000, Collision:0.030000/150 , Avg Loss:5.039267/1000, Avg Q Value:10.556252/4480 
2017-04-15 22:00:35,367 - root - INFO - Epoch:11, Episode:4, Steps Left:80000/5000/100000, Reward:591.000000, fps:855.006643, Exploration:0.100000, Collision:0.027800/139 , Avg Loss:5.156023/1000, Avg Q Value:10.575245/4483 
2017-04-15 22:00:40,916 - root - INFO - Epoch:11, Episode:5, Steps Left:75000/5000/100000, Reward:634.000000, fps:901.106923, Exploration:0.100000, Collision:0.034600/173 , Avg Loss:5.290472/1000, Avg Q Value:10.847569/4512 
2017-04-15 22:00:46,371 - root - INFO - Epoch:11, Episode:6, Steps Left:70000/5000/100000, Reward:614.000000, fps:916.607083, Exploration:0.100000, Collision:0.029600/148 , Avg Loss:5.395356/1000, Avg Q Value:10.762039/4477 
2017-04-15 22:00:51,808 - root - INFO - Epoch:11, Episode:7, Steps Left:65000/5000/100000, Reward:647.000000, fps:919.583535, Exploration:0.100000, Collision:0.020000/100 , Avg Loss:5.179191/1000, Avg Q Value:10.813454/4508 
2017-04-15 22:00:57,201 - root - INFO - Epoch:11, Episode:8, Steps Left:60000/5000/100000, Reward:647.000000, fps:927.222304, Exploration:0.100000, Collision:0.026600/133 , Avg Loss:5.162012/1000, Avg Q Value:10.841453/4518 
2017-04-15 22:01:02,721 - root - INFO - Epoch:11, Episode:9, Steps Left:55000/5000/100000, Reward:627.000000, fps:905.765768, Exploration:0.100000, Collision:0.026200/131 , Avg Loss:4.955535/1000, Avg Q Value:10.843180/4467 
2017-04-15 22:01:08,140 - root - INFO - Epoch:11, Episode:10, Steps Left:50000/5000/100000, Reward:707.000000, fps:922.804282, Exploration:0.100000, Collision:0.026600/133 , Avg Loss:5.411007/1000, Avg Q Value:10.913647/4502 
2017-04-15 22:01:13,561 - root - INFO - Epoch:11, Episode:11, Steps Left:45000/5000/100000, Reward:595.000000, fps:922.332399, Exploration:0.100000, Collision:0.034200/171 , Avg Loss:4.744909/1000, Avg Q Value:10.904574/4452 
2017-04-15 22:01:19,145 - root - INFO - Epoch:11, Episode:12, Steps Left:40000/5000/100000, Reward:651.000000, fps:895.478006, Exploration:0.100000, Collision:0.025600/128 , Avg Loss:4.869777/1000, Avg Q Value:10.912055/4513 
2017-04-15 22:01:24,538 - root - INFO - Epoch:11, Episode:13, Steps Left:35000/5000/100000, Reward:690.000000, fps:927.099210, Exploration:0.100000, Collision:0.029400/147 , Avg Loss:4.795913/1000, Avg Q Value:11.006004/4507 
2017-04-15 22:01:29,979 - root - INFO - Epoch:11, Episode:14, Steps Left:30000/5000/100000, Reward:641.000000, fps:919.229998, Exploration:0.100000, Collision:0.029400/147 , Avg Loss:4.728635/1000, Avg Q Value:10.984520/4483 
2017-04-15 22:01:35,369 - root - INFO - Epoch:11, Episode:15, Steps Left:25000/5000/100000, Reward:635.000000, fps:927.618860, Exploration:0.100000, Collision:0.029000/145 , Avg Loss:4.828241/1000, Avg Q Value:10.936376/4480 
2017-04-15 22:01:40,916 - root - INFO - Epoch:11, Episode:16, Steps Left:20000/5000/100000, Reward:683.000000, fps:901.420965, Exploration:0.100000, Collision:0.026800/134 , Avg Loss:5.219777/1000, Avg Q Value:10.944587/4498 
2017-04-15 22:01:46,582 - root - INFO - Epoch:11, Episode:17, Steps Left:15000/5000/100000, Reward:614.000000, fps:882.477794, Exploration:0.100000, Collision:0.027800/139 , Avg Loss:4.970386/1000, Avg Q Value:10.912107/4504 
2017-04-15 22:01:52,230 - root - INFO - Epoch:11, Episode:18, Steps Left:10000/5000/100000, Reward:637.000000, fps:885.320994, Exploration:0.100000, Collision:0.027600/138 , Avg Loss:4.967247/1000, Avg Q Value:10.955859/4488 
2017-04-15 22:01:57,992 - root - INFO - Epoch:11, Episode:19, Steps Left:5000/5000/100000, Reward:621.000000, fps:867.845378, Exploration:0.100000, Collision:0.031400/157 , Avg Loss:4.811825/1000, Avg Q Value:11.002581/4467 
2017-04-15 22:02:04,056 - root - INFO - Epoch:11, Episode:20, Steps Left:0/5000/100000, Reward:657.000000, fps:824.552538, Exploration:0.100000, Collision:0.032200/161 , Avg Loss:4.629847/1000, Avg Q Value:11.015218/4517 
2017-04-15 22:02:04,057 - root - INFO - Epoch:11, FPS:894.992933, Avg Reward: 626.450000/20
2017-04-15 22:02:09,513 - root - INFO - Epoch:12, Episode:1, Steps Left:95000/5000/100000, Reward:642.000000, fps:916.445139, Exploration:0.100000, Collision:0.025600/128 , Avg Loss:5.346614/1000, Avg Q Value:11.113694/4522 
2017-04-15 22:02:15,224 - root - INFO - Epoch:12, Episode:2, Steps Left:90000/5000/100000, Reward:620.000000, fps:875.554337, Exploration:0.100000, Collision:0.030200/151 , Avg Loss:4.927713/1000, Avg Q Value:11.070968/4526 
2017-04-15 22:02:20,793 - root - INFO - Epoch:12, Episode:3, Steps Left:85000/5000/100000, Reward:593.000000, fps:897.793241, Exploration:0.100000, Collision:0.025200/126 , Avg Loss:4.861278/1000, Avg Q Value:11.121883/4499 
2017-04-15 22:02:26,420 - root - INFO - Epoch:12, Episode:4, Steps Left:80000/5000/100000, Reward:593.000000, fps:888.644514, Exploration:0.100000, Collision:0.031200/156 , Avg Loss:4.931291/1000, Avg Q Value:11.204837/4501 
2017-04-15 22:02:31,809 - root - INFO - Epoch:12, Episode:5, Steps Left:75000/5000/100000, Reward:556.000000, fps:927.826399, Exploration:0.100000, Collision:0.021800/109 , Avg Loss:5.535305/1000, Avg Q Value:11.131973/4530 
2017-04-15 22:02:37,117 - root - INFO - Epoch:12, Episode:6, Steps Left:70000/5000/100000, Reward:518.000000, fps:942.013586, Exploration:0.100000, Collision:0.026400/132 , Avg Loss:4.798258/1000, Avg Q Value:11.157417/4556 
2017-04-15 22:02:42,425 - root - INFO - Epoch:12, Episode:7, Steps Left:65000/5000/100000, Reward:618.000000, fps:941.908363, Exploration:0.100000, Collision:0.025600/128 , Avg Loss:5.372423/1000, Avg Q Value:11.351710/4511 
2017-04-15 22:02:47,767 - root - INFO - Epoch:12, Episode:8, Steps Left:60000/5000/100000, Reward:593.000000, fps:936.120124, Exploration:0.100000, Collision:0.027200/136 , Avg Loss:5.206430/1000, Avg Q Value:11.367337/4484 
2017-04-15 22:02:53,402 - root - INFO - Epoch:12, Episode:9, Steps Left:55000/5000/100000, Reward:557.000000, fps:887.282128, Exploration:0.100000, Collision:0.017200/86 , Avg Loss:5.615766/1000, Avg Q Value:11.253526/4482 
2017-04-15 22:02:58,867 - root - INFO - Epoch:12, Episode:10, Steps Left:50000/5000/100000, Reward:379.000000, fps:914.900844, Exploration:0.100000, Collision:0.021000/105 , Avg Loss:5.335316/1000, Avg Q Value:11.108646/4480 
2017-04-15 22:03:04,295 - root - INFO - Epoch:12, Episode:11, Steps Left:45000/5000/100000, Reward:592.000000, fps:921.201513, Exploration:0.100000, Collision:0.025400/127 , Avg Loss:4.999197/1000, Avg Q Value:11.382625/4494 
2017-04-15 22:03:09,825 - root - INFO - Epoch:12, Episode:12, Steps Left:40000/5000/100000, Reward:600.000000, fps:904.188413, Exploration:0.100000, Collision:0.028000/140 , Avg Loss:4.836867/1000, Avg Q Value:11.430523/4495 
2017-04-15 22:03:15,583 - root - INFO - Epoch:12, Episode:13, Steps Left:35000/5000/100000, Reward:636.000000, fps:868.452089, Exploration:0.100000, Collision:0.033800/169 , Avg Loss:5.326170/1000, Avg Q Value:11.530996/4527 
2017-04-15 22:03:20,997 - root - INFO - Epoch:12, Episode:14, Steps Left:30000/5000/100000, Reward:688.000000, fps:923.560578, Exploration:0.100000, Collision:0.029200/146 , Avg Loss:5.163817/1000, Avg Q Value:11.579288/4514 
2017-04-15 22:03:26,446 - root - INFO - Epoch:12, Episode:15, Steps Left:25000/5000/100000, Reward:626.000000, fps:917.586090, Exploration:0.100000, Collision:0.037000/185 , Avg Loss:5.260340/1000, Avg Q Value:11.610402/4508 
2017-04-15 22:03:31,929 - root - INFO - Epoch:12, Episode:16, Steps Left:20000/5000/100000, Reward:626.000000, fps:912.001496, Exploration:0.100000, Collision:0.033200/166 , Avg Loss:5.147595/1000, Avg Q Value:11.575278/4500 
2017-04-15 22:03:37,256 - root - INFO - Epoch:12, Episode:17, Steps Left:15000/5000/100000, Reward:651.000000, fps:938.515239, Exploration:0.100000, Collision:0.027600/138 , Avg Loss:5.487442/1000, Avg Q Value:11.561757/4485 
2017-04-15 22:03:42,648 - root - INFO - Epoch:12, Episode:18, Steps Left:10000/5000/100000, Reward:621.000000, fps:927.352155, Exploration:0.100000, Collision:0.029800/149 , Avg Loss:5.238451/1000, Avg Q Value:11.549924/4482 
2017-04-15 22:03:48,160 - root - INFO - Epoch:12, Episode:19, Steps Left:5000/5000/100000, Reward:647.000000, fps:907.212827, Exploration:0.100000, Collision:0.025400/127 , Avg Loss:5.249182/1000, Avg Q Value:11.624103/4499 
2017-04-15 22:03:53,518 - root - INFO - Epoch:12, Episode:20, Steps Left:0/5000/100000, Reward:603.000000, fps:933.103757, Exploration:0.100000, Collision:0.030800/154 , Avg Loss:4.855484/1000, Avg Q Value:11.590146/4517 
2017-04-15 22:03:53,524 - root - INFO - Epoch:12, FPS:913.561639, Avg Reward: 597.950000/20
2017-04-15 22:03:58,946 - root - INFO - Epoch:13, Episode:1, Steps Left:95000/5000/100000, Reward:651.000000, fps:922.060292, Exploration:0.100000, Collision:0.025800/129 , Avg Loss:5.156427/1000, Avg Q Value:11.645661/4485 
2017-04-15 22:04:04,415 - root - INFO - Epoch:13, Episode:2, Steps Left:90000/5000/100000, Reward:693.000000, fps:914.309989, Exploration:0.100000, Collision:0.027200/136 , Avg Loss:5.239911/1000, Avg Q Value:11.693470/4478 
2017-04-15 22:04:09,784 - root - INFO - Epoch:13, Episode:3, Steps Left:85000/5000/100000, Reward:617.000000, fps:931.398398, Exploration:0.100000, Collision:0.027200/136 , Avg Loss:5.415040/1000, Avg Q Value:11.696015/4482 
2017-04-15 22:04:15,156 - root - INFO - Epoch:13, Episode:4, Steps Left:80000/5000/100000, Reward:617.000000, fps:930.793485, Exploration:0.100000, Collision:0.029000/145 , Avg Loss:5.400516/1000, Avg Q Value:11.740707/4500 
2017-04-15 22:04:20,571 - root - INFO - Epoch:13, Episode:5, Steps Left:75000/5000/100000, Reward:666.000000, fps:923.329331, Exploration:0.100000, Collision:0.026800/134 , Avg Loss:5.152053/1000, Avg Q Value:11.824834/4533 
2017-04-15 22:04:25,946 - root - INFO - Epoch:13, Episode:6, Steps Left:70000/5000/100000, Reward:635.000000, fps:930.314058, Exploration:0.100000, Collision:0.029200/146 , Avg Loss:5.127658/1000, Avg Q Value:11.838080/4490 
2017-04-15 22:04:31,521 - root - INFO - Epoch:13, Episode:7, Steps Left:65000/5000/100000, Reward:669.000000, fps:896.882075, Exploration:0.100000, Collision:0.025000/125 , Avg Loss:5.626858/1000, Avg Q Value:11.956784/4471 
2017-04-15 22:04:36,988 - root - INFO - Epoch:13, Episode:8, Steps Left:60000/5000/100000, Reward:644.000000, fps:914.518514, Exploration:0.100000, Collision:0.026800/134 , Avg Loss:5.081586/1000, Avg Q Value:11.933521/4478 
2017-04-15 22:04:42,468 - root - INFO - Epoch:13, Episode:9, Steps Left:55000/5000/100000, Reward:614.000000, fps:912.404429, Exploration:0.100000, Collision:0.027400/137 , Avg Loss:5.839532/1000, Avg Q Value:11.978684/4452 
2017-04-15 22:04:47,917 - root - INFO - Epoch:13, Episode:10, Steps Left:50000/5000/100000, Reward:592.000000, fps:917.725384, Exploration:0.100000, Collision:0.034800/174 , Avg Loss:5.686414/1000, Avg Q Value:11.960513/4462 
2017-04-15 22:04:53,228 - root - INFO - Epoch:13, Episode:11, Steps Left:45000/5000/100000, Reward:616.000000, fps:941.490156, Exploration:0.100000, Collision:0.024400/122 , Avg Loss:5.773324/1000, Avg Q Value:11.950601/4503 
2017-04-15 22:04:58,609 - root - INFO - Epoch:13, Episode:12, Steps Left:40000/5000/100000, Reward:568.000000, fps:929.248299, Exploration:0.100000, Collision:0.029200/146 , Avg Loss:5.091231/1000, Avg Q Value:11.930753/4488 
2017-04-15 22:05:04,098 - root - INFO - Epoch:13, Episode:13, Steps Left:35000/5000/100000, Reward:610.000000, fps:910.911059, Exploration:0.100000, Collision:0.025800/129 , Avg Loss:5.232358/1000, Avg Q Value:11.890462/4504 
2017-04-15 22:05:09,478 - root - INFO - Epoch:13, Episode:14, Steps Left:30000/5000/100000, Reward:691.000000, fps:929.321596, Exploration:0.100000, Collision:0.025400/127 , Avg Loss:5.451540/1000, Avg Q Value:12.020512/4517 
2017-04-15 22:05:14,837 - root - INFO - Epoch:13, Episode:15, Steps Left:25000/5000/100000, Reward:581.000000, fps:933.104089, Exploration:0.100000, Collision:0.027200/136 , Avg Loss:5.264637/1000, Avg Q Value:12.041772/4474 
2017-04-15 22:05:20,513 - root - INFO - Epoch:13, Episode:16, Steps Left:20000/5000/100000, Reward:590.000000, fps:880.831875, Exploration:0.100000, Collision:0.029800/149 , Avg Loss:5.054276/1000, Avg Q Value:12.043648/4503 
2017-04-15 22:05:25,858 - root - INFO - Epoch:13, Episode:17, Steps Left:15000/5000/100000, Reward:625.000000, fps:935.528470, Exploration:0.100000, Collision:0.024800/124 , Avg Loss:5.235960/1000, Avg Q Value:12.126043/4547 
2017-04-15 22:05:31,316 - root - INFO - Epoch:13, Episode:18, Steps Left:10000/5000/100000, Reward:600.000000, fps:916.140034, Exploration:0.100000, Collision:0.031400/157 , Avg Loss:5.132274/1000, Avg Q Value:12.109574/4519 
2017-04-15 22:05:36,761 - root - INFO - Epoch:13, Episode:19, Steps Left:5000/5000/100000, Reward:548.000000, fps:918.355930, Exploration:0.100000, Collision:0.026000/130 , Avg Loss:4.892347/1000, Avg Q Value:12.124064/4496 
2017-04-15 22:05:42,252 - root - INFO - Epoch:13, Episode:20, Steps Left:0/5000/100000, Reward:547.000000, fps:910.546130, Exploration:0.100000, Collision:0.022600/113 , Avg Loss:4.983109/1000, Avg Q Value:12.121382/4497 
2017-04-15 22:05:42,253 - root - INFO - Epoch:13, FPS:919.721206, Avg Reward: 618.700000/20
2017-04-15 22:05:47,693 - root - INFO - Epoch:14, Episode:1, Steps Left:95000/5000/100000, Reward:617.000000, fps:919.187734, Exploration:0.100000, Collision:0.026200/131 , Avg Loss:5.666092/1000, Avg Q Value:12.209622/4522 
2017-04-15 22:05:53,256 - root - INFO - Epoch:14, Episode:2, Steps Left:90000/5000/100000, Reward:561.000000, fps:898.761839, Exploration:0.100000, Collision:0.029200/146 , Avg Loss:5.255476/1000, Avg Q Value:12.187002/4541 
2017-04-15 22:05:58,724 - root - INFO - Epoch:14, Episode:3, Steps Left:85000/5000/100000, Reward:604.000000, fps:914.384059, Exploration:0.100000, Collision:0.026600/133 , Avg Loss:4.966738/1000, Avg Q Value:12.242136/4462 
2017-04-15 22:06:04,356 - root - INFO - Epoch:14, Episode:4, Steps Left:80000/5000/100000, Reward:623.000000, fps:887.887835, Exploration:0.100000, Collision:0.030200/151 , Avg Loss:5.397295/1000, Avg Q Value:12.256738/4556 
2017-04-15 22:06:09,974 - root - INFO - Epoch:14, Episode:5, Steps Left:75000/5000/100000, Reward:630.000000, fps:890.013092, Exploration:0.100000, Collision:0.033000/165 , Avg Loss:5.320938/1000, Avg Q Value:12.299992/4515 
2017-04-15 22:06:15,655 - root - INFO - Epoch:14, Episode:6, Steps Left:70000/5000/100000, Reward:620.000000, fps:880.139298, Exploration:0.100000, Collision:0.032400/162 , Avg Loss:5.539052/1000, Avg Q Value:12.325615/4518 
2017-04-15 22:06:21,167 - root - INFO - Epoch:14, Episode:7, Steps Left:65000/5000/100000, Reward:573.000000, fps:907.191557, Exploration:0.100000, Collision:0.026800/134 , Avg Loss:5.283035/1000, Avg Q Value:12.306167/4478 
2017-04-15 22:06:26,737 - root - INFO - Epoch:14, Episode:8, Steps Left:60000/5000/100000, Reward:623.000000, fps:897.678797, Exploration:0.100000, Collision:0.022600/113 , Avg Loss:5.569207/1000, Avg Q Value:12.295882/4525 
2017-04-15 22:06:32,499 - root - INFO - Epoch:14, Episode:9, Steps Left:55000/5000/100000, Reward:632.000000, fps:867.806665, Exploration:0.100000, Collision:0.029400/147 , Avg Loss:5.332992/1000, Avg Q Value:12.372068/4490 
2017-04-15 22:06:38,173 - root - INFO - Epoch:14, Episode:10, Steps Left:50000/5000/100000, Reward:698.000000, fps:881.202917, Exploration:0.100000, Collision:0.030600/153 , Avg Loss:5.068192/1000, Avg Q Value:12.433693/4513 
2017-04-15 22:06:43,991 - root - INFO - Epoch:14, Episode:11, Steps Left:45000/5000/100000, Reward:585.000000, fps:859.353705, Exploration:0.100000, Collision:0.026800/134 , Avg Loss:5.269563/1000, Avg Q Value:12.319246/4501 
2017-04-15 22:06:49,816 - root - INFO - Epoch:14, Episode:12, Steps Left:40000/5000/100000, Reward:639.000000, fps:858.472853, Exploration:0.100000, Collision:0.023000/115 , Avg Loss:5.479941/1000, Avg Q Value:12.341046/4503 
2017-04-15 22:06:55,329 - root - INFO - Epoch:14, Episode:13, Steps Left:35000/5000/100000, Reward:635.000000, fps:906.955098, Exploration:0.100000, Collision:0.028800/144 , Avg Loss:5.167481/1000, Avg Q Value:12.342366/4489 
2017-04-15 22:07:00,739 - root - INFO - Epoch:14, Episode:14, Steps Left:30000/5000/100000, Reward:605.000000, fps:924.253383, Exploration:0.100000, Collision:0.027200/136 , Avg Loss:5.427646/1000, Avg Q Value:12.288984/4452 
2017-04-15 22:07:06,253 - root - INFO - Epoch:14, Episode:15, Steps Left:25000/5000/100000, Reward:678.000000, fps:906.853639, Exploration:0.100000, Collision:0.029400/147 , Avg Loss:5.370238/1000, Avg Q Value:12.450238/4501 
2017-04-15 22:07:11,626 - root - INFO - Epoch:14, Episode:16, Steps Left:20000/5000/100000, Reward:633.000000, fps:930.589738, Exploration:0.100000, Collision:0.028000/140 , Avg Loss:5.476242/1000, Avg Q Value:12.371397/4498 
2017-04-15 22:07:17,037 - root - INFO - Epoch:14, Episode:17, Steps Left:15000/5000/100000, Reward:643.000000, fps:924.008110, Exploration:0.100000, Collision:0.029000/145 , Avg Loss:5.755393/1000, Avg Q Value:12.440515/4459 
2017-04-15 22:07:22,400 - root - INFO - Epoch:14, Episode:18, Steps Left:10000/5000/100000, Reward:585.000000, fps:932.385976, Exploration:0.100000, Collision:0.025800/129 , Avg Loss:5.403416/1000, Avg Q Value:12.349008/4475 
2017-04-15 22:07:27,940 - root - INFO - Epoch:14, Episode:19, Steps Left:5000/5000/100000, Reward:632.000000, fps:902.480320, Exploration:0.100000, Collision:0.035600/178 , Avg Loss:5.368769/1000, Avg Q Value:12.495685/4491 
2017-04-15 22:07:33,352 - root - INFO - Epoch:14, Episode:20, Steps Left:0/5000/100000, Reward:660.000000, fps:923.915215, Exploration:0.100000, Collision:0.030800/154 , Avg Loss:5.368742/1000, Avg Q Value:12.506322/4518 
2017-04-15 22:07:33,357 - root - INFO - Epoch:14, FPS:900.094205, Avg Reward: 623.800000/20
2017-04-15 22:07:38,692 - root - INFO - Epoch:15, Episode:1, Steps Left:95000/5000/100000, Reward:594.000000, fps:937.190447, Exploration:0.100000, Collision:0.030800/154 , Avg Loss:5.533811/1000, Avg Q Value:12.401614/4510 
2017-04-15 22:07:44,047 - root - INFO - Epoch:15, Episode:2, Steps Left:90000/5000/100000, Reward:663.000000, fps:933.759985, Exploration:0.100000, Collision:0.031000/155 , Avg Loss:5.281902/1000, Avg Q Value:12.507028/4477 
2017-04-15 22:07:49,608 - root - INFO - Epoch:15, Episode:3, Steps Left:85000/5000/100000, Reward:628.000000, fps:899.230920, Exploration:0.100000, Collision:0.027800/139 , Avg Loss:5.588318/1000, Avg Q Value:12.516813/4497 
2017-04-15 22:07:55,025 - root - INFO - Epoch:15, Episode:4, Steps Left:80000/5000/100000, Reward:596.000000, fps:922.988264, Exploration:0.100000, Collision:0.033400/167 , Avg Loss:5.463932/1000, Avg Q Value:12.524420/4479 
2017-04-15 22:08:00,475 - root - INFO - Epoch:15, Episode:5, Steps Left:75000/5000/100000, Reward:680.000000, fps:917.451413, Exploration:0.100000, Collision:0.027400/137 , Avg Loss:5.316789/1000, Avg Q Value:12.633015/4497 
2017-04-15 22:08:06,008 - root - INFO - Epoch:15, Episode:6, Steps Left:70000/5000/100000, Reward:681.000000, fps:903.742732, Exploration:0.100000, Collision:0.027800/139 , Avg Loss:5.323599/1000, Avg Q Value:12.672829/4509 
2017-04-15 22:08:11,388 - root - INFO - Epoch:15, Episode:7, Steps Left:65000/5000/100000, Reward:666.000000, fps:929.466866, Exploration:0.100000, Collision:0.032200/161 , Avg Loss:5.321132/1000, Avg Q Value:12.673822/4470 
2017-04-15 22:08:16,881 - root - INFO - Epoch:15, Episode:8, Steps Left:60000/5000/100000, Reward:661.000000, fps:910.260031, Exploration:0.100000, Collision:0.031200/156 , Avg Loss:5.674654/1000, Avg Q Value:12.611782/4529 
2017-04-15 22:08:22,664 - root - INFO - Epoch:15, Episode:9, Steps Left:55000/5000/100000, Reward:694.000000, fps:864.540488, Exploration:0.100000, Collision:0.024200/121 , Avg Loss:5.321185/1000, Avg Q Value:12.691809/4510 
2017-04-15 22:08:28,455 - root - INFO - Epoch:15, Episode:10, Steps Left:50000/5000/100000, Reward:636.000000, fps:863.469259, Exploration:0.100000, Collision:0.026200/131 , Avg Loss:5.377803/1000, Avg Q Value:12.654484/4517 
2017-04-15 22:08:34,373 - root - INFO - Epoch:15, Episode:11, Steps Left:45000/5000/100000, Reward:601.000000, fps:844.911856, Exploration:0.100000, Collision:0.029200/146 , Avg Loss:5.318881/1000, Avg Q Value:12.647137/4500 
2017-04-15 22:08:40,148 - root - INFO - Epoch:15, Episode:12, Steps Left:40000/5000/100000, Reward:595.000000, fps:865.845570, Exploration:0.100000, Collision:0.026200/131 , Avg Loss:5.639050/1000, Avg Q Value:12.587232/4485 
2017-04-15 22:08:45,748 - root - INFO - Epoch:15, Episode:13, Steps Left:35000/5000/100000, Reward:674.000000, fps:892.924599, Exploration:0.100000, Collision:0.026000/130 , Avg Loss:5.152444/1000, Avg Q Value:12.715301/4531 
2017-04-15 22:08:51,307 - root - INFO - Epoch:15, Episode:14, Steps Left:30000/5000/100000, Reward:648.000000, fps:899.389922, Exploration:0.100000, Collision:0.022000/110 , Avg Loss:5.668024/1000, Avg Q Value:12.668694/4503 
2017-04-15 22:08:56,985 - root - INFO - Epoch:15, Episode:15, Steps Left:25000/5000/100000, Reward:632.000000, fps:880.556562, Exploration:0.100000, Collision:0.025200/126 , Avg Loss:5.234770/1000, Avg Q Value:12.792684/4531 
2017-04-15 22:09:02,721 - root - INFO - Epoch:15, Episode:16, Steps Left:20000/5000/100000, Reward:702.000000, fps:871.831660, Exploration:0.100000, Collision:0.027800/139 , Avg Loss:5.449703/1000, Avg Q Value:12.885361/4516 
2017-04-15 22:09:08,125 - root - INFO - Epoch:15, Episode:17, Steps Left:15000/5000/100000, Reward:586.000000, fps:925.281663, Exploration:0.100000, Collision:0.024600/123 , Avg Loss:5.595104/1000, Avg Q Value:12.788797/4490 
2017-04-15 22:09:13,487 - root - INFO - Epoch:15, Episode:18, Steps Left:10000/5000/100000, Reward:628.000000, fps:932.377975, Exploration:0.100000, Collision:0.029200/146 , Avg Loss:5.758417/1000, Avg Q Value:12.858754/4494 
2017-04-15 22:09:18,842 - root - INFO - Epoch:15, Episode:19, Steps Left:5000/5000/100000, Reward:575.000000, fps:933.866722, Exploration:0.100000, Collision:0.028400/142 , Avg Loss:5.284852/1000, Avg Q Value:12.838821/4491 
2017-04-15 22:09:24,147 - root - INFO - Epoch:15, Episode:20, Steps Left:0/5000/100000, Reward:572.000000, fps:942.449834, Exploration:0.100000, Collision:0.020600/103 , Avg Loss:5.467362/1000, Avg Q Value:12.810522/4484 
2017-04-15 22:09:24,148 - root - INFO - Epoch:15, FPS:902.608555, Avg Reward: 635.600000/20
2017-04-15 22:09:29,474 - root - INFO - Epoch:16, Episode:1, Steps Left:95000/5000/100000, Reward:623.000000, fps:938.730918, Exploration:0.100000, Collision:0.032800/164 , Avg Loss:5.463830/1000, Avg Q Value:12.981415/4472 
2017-04-15 22:09:34,942 - root - INFO - Epoch:16, Episode:2, Steps Left:90000/5000/100000, Reward:601.000000, fps:914.511655, Exploration:0.100000, Collision:0.033800/169 , Avg Loss:5.757042/1000, Avg Q Value:12.992635/4505 
2017-04-15 22:09:40,384 - root - INFO - Epoch:16, Episode:3, Steps Left:85000/5000/100000, Reward:692.000000, fps:918.881162, Exploration:0.100000, Collision:0.024000/120 , Avg Loss:5.634530/1000, Avg Q Value:13.069136/4494 
2017-04-15 22:09:45,804 - root - INFO - Epoch:16, Episode:4, Steps Left:80000/5000/100000, Reward:638.000000, fps:922.417673, Exploration:0.100000, Collision:0.027200/136 , Avg Loss:5.716960/1000, Avg Q Value:13.025717/4529 
2017-04-15 22:09:51,142 - root - INFO - Epoch:16, Episode:5, Steps Left:75000/5000/100000, Reward:604.000000, fps:936.739345, Exploration:0.100000, Collision:0.031600/158 , Avg Loss:5.191621/1000, Avg Q Value:13.042705/4468 
2017-04-15 22:09:56,570 - root - INFO - Epoch:16, Episode:6, Steps Left:70000/5000/100000, Reward:721.000000, fps:921.262498, Exploration:0.100000, Collision:0.026600/133 , Avg Loss:5.303214/1000, Avg Q Value:13.079443/4481 
2017-04-15 22:10:01,954 - root - INFO - Epoch:16, Episode:7, Steps Left:65000/5000/100000, Reward:620.000000, fps:928.556333, Exploration:0.100000, Collision:0.030600/153 , Avg Loss:5.481567/1000, Avg Q Value:13.094314/4487 
2017-04-15 22:10:07,303 - root - INFO - Epoch:16, Episode:8, Steps Left:60000/5000/100000, Reward:635.000000, fps:934.829832, Exploration:0.100000, Collision:0.030800/154 , Avg Loss:5.146158/1000, Avg Q Value:13.131889/4503 
2017-04-15 22:10:12,532 - root - INFO - Epoch:16, Episode:9, Steps Left:55000/5000/100000, Reward:492.000000, fps:956.199219, Exploration:0.100000, Collision:0.027800/139 , Avg Loss:5.691712/1000, Avg Q Value:12.996079/4469 
2017-04-15 22:10:17,944 - root - INFO - Epoch:16, Episode:10, Steps Left:50000/5000/100000, Reward:541.000000, fps:924.012711, Exploration:0.100000, Collision:0.023400/117 , Avg Loss:5.732934/1000, Avg Q Value:13.023172/4509 
2017-04-15 22:10:23,530 - root - INFO - Epoch:16, Episode:11, Steps Left:45000/5000/100000, Reward:628.000000, fps:895.140694, Exploration:0.100000, Collision:0.034400/172 , Avg Loss:5.815127/1000, Avg Q Value:13.149240/4460 
2017-04-15 22:10:29,239 - root - INFO - Epoch:16, Episode:12, Steps Left:40000/5000/100000, Reward:661.000000, fps:875.787870, Exploration:0.100000, Collision:0.029600/148 , Avg Loss:5.744921/1000, Avg Q Value:13.152271/4503 
2017-04-15 22:10:34,938 - root - INFO - Epoch:16, Episode:13, Steps Left:35000/5000/100000, Reward:595.000000, fps:877.424373, Exploration:0.100000, Collision:0.032000/160 , Avg Loss:5.420270/1000, Avg Q Value:13.149049/4505 
2017-04-15 22:10:41,397 - root - INFO - Epoch:16, Episode:14, Steps Left:30000/5000/100000, Reward:697.000000, fps:774.091825, Exploration:0.100000, Collision:0.027600/138 , Avg Loss:5.319386/1000, Avg Q Value:13.217852/4526 
2017-04-15 22:10:47,418 - root - INFO - Epoch:16, Episode:15, Steps Left:25000/5000/100000, Reward:586.000000, fps:830.417480, Exploration:0.100000, Collision:0.029000/145 , Avg Loss:5.479871/1000, Avg Q Value:13.043736/4467 
2017-04-15 22:10:53,381 - root - INFO - Epoch:16, Episode:16, Steps Left:20000/5000/100000, Reward:598.000000, fps:838.597916, Exploration:0.100000, Collision:0.031600/158 , Avg Loss:5.171402/1000, Avg Q Value:13.074149/4527 
2017-04-15 22:10:59,434 - root - INFO - Epoch:16, Episode:17, Steps Left:15000/5000/100000, Reward:649.000000, fps:826.011139, Exploration:0.100000, Collision:0.029600/148 , Avg Loss:5.429160/1000, Avg Q Value:13.239018/4491 
2017-04-15 22:11:05,473 - root - INFO - Epoch:16, Episode:18, Steps Left:10000/5000/100000, Reward:667.000000, fps:827.953179, Exploration:0.100000, Collision:0.029000/145 , Avg Loss:5.943824/1000, Avg Q Value:13.231962/4525 
2017-04-15 22:11:11,593 - root - INFO - Epoch:16, Episode:19, Steps Left:5000/5000/100000, Reward:678.000000, fps:817.074903, Exploration:0.100000, Collision:0.026200/131 , Avg Loss:5.512247/1000, Avg Q Value:13.353496/4538 
2017-04-15 22:11:17,722 - root - INFO - Epoch:16, Episode:20, Steps Left:0/5000/100000, Reward:638.000000, fps:815.786697, Exploration:0.100000, Collision:0.034000/170 , Avg Loss:5.365184/1000, Avg Q Value:13.243699/4525 
2017-04-15 22:11:17,723 - root - INFO - Epoch:16, FPS:880.481441, Avg Reward: 628.200000/20
2017-04-15 22:11:23,588 - root - INFO - Epoch:17, Episode:1, Steps Left:95000/5000/100000, Reward:675.000000, fps:852.438647, Exploration:0.100000, Collision:0.032800/164 , Avg Loss:5.569335/1000, Avg Q Value:13.428286/4526 
2017-04-15 22:11:29,462 - root - INFO - Epoch:17, Episode:2, Steps Left:90000/5000/100000, Reward:696.000000, fps:851.289145, Exploration:0.100000, Collision:0.029400/147 , Avg Loss:5.719356/1000, Avg Q Value:13.405072/4517 
2017-04-15 22:11:35,480 - root - INFO - Epoch:17, Episode:3, Steps Left:85000/5000/100000, Reward:631.000000, fps:830.937051, Exploration:0.100000, Collision:0.030000/150 , Avg Loss:5.572137/1000, Avg Q Value:13.384967/4477 
2017-04-15 22:11:41,499 - root - INFO - Epoch:17, Episode:4, Steps Left:80000/5000/100000, Reward:615.000000, fps:830.704281, Exploration:0.100000, Collision:0.034400/172 , Avg Loss:5.444201/1000, Avg Q Value:13.414164/4512 
2017-04-15 22:11:47,511 - root - INFO - Epoch:17, Episode:5, Steps Left:75000/5000/100000, Reward:667.000000, fps:831.706659, Exploration:0.100000, Collision:0.033400/167 , Avg Loss:5.716932/1000, Avg Q Value:13.490969/4489 
2017-04-15 22:11:53,281 - root - INFO - Epoch:17, Episode:6, Steps Left:70000/5000/100000, Reward:667.000000, fps:866.591091, Exploration:0.100000, Collision:0.032400/162 , Avg Loss:5.754138/1000, Avg Q Value:13.488087/4481 
2017-04-15 22:11:59,170 - root - INFO - Epoch:17, Episode:7, Steps Left:65000/5000/100000, Reward:660.000000, fps:848.991716, Exploration:0.100000, Collision:0.036200/181 , Avg Loss:5.797838/1000, Avg Q Value:13.527197/4503 
2017-04-15 22:12:05,184 - root - INFO - Epoch:17, Episode:8, Steps Left:60000/5000/100000, Reward:658.000000, fps:831.461162, Exploration:0.100000, Collision:0.034800/174 , Avg Loss:5.525141/1000, Avg Q Value:13.551882/4505 
2017-04-15 22:12:11,141 - root - INFO - Epoch:17, Episode:9, Steps Left:55000/5000/100000, Reward:636.000000, fps:839.366266, Exploration:0.100000, Collision:0.034000/170 , Avg Loss:5.734763/1000, Avg Q Value:13.611166/4522 
2017-04-15 22:12:17,424 - root - INFO - Epoch:17, Episode:10, Steps Left:50000/5000/100000, Reward:718.000000, fps:795.808182, Exploration:0.100000, Collision:0.031400/157 , Avg Loss:5.940018/1000, Avg Q Value:13.731900/4550 
2017-04-15 22:12:23,275 - root - INFO - Epoch:17, Episode:11, Steps Left:45000/5000/100000, Reward:634.000000, fps:854.556647, Exploration:0.100000, Collision:0.040200/201 , Avg Loss:5.924705/1000, Avg Q Value:13.677761/4469 
2017-04-15 22:12:29,106 - root - INFO - Epoch:17, Episode:12, Steps Left:40000/5000/100000, Reward:639.000000, fps:857.449061, Exploration:0.100000, Collision:0.030800/154 , Avg Loss:5.789577/1000, Avg Q Value:13.693133/4510 
2017-04-15 22:12:35,076 - root - INFO - Epoch:17, Episode:13, Steps Left:35000/5000/100000, Reward:687.000000, fps:837.574821, Exploration:0.100000, Collision:0.033200/166 , Avg Loss:5.521808/1000, Avg Q Value:13.716127/4472 
2017-04-15 22:12:41,090 - root - INFO - Epoch:17, Episode:14, Steps Left:30000/5000/100000, Reward:640.000000, fps:831.439998, Exploration:0.100000, Collision:0.040000/200 , Avg Loss:5.797645/1000, Avg Q Value:13.746664/4486 
2017-04-15 22:12:47,025 - root - INFO - Epoch:17, Episode:15, Steps Left:25000/5000/100000, Reward:682.000000, fps:842.466117, Exploration:0.100000, Collision:0.028600/143 , Avg Loss:5.534578/1000, Avg Q Value:13.817857/4507 
2017-04-15 22:12:53,237 - root - INFO - Epoch:17, Episode:16, Steps Left:20000/5000/100000, Reward:676.000000, fps:804.967885, Exploration:0.100000, Collision:0.033400/167 , Avg Loss:5.830171/1000, Avg Q Value:13.824096/4516 
2017-04-15 22:12:59,337 - root - INFO - Epoch:17, Episode:17, Steps Left:15000/5000/100000, Reward:646.000000, fps:819.723598, Exploration:0.100000, Collision:0.032400/162 , Avg Loss:5.800879/1000, Avg Q Value:13.786540/4464 
2017-04-15 22:13:05,334 - root - INFO - Epoch:17, Episode:18, Steps Left:10000/5000/100000, Reward:594.000000, fps:833.759791, Exploration:0.100000, Collision:0.027400/137 , Avg Loss:5.703720/1000, Avg Q Value:13.707405/4481 
2017-04-15 22:13:11,460 - root - INFO - Epoch:17, Episode:19, Steps Left:5000/5000/100000, Reward:617.000000, fps:816.112544, Exploration:0.100000, Collision:0.028800/144 , Avg Loss:5.136993/1000, Avg Q Value:13.739851/4504 
2017-04-15 22:13:17,670 - root - INFO - Epoch:17, Episode:20, Steps Left:0/5000/100000, Reward:650.000000, fps:805.198108, Exploration:0.100000, Collision:0.030600/153 , Avg Loss:5.918262/1000, Avg Q Value:13.760244/4514 
2017-04-15 22:13:17,671 - root - INFO - Epoch:17, FPS:833.697249, Avg Reward: 654.400000/20
2017-04-15 22:13:23,779 - root - INFO - Epoch:18, Episode:1, Steps Left:95000/5000/100000, Reward:669.000000, fps:818.597340, Exploration:0.100000, Collision:0.029800/149 , Avg Loss:5.257477/1000, Avg Q Value:13.729504/4540 
2017-04-15 22:13:30,122 - root - INFO - Epoch:18, Episode:2, Steps Left:90000/5000/100000, Reward:727.000000, fps:788.314011, Exploration:0.100000, Collision:0.027200/136 , Avg Loss:5.609371/1000, Avg Q Value:13.769380/4533 
2017-04-15 22:13:36,549 - root - INFO - Epoch:18, Episode:3, Steps Left:85000/5000/100000, Reward:598.000000, fps:777.986095, Exploration:0.100000, Collision:0.025600/128 , Avg Loss:5.719876/1000, Avg Q Value:13.720049/4520 
2017-04-15 22:13:42,753 - root - INFO - Epoch:18, Episode:4, Steps Left:80000/5000/100000, Reward:569.000000, fps:805.934259, Exploration:0.100000, Collision:0.024600/123 , Avg Loss:5.645764/1000, Avg Q Value:13.702041/4513 
2017-04-15 22:13:49,042 - root - INFO - Epoch:18, Episode:5, Steps Left:75000/5000/100000, Reward:614.000000, fps:795.121666, Exploration:0.100000, Collision:0.031600/158 , Avg Loss:5.870980/1000, Avg Q Value:13.786693/4527 
2017-04-15 22:13:55,358 - root - INFO - Epoch:18, Episode:6, Steps Left:70000/5000/100000, Reward:614.000000, fps:791.623248, Exploration:0.100000, Collision:0.028000/140 , Avg Loss:5.570345/1000, Avg Q Value:13.713263/4519 
2017-04-15 22:14:01,329 - root - INFO - Epoch:18, Episode:7, Steps Left:65000/5000/100000, Reward:645.000000, fps:837.441972, Exploration:0.100000, Collision:0.032200/161 , Avg Loss:6.261989/1000, Avg Q Value:13.831837/4520 
2017-04-15 22:14:07,436 - root - INFO - Epoch:18, Episode:8, Steps Left:60000/5000/100000, Reward:659.000000, fps:818.755250, Exploration:0.100000, Collision:0.030400/152 , Avg Loss:6.037288/1000, Avg Q Value:13.824662/4496 
2017-04-15 22:14:13,490 - root - INFO - Epoch:18, Episode:9, Steps Left:55000/5000/100000, Reward:654.000000, fps:825.913483, Exploration:0.100000, Collision:0.032200/161 , Avg Loss:5.796600/1000, Avg Q Value:13.852779/4493 
2017-04-15 22:14:19,927 - root - INFO - Epoch:18, Episode:10, Steps Left:50000/5000/100000, Reward:667.000000, fps:776.799061, Exploration:0.100000, Collision:0.028400/142 , Avg Loss:5.710718/1000, Avg Q Value:13.820939/4481 
2017-04-15 22:14:25,849 - root - INFO - Epoch:18, Episode:11, Steps Left:45000/5000/100000, Reward:607.000000, fps:844.367835, Exploration:0.100000, Collision:0.025800/129 , Avg Loss:5.780493/1000, Avg Q Value:13.837215/4502 
2017-04-15 22:14:31,725 - root - INFO - Epoch:18, Episode:12, Steps Left:40000/5000/100000, Reward:634.000000, fps:850.938269, Exploration:0.100000, Collision:0.031800/159 , Avg Loss:5.576147/1000, Avg Q Value:13.883206/4500 
2017-04-15 22:14:37,662 - root - INFO - Epoch:18, Episode:13, Steps Left:35000/5000/100000, Reward:610.000000, fps:842.206550, Exploration:0.100000, Collision:0.025000/125 , Avg Loss:5.854311/1000, Avg Q Value:13.728822/4509 
2017-04-15 22:14:43,761 - root - INFO - Epoch:18, Episode:14, Steps Left:30000/5000/100000, Reward:612.000000, fps:819.825758, Exploration:0.100000, Collision:0.030000/150 , Avg Loss:5.653083/1000, Avg Q Value:13.835224/4490 
2017-04-15 22:14:49,688 - root - INFO - Epoch:18, Episode:15, Steps Left:25000/5000/100000, Reward:660.000000, fps:843.583314, Exploration:0.100000, Collision:0.031000/155 , Avg Loss:6.203268/1000, Avg Q Value:13.850391/4491 
2017-04-15 22:14:55,837 - root - INFO - Epoch:18, Episode:16, Steps Left:20000/5000/100000, Reward:643.000000, fps:813.129480, Exploration:0.100000, Collision:0.031600/158 , Avg Loss:5.930886/1000, Avg Q Value:13.834521/4501 
2017-04-15 22:15:01,657 - root - INFO - Epoch:18, Episode:17, Steps Left:15000/5000/100000, Reward:597.000000, fps:859.169998, Exploration:0.100000, Collision:0.030400/152 , Avg Loss:5.720961/1000, Avg Q Value:13.691260/4457 
2017-04-15 22:15:07,520 - root - INFO - Epoch:18, Episode:18, Steps Left:10000/5000/100000, Reward:646.000000, fps:852.883987, Exploration:0.100000, Collision:0.027600/138 , Avg Loss:5.766782/1000, Avg Q Value:13.789853/4510 
2017-04-15 22:15:13,370 - root - INFO - Epoch:18, Episode:19, Steps Left:5000/5000/100000, Reward:678.000000, fps:854.651617, Exploration:0.100000, Collision:0.030000/150 , Avg Loss:5.961212/1000, Avg Q Value:13.859354/4511 
2017-04-15 22:15:19,579 - root - INFO - Epoch:18, Episode:20, Steps Left:0/5000/100000, Reward:640.000000, fps:805.275775, Exploration:0.100000, Collision:0.026800/134 , Avg Loss:5.729008/1000, Avg Q Value:13.810859/4496 
2017-04-15 22:15:19,580 - root - INFO - Epoch:18, FPS:820.288396, Avg Reward: 637.150000/20
2017-04-15 22:15:25,538 - root - INFO - Epoch:19, Episode:1, Steps Left:95000/5000/100000, Reward:527.000000, fps:839.208199, Exploration:0.100000, Collision:0.020800/104 , Avg Loss:5.785978/1000, Avg Q Value:13.691809/4474 
2017-04-15 22:15:31,838 - root - INFO - Epoch:19, Episode:2, Steps Left:90000/5000/100000, Reward:538.000000, fps:793.674738, Exploration:0.100000, Collision:0.027200/136 , Avg Loss:6.150486/1000, Avg Q Value:13.734031/4509 
2017-04-15 22:15:38,058 - root - INFO - Epoch:19, Episode:3, Steps Left:85000/5000/100000, Reward:661.000000, fps:803.964373, Exploration:0.100000, Collision:0.037400/187 , Avg Loss:6.239050/1000, Avg Q Value:13.958048/4487 
2017-04-15 22:15:44,546 - root - INFO - Epoch:19, Episode:4, Steps Left:80000/5000/100000, Reward:641.000000, fps:770.645198, Exploration:0.100000, Collision:0.033000/165 , Avg Loss:6.393034/1000, Avg Q Value:13.939554/4488 
2017-04-15 22:15:50,671 - root - INFO - Epoch:19, Episode:5, Steps Left:75000/5000/100000, Reward:639.000000, fps:816.405978, Exploration:0.100000, Collision:0.027200/136 , Avg Loss:5.759970/1000, Avg Q Value:13.885783/4521 
2017-04-15 22:15:56,621 - root - INFO - Epoch:19, Episode:6, Steps Left:70000/5000/100000, Reward:639.000000, fps:840.323130, Exploration:0.100000, Collision:0.031200/156 , Avg Loss:5.563380/1000, Avg Q Value:13.883751/4458 
2017-04-15 22:16:02,926 - root - INFO - Epoch:19, Episode:7, Steps Left:65000/5000/100000, Reward:667.000000, fps:793.026591, Exploration:0.100000, Collision:0.026400/132 , Avg Loss:5.560064/1000, Avg Q Value:13.914503/4505 
2017-04-15 22:16:08,983 - root - INFO - Epoch:19, Episode:8, Steps Left:60000/5000/100000, Reward:632.000000, fps:825.513501, Exploration:0.100000, Collision:0.026200/131 , Avg Loss:5.666020/1000, Avg Q Value:13.895570/4499 
2017-04-15 22:16:14,875 - root - INFO - Epoch:19, Episode:9, Steps Left:55000/5000/100000, Reward:634.000000, fps:848.686931, Exploration:0.100000, Collision:0.029200/146 , Avg Loss:5.893436/1000, Avg Q Value:13.889352/4505 
2017-04-15 22:16:20,755 - root - INFO - Epoch:19, Episode:10, Steps Left:50000/5000/100000, Reward:625.000000, fps:850.338120, Exploration:0.100000, Collision:0.030600/153 , Avg Loss:5.516319/1000, Avg Q Value:13.904085/4473 
2017-04-15 22:16:26,649 - root - INFO - Epoch:19, Episode:11, Steps Left:45000/5000/100000, Reward:597.000000, fps:848.355012, Exploration:0.100000, Collision:0.025200/126 , Avg Loss:5.975207/1000, Avg Q Value:13.877784/4502 
2017-04-15 22:16:32,570 - root - INFO - Epoch:19, Episode:12, Steps Left:40000/5000/100000, Reward:612.000000, fps:844.417166, Exploration:0.100000, Collision:0.020400/102 , Avg Loss:5.335885/1000, Avg Q Value:13.850511/4477 
2017-04-15 22:16:38,542 - root - INFO - Epoch:19, Episode:13, Steps Left:35000/5000/100000, Reward:639.000000, fps:837.331431, Exploration:0.100000, Collision:0.033800/169 , Avg Loss:5.991650/1000, Avg Q Value:13.888690/4450 
2017-04-15 22:16:44,600 - root - INFO - Epoch:19, Episode:14, Steps Left:30000/5000/100000, Reward:664.000000, fps:825.364148, Exploration:0.100000, Collision:0.027200/136 , Avg Loss:5.628648/1000, Avg Q Value:13.915328/4502 
2017-04-15 22:16:51,150 - root - INFO - Epoch:19, Episode:15, Steps Left:25000/5000/100000, Reward:590.000000, fps:763.370316, Exploration:0.100000, Collision:0.033000/165 , Avg Loss:5.803600/1000, Avg Q Value:13.879022/4495 
2017-04-15 22:16:57,428 - root - INFO - Epoch:19, Episode:16, Steps Left:20000/5000/100000, Reward:609.000000, fps:796.514459, Exploration:0.100000, Collision:0.030200/151 , Avg Loss:6.121879/1000, Avg Q Value:13.896866/4499 
2017-04-15 22:17:03,527 - root - INFO - Epoch:19, Episode:17, Steps Left:15000/5000/100000, Reward:651.000000, fps:819.827616, Exploration:0.100000, Collision:0.026400/132 , Avg Loss:5.619550/1000, Avg Q Value:13.958829/4498 
2017-04-15 22:17:09,687 - root - INFO - Epoch:19, Episode:18, Steps Left:10000/5000/100000, Reward:617.000000, fps:811.734704, Exploration:0.100000, Collision:0.027600/138 , Avg Loss:5.454724/1000, Avg Q Value:13.931935/4494 
2017-04-15 22:17:15,859 - root - INFO - Epoch:19, Episode:19, Steps Left:5000/5000/100000, Reward:697.000000, fps:810.117131, Exploration:0.100000, Collision:0.021800/109 , Avg Loss:5.434451/1000, Avg Q Value:14.045826/4518 
2017-04-15 22:17:21,778 - root - INFO - Epoch:19, Episode:20, Steps Left:0/5000/100000, Reward:679.000000, fps:844.775104, Exploration:0.100000, Collision:0.023600/118 , Avg Loss:5.413004/1000, Avg Q Value:14.017674/4492 
2017-04-15 22:17:21,778 - root - INFO - Epoch:19, FPS:818.348163, Avg Reward: 627.900000/20
