2017-04-15 20:26:10,189 - root - INFO - Nework Params: 
2017-04-15 20:26:10,189 - root - INFO -    fc2_weight: <NDArray 64x528 @gpu(0)>
2017-04-15 20:26:10,189 - root - INFO -    qvalue_weight: <NDArray 4x64 @gpu(0)>
2017-04-15 20:26:10,189 - root - INFO -    fc1_weight: <NDArray 528x218 @gpu(0)>
2017-04-15 20:26:10,189 - root - INFO -    fc2_bias: <NDArray 64 @gpu(0)>
2017-04-15 20:26:10,189 - root - INFO -    fc1_bias: <NDArray 528 @gpu(0)>
2017-04-15 20:26:10,189 - root - INFO -    qvalue_bias: <NDArray 4 @gpu(0)>
2017-04-15 20:26:10,189 - root - INFO - Optimizer Params: <class 'mxnet.optimizer.Adam'>
2017-04-15 20:26:10,189 - root - INFO -    epsilon: 1e-08
2017-04-15 20:26:10,189 - root - INFO -    beta2: 0.999
2017-04-15 20:26:10,189 - root - INFO -    beta1: 0.9
2017-04-15 20:26:10,189 - root - INFO -    rescale_grad: 0.03125
2017-04-15 20:26:10,189 - root - INFO -    wd: 0.0
2017-04-15 20:26:10,189 - root - INFO -    lr: 0.0001
2017-04-15 20:26:12,040 - root - INFO - Epoch:0, Episode:1, Steps Left:95000/5000/100000, Reward:142.000000, fps:2702.070110, Exploration:1.000000, Collision:0.023400/117 
2017-04-15 20:26:13,885 - root - INFO - Epoch:0, Episode:2, Steps Left:90000/5000/100000, Reward:165.000000, fps:2710.078539, Exploration:1.000000, Collision:0.023000/115 
2017-04-15 20:26:15,770 - root - INFO - Epoch:0, Episode:3, Steps Left:85000/5000/100000, Reward:136.000000, fps:2652.474952, Exploration:1.000000, Collision:0.025200/126 
2017-04-15 20:26:17,667 - root - INFO - Epoch:0, Episode:4, Steps Left:80000/5000/100000, Reward:159.000000, fps:2635.771016, Exploration:1.000000, Collision:0.024400/122 
2017-04-15 20:26:19,550 - root - INFO - Epoch:0, Episode:5, Steps Left:75000/5000/100000, Reward:133.000000, fps:2656.344365, Exploration:1.000000, Collision:0.023600/118 
2017-04-15 20:26:21,461 - root - INFO - Epoch:0, Episode:6, Steps Left:70000/5000/100000, Reward:117.000000, fps:2616.019281, Exploration:1.000000, Collision:0.024400/122 
2017-04-15 20:26:23,386 - root - INFO - Epoch:0, Episode:7, Steps Left:65000/5000/100000, Reward:107.000000, fps:2597.464751, Exploration:1.000000, Collision:0.028600/143 
2017-04-15 20:26:25,404 - root - INFO - Epoch:0, Episode:8, Steps Left:60000/5000/100000, Reward:124.000000, fps:2478.741047, Exploration:1.000000, Collision:0.027000/135 
2017-04-15 20:26:27,325 - root - INFO - Epoch:0, Episode:9, Steps Left:55000/5000/100000, Reward:138.000000, fps:2602.520974, Exploration:1.000000, Collision:0.028800/144 
2017-04-15 20:26:29,259 - root - INFO - Epoch:0, Episode:10, Steps Left:50000/5000/100000, Reward:152.000000, fps:2586.216698, Exploration:1.000000, Collision:0.025800/129 
2017-04-15 20:26:33,613 - root - INFO - Epoch:0, Episode:11, Steps Left:45000/5000/100000, Reward:146.000000, fps:1148.356086, Exploration:0.991002, Collision:0.024600/123 , Avg Loss:2.122312/1000, Avg Q Value:0.012519/15 
2017-04-15 20:26:37,987 - root - INFO - Epoch:0, Episode:12, Steps Left:40000/5000/100000, Reward:169.000000, fps:1143.156854, Exploration:0.982002, Collision:0.019000/95 , Avg Loss:1.614534/1000, Avg Q Value:0.022400/65 
2017-04-15 20:26:42,234 - root - INFO - Epoch:0, Episode:13, Steps Left:35000/5000/100000, Reward:165.000000, fps:1177.228207, Exploration:0.973002, Collision:0.024000/120 , Avg Loss:1.305755/1000, Avg Q Value:0.063218/117 
2017-04-15 20:26:46,848 - root - INFO - Epoch:0, Episode:14, Steps Left:30000/5000/100000, Reward:166.000000, fps:1083.868884, Exploration:0.964002, Collision:0.025600/128 , Avg Loss:1.054352/1000, Avg Q Value:0.087976/164 
2017-04-15 20:26:51,514 - root - INFO - Epoch:0, Episode:15, Steps Left:25000/5000/100000, Reward:135.000000, fps:1071.608291, Exploration:0.955002, Collision:0.024800/124 , Avg Loss:1.602915/1000, Avg Q Value:0.223343/200 
2017-04-15 20:26:55,918 - root - INFO - Epoch:0, Episode:16, Steps Left:20000/5000/100000, Reward:133.000000, fps:1135.269923, Exploration:0.946002, Collision:0.026200/131 , Avg Loss:1.119757/1000, Avg Q Value:0.122014/251 
2017-04-15 20:27:00,054 - root - INFO - Epoch:0, Episode:17, Steps Left:15000/5000/100000, Reward:153.000000, fps:1209.061504, Exploration:0.937002, Collision:0.024600/123 , Avg Loss:1.923579/1000, Avg Q Value:0.256884/303 
2017-04-15 20:27:04,192 - root - INFO - Epoch:0, Episode:18, Steps Left:10000/5000/100000, Reward:165.000000, fps:1208.341806, Exploration:0.928002, Collision:0.028400/142 , Avg Loss:1.775446/1000, Avg Q Value:0.277858/332 
2017-04-15 20:27:08,300 - root - INFO - Epoch:0, Episode:19, Steps Left:5000/5000/100000, Reward:223.000000, fps:1217.242756, Exploration:0.919002, Collision:0.020000/100 , Avg Loss:2.074235/1000, Avg Q Value:0.433949/382 
2017-04-15 20:27:12,500 - root - INFO - Epoch:0, Episode:20, Steps Left:0/5000/100000, Reward:186.000000, fps:1190.403669, Exploration:0.910002, Collision:0.022800/114 , Avg Loss:2.041058/1000, Avg Q Value:0.394043/441 
2017-04-15 20:27:12,501 - root - INFO - Epoch:0, FPS:1604.860393, Avg Reward: 150.700000/20
2017-04-15 20:27:16,648 - root - INFO - Epoch:1, Episode:1, Steps Left:95000/5000/100000, Reward:171.000000, fps:1205.615011, Exploration:0.901002, Collision:0.024400/122 , Avg Loss:2.725142/1000, Avg Q Value:0.501163/470 
2017-04-15 20:27:20,778 - root - INFO - Epoch:1, Episode:2, Steps Left:90000/5000/100000, Reward:228.000000, fps:1210.827908, Exploration:0.892002, Collision:0.023400/117 , Avg Loss:2.497611/1000, Avg Q Value:0.598247/536 
2017-04-15 20:27:25,093 - root - INFO - Epoch:1, Episode:3, Steps Left:85000/5000/100000, Reward:181.000000, fps:1158.717933, Exploration:0.883002, Collision:0.024200/121 , Avg Loss:3.044852/1000, Avg Q Value:0.599834/594 
2017-04-15 20:27:29,348 - root - INFO - Epoch:1, Episode:4, Steps Left:80000/5000/100000, Reward:204.000000, fps:1175.108907, Exploration:0.874002, Collision:0.025600/128 , Avg Loss:2.692746/1000, Avg Q Value:0.617687/630 
2017-04-15 20:27:33,565 - root - INFO - Epoch:1, Episode:5, Steps Left:75000/5000/100000, Reward:231.000000, fps:1185.945892, Exploration:0.865002, Collision:0.022000/110 , Avg Loss:3.132291/1000, Avg Q Value:0.737561/641 
2017-04-15 20:27:37,937 - root - INFO - Epoch:1, Episode:6, Steps Left:70000/5000/100000, Reward:234.000000, fps:1143.505105, Exploration:0.856002, Collision:0.024200/121 , Avg Loss:2.755507/1000, Avg Q Value:0.794422/705 
2017-04-15 20:27:42,253 - root - INFO - Epoch:1, Episode:7, Steps Left:65000/5000/100000, Reward:217.000000, fps:1158.565134, Exploration:0.847002, Collision:0.022600/113 , Avg Loss:3.835250/1000, Avg Q Value:0.937349/784 
2017-04-15 20:27:46,667 - root - INFO - Epoch:1, Episode:8, Steps Left:60000/5000/100000, Reward:245.000000, fps:1132.722194, Exploration:0.838002, Collision:0.026000/130 , Avg Loss:3.089455/1000, Avg Q Value:1.009135/824 
2017-04-15 20:27:51,223 - root - INFO - Epoch:1, Episode:9, Steps Left:55000/5000/100000, Reward:249.000000, fps:1097.602788, Exploration:0.829002, Collision:0.023600/118 , Avg Loss:3.756514/1000, Avg Q Value:1.131110/796 
2017-04-15 20:27:55,614 - root - INFO - Epoch:1, Episode:10, Steps Left:50000/5000/100000, Reward:213.000000, fps:1138.747987, Exploration:0.820002, Collision:0.027000/135 , Avg Loss:3.562214/1000, Avg Q Value:1.078650/871 
2017-04-15 20:28:00,035 - root - INFO - Epoch:1, Episode:11, Steps Left:45000/5000/100000, Reward:260.000000, fps:1131.100895, Exploration:0.811002, Collision:0.026800/134 , Avg Loss:3.905479/1000, Avg Q Value:1.280605/905 
2017-04-15 20:28:04,796 - root - INFO - Epoch:1, Episode:12, Steps Left:40000/5000/100000, Reward:223.000000, fps:1050.228219, Exploration:0.802002, Collision:0.026400/132 , Avg Loss:4.169508/1000, Avg Q Value:1.211048/925 
2017-04-15 20:28:09,361 - root - INFO - Epoch:1, Episode:13, Steps Left:35000/5000/100000, Reward:293.000000, fps:1095.201522, Exploration:0.793002, Collision:0.026200/131 , Avg Loss:4.211150/1000, Avg Q Value:1.501302/1006 
2017-04-15 20:28:14,232 - root - INFO - Epoch:1, Episode:14, Steps Left:30000/5000/100000, Reward:244.000000, fps:1026.625314, Exploration:0.784002, Collision:0.022400/112 , Avg Loss:3.997437/1000, Avg Q Value:1.378641/1045 
2017-04-15 20:28:18,679 - root - INFO - Epoch:1, Episode:15, Steps Left:25000/5000/100000, Reward:302.000000, fps:1124.399486, Exploration:0.775002, Collision:0.020800/104 , Avg Loss:4.095126/1000, Avg Q Value:1.644294/1135 
2017-04-15 20:28:23,137 - root - INFO - Epoch:1, Episode:16, Steps Left:20000/5000/100000, Reward:266.000000, fps:1121.507702, Exploration:0.766002, Collision:0.023800/119 , Avg Loss:4.169662/1000, Avg Q Value:1.530139/1120 
2017-04-15 20:28:27,639 - root - INFO - Epoch:1, Episode:17, Steps Left:15000/5000/100000, Reward:325.000000, fps:1110.669359, Exploration:0.757002, Collision:0.025000/125 , Avg Loss:4.379004/1000, Avg Q Value:1.828712/1180 
2017-04-15 20:28:32,206 - root - INFO - Epoch:1, Episode:18, Steps Left:10000/5000/100000, Reward:330.000000, fps:1094.962613, Exploration:0.748002, Collision:0.021000/105 , Avg Loss:4.294127/1000, Avg Q Value:1.812481/1232 
2017-04-15 20:28:36,984 - root - INFO - Epoch:1, Episode:19, Steps Left:5000/5000/100000, Reward:309.000000, fps:1046.497342, Exploration:0.739002, Collision:0.023000/115 , Avg Loss:4.271909/1000, Avg Q Value:1.903015/1285 
2017-04-15 20:28:41,446 - root - INFO - Epoch:1, Episode:20, Steps Left:0/5000/100000, Reward:342.000000, fps:1120.627711, Exploration:0.730002, Collision:0.024200/121 , Avg Loss:4.817725/1000, Avg Q Value:1.994158/1317 
2017-04-15 20:28:41,446 - root - INFO - Epoch:1, FPS:1124.293779, Avg Reward: 253.350000/20
2017-04-15 20:28:45,920 - root - INFO - Epoch:2, Episode:1, Steps Left:95000/5000/100000, Reward:326.000000, fps:1117.673064, Exploration:0.721002, Collision:0.022400/112 , Avg Loss:4.748687/1000, Avg Q Value:2.108266/1377 
2017-04-15 20:28:50,316 - root - INFO - Epoch:2, Episode:2, Steps Left:90000/5000/100000, Reward:263.000000, fps:1137.528018, Exploration:0.712002, Collision:0.023800/119 , Avg Loss:4.831491/1000, Avg Q Value:2.055145/1413 
2017-04-15 20:28:54,815 - root - INFO - Epoch:2, Episode:3, Steps Left:85000/5000/100000, Reward:343.000000, fps:1111.340806, Exploration:0.703002, Collision:0.021000/105 , Avg Loss:4.809043/1000, Avg Q Value:2.245415/1446 
2017-04-15 20:28:59,076 - root - INFO - Epoch:2, Episode:4, Steps Left:80000/5000/100000, Reward:346.000000, fps:1173.414186, Exploration:0.694002, Collision:0.025400/127 , Avg Loss:4.567278/1000, Avg Q Value:2.251626/1505 
2017-04-15 20:29:03,654 - root - INFO - Epoch:2, Episode:5, Steps Left:75000/5000/100000, Reward:311.000000, fps:1092.393771, Exploration:0.685002, Collision:0.025600/128 , Avg Loss:4.550782/1000, Avg Q Value:2.404265/1624 
2017-04-15 20:29:08,032 - root - INFO - Epoch:2, Episode:6, Steps Left:70000/5000/100000, Reward:331.000000, fps:1142.005652, Exploration:0.676002, Collision:0.025600/128 , Avg Loss:4.619512/1000, Avg Q Value:2.431379/1554 
2017-04-15 20:29:12,548 - root - INFO - Epoch:2, Episode:7, Steps Left:65000/5000/100000, Reward:325.000000, fps:1107.315956, Exploration:0.667002, Collision:0.021200/106 , Avg Loss:4.794544/1000, Avg Q Value:2.492974/1579 
2017-04-15 20:29:17,061 - root - INFO - Epoch:2, Episode:8, Steps Left:60000/5000/100000, Reward:342.000000, fps:1107.974338, Exploration:0.658002, Collision:0.023000/115 , Avg Loss:4.570217/1000, Avg Q Value:2.504242/1756 
2017-04-15 20:29:21,717 - root - INFO - Epoch:2, Episode:9, Steps Left:55000/5000/100000, Reward:352.000000, fps:1073.913430, Exploration:0.649002, Collision:0.022800/114 , Avg Loss:4.242713/1000, Avg Q Value:2.713317/1704 
2017-04-15 20:29:26,698 - root - INFO - Epoch:2, Episode:10, Steps Left:50000/5000/100000, Reward:431.000000, fps:1003.866304, Exploration:0.640002, Collision:0.017400/87 , Avg Loss:4.336529/1000, Avg Q Value:2.716611/1811 
2017-04-15 20:29:31,671 - root - INFO - Epoch:2, Episode:11, Steps Left:45000/5000/100000, Reward:366.000000, fps:1005.334309, Exploration:0.631002, Collision:0.024000/120 , Avg Loss:4.544407/1000, Avg Q Value:2.831994/1819 
2017-04-15 20:29:36,320 - root - INFO - Epoch:2, Episode:12, Steps Left:40000/5000/100000, Reward:374.000000, fps:1075.655134, Exploration:0.622002, Collision:0.022800/114 , Avg Loss:4.704606/1000, Avg Q Value:2.837765/1890 
2017-04-15 20:29:40,873 - root - INFO - Epoch:2, Episode:13, Steps Left:35000/5000/100000, Reward:366.000000, fps:1098.251566, Exploration:0.613002, Collision:0.028600/143 , Avg Loss:4.614275/1000, Avg Q Value:3.004544/1968 
2017-04-15 20:29:45,672 - root - INFO - Epoch:2, Episode:14, Steps Left:30000/5000/100000, Reward:385.000000, fps:1041.846195, Exploration:0.604002, Collision:0.023200/116 , Avg Loss:4.473582/1000, Avg Q Value:2.979714/1954 
2017-04-15 20:29:50,545 - root - INFO - Epoch:2, Episode:15, Steps Left:25000/5000/100000, Reward:424.000000, fps:1026.080318, Exploration:0.595002, Collision:0.024200/121 , Avg Loss:4.522103/1000, Avg Q Value:3.144253/2010 
2017-04-15 20:29:55,356 - root - INFO - Epoch:2, Episode:16, Steps Left:20000/5000/100000, Reward:396.000000, fps:1039.278923, Exploration:0.586002, Collision:0.022000/110 , Avg Loss:4.579256/1000, Avg Q Value:3.122402/2031 
2017-04-15 20:30:00,303 - root - INFO - Epoch:2, Episode:17, Steps Left:15000/5000/100000, Reward:423.000000, fps:1010.732166, Exploration:0.577002, Collision:0.022800/114 , Avg Loss:4.649489/1000, Avg Q Value:3.328229/2124 
2017-04-15 20:30:05,358 - root - INFO - Epoch:2, Episode:18, Steps Left:10000/5000/100000, Reward:375.000000, fps:989.138098, Exploration:0.568002, Collision:0.023000/115 , Avg Loss:4.666951/1000, Avg Q Value:3.289818/2120 
2017-04-15 20:30:10,167 - root - INFO - Epoch:2, Episode:19, Steps Left:5000/5000/100000, Reward:428.000000, fps:1039.887996, Exploration:0.559002, Collision:0.024200/121 , Avg Loss:4.765291/1000, Avg Q Value:3.540482/2211 
2017-04-15 20:30:14,917 - root - INFO - Epoch:2, Episode:20, Steps Left:0/5000/100000, Reward:421.000000, fps:1052.665289, Exploration:0.550002, Collision:0.023000/115 , Avg Loss:5.018943/1000, Avg Q Value:3.551644/2192 
2017-04-15 20:30:14,917 - root - INFO - Epoch:2, FPS:1069.857755, Avg Reward: 366.400000/20
2017-04-15 20:30:19,586 - root - INFO - Epoch:3, Episode:1, Steps Left:95000/5000/100000, Reward:440.000000, fps:1071.038789, Exploration:0.541002, Collision:0.022800/114 , Avg Loss:4.813438/1000, Avg Q Value:3.652460/2227 
2017-04-15 20:30:24,384 - root - INFO - Epoch:3, Episode:2, Steps Left:90000/5000/100000, Reward:436.000000, fps:1042.129336, Exploration:0.532002, Collision:0.024000/120 , Avg Loss:4.463498/1000, Avg Q Value:3.706743/2298 
2017-04-15 20:30:29,156 - root - INFO - Epoch:3, Episode:3, Steps Left:85000/5000/100000, Reward:493.000000, fps:1047.886124, Exploration:0.523002, Collision:0.023800/119 , Avg Loss:5.061810/1000, Avg Q Value:3.860178/2352 
2017-04-15 20:30:33,945 - root - INFO - Epoch:3, Episode:4, Steps Left:80000/5000/100000, Reward:447.000000, fps:1044.103114, Exploration:0.514002, Collision:0.020200/101 , Avg Loss:4.461312/1000, Avg Q Value:3.772020/2430 
2017-04-15 20:30:38,780 - root - INFO - Epoch:3, Episode:5, Steps Left:75000/5000/100000, Reward:458.000000, fps:1034.175367, Exploration:0.505002, Collision:0.025400/127 , Avg Loss:4.782956/1000, Avg Q Value:3.961826/2411 
2017-04-15 20:30:43,585 - root - INFO - Epoch:3, Episode:6, Steps Left:70000/5000/100000, Reward:452.000000, fps:1040.588598, Exploration:0.496002, Collision:0.023800/119 , Avg Loss:4.824703/1000, Avg Q Value:3.977029/2497 
2017-04-15 20:30:48,415 - root - INFO - Epoch:3, Episode:7, Steps Left:65000/5000/100000, Reward:425.000000, fps:1035.234621, Exploration:0.487002, Collision:0.025200/126 , Avg Loss:4.904983/1000, Avg Q Value:4.107667/2509 
2017-04-15 20:30:53,257 - root - INFO - Epoch:3, Episode:8, Steps Left:60000/5000/100000, Reward:481.000000, fps:1032.640346, Exploration:0.478002, Collision:0.024000/120 , Avg Loss:4.709199/1000, Avg Q Value:4.116225/2525 
2017-04-15 20:30:58,283 - root - INFO - Epoch:3, Episode:9, Steps Left:55000/5000/100000, Reward:474.000000, fps:994.929265, Exploration:0.469002, Collision:0.023600/118 , Avg Loss:4.746819/1000, Avg Q Value:4.288640/2580 
2017-04-15 20:31:03,348 - root - INFO - Epoch:3, Episode:10, Steps Left:50000/5000/100000, Reward:540.000000, fps:987.144981, Exploration:0.460002, Collision:0.023000/115 , Avg Loss:4.578802/1000, Avg Q Value:4.321513/2730 
2017-04-15 20:31:08,285 - root - INFO - Epoch:3, Episode:11, Steps Left:45000/5000/100000, Reward:522.000000, fps:1012.845935, Exploration:0.451002, Collision:0.024000/120 , Avg Loss:4.767862/1000, Avg Q Value:4.471226/2733 
2017-04-15 20:31:13,272 - root - INFO - Epoch:3, Episode:12, Steps Left:40000/5000/100000, Reward:460.000000, fps:1002.555303, Exploration:0.442002, Collision:0.026600/133 , Avg Loss:4.598448/1000, Avg Q Value:4.401629/2785 
2017-04-15 20:31:18,128 - root - INFO - Epoch:3, Episode:13, Steps Left:35000/5000/100000, Reward:458.000000, fps:1029.625839, Exploration:0.433002, Collision:0.023200/116 , Avg Loss:4.745025/1000, Avg Q Value:4.494045/2788 
2017-04-15 20:31:23,016 - root - INFO - Epoch:3, Episode:14, Steps Left:30000/5000/100000, Reward:498.000000, fps:1023.056620, Exploration:0.424002, Collision:0.021200/106 , Avg Loss:4.677011/1000, Avg Q Value:4.499155/2820 
2017-04-15 20:31:27,859 - root - INFO - Epoch:3, Episode:15, Steps Left:25000/5000/100000, Reward:500.000000, fps:1032.506177, Exploration:0.415002, Collision:0.020200/101 , Avg Loss:4.751296/1000, Avg Q Value:4.644586/2764 
2017-04-15 20:31:32,857 - root - INFO - Epoch:3, Episode:16, Steps Left:20000/5000/100000, Reward:552.000000, fps:1000.358949, Exploration:0.406002, Collision:0.022800/114 , Avg Loss:4.154142/1000, Avg Q Value:4.678237/2956 
2017-04-15 20:31:37,969 - root - INFO - Epoch:3, Episode:17, Steps Left:15000/5000/100000, Reward:552.000000, fps:978.177084, Exploration:0.397002, Collision:0.021400/107 , Avg Loss:4.551172/1000, Avg Q Value:4.848428/2990 
2017-04-15 20:31:42,931 - root - INFO - Epoch:3, Episode:18, Steps Left:10000/5000/100000, Reward:552.000000, fps:1007.722138, Exploration:0.388002, Collision:0.022400/112 , Avg Loss:4.652412/1000, Avg Q Value:4.789179/3092 
2017-04-15 20:31:48,026 - root - INFO - Epoch:3, Episode:19, Steps Left:5000/5000/100000, Reward:560.000000, fps:981.237176, Exploration:0.379002, Collision:0.021400/107 , Avg Loss:4.491275/1000, Avg Q Value:4.987545/3126 
2017-04-15 20:31:52,920 - root - INFO - Epoch:3, Episode:20, Steps Left:0/5000/100000, Reward:583.000000, fps:1021.700476, Exploration:0.370002, Collision:0.019600/98 , Avg Loss:4.765512/1000, Avg Q Value:4.979235/3096 
2017-04-15 20:31:52,921 - root - INFO - Epoch:3, FPS:1020.377054, Avg Reward: 494.150000/20
2017-04-15 20:31:57,987 - root - INFO - Epoch:4, Episode:1, Steps Left:95000/5000/100000, Reward:565.000000, fps:987.024417, Exploration:0.361002, Collision:0.020600/103 , Avg Loss:4.519675/1000, Avg Q Value:5.030553/3127 
2017-04-15 20:32:03,142 - root - INFO - Epoch:4, Episode:2, Steps Left:90000/5000/100000, Reward:543.000000, fps:969.890527, Exploration:0.352002, Collision:0.019200/96 , Avg Loss:4.263848/1000, Avg Q Value:4.998337/3242 
2017-04-15 20:32:08,374 - root - INFO - Epoch:4, Episode:3, Steps Left:85000/5000/100000, Reward:580.000000, fps:955.786829, Exploration:0.343002, Collision:0.021200/106 , Avg Loss:4.926026/1000, Avg Q Value:5.129529/3269 
2017-04-15 20:32:13,687 - root - INFO - Epoch:4, Episode:4, Steps Left:80000/5000/100000, Reward:557.000000, fps:941.124224, Exploration:0.334002, Collision:0.023000/115 , Avg Loss:4.582550/1000, Avg Q Value:5.137146/3364 
2017-04-15 20:32:19,073 - root - INFO - Epoch:4, Episode:5, Steps Left:75000/5000/100000, Reward:591.000000, fps:928.351509, Exploration:0.325002, Collision:0.020800/104 , Avg Loss:4.890375/1000, Avg Q Value:5.297172/3364 
2017-04-15 20:32:24,293 - root - INFO - Epoch:4, Episode:6, Steps Left:70000/5000/100000, Reward:585.000000, fps:957.785588, Exploration:0.316002, Collision:0.023200/116 , Avg Loss:4.687376/1000, Avg Q Value:5.276282/3391 
2017-04-15 20:32:29,308 - root - INFO - Epoch:4, Episode:7, Steps Left:65000/5000/100000, Reward:523.000000, fps:997.207403, Exploration:0.307002, Collision:0.023600/118 , Avg Loss:4.646530/1000, Avg Q Value:5.414499/3418 
2017-04-15 20:32:34,457 - root - INFO - Epoch:4, Episode:8, Steps Left:60000/5000/100000, Reward:575.000000, fps:971.046888, Exploration:0.298002, Collision:0.023000/115 , Avg Loss:4.737415/1000, Avg Q Value:5.410279/3485 
2017-04-15 20:32:39,650 - root - INFO - Epoch:4, Episode:9, Steps Left:55000/5000/100000, Reward:598.000000, fps:962.826835, Exploration:0.289002, Collision:0.018400/92 , Avg Loss:4.804105/1000, Avg Q Value:5.558872/3569 
2017-04-15 20:32:44,852 - root - INFO - Epoch:4, Episode:10, Steps Left:50000/5000/100000, Reward:550.000000, fps:961.298110, Exploration:0.280002, Collision:0.025200/126 , Avg Loss:5.135193/1000, Avg Q Value:5.507442/3580 
2017-04-15 20:32:49,958 - root - INFO - Epoch:4, Episode:11, Steps Left:45000/5000/100000, Reward:577.000000, fps:979.108954, Exploration:0.271002, Collision:0.018800/94 , Avg Loss:4.510900/1000, Avg Q Value:5.661293/3643 
2017-04-15 20:32:55,076 - root - INFO - Epoch:4, Episode:12, Steps Left:40000/5000/100000, Reward:550.000000, fps:977.065504, Exploration:0.262002, Collision:0.026400/132 , Avg Loss:4.509843/1000, Avg Q Value:5.623970/3661 
2017-04-15 20:33:00,475 - root - INFO - Epoch:4, Episode:13, Steps Left:35000/5000/100000, Reward:607.000000, fps:926.210120, Exploration:0.253002, Collision:0.020800/104 , Avg Loss:4.173112/1000, Avg Q Value:5.782445/3729 
2017-04-15 20:33:05,864 - root - INFO - Epoch:4, Episode:14, Steps Left:30000/5000/100000, Reward:602.000000, fps:927.731216, Exploration:0.244002, Collision:0.020600/103 , Avg Loss:4.284519/1000, Avg Q Value:5.779424/3788 
2017-04-15 20:33:11,116 - root - INFO - Epoch:4, Episode:15, Steps Left:25000/5000/100000, Reward:625.000000, fps:952.071379, Exploration:0.235002, Collision:0.022200/111 , Avg Loss:4.228324/1000, Avg Q Value:5.961299/3812 
2017-04-15 20:33:16,283 - root - INFO - Epoch:4, Episode:16, Steps Left:20000/5000/100000, Reward:634.000000, fps:967.783811, Exploration:0.226002, Collision:0.021200/106 , Avg Loss:4.575171/1000, Avg Q Value:5.911365/3846 
2017-04-15 20:33:21,734 - root - INFO - Epoch:4, Episode:17, Steps Left:15000/5000/100000, Reward:686.000000, fps:917.321952, Exploration:0.217002, Collision:0.021000/105 , Avg Loss:4.400853/1000, Avg Q Value:6.024686/3913 
2017-04-15 20:33:27,146 - root - INFO - Epoch:4, Episode:18, Steps Left:10000/5000/100000, Reward:679.000000, fps:923.807648, Exploration:0.208002, Collision:0.024000/120 , Avg Loss:4.337203/1000, Avg Q Value:5.979086/3957 
2017-04-15 20:33:32,870 - root - INFO - Epoch:4, Episode:19, Steps Left:5000/5000/100000, Reward:638.000000, fps:873.619899, Exploration:0.199002, Collision:0.020600/103 , Avg Loss:4.378885/1000, Avg Q Value:6.057980/4001 
2017-04-15 20:33:38,233 - root - INFO - Epoch:4, Episode:20, Steps Left:0/5000/100000, Reward:646.000000, fps:932.375198, Exploration:0.190002, Collision:0.019000/95 , Avg Loss:4.310586/1000, Avg Q Value:6.095108/4009 
2017-04-15 20:33:38,233 - root - INFO - Epoch:4, FPS:949.562373, Avg Reward: 595.550000/20
2017-04-15 20:33:43,574 - root - INFO - Epoch:5, Episode:1, Steps Left:95000/5000/100000, Reward:683.000000, fps:936.224935, Exploration:0.181002, Collision:0.019600/98 , Avg Loss:4.632635/1000, Avg Q Value:6.183007/4057 
2017-04-15 20:33:49,076 - root - INFO - Epoch:5, Episode:2, Steps Left:90000/5000/100000, Reward:692.000000, fps:908.842706, Exploration:0.172002, Collision:0.023400/117 , Avg Loss:4.673088/1000, Avg Q Value:6.193167/4064 
2017-04-15 20:33:54,692 - root - INFO - Epoch:5, Episode:3, Steps Left:85000/5000/100000, Reward:664.000000, fps:890.306257, Exploration:0.163002, Collision:0.022400/112 , Avg Loss:4.622796/1000, Avg Q Value:6.278151/4101 
2017-04-15 20:34:00,050 - root - INFO - Epoch:5, Episode:4, Steps Left:80000/5000/100000, Reward:598.000000, fps:933.171477, Exploration:0.154002, Collision:0.019000/95 , Avg Loss:4.073182/1000, Avg Q Value:6.202540/4189 
2017-04-15 20:34:05,358 - root - INFO - Epoch:5, Episode:5, Steps Left:75000/5000/100000, Reward:686.000000, fps:942.072703, Exploration:0.145002, Collision:0.021000/105 , Avg Loss:4.772677/1000, Avg Q Value:6.397796/4240 
2017-04-15 20:34:10,712 - root - INFO - Epoch:5, Episode:6, Steps Left:70000/5000/100000, Reward:748.000000, fps:933.944909, Exploration:0.136002, Collision:0.020000/100 , Avg Loss:4.362012/1000, Avg Q Value:6.431583/4290 
2017-04-15 20:34:16,134 - root - INFO - Epoch:5, Episode:7, Steps Left:65000/5000/100000, Reward:693.000000, fps:922.201070, Exploration:0.127002, Collision:0.019800/99 , Avg Loss:5.098927/1000, Avg Q Value:6.528325/4314 
2017-04-15 20:34:21,630 - root - INFO - Epoch:5, Episode:8, Steps Left:60000/5000/100000, Reward:707.000000, fps:909.825240, Exploration:0.118002, Collision:0.018000/90 , Avg Loss:4.953212/1000, Avg Q Value:6.501101/4393 
2017-04-15 20:34:27,109 - root - INFO - Epoch:5, Episode:9, Steps Left:55000/5000/100000, Reward:651.000000, fps:912.604103, Exploration:0.109002, Collision:0.015200/76 , Avg Loss:4.610460/1000, Avg Q Value:6.463997/4442 
2017-04-15 20:34:32,437 - root - INFO - Epoch:5, Episode:10, Steps Left:50000/5000/100000, Reward:692.000000, fps:938.394251, Exploration:0.100002, Collision:0.018800/94 , Avg Loss:4.870833/1000, Avg Q Value:6.540200/4508 
2017-04-15 20:34:38,104 - root - INFO - Epoch:5, Episode:11, Steps Left:45000/5000/100000, Reward:649.000000, fps:882.378100, Exploration:0.100000, Collision:0.020400/102 , Avg Loss:4.718538/1000, Avg Q Value:6.590294/4479 
2017-04-15 20:34:43,675 - root - INFO - Epoch:5, Episode:12, Steps Left:40000/5000/100000, Reward:651.000000, fps:897.399421, Exploration:0.100000, Collision:0.015600/78 , Avg Loss:4.695947/1000, Avg Q Value:6.561966/4518 
2017-04-15 20:34:49,558 - root - INFO - Epoch:5, Episode:13, Steps Left:35000/5000/100000, Reward:692.000000, fps:850.008250, Exploration:0.100000, Collision:0.021800/109 , Avg Loss:4.726355/1000, Avg Q Value:6.709552/4506 
2017-04-15 20:34:55,095 - root - INFO - Epoch:5, Episode:14, Steps Left:30000/5000/100000, Reward:667.000000, fps:903.020477, Exploration:0.100000, Collision:0.017800/89 , Avg Loss:4.696178/1000, Avg Q Value:6.655045/4501 
2017-04-15 20:35:00,582 - root - INFO - Epoch:5, Episode:15, Steps Left:25000/5000/100000, Reward:694.000000, fps:911.354058, Exploration:0.100000, Collision:0.021000/105 , Avg Loss:4.801586/1000, Avg Q Value:6.863015/4487 
2017-04-15 20:35:06,061 - root - INFO - Epoch:5, Episode:16, Steps Left:20000/5000/100000, Reward:697.000000, fps:912.537469, Exploration:0.100000, Collision:0.020800/104 , Avg Loss:4.560312/1000, Avg Q Value:6.867157/4524 
2017-04-15 20:35:11,599 - root - INFO - Epoch:5, Episode:17, Steps Left:15000/5000/100000, Reward:749.000000, fps:902.883667, Exploration:0.100000, Collision:0.019600/98 , Avg Loss:4.726660/1000, Avg Q Value:6.963427/4504 
2017-04-15 20:35:17,405 - root - INFO - Epoch:5, Episode:18, Steps Left:10000/5000/100000, Reward:791.000000, fps:861.154506, Exploration:0.100000, Collision:0.015600/78 , Avg Loss:4.537450/1000, Avg Q Value:6.950285/4517 
2017-04-15 20:35:22,922 - root - INFO - Epoch:5, Episode:19, Steps Left:5000/5000/100000, Reward:663.000000, fps:906.422722, Exploration:0.100000, Collision:0.018200/91 , Avg Loss:4.934240/1000, Avg Q Value:6.971420/4501 
2017-04-15 20:35:28,453 - root - INFO - Epoch:5, Episode:20, Steps Left:0/5000/100000, Reward:716.000000, fps:904.024436, Exploration:0.100000, Collision:0.017600/88 , Avg Loss:4.525878/1000, Avg Q Value:7.024536/4483 
2017-04-15 20:35:28,454 - root - INFO - Epoch:5, FPS:907.281370, Avg Reward: 689.150000/20
2017-04-15 20:35:34,026 - root - INFO - Epoch:6, Episode:1, Steps Left:95000/5000/100000, Reward:706.000000, fps:897.369008, Exploration:0.100000, Collision:0.021200/106 , Avg Loss:4.494869/1000, Avg Q Value:7.121593/4509 
2017-04-15 20:35:39,581 - root - INFO - Epoch:6, Episode:2, Steps Left:90000/5000/100000, Reward:728.000000, fps:900.101356, Exploration:0.100000, Collision:0.021400/107 , Avg Loss:4.566656/1000, Avg Q Value:7.161625/4491 
2017-04-15 20:35:45,238 - root - INFO - Epoch:6, Episode:3, Steps Left:85000/5000/100000, Reward:714.000000, fps:883.788544, Exploration:0.100000, Collision:0.016800/84 , Avg Loss:4.699522/1000, Avg Q Value:7.199729/4495 
2017-04-15 20:35:50,819 - root - INFO - Epoch:6, Episode:4, Steps Left:80000/5000/100000, Reward:708.000000, fps:895.932297, Exploration:0.100000, Collision:0.019000/95 , Avg Loss:4.773035/1000, Avg Q Value:7.194400/4509 
2017-04-15 20:35:56,638 - root - INFO - Epoch:6, Episode:5, Steps Left:75000/5000/100000, Reward:677.000000, fps:859.387089, Exploration:0.100000, Collision:0.019000/95 , Avg Loss:4.971453/1000, Avg Q Value:7.246847/4506 
2017-04-15 20:36:02,338 - root - INFO - Epoch:6, Episode:6, Steps Left:70000/5000/100000, Reward:759.000000, fps:877.160358, Exploration:0.100000, Collision:0.015800/79 , Avg Loss:4.917667/1000, Avg Q Value:7.307538/4526 
2017-04-15 20:36:08,358 - root - INFO - Epoch:6, Episode:7, Steps Left:65000/5000/100000, Reward:714.000000, fps:830.580938, Exploration:0.100000, Collision:0.015800/79 , Avg Loss:4.966154/1000, Avg Q Value:7.317100/4566 
2017-04-15 20:36:14,182 - root - INFO - Epoch:6, Episode:8, Steps Left:60000/5000/100000, Reward:705.000000, fps:858.556147, Exploration:0.100000, Collision:0.016400/82 , Avg Loss:5.097806/1000, Avg Q Value:7.314835/4533 
2017-04-15 20:36:19,940 - root - INFO - Epoch:6, Episode:9, Steps Left:55000/5000/100000, Reward:726.000000, fps:868.344859, Exploration:0.100000, Collision:0.015200/76 , Avg Loss:4.797327/1000, Avg Q Value:7.434453/4514 
2017-04-15 20:36:25,885 - root - INFO - Epoch:6, Episode:10, Steps Left:50000/5000/100000, Reward:763.000000, fps:841.096670, Exploration:0.100000, Collision:0.014400/72 , Avg Loss:4.833974/1000, Avg Q Value:7.497990/4490 
2017-04-15 20:36:31,933 - root - INFO - Epoch:6, Episode:11, Steps Left:45000/5000/100000, Reward:626.000000, fps:826.759228, Exploration:0.100000, Collision:0.020800/104 , Avg Loss:4.720009/1000, Avg Q Value:7.449156/4504 
2017-04-15 20:36:37,558 - root - INFO - Epoch:6, Episode:12, Steps Left:40000/5000/100000, Reward:717.000000, fps:888.839762, Exploration:0.100000, Collision:0.013600/68 , Avg Loss:5.043283/1000, Avg Q Value:7.475652/4528 
2017-04-15 20:36:43,525 - root - INFO - Epoch:6, Episode:13, Steps Left:35000/5000/100000, Reward:632.000000, fps:838.075724, Exploration:0.100000, Collision:0.016600/83 , Avg Loss:4.792783/1000, Avg Q Value:7.550459/4494 
2017-04-15 20:36:49,581 - root - INFO - Epoch:6, Episode:14, Steps Left:30000/5000/100000, Reward:689.000000, fps:825.561077, Exploration:0.100000, Collision:0.017800/89 , Avg Loss:5.128247/1000, Avg Q Value:7.587243/4505 
2017-04-15 20:36:55,677 - root - INFO - Epoch:6, Episode:15, Steps Left:25000/5000/100000, Reward:728.000000, fps:820.307415, Exploration:0.100000, Collision:0.019200/96 , Avg Loss:5.313871/1000, Avg Q Value:7.805938/4502 
2017-04-15 20:37:01,306 - root - INFO - Epoch:6, Episode:16, Steps Left:20000/5000/100000, Reward:719.000000, fps:888.169520, Exploration:0.100000, Collision:0.019800/99 , Avg Loss:5.048872/1000, Avg Q Value:7.791376/4519 
2017-04-15 20:37:07,022 - root - INFO - Epoch:6, Episode:17, Steps Left:15000/5000/100000, Reward:674.000000, fps:874.822514, Exploration:0.100000, Collision:0.018200/91 , Avg Loss:4.963545/1000, Avg Q Value:7.868683/4477 
2017-04-15 20:37:12,815 - root - INFO - Epoch:6, Episode:18, Steps Left:10000/5000/100000, Reward:756.000000, fps:863.087849, Exploration:0.100000, Collision:0.018200/91 , Avg Loss:5.052107/1000, Avg Q Value:7.936270/4533 
2017-04-15 20:37:18,571 - root - INFO - Epoch:6, Episode:19, Steps Left:5000/5000/100000, Reward:729.000000, fps:868.765948, Exploration:0.100000, Collision:0.017200/86 , Avg Loss:5.141401/1000, Avg Q Value:7.964894/4503 
2017-04-15 20:37:24,149 - root - INFO - Epoch:6, Episode:20, Steps Left:0/5000/100000, Reward:653.000000, fps:896.454832, Exploration:0.100000, Collision:0.016800/84 , Avg Loss:5.173685/1000, Avg Q Value:7.854051/4500 
2017-04-15 20:37:24,149 - root - INFO - Epoch:6, FPS:864.341088, Avg Reward: 706.150000/20
2017-04-15 20:37:29,662 - root - INFO - Epoch:7, Episode:1, Steps Left:95000/5000/100000, Reward:678.000000, fps:907.005110, Exploration:0.100000, Collision:0.016400/82 , Avg Loss:4.643321/1000, Avg Q Value:7.975584/4552 
2017-04-15 20:37:35,224 - root - INFO - Epoch:7, Episode:2, Steps Left:90000/5000/100000, Reward:664.000000, fps:898.923757, Exploration:0.100000, Collision:0.019000/95 , Avg Loss:5.142787/1000, Avg Q Value:8.067033/4489 
2017-04-15 20:37:41,087 - root - INFO - Epoch:7, Episode:3, Steps Left:85000/5000/100000, Reward:796.000000, fps:852.955133, Exploration:0.100000, Collision:0.018200/91 , Avg Loss:4.868881/1000, Avg Q Value:8.255628/4502 
2017-04-15 20:37:46,589 - root - INFO - Epoch:7, Episode:4, Steps Left:80000/5000/100000, Reward:769.000000, fps:908.704638, Exploration:0.100000, Collision:0.017600/88 , Avg Loss:4.910861/1000, Avg Q Value:8.238612/4532 
2017-04-15 20:37:52,144 - root - INFO - Epoch:7, Episode:5, Steps Left:75000/5000/100000, Reward:716.000000, fps:900.074778, Exploration:0.100000, Collision:0.017400/87 , Avg Loss:4.893209/1000, Avg Q Value:8.205403/4489 
2017-04-15 20:37:57,583 - root - INFO - Epoch:7, Episode:6, Steps Left:70000/5000/100000, Reward:685.000000, fps:919.458551, Exploration:0.100000, Collision:0.018600/93 , Avg Loss:5.078330/1000, Avg Q Value:8.197747/4414 
2017-04-15 20:38:03,254 - root - INFO - Epoch:7, Episode:7, Steps Left:65000/5000/100000, Reward:699.000000, fps:881.674082, Exploration:0.100000, Collision:0.015600/78 , Avg Loss:4.589978/1000, Avg Q Value:8.325500/4487 
2017-04-15 20:38:08,681 - root - INFO - Epoch:7, Episode:8, Steps Left:60000/5000/100000, Reward:678.000000, fps:921.380970, Exploration:0.100000, Collision:0.014600/73 , Avg Loss:4.760753/1000, Avg Q Value:8.300666/4504 
2017-04-15 20:38:14,147 - root - INFO - Epoch:7, Episode:9, Steps Left:55000/5000/100000, Reward:658.000000, fps:914.747882, Exploration:0.100000, Collision:0.016800/84 , Avg Loss:4.448059/1000, Avg Q Value:8.341426/4526 
2017-04-15 20:38:19,695 - root - INFO - Epoch:7, Episode:10, Steps Left:50000/5000/100000, Reward:662.000000, fps:901.238354, Exploration:0.100000, Collision:0.020600/103 , Avg Loss:4.645892/1000, Avg Q Value:8.370767/4490 
2017-04-15 20:38:25,450 - root - INFO - Epoch:7, Episode:11, Steps Left:45000/5000/100000, Reward:756.000000, fps:868.745398, Exploration:0.100000, Collision:0.017600/88 , Avg Loss:4.894209/1000, Avg Q Value:8.557480/4503 
2017-04-15 20:38:30,946 - root - INFO - Epoch:7, Episode:12, Steps Left:40000/5000/100000, Reward:724.000000, fps:909.889623, Exploration:0.100000, Collision:0.024200/121 , Avg Loss:5.325045/1000, Avg Q Value:8.553945/4506 
2017-04-15 20:38:36,368 - root - INFO - Epoch:7, Episode:13, Steps Left:35000/5000/100000, Reward:665.000000, fps:922.100064, Exploration:0.100000, Collision:0.023000/115 , Avg Loss:4.866638/1000, Avg Q Value:8.574245/4491 
2017-04-15 20:38:41,917 - root - INFO - Epoch:7, Episode:14, Steps Left:30000/5000/100000, Reward:721.000000, fps:901.059186, Exploration:0.100000, Collision:0.018400/92 , Avg Loss:4.727766/1000, Avg Q Value:8.557259/4538 
2017-04-15 20:38:47,407 - root - INFO - Epoch:7, Episode:15, Steps Left:25000/5000/100000, Reward:709.000000, fps:910.886173, Exploration:0.100000, Collision:0.019400/97 , Avg Loss:5.293921/1000, Avg Q Value:8.684164/4517 
2017-04-15 20:38:52,805 - root - INFO - Epoch:7, Episode:16, Steps Left:20000/5000/100000, Reward:686.000000, fps:926.314279, Exploration:0.100000, Collision:0.022600/113 , Avg Loss:4.964165/1000, Avg Q Value:8.666648/4508 
2017-04-15 20:38:58,304 - root - INFO - Epoch:7, Episode:17, Steps Left:15000/5000/100000, Reward:736.000000, fps:909.231263, Exploration:0.100000, Collision:0.019600/98 , Avg Loss:4.748882/1000, Avg Q Value:8.755743/4507 
2017-04-15 20:39:03,908 - root - INFO - Epoch:7, Episode:18, Steps Left:10000/5000/100000, Reward:760.000000, fps:892.216488, Exploration:0.100000, Collision:0.019200/96 , Avg Loss:4.952460/1000, Avg Q Value:8.835487/4475 
2017-04-15 20:39:09,531 - root - INFO - Epoch:7, Episode:19, Steps Left:5000/5000/100000, Reward:765.000000, fps:889.308496, Exploration:0.100000, Collision:0.017800/89 , Avg Loss:4.826612/1000, Avg Q Value:8.880888/4514 
2017-04-15 20:39:15,130 - root - INFO - Epoch:7, Episode:20, Steps Left:0/5000/100000, Reward:765.000000, fps:892.933039, Exploration:0.100000, Collision:0.015600/78 , Avg Loss:4.794100/1000, Avg Q Value:8.883884/4511 
2017-04-15 20:39:15,131 - root - INFO - Epoch:7, FPS:901.053316, Avg Reward: 714.600000/20
2017-04-15 20:39:20,664 - root - INFO - Epoch:8, Episode:1, Steps Left:95000/5000/100000, Reward:739.000000, fps:903.646196, Exploration:0.100000, Collision:0.018200/91 , Avg Loss:4.815214/1000, Avg Q Value:8.967419/4507 
2017-04-15 20:39:26,402 - root - INFO - Epoch:8, Episode:2, Steps Left:90000/5000/100000, Reward:743.000000, fps:871.424324, Exploration:0.100000, Collision:0.017000/85 , Avg Loss:5.178698/1000, Avg Q Value:8.971990/4456 
2017-04-15 20:39:31,821 - root - INFO - Epoch:8, Episode:3, Steps Left:85000/5000/100000, Reward:659.000000, fps:922.804648, Exploration:0.100000, Collision:0.020400/102 , Avg Loss:5.177825/1000, Avg Q Value:9.001874/4497 
2017-04-15 20:39:37,379 - root - INFO - Epoch:8, Episode:4, Steps Left:80000/5000/100000, Reward:710.000000, fps:899.655294, Exploration:0.100000, Collision:0.021600/108 , Avg Loss:5.208900/1000, Avg Q Value:9.039789/4512 
2017-04-15 20:39:42,884 - root - INFO - Epoch:8, Episode:5, Steps Left:75000/5000/100000, Reward:673.000000, fps:908.232861, Exploration:0.100000, Collision:0.020000/100 , Avg Loss:5.271696/1000, Avg Q Value:9.108837/4500 
2017-04-15 20:39:48,286 - root - INFO - Epoch:8, Episode:6, Steps Left:70000/5000/100000, Reward:618.000000, fps:925.545095, Exploration:0.100000, Collision:0.021400/107 , Avg Loss:5.180932/1000, Avg Q Value:9.070690/4500 
2017-04-15 20:39:53,776 - root - INFO - Epoch:8, Episode:7, Steps Left:65000/5000/100000, Reward:713.000000, fps:910.785969, Exploration:0.100000, Collision:0.022200/111 , Avg Loss:5.231033/1000, Avg Q Value:9.223342/4532 
2017-04-15 20:39:59,334 - root - INFO - Epoch:8, Episode:8, Steps Left:60000/5000/100000, Reward:749.000000, fps:899.671196, Exploration:0.100000, Collision:0.021200/106 , Avg Loss:5.507082/1000, Avg Q Value:9.276757/4501 
2017-04-15 20:40:05,075 - root - INFO - Epoch:8, Episode:9, Steps Left:55000/5000/100000, Reward:751.000000, fps:870.928564, Exploration:0.100000, Collision:0.015400/77 , Avg Loss:5.673640/1000, Avg Q Value:9.283715/4494 
2017-04-15 20:40:10,911 - root - INFO - Epoch:8, Episode:10, Steps Left:50000/5000/100000, Reward:794.000000, fps:856.793033, Exploration:0.100000, Collision:0.016600/83 , Avg Loss:5.422191/1000, Avg Q Value:9.354734/4483 
2017-04-15 20:40:16,867 - root - INFO - Epoch:8, Episode:11, Steps Left:45000/5000/100000, Reward:699.000000, fps:839.478455, Exploration:0.100000, Collision:0.014200/71 , Avg Loss:5.011690/1000, Avg Q Value:9.337136/4518 
2017-04-15 20:40:23,078 - root - INFO - Epoch:8, Episode:12, Steps Left:40000/5000/100000, Reward:666.000000, fps:805.054964, Exploration:0.100000, Collision:0.015400/77 , Avg Loss:5.335112/1000, Avg Q Value:9.329605/4470 
2017-04-15 20:40:29,330 - root - INFO - Epoch:8, Episode:13, Steps Left:35000/5000/100000, Reward:740.000000, fps:799.777985, Exploration:0.100000, Collision:0.016600/83 , Avg Loss:4.908446/1000, Avg Q Value:9.494960/4486 
2017-04-15 20:40:35,515 - root - INFO - Epoch:8, Episode:14, Steps Left:30000/5000/100000, Reward:718.000000, fps:808.501161, Exploration:0.100000, Collision:0.020000/100 , Avg Loss:5.035366/1000, Avg Q Value:9.438508/4526 
2017-04-15 20:40:41,725 - root - INFO - Epoch:8, Episode:15, Steps Left:25000/5000/100000, Reward:608.000000, fps:805.123300, Exploration:0.100000, Collision:0.020200/101 , Avg Loss:5.002947/1000, Avg Q Value:9.392170/4516 
2017-04-15 20:40:47,865 - root - INFO - Epoch:8, Episode:16, Steps Left:20000/5000/100000, Reward:677.000000, fps:814.336471, Exploration:0.100000, Collision:0.018000/90 , Avg Loss:4.766609/1000, Avg Q Value:9.456390/4506 
2017-04-15 20:40:54,050 - root - INFO - Epoch:8, Episode:17, Steps Left:15000/5000/100000, Reward:682.000000, fps:808.445215, Exploration:0.100000, Collision:0.014400/72 , Avg Loss:4.978479/1000, Avg Q Value:9.547451/4547 
2017-04-15 20:41:00,177 - root - INFO - Epoch:8, Episode:18, Steps Left:10000/5000/100000, Reward:721.000000, fps:816.137317, Exploration:0.100000, Collision:0.017800/89 , Avg Loss:5.214613/1000, Avg Q Value:9.635567/4483 
2017-04-15 20:41:06,498 - root - INFO - Epoch:8, Episode:19, Steps Left:5000/5000/100000, Reward:736.000000, fps:791.052617, Exploration:0.100000, Collision:0.016000/80 , Avg Loss:5.320643/1000, Avg Q Value:9.678767/4482 
2017-04-15 20:41:12,503 - root - INFO - Epoch:8, Episode:20, Steps Left:0/5000/100000, Reward:753.000000, fps:832.598990, Exploration:0.100000, Collision:0.017800/89 , Avg Loss:4.976688/1000, Avg Q Value:9.752516/4519 
2017-04-15 20:41:12,505 - root - INFO - Epoch:8, FPS:851.991805, Avg Reward: 707.450000/20
2017-04-15 20:41:18,551 - root - INFO - Epoch:9, Episode:1, Steps Left:95000/5000/100000, Reward:699.000000, fps:826.923433, Exploration:0.100000, Collision:0.016200/81 , Avg Loss:4.647471/1000, Avg Q Value:9.772302/4502 
2017-04-15 20:41:24,860 - root - INFO - Epoch:9, Episode:2, Steps Left:90000/5000/100000, Reward:688.000000, fps:792.632716, Exploration:0.100000, Collision:0.017600/88 , Avg Loss:5.140520/1000, Avg Q Value:9.747904/4533 
2017-04-15 20:41:31,123 - root - INFO - Epoch:9, Episode:3, Steps Left:85000/5000/100000, Reward:638.000000, fps:798.278523, Exploration:0.100000, Collision:0.018800/94 , Avg Loss:4.725267/1000, Avg Q Value:9.774429/4490 
2017-04-15 20:41:37,561 - root - INFO - Epoch:9, Episode:4, Steps Left:80000/5000/100000, Reward:714.000000, fps:776.669488, Exploration:0.100000, Collision:0.019400/97 , Avg Loss:5.133975/1000, Avg Q Value:9.842268/4504 
2017-04-15 20:41:43,808 - root - INFO - Epoch:9, Episode:5, Steps Left:75000/5000/100000, Reward:728.000000, fps:800.465786, Exploration:0.100000, Collision:0.020600/103 , Avg Loss:4.713200/1000, Avg Q Value:9.977017/4487 
2017-04-15 20:41:49,956 - root - INFO - Epoch:9, Episode:6, Steps Left:70000/5000/100000, Reward:774.000000, fps:813.291658, Exploration:0.100000, Collision:0.017000/85 , Avg Loss:4.691290/1000, Avg Q Value:10.041952/4519 
2017-04-15 20:41:55,976 - root - INFO - Epoch:9, Episode:7, Steps Left:65000/5000/100000, Reward:650.000000, fps:830.569458, Exploration:0.100000, Collision:0.015600/78 , Avg Loss:4.805357/1000, Avg Q Value:9.991573/4510 
2017-04-15 20:42:02,385 - root - INFO - Epoch:9, Episode:8, Steps Left:60000/5000/100000, Reward:655.000000, fps:780.174455, Exploration:0.100000, Collision:0.018600/93 , Avg Loss:4.444346/1000, Avg Q Value:9.997804/4484 
2017-04-15 20:42:08,508 - root - INFO - Epoch:9, Episode:9, Steps Left:55000/5000/100000, Reward:788.000000, fps:816.636654, Exploration:0.100000, Collision:0.013400/67 , Avg Loss:4.781240/1000, Avg Q Value:10.269400/4517 
2017-04-15 20:42:14,600 - root - INFO - Epoch:9, Episode:10, Steps Left:50000/5000/100000, Reward:724.000000, fps:820.736123, Exploration:0.100000, Collision:0.016600/83 , Avg Loss:4.779303/1000, Avg Q Value:10.221218/4490 
2017-04-15 20:42:20,724 - root - INFO - Epoch:9, Episode:11, Steps Left:45000/5000/100000, Reward:678.000000, fps:816.489828, Exploration:0.100000, Collision:0.019000/95 , Avg Loss:4.713995/1000, Avg Q Value:10.237907/4493 
2017-04-15 20:42:27,043 - root - INFO - Epoch:9, Episode:12, Steps Left:40000/5000/100000, Reward:732.000000, fps:791.348609, Exploration:0.100000, Collision:0.020400/102 , Avg Loss:4.996993/1000, Avg Q Value:10.261094/4496 
2017-04-15 20:42:33,483 - root - INFO - Epoch:9, Episode:13, Steps Left:35000/5000/100000, Reward:788.000000, fps:776.358362, Exploration:0.100000, Collision:0.015600/78 , Avg Loss:4.766836/1000, Avg Q Value:10.347741/4493 
2017-04-15 20:42:39,999 - root - INFO - Epoch:9, Episode:14, Steps Left:30000/5000/100000, Reward:802.000000, fps:767.421080, Exploration:0.100000, Collision:0.018400/92 , Avg Loss:5.105076/1000, Avg Q Value:10.412277/4498 
2017-04-15 20:42:46,461 - root - INFO - Epoch:9, Episode:15, Steps Left:25000/5000/100000, Reward:750.000000, fps:773.738796, Exploration:0.100000, Collision:0.013800/69 , Avg Loss:4.733291/1000, Avg Q Value:10.431654/4500 
2017-04-15 20:42:52,767 - root - INFO - Epoch:9, Episode:16, Steps Left:20000/5000/100000, Reward:728.000000, fps:792.960653, Exploration:0.100000, Collision:0.018800/94 , Avg Loss:4.947443/1000, Avg Q Value:10.425060/4491 
2017-04-15 20:42:59,227 - root - INFO - Epoch:9, Episode:17, Steps Left:15000/5000/100000, Reward:736.000000, fps:773.925280, Exploration:0.100000, Collision:0.016200/81 , Avg Loss:5.319615/1000, Avg Q Value:10.493567/4505 
2017-04-15 20:43:05,747 - root - INFO - Epoch:9, Episode:18, Steps Left:10000/5000/100000, Reward:773.000000, fps:766.870467, Exploration:0.100000, Collision:0.018200/91 , Avg Loss:4.918086/1000, Avg Q Value:10.560494/4499 
2017-04-15 20:43:12,489 - root - INFO - Epoch:9, Episode:19, Steps Left:5000/5000/100000, Reward:746.000000, fps:741.657296, Exploration:0.100000, Collision:0.019000/95 , Avg Loss:4.955942/1000, Avg Q Value:10.612715/4448 
2017-04-15 20:43:19,017 - root - INFO - Epoch:9, Episode:20, Steps Left:0/5000/100000, Reward:757.000000, fps:766.035435, Exploration:0.100000, Collision:0.021800/109 , Avg Loss:4.973084/1000, Avg Q Value:10.667935/4485 
2017-04-15 20:43:19,018 - root - INFO - Epoch:9, FPS:790.440263, Avg Reward: 727.400000/20
2017-04-15 20:43:25,219 - root - INFO - Epoch:10, Episode:1, Steps Left:95000/5000/100000, Reward:771.000000, fps:806.370984, Exploration:0.100000, Collision:0.014600/73 , Avg Loss:5.276531/1000, Avg Q Value:10.775353/4482 
2017-04-15 20:43:31,420 - root - INFO - Epoch:10, Episode:2, Steps Left:90000/5000/100000, Reward:760.000000, fps:806.378115, Exploration:0.100000, Collision:0.015200/76 , Avg Loss:5.119570/1000, Avg Q Value:10.717944/4492 
2017-04-15 20:43:37,372 - root - INFO - Epoch:10, Episode:3, Steps Left:85000/5000/100000, Reward:784.000000, fps:840.071545, Exploration:0.100000, Collision:0.017200/86 , Avg Loss:5.001513/1000, Avg Q Value:10.812469/4491 
2017-04-15 20:43:43,272 - root - INFO - Epoch:10, Episode:4, Steps Left:80000/5000/100000, Reward:740.000000, fps:847.414808, Exploration:0.100000, Collision:0.020800/104 , Avg Loss:5.051265/1000, Avg Q Value:10.818338/4470 
2017-04-15 20:43:49,353 - root - INFO - Epoch:10, Episode:5, Steps Left:75000/5000/100000, Reward:766.000000, fps:822.265509, Exploration:0.100000, Collision:0.017800/89 , Avg Loss:5.386802/1000, Avg Q Value:10.872842/4491 
2017-04-15 20:43:55,244 - root - INFO - Epoch:10, Episode:6, Steps Left:70000/5000/100000, Reward:789.000000, fps:848.856802, Exploration:0.100000, Collision:0.017000/85 , Avg Loss:5.257039/1000, Avg Q Value:10.867058/4514 
2017-04-15 20:44:01,219 - root - INFO - Epoch:10, Episode:7, Steps Left:65000/5000/100000, Reward:691.000000, fps:836.828044, Exploration:0.100000, Collision:0.018200/91 , Avg Loss:5.319444/1000, Avg Q Value:10.827034/4484 
2017-04-15 20:44:07,114 - root - INFO - Epoch:10, Episode:8, Steps Left:60000/5000/100000, Reward:754.000000, fps:848.139891, Exploration:0.100000, Collision:0.019800/99 , Avg Loss:5.493182/1000, Avg Q Value:10.947184/4493 
2017-04-15 20:44:13,089 - root - INFO - Epoch:10, Episode:9, Steps Left:55000/5000/100000, Reward:771.000000, fps:836.879605, Exploration:0.100000, Collision:0.017400/87 , Avg Loss:5.622626/1000, Avg Q Value:10.991089/4472 
2017-04-15 20:44:18,982 - root - INFO - Epoch:10, Episode:10, Steps Left:50000/5000/100000, Reward:736.000000, fps:848.538277, Exploration:0.100000, Collision:0.018800/94 , Avg Loss:4.999341/1000, Avg Q Value:10.972370/4488 
2017-04-15 20:44:25,075 - root - INFO - Epoch:10, Episode:11, Steps Left:45000/5000/100000, Reward:706.000000, fps:820.571251, Exploration:0.100000, Collision:0.018400/92 , Avg Loss:4.995118/1000, Avg Q Value:10.988774/4463 
2017-04-15 20:44:30,916 - root - INFO - Epoch:10, Episode:12, Steps Left:40000/5000/100000, Reward:689.000000, fps:856.142376, Exploration:0.100000, Collision:0.019800/99 , Avg Loss:5.343146/1000, Avg Q Value:11.013871/4498 
2017-04-15 20:44:36,890 - root - INFO - Epoch:10, Episode:13, Steps Left:35000/5000/100000, Reward:782.000000, fps:836.948841, Exploration:0.100000, Collision:0.018600/93 , Avg Loss:5.639712/1000, Avg Q Value:11.146756/4495 
2017-04-15 20:44:43,048 - root - INFO - Epoch:10, Episode:14, Steps Left:30000/5000/100000, Reward:788.000000, fps:812.011541, Exploration:0.100000, Collision:0.021000/105 , Avg Loss:5.289444/1000, Avg Q Value:11.177201/4490 
2017-04-15 20:44:49,178 - root - INFO - Epoch:10, Episode:15, Steps Left:25000/5000/100000, Reward:682.000000, fps:815.627964, Exploration:0.100000, Collision:0.016800/84 , Avg Loss:5.577551/1000, Avg Q Value:11.082954/4504 
2017-04-15 20:44:55,103 - root - INFO - Epoch:10, Episode:16, Steps Left:20000/5000/100000, Reward:719.000000, fps:843.981846, Exploration:0.100000, Collision:0.014200/71 , Avg Loss:5.443160/1000, Avg Q Value:11.143099/4490 
2017-04-15 20:45:01,075 - root - INFO - Epoch:10, Episode:17, Steps Left:15000/5000/100000, Reward:689.000000, fps:837.180879, Exploration:0.100000, Collision:0.018800/94 , Avg Loss:5.472242/1000, Avg Q Value:11.188680/4509 
2017-04-15 20:45:07,007 - root - INFO - Epoch:10, Episode:18, Steps Left:10000/5000/100000, Reward:728.000000, fps:842.974854, Exploration:0.100000, Collision:0.019400/97 , Avg Loss:5.504289/1000, Avg Q Value:11.246132/4496 
2017-04-15 20:45:12,767 - root - INFO - Epoch:10, Episode:19, Steps Left:5000/5000/100000, Reward:765.000000, fps:868.052970, Exploration:0.100000, Collision:0.017200/86 , Avg Loss:5.505305/1000, Avg Q Value:11.297100/4507 
2017-04-15 20:45:18,929 - root - INFO - Epoch:10, Episode:20, Steps Left:0/5000/100000, Reward:656.000000, fps:811.462515, Exploration:0.100000, Collision:0.015400/77 , Avg Loss:5.308249/1000, Avg Q Value:11.239000/4525 
2017-04-15 20:45:18,930 - root - INFO - Epoch:10, FPS:833.953829, Avg Reward: 738.300000/20
2017-04-15 20:45:24,871 - root - INFO - Epoch:11, Episode:1, Steps Left:95000/5000/100000, Reward:805.000000, fps:841.546275, Exploration:0.100000, Collision:0.018600/93 , Avg Loss:5.008873/1000, Avg Q Value:11.395139/4535 
2017-04-15 20:45:31,013 - root - INFO - Epoch:11, Episode:2, Steps Left:90000/5000/100000, Reward:790.000000, fps:814.187973, Exploration:0.100000, Collision:0.018000/90 , Avg Loss:5.315121/1000, Avg Q Value:11.401399/4490 
2017-04-15 20:45:37,065 - root - INFO - Epoch:11, Episode:3, Steps Left:85000/5000/100000, Reward:761.000000, fps:826.120632, Exploration:0.100000, Collision:0.017000/85 , Avg Loss:5.942457/1000, Avg Q Value:11.395434/4505 
2017-04-15 20:45:42,956 - root - INFO - Epoch:11, Episode:4, Steps Left:80000/5000/100000, Reward:785.000000, fps:848.763013, Exploration:0.100000, Collision:0.019600/98 , Avg Loss:5.913350/1000, Avg Q Value:11.455101/4481 
2017-04-15 20:45:49,038 - root - INFO - Epoch:11, Episode:5, Steps Left:75000/5000/100000, Reward:755.000000, fps:822.140856, Exploration:0.100000, Collision:0.019000/95 , Avg Loss:5.386622/1000, Avg Q Value:11.469312/4490 
2017-04-15 20:45:54,994 - root - INFO - Epoch:11, Episode:6, Steps Left:70000/5000/100000, Reward:693.000000, fps:839.579951, Exploration:0.100000, Collision:0.017400/87 , Avg Loss:5.479401/1000, Avg Q Value:11.415942/4509 
2017-04-15 20:46:00,908 - root - INFO - Epoch:11, Episode:7, Steps Left:65000/5000/100000, Reward:695.000000, fps:845.351987, Exploration:0.100000, Collision:0.017200/86 , Avg Loss:5.282290/1000, Avg Q Value:11.471384/4504 
2017-04-15 20:46:06,713 - root - INFO - Epoch:11, Episode:8, Steps Left:60000/5000/100000, Reward:665.000000, fps:861.475143, Exploration:0.100000, Collision:0.018200/91 , Avg Loss:4.906126/1000, Avg Q Value:11.492847/4525 
2017-04-15 20:46:12,474 - root - INFO - Epoch:11, Episode:9, Steps Left:55000/5000/100000, Reward:760.000000, fps:867.862688, Exploration:0.100000, Collision:0.018600/93 , Avg Loss:5.135331/1000, Avg Q Value:11.688140/4490 
2017-04-15 20:46:18,080 - root - INFO - Epoch:11, Episode:10, Steps Left:50000/5000/100000, Reward:699.000000, fps:891.880681, Exploration:0.100000, Collision:0.020000/100 , Avg Loss:5.265512/1000, Avg Q Value:11.624556/4517 
2017-04-15 20:46:24,181 - root - INFO - Epoch:11, Episode:11, Steps Left:45000/5000/100000, Reward:693.000000, fps:819.635559, Exploration:0.100000, Collision:0.016200/81 , Avg Loss:5.510622/1000, Avg Q Value:11.570624/4471 
2017-04-15 20:46:30,083 - root - INFO - Epoch:11, Episode:12, Steps Left:40000/5000/100000, Reward:752.000000, fps:847.166693, Exploration:0.100000, Collision:0.015800/79 , Avg Loss:5.918748/1000, Avg Q Value:11.633177/4502 
2017-04-15 20:46:36,061 - root - INFO - Epoch:11, Episode:13, Steps Left:35000/5000/100000, Reward:801.000000, fps:836.484782, Exploration:0.100000, Collision:0.017000/85 , Avg Loss:5.271698/1000, Avg Q Value:11.810812/4507 
2017-04-15 20:46:42,038 - root - INFO - Epoch:11, Episode:14, Steps Left:30000/5000/100000, Reward:754.000000, fps:836.516546, Exploration:0.100000, Collision:0.021400/107 , Avg Loss:5.600069/1000, Avg Q Value:11.756099/4520 
2017-04-15 20:46:48,120 - root - INFO - Epoch:11, Episode:15, Steps Left:25000/5000/100000, Reward:785.000000, fps:822.195747, Exploration:0.100000, Collision:0.016000/80 , Avg Loss:5.273035/1000, Avg Q Value:11.915211/4505 
2017-04-15 20:46:54,336 - root - INFO - Epoch:11, Episode:16, Steps Left:20000/5000/100000, Reward:771.000000, fps:804.330660, Exploration:0.100000, Collision:0.017200/86 , Avg Loss:5.303843/1000, Avg Q Value:11.903791/4500 
2017-04-15 20:47:00,348 - root - INFO - Epoch:11, Episode:17, Steps Left:15000/5000/100000, Reward:766.000000, fps:831.651446, Exploration:0.100000, Collision:0.018600/93 , Avg Loss:5.600258/1000, Avg Q Value:11.956186/4527 
2017-04-15 20:47:06,289 - root - INFO - Epoch:11, Episode:18, Steps Left:10000/5000/100000, Reward:730.000000, fps:841.659317, Exploration:0.100000, Collision:0.020200/101 , Avg Loss:5.100251/1000, Avg Q Value:11.939881/4512 
2017-04-15 20:47:12,358 - root - INFO - Epoch:11, Episode:19, Steps Left:5000/5000/100000, Reward:695.000000, fps:823.976812, Exploration:0.100000, Collision:0.021400/107 , Avg Loss:5.383479/1000, Avg Q Value:11.891416/4473 
2017-04-15 20:47:18,296 - root - INFO - Epoch:11, Episode:20, Steps Left:0/5000/100000, Reward:738.000000, fps:842.026145, Exploration:0.100000, Collision:0.016200/81 , Avg Loss:5.136322/1000, Avg Q Value:11.921666/4518 
2017-04-15 20:47:18,297 - root - INFO - Epoch:11, FPS:837.755691, Avg Reward: 744.650000/20
2017-04-15 20:47:24,319 - root - INFO - Epoch:12, Episode:1, Steps Left:95000/5000/100000, Reward:749.000000, fps:830.325617, Exploration:0.100000, Collision:0.018200/91 , Avg Loss:5.336829/1000, Avg Q Value:11.952568/4515 
2017-04-15 20:47:30,396 - root - INFO - Epoch:12, Episode:2, Steps Left:90000/5000/100000, Reward:795.000000, fps:822.778185, Exploration:0.100000, Collision:0.015200/76 , Avg Loss:4.653624/1000, Avg Q Value:11.980296/4488 
2017-04-15 20:47:36,419 - root - INFO - Epoch:12, Episode:3, Steps Left:85000/5000/100000, Reward:747.000000, fps:830.164331, Exploration:0.100000, Collision:0.021600/108 , Avg Loss:4.993049/1000, Avg Q Value:12.046307/4505 
2017-04-15 20:47:42,419 - root - INFO - Epoch:12, Episode:4, Steps Left:80000/5000/100000, Reward:815.000000, fps:833.411125, Exploration:0.100000, Collision:0.017400/87 , Avg Loss:5.311270/1000, Avg Q Value:12.137679/4464 
2017-04-15 20:47:48,492 - root - INFO - Epoch:12, Episode:5, Steps Left:75000/5000/100000, Reward:810.000000, fps:823.314805, Exploration:0.100000, Collision:0.016400/82 , Avg Loss:5.048175/1000, Avg Q Value:12.135793/4482 
2017-04-15 20:47:54,394 - root - INFO - Epoch:12, Episode:6, Steps Left:70000/5000/100000, Reward:763.000000, fps:847.257015, Exploration:0.100000, Collision:0.018400/92 , Avg Loss:5.708417/1000, Avg Q Value:12.127508/4453 
2017-04-15 20:48:00,577 - root - INFO - Epoch:12, Episode:7, Steps Left:65000/5000/100000, Reward:734.000000, fps:808.604844, Exploration:0.100000, Collision:0.019000/95 , Avg Loss:5.168684/1000, Avg Q Value:12.142235/4486 
2017-04-15 20:48:06,824 - root - INFO - Epoch:12, Episode:8, Steps Left:60000/5000/100000, Reward:750.000000, fps:800.482744, Exploration:0.100000, Collision:0.019600/98 , Avg Loss:5.332717/1000, Avg Q Value:12.133808/4503 
2017-04-15 20:48:13,152 - root - INFO - Epoch:12, Episode:9, Steps Left:55000/5000/100000, Reward:659.000000, fps:790.131226, Exploration:0.100000, Collision:0.019800/99 , Avg Loss:5.199017/1000, Avg Q Value:12.104485/4490 
2017-04-15 20:48:19,960 - root - INFO - Epoch:12, Episode:10, Steps Left:50000/5000/100000, Reward:705.000000, fps:734.421560, Exploration:0.100000, Collision:0.013800/69 , Avg Loss:5.524664/1000, Avg Q Value:12.117147/4498 
2017-04-15 20:48:26,160 - root - INFO - Epoch:12, Episode:11, Steps Left:45000/5000/100000, Reward:681.000000, fps:806.562303, Exploration:0.100000, Collision:0.018000/90 , Avg Loss:5.040976/1000, Avg Q Value:12.166743/4487 
2017-04-15 20:48:32,064 - root - INFO - Epoch:12, Episode:12, Steps Left:40000/5000/100000, Reward:706.000000, fps:846.891055, Exploration:0.100000, Collision:0.018800/94 , Avg Loss:5.239421/1000, Avg Q Value:12.181371/4511 
2017-04-15 20:48:37,593 - root - INFO - Epoch:12, Episode:13, Steps Left:35000/5000/100000, Reward:787.000000, fps:904.365201, Exploration:0.100000, Collision:0.021600/108 , Avg Loss:5.447788/1000, Avg Q Value:12.315625/4487 
2017-04-15 20:48:43,210 - root - INFO - Epoch:12, Episode:14, Steps Left:30000/5000/100000, Reward:701.000000, fps:890.230633, Exploration:0.100000, Collision:0.022600/113 , Avg Loss:5.460151/1000, Avg Q Value:12.261143/4466 
2017-04-15 20:48:48,824 - root - INFO - Epoch:12, Episode:15, Steps Left:25000/5000/100000, Reward:791.000000, fps:890.583125, Exploration:0.100000, Collision:0.015000/75 , Avg Loss:5.320507/1000, Avg Q Value:12.326002/4478 
2017-04-15 20:48:54,333 - root - INFO - Epoch:12, Episode:16, Steps Left:20000/5000/100000, Reward:731.000000, fps:907.578584, Exploration:0.100000, Collision:0.017800/89 , Avg Loss:5.422570/1000, Avg Q Value:12.328825/4490 
2017-04-15 20:48:59,955 - root - INFO - Epoch:12, Episode:17, Steps Left:15000/5000/100000, Reward:702.000000, fps:889.381889, Exploration:0.100000, Collision:0.016200/81 , Avg Loss:5.219962/1000, Avg Q Value:12.272417/4498 
2017-04-15 20:49:05,609 - root - INFO - Epoch:12, Episode:18, Steps Left:10000/5000/100000, Reward:740.000000, fps:884.429770, Exploration:0.100000, Collision:0.018400/92 , Avg Loss:4.854007/1000, Avg Q Value:12.305227/4529 
2017-04-15 20:49:11,089 - root - INFO - Epoch:12, Episode:19, Steps Left:5000/5000/100000, Reward:750.000000, fps:912.439402, Exploration:0.100000, Collision:0.016200/81 , Avg Loss:5.508213/1000, Avg Q Value:12.347244/4516 
2017-04-15 20:49:16,702 - root - INFO - Epoch:12, Episode:20, Steps Left:0/5000/100000, Reward:821.000000, fps:890.836514, Exploration:0.100000, Collision:0.016400/82 , Avg Loss:5.444880/1000, Avg Q Value:12.427356/4488 
2017-04-15 20:49:16,703 - root - INFO - Epoch:12, FPS:844.560990, Avg Reward: 746.850000/20
2017-04-15 20:49:22,192 - root - INFO - Epoch:13, Episode:1, Steps Left:95000/5000/100000, Reward:766.000000, fps:910.803532, Exploration:0.100000, Collision:0.014600/73 , Avg Loss:5.032351/1000, Avg Q Value:12.443431/4536 
2017-04-15 20:49:28,075 - root - INFO - Epoch:13, Episode:2, Steps Left:90000/5000/100000, Reward:770.000000, fps:849.965015, Exploration:0.100000, Collision:0.015200/76 , Avg Loss:5.635416/1000, Avg Q Value:12.422745/4479 
2017-04-15 20:49:33,793 - root - INFO - Epoch:13, Episode:3, Steps Left:85000/5000/100000, Reward:762.000000, fps:874.466487, Exploration:0.100000, Collision:0.016200/81 , Avg Loss:5.592900/1000, Avg Q Value:12.582104/4499 
2017-04-15 20:49:39,250 - root - INFO - Epoch:13, Episode:4, Steps Left:80000/5000/100000, Reward:693.000000, fps:916.402970, Exploration:0.100000, Collision:0.021800/109 , Avg Loss:5.746405/1000, Avg Q Value:12.503335/4510 
2017-04-15 20:49:44,891 - root - INFO - Epoch:13, Episode:5, Steps Left:75000/5000/100000, Reward:775.000000, fps:886.259893, Exploration:0.100000, Collision:0.018400/92 , Avg Loss:5.865043/1000, Avg Q Value:12.614677/4486 
2017-04-15 20:49:50,508 - root - INFO - Epoch:13, Episode:6, Steps Left:70000/5000/100000, Reward:738.000000, fps:890.204634, Exploration:0.100000, Collision:0.022000/110 , Avg Loss:5.967363/1000, Avg Q Value:12.588894/4517 
2017-04-15 20:49:56,174 - root - INFO - Epoch:13, Episode:7, Steps Left:65000/5000/100000, Reward:716.000000, fps:882.493206, Exploration:0.100000, Collision:0.017600/88 , Avg Loss:6.042923/1000, Avg Q Value:12.609934/4526 
2017-04-15 20:50:01,822 - root - INFO - Epoch:13, Episode:8, Steps Left:60000/5000/100000, Reward:722.000000, fps:885.324283, Exploration:0.100000, Collision:0.019400/97 , Avg Loss:6.340277/1000, Avg Q Value:12.594992/4524 
2017-04-15 20:50:07,510 - root - INFO - Epoch:13, Episode:9, Steps Left:55000/5000/100000, Reward:732.000000, fps:879.017188, Exploration:0.100000, Collision:0.021000/105 , Avg Loss:6.137303/1000, Avg Q Value:12.669337/4518 
2017-04-15 20:50:13,015 - root - INFO - Epoch:13, Episode:10, Steps Left:50000/5000/100000, Reward:710.000000, fps:908.407300, Exploration:0.100000, Collision:0.015200/76 , Avg Loss:5.993983/1000, Avg Q Value:12.638891/4496 
2017-04-15 20:50:18,499 - root - INFO - Epoch:13, Episode:11, Steps Left:45000/5000/100000, Reward:776.000000, fps:911.753723, Exploration:0.100000, Collision:0.016200/81 , Avg Loss:5.872499/1000, Avg Q Value:12.775070/4509 
2017-04-15 20:50:24,192 - root - INFO - Epoch:13, Episode:12, Steps Left:40000/5000/100000, Reward:779.000000, fps:878.308737, Exploration:0.100000, Collision:0.020000/100 , Avg Loss:6.395655/1000, Avg Q Value:12.835334/4501 
2017-04-15 20:50:29,970 - root - INFO - Epoch:13, Episode:13, Steps Left:35000/5000/100000, Reward:796.000000, fps:865.280799, Exploration:0.100000, Collision:0.016800/84 , Avg Loss:6.235286/1000, Avg Q Value:12.815273/4514 
2017-04-15 20:50:35,638 - root - INFO - Epoch:13, Episode:14, Steps Left:30000/5000/100000, Reward:791.000000, fps:882.208577, Exploration:0.100000, Collision:0.017800/89 , Avg Loss:5.522132/1000, Avg Q Value:12.832203/4538 
2017-04-15 20:50:41,333 - root - INFO - Epoch:13, Episode:15, Steps Left:25000/5000/100000, Reward:805.000000, fps:878.077203, Exploration:0.100000, Collision:0.017400/87 , Avg Loss:5.608070/1000, Avg Q Value:12.839130/4502 
2017-04-15 20:50:46,924 - root - INFO - Epoch:13, Episode:16, Steps Left:20000/5000/100000, Reward:773.000000, fps:894.228495, Exploration:0.100000, Collision:0.018400/92 , Avg Loss:5.648224/1000, Avg Q Value:12.829010/4486 
2017-04-15 20:50:52,484 - root - INFO - Epoch:13, Episode:17, Steps Left:15000/5000/100000, Reward:718.000000, fps:899.331181, Exploration:0.100000, Collision:0.015400/77 , Avg Loss:5.726823/1000, Avg Q Value:12.801483/4495 
2017-04-15 20:50:58,071 - root - INFO - Epoch:13, Episode:18, Steps Left:10000/5000/100000, Reward:711.000000, fps:895.012029, Exploration:0.100000, Collision:0.013200/66 , Avg Loss:5.923440/1000, Avg Q Value:12.828909/4500 
2017-04-15 20:51:03,639 - root - INFO - Epoch:13, Episode:19, Steps Left:5000/5000/100000, Reward:795.000000, fps:897.940316, Exploration:0.100000, Collision:0.019400/97 , Avg Loss:5.786009/1000, Avg Q Value:12.980202/4489 
2017-04-15 20:51:09,151 - root - INFO - Epoch:13, Episode:20, Steps Left:0/5000/100000, Reward:777.000000, fps:907.191400, Exploration:0.100000, Collision:0.014800/74 , Avg Loss:5.632755/1000, Avg Q Value:12.901261/4453 
2017-04-15 20:51:09,152 - root - INFO - Epoch:13, FPS:889.296106, Avg Reward: 755.250000/20
2017-04-15 20:51:14,873 - root - INFO - Epoch:14, Episode:1, Steps Left:95000/5000/100000, Reward:776.000000, fps:874.094391, Exploration:0.100000, Collision:0.019400/97 , Avg Loss:5.943632/1000, Avg Q Value:12.998242/4492 
2017-04-15 20:51:20,482 - root - INFO - Epoch:14, Episode:2, Steps Left:90000/5000/100000, Reward:782.000000, fps:891.782225, Exploration:0.100000, Collision:0.020400/102 , Avg Loss:6.053046/1000, Avg Q Value:13.043360/4482 
2017-04-15 20:51:25,957 - root - INFO - Epoch:14, Episode:3, Steps Left:85000/5000/100000, Reward:752.000000, fps:913.292574, Exploration:0.100000, Collision:0.014400/72 , Avg Loss:6.680123/1000, Avg Q Value:13.030164/4485 
2017-04-15 20:51:31,400 - root - INFO - Epoch:14, Episode:4, Steps Left:80000/5000/100000, Reward:745.000000, fps:918.759629, Exploration:0.100000, Collision:0.016800/84 , Avg Loss:6.765141/1000, Avg Q Value:13.023136/4517 
2017-04-15 20:51:36,868 - root - INFO - Epoch:14, Episode:5, Steps Left:75000/5000/100000, Reward:755.000000, fps:914.359620, Exploration:0.100000, Collision:0.018600/93 , Avg Loss:6.442830/1000, Avg Q Value:13.140697/4530 
2017-04-15 20:51:42,533 - root - INFO - Epoch:14, Episode:6, Steps Left:70000/5000/100000, Reward:739.000000, fps:882.635756, Exploration:0.100000, Collision:0.015000/75 , Avg Loss:6.120096/1000, Avg Q Value:13.149844/4517 
2017-04-15 20:51:48,162 - root - INFO - Epoch:14, Episode:7, Steps Left:65000/5000/100000, Reward:790.000000, fps:888.217934, Exploration:0.100000, Collision:0.018200/91 , Avg Loss:6.468749/1000, Avg Q Value:13.144513/4511 
2017-04-15 20:51:53,866 - root - INFO - Epoch:14, Episode:8, Steps Left:60000/5000/100000, Reward:731.000000, fps:876.643944, Exploration:0.100000, Collision:0.018400/92 , Avg Loss:6.880962/1000, Avg Q Value:13.078744/4511 
2017-04-15 20:51:59,399 - root - INFO - Epoch:14, Episode:9, Steps Left:55000/5000/100000, Reward:768.000000, fps:903.667106, Exploration:0.100000, Collision:0.015600/78 , Avg Loss:6.438529/1000, Avg Q Value:13.131930/4541 
2017-04-15 20:52:04,984 - root - INFO - Epoch:14, Episode:10, Steps Left:50000/5000/100000, Reward:782.000000, fps:895.286405, Exploration:0.100000, Collision:0.017400/87 , Avg Loss:6.295317/1000, Avg Q Value:13.177491/4525 
2017-04-15 20:52:10,588 - root - INFO - Epoch:14, Episode:11, Steps Left:45000/5000/100000, Reward:710.000000, fps:892.230988, Exploration:0.100000, Collision:0.016200/81 , Avg Loss:6.249772/1000, Avg Q Value:13.138688/4548 
2017-04-15 20:52:16,335 - root - INFO - Epoch:14, Episode:12, Steps Left:40000/5000/100000, Reward:645.000000, fps:870.121336, Exploration:0.100000, Collision:0.016000/80 , Avg Loss:6.141101/1000, Avg Q Value:13.020454/4498 
2017-04-15 20:52:21,813 - root - INFO - Epoch:14, Episode:13, Steps Left:35000/5000/100000, Reward:734.000000, fps:912.710547, Exploration:0.100000, Collision:0.016000/80 , Avg Loss:5.849526/1000, Avg Q Value:13.229233/4511 
2017-04-15 20:52:27,352 - root - INFO - Epoch:14, Episode:14, Steps Left:30000/5000/100000, Reward:735.000000, fps:902.775072, Exploration:0.100000, Collision:0.016000/80 , Avg Loss:6.108408/1000, Avg Q Value:13.254798/4451 
2017-04-15 20:52:32,855 - root - INFO - Epoch:14, Episode:15, Steps Left:25000/5000/100000, Reward:783.000000, fps:908.657745, Exploration:0.100000, Collision:0.014400/72 , Avg Loss:6.227079/1000, Avg Q Value:13.399851/4510 
2017-04-15 20:52:38,490 - root - INFO - Epoch:14, Episode:16, Steps Left:20000/5000/100000, Reward:722.000000, fps:887.274883, Exploration:0.100000, Collision:0.014600/73 , Avg Loss:6.096239/1000, Avg Q Value:13.331245/4497 
2017-04-15 20:52:44,103 - root - INFO - Epoch:14, Episode:17, Steps Left:15000/5000/100000, Reward:690.000000, fps:890.831292, Exploration:0.100000, Collision:0.016800/84 , Avg Loss:6.477055/1000, Avg Q Value:13.388110/4529 
2017-04-15 20:52:49,649 - root - INFO - Epoch:14, Episode:18, Steps Left:10000/5000/100000, Reward:700.000000, fps:901.611790, Exploration:0.100000, Collision:0.018200/91 , Avg Loss:7.006343/1000, Avg Q Value:13.384082/4493 
2017-04-15 20:52:55,074 - root - INFO - Epoch:14, Episode:19, Steps Left:5000/5000/100000, Reward:672.000000, fps:921.618572, Exploration:0.100000, Collision:0.016800/84 , Avg Loss:6.650776/1000, Avg Q Value:13.413940/4515 
2017-04-15 20:53:00,612 - root - INFO - Epoch:14, Episode:20, Steps Left:0/5000/100000, Reward:787.000000, fps:902.872433, Exploration:0.100000, Collision:0.014000/70 , Avg Loss:6.512930/1000, Avg Q Value:13.496217/4499 
2017-04-15 20:53:00,613 - root - INFO - Epoch:14, FPS:897.180084, Avg Reward: 739.900000/20
2017-04-15 20:53:06,186 - root - INFO - Epoch:15, Episode:1, Steps Left:95000/5000/100000, Reward:777.000000, fps:897.273023, Exploration:0.100000, Collision:0.019400/97 , Avg Loss:6.852809/1000, Avg Q Value:13.619356/4494 
2017-04-15 20:53:11,829 - root - INFO - Epoch:15, Episode:2, Steps Left:90000/5000/100000, Reward:769.000000, fps:886.087566, Exploration:0.100000, Collision:0.015200/76 , Avg Loss:7.034283/1000, Avg Q Value:13.507284/4533 
2017-04-15 20:53:17,417 - root - INFO - Epoch:15, Episode:3, Steps Left:85000/5000/100000, Reward:726.000000, fps:894.739310, Exploration:0.100000, Collision:0.018000/90 , Avg Loss:6.431575/1000, Avg Q Value:13.488567/4487 
2017-04-15 20:53:22,910 - root - INFO - Epoch:15, Episode:4, Steps Left:80000/5000/100000, Reward:802.000000, fps:910.265958, Exploration:0.100000, Collision:0.019000/95 , Avg Loss:6.110350/1000, Avg Q Value:13.591285/4546 
2017-04-15 20:53:28,610 - root - INFO - Epoch:15, Episode:5, Steps Left:75000/5000/100000, Reward:798.000000, fps:877.252235, Exploration:0.100000, Collision:0.017600/88 , Avg Loss:6.307782/1000, Avg Q Value:13.651125/4510 
2017-04-15 20:53:34,293 - root - INFO - Epoch:15, Episode:6, Steps Left:70000/5000/100000, Reward:739.000000, fps:879.928950, Exploration:0.100000, Collision:0.016000/80 , Avg Loss:6.012212/1000, Avg Q Value:13.559935/4490 
2017-04-15 20:53:39,765 - root - INFO - Epoch:15, Episode:7, Steps Left:65000/5000/100000, Reward:803.000000, fps:913.654374, Exploration:0.100000, Collision:0.014800/74 , Avg Loss:6.094805/1000, Avg Q Value:13.728022/4496 
2017-04-15 20:53:45,348 - root - INFO - Epoch:15, Episode:8, Steps Left:60000/5000/100000, Reward:811.000000, fps:895.736790, Exploration:0.100000, Collision:0.015400/77 , Avg Loss:6.491056/1000, Avg Q Value:13.708515/4513 
2017-04-15 20:53:50,995 - root - INFO - Epoch:15, Episode:9, Steps Left:55000/5000/100000, Reward:726.000000, fps:885.325554, Exploration:0.100000, Collision:0.019400/97 , Avg Loss:6.009513/1000, Avg Q Value:13.692456/4499 
2017-04-15 20:53:56,591 - root - INFO - Epoch:15, Episode:10, Steps Left:50000/5000/100000, Reward:802.000000, fps:893.591644, Exploration:0.100000, Collision:0.013800/69 , Avg Loss:6.041254/1000, Avg Q Value:13.776163/4527 
2017-04-15 20:54:02,056 - root - INFO - Epoch:15, Episode:11, Steps Left:45000/5000/100000, Reward:781.000000, fps:914.997285, Exploration:0.100000, Collision:0.017400/87 , Avg Loss:6.177253/1000, Avg Q Value:13.803098/4497 
2017-04-15 20:54:07,576 - root - INFO - Epoch:15, Episode:12, Steps Left:40000/5000/100000, Reward:744.000000, fps:905.811893, Exploration:0.100000, Collision:0.016200/81 , Avg Loss:6.281357/1000, Avg Q Value:13.752215/4482 
2017-04-15 20:54:13,091 - root - INFO - Epoch:15, Episode:13, Steps Left:35000/5000/100000, Reward:740.000000, fps:906.612417, Exploration:0.100000, Collision:0.019000/95 , Avg Loss:6.787979/1000, Avg Q Value:13.802863/4503 
2017-04-15 20:54:18,578 - root - INFO - Epoch:15, Episode:14, Steps Left:30000/5000/100000, Reward:793.000000, fps:911.238110, Exploration:0.100000, Collision:0.018000/90 , Avg Loss:6.478769/1000, Avg Q Value:13.848095/4518 
2017-04-15 20:54:24,176 - root - INFO - Epoch:15, Episode:15, Steps Left:25000/5000/100000, Reward:808.000000, fps:893.237566, Exploration:0.100000, Collision:0.017000/85 , Avg Loss:6.385316/1000, Avg Q Value:13.836094/4482 
2017-04-15 20:54:29,821 - root - INFO - Epoch:15, Episode:16, Steps Left:20000/5000/100000, Reward:753.000000, fps:885.752614, Exploration:0.100000, Collision:0.019800/99 , Avg Loss:6.136494/1000, Avg Q Value:13.799453/4507 
2017-04-15 20:54:35,357 - root - INFO - Epoch:15, Episode:17, Steps Left:15000/5000/100000, Reward:791.000000, fps:903.294728, Exploration:0.100000, Collision:0.019400/97 , Avg Loss:6.572811/1000, Avg Q Value:13.829920/4522 
2017-04-15 20:54:40,751 - root - INFO - Epoch:15, Episode:18, Steps Left:10000/5000/100000, Reward:738.000000, fps:927.019133, Exploration:0.100000, Collision:0.017000/85 , Avg Loss:6.554799/1000, Avg Q Value:13.767542/4509 
2017-04-15 20:54:46,323 - root - INFO - Epoch:15, Episode:19, Steps Left:5000/5000/100000, Reward:740.000000, fps:897.310032, Exploration:0.100000, Collision:0.019200/96 , Avg Loss:7.089465/1000, Avg Q Value:13.836093/4465 
2017-04-15 20:54:52,343 - root - INFO - Epoch:15, Episode:20, Steps Left:0/5000/100000, Reward:735.000000, fps:830.548110, Exploration:0.100000, Collision:0.021400/107 , Avg Loss:6.624444/1000, Avg Q Value:13.844280/4508 
2017-04-15 20:54:52,344 - root - INFO - Epoch:15, FPS:895.015497, Avg Reward: 768.800000/20
2017-04-15 20:54:57,961 - root - INFO - Epoch:16, Episode:1, Steps Left:95000/5000/100000, Reward:707.000000, fps:890.093099, Exploration:0.100000, Collision:0.021000/105 , Avg Loss:6.867955/1000, Avg Q Value:13.801063/4532 
2017-04-15 20:55:03,572 - root - INFO - Epoch:16, Episode:2, Steps Left:90000/5000/100000, Reward:728.000000, fps:891.168998, Exploration:0.100000, Collision:0.021600/108 , Avg Loss:6.529542/1000, Avg Q Value:13.877985/4531 
2017-04-15 20:55:09,049 - root - INFO - Epoch:16, Episode:3, Steps Left:85000/5000/100000, Reward:801.000000, fps:912.911348, Exploration:0.100000, Collision:0.012400/62 , Avg Loss:6.434991/1000, Avg Q Value:13.920781/4512 
2017-04-15 20:55:14,664 - root - INFO - Epoch:16, Episode:4, Steps Left:80000/5000/100000, Reward:694.000000, fps:890.641976, Exploration:0.100000, Collision:0.018400/92 , Avg Loss:6.886895/1000, Avg Q Value:13.770321/4527 
2017-04-15 20:55:20,212 - root - INFO - Epoch:16, Episode:5, Steps Left:75000/5000/100000, Reward:772.000000, fps:901.228943, Exploration:0.100000, Collision:0.020200/101 , Avg Loss:6.166979/1000, Avg Q Value:14.031567/4485 
2017-04-15 20:55:25,741 - root - INFO - Epoch:16, Episode:6, Steps Left:70000/5000/100000, Reward:737.000000, fps:904.311386, Exploration:0.100000, Collision:0.020000/100 , Avg Loss:6.267003/1000, Avg Q Value:13.968608/4504 
2017-04-15 20:55:31,359 - root - INFO - Epoch:16, Episode:7, Steps Left:65000/5000/100000, Reward:757.000000, fps:889.962406, Exploration:0.100000, Collision:0.016000/80 , Avg Loss:6.618894/1000, Avg Q Value:13.975136/4495 
2017-04-15 20:55:36,825 - root - INFO - Epoch:16, Episode:8, Steps Left:60000/5000/100000, Reward:721.000000, fps:914.926828, Exploration:0.100000, Collision:0.020600/103 , Avg Loss:7.008259/1000, Avg Q Value:13.919013/4469 
2017-04-15 20:55:42,402 - root - INFO - Epoch:16, Episode:9, Steps Left:55000/5000/100000, Reward:776.000000, fps:896.471195, Exploration:0.100000, Collision:0.017200/86 , Avg Loss:6.512805/1000, Avg Q Value:13.988048/4520 
2017-04-15 20:55:48,165 - root - INFO - Epoch:16, Episode:10, Steps Left:50000/5000/100000, Reward:707.000000, fps:867.649443, Exploration:0.100000, Collision:0.024600/123 , Avg Loss:6.984992/1000, Avg Q Value:13.975766/4534 
2017-04-15 20:55:53,683 - root - INFO - Epoch:16, Episode:11, Steps Left:45000/5000/100000, Reward:772.000000, fps:906.129655, Exploration:0.100000, Collision:0.017200/86 , Avg Loss:6.598994/1000, Avg Q Value:14.071804/4526 
2017-04-15 20:55:59,182 - root - INFO - Epoch:16, Episode:12, Steps Left:40000/5000/100000, Reward:795.000000, fps:909.236860, Exploration:0.100000, Collision:0.020600/103 , Avg Loss:6.565132/1000, Avg Q Value:14.148849/4517 
2017-04-15 20:56:04,762 - root - INFO - Epoch:16, Episode:13, Steps Left:35000/5000/100000, Reward:789.000000, fps:896.235158, Exploration:0.100000, Collision:0.016600/83 , Avg Loss:6.996721/1000, Avg Q Value:14.122533/4491 
2017-04-15 20:56:10,506 - root - INFO - Epoch:16, Episode:14, Steps Left:30000/5000/100000, Reward:813.000000, fps:870.357795, Exploration:0.100000, Collision:0.019400/97 , Avg Loss:6.234874/1000, Avg Q Value:14.243029/4468 
2017-04-15 20:56:16,132 - root - INFO - Epoch:16, Episode:15, Steps Left:25000/5000/100000, Reward:721.000000, fps:888.852382, Exploration:0.100000, Collision:0.020800/104 , Avg Loss:7.280541/1000, Avg Q Value:14.079781/4484 
2017-04-15 20:56:21,703 - root - INFO - Epoch:16, Episode:16, Steps Left:20000/5000/100000, Reward:729.000000, fps:897.465629, Exploration:0.100000, Collision:0.018000/90 , Avg Loss:6.534910/1000, Avg Q Value:14.035724/4512 
2017-04-15 20:56:27,225 - root - INFO - Epoch:16, Episode:17, Steps Left:15000/5000/100000, Reward:776.000000, fps:905.538888, Exploration:0.100000, Collision:0.017400/87 , Avg Loss:7.049818/1000, Avg Q Value:14.128266/4506 
2017-04-15 20:56:32,967 - root - INFO - Epoch:16, Episode:18, Steps Left:10000/5000/100000, Reward:738.000000, fps:870.839815, Exploration:0.100000, Collision:0.015400/77 , Avg Loss:6.151938/1000, Avg Q Value:14.122988/4529 
2017-04-15 20:56:38,843 - root - INFO - Epoch:16, Episode:19, Steps Left:5000/5000/100000, Reward:773.000000, fps:850.946072, Exploration:0.100000, Collision:0.016200/81 , Avg Loss:6.365058/1000, Avg Q Value:14.207827/4489 
2017-04-15 20:56:44,482 - root - INFO - Epoch:16, Episode:20, Steps Left:0/5000/100000, Reward:744.000000, fps:886.658465, Exploration:0.100000, Collision:0.019200/96 , Avg Loss:6.343499/1000, Avg Q Value:14.097511/4504 
2017-04-15 20:56:44,483 - root - INFO - Epoch:16, FPS:891.756373, Avg Reward: 752.500000/20
2017-04-15 20:56:50,363 - root - INFO - Epoch:17, Episode:1, Steps Left:95000/5000/100000, Reward:728.000000, fps:850.355911, Exploration:0.100000, Collision:0.018000/90 , Avg Loss:5.996730/1000, Avg Q Value:14.159636/4518 
